2024-07-02 17:17:18,157 - INFO Parâmetros:
2024-07-02 17:17:18,157 - INFO Namespace(epochs=100, grid_search_trials=0, amount_image_train=8930, amount_image_test=3843, log_level=0, model=10, show_model=False, name='ConvNeXtBase_10_Normalize3_Epochs100_Patience10_Separed_Preprocess', normalize=3, preprocess=True, patience=10, separed=False, trainable=False, Test=False)
2024-07-02 17:17:27,438 - DEBUG Quantidade de GPU disponíveis: [PhysicalDevice(name='/physical_device:GPU:0', device_type='GPU'), PhysicalDevice(name='/physical_device:GPU:1', device_type='GPU')]
2024-07-02 17:17:28,522 - INFO Modelo: ConvNeXtBase
2024-07-02 17:17:28,532 - INFO Embaralhamento de dados->random_state: 66
2024-07-02 17:17:28,538 - INFO Embaralhamento de dados->random_state: 45
2024-07-02 17:17:28,540 - INFO Informações básicas do Dataset com normalização StandardScaler ...
2024-07-02 17:17:28,550 - DEBUG Load df_train: 8930
  amostra       arquivo  teor_carbono  teor_nitrogenio
0     C49  C49A-138.png     -1.177049        -1.286137
1     C21   C21A-56.png     -0.516222        -0.415055
2      C5   C5A-137.png      1.212094         0.368919
3     C29   C29B-76.png     -0.269320         0.020486
4     C36   C36A-76.png     -1.743472        -1.547462
2024-07-02 17:17:28,553 - DEBUG Load df_test: 3843
  amostra       arquivo  teor_carbono  teor_nitrogenio
0     C41   C41A-73.png     -0.741339        -0.589271
1     C10  C10A-103.png      0.079248        -0.240838
2      L5    L5B-89.png     -1.467522        -1.373246
3     L29  L29B-152.png      1.444472         1.501327
4     L29  L29B-138.png      1.444472         1.501327
2024-07-02 17:17:28,553 - INFO Iniciando o Treinamento...

2024-07-02 17:17:28,553 - INFO Separando Treino e Validação...

2024-07-02 17:17:28,567 - INFO Quantidade de Imagens para Treino e Validação: 7115, 1786

2024-07-02 17:17:28,567 - INFO Carregando imagens ...

2024-07-02 17:17:56,654 - DEBUG Limitando Dados:

2024-07-02 17:17:56,654 - DEBUG 
Train X: 7115
Validate X: 1786
Train Y: (7115, 2)
Validate Y: (1786, 2)
2024-07-02 17:17:56,660 - INFO DataFrame Info Treino:
       teor_carbono  teor_nitrogenio
count   7115.000000      7115.000000
mean      -0.076007        -0.088426
std        0.959302         0.955197
min       -1.743472        -1.547462
25%       -0.937408        -0.850596
50%       -0.000632         0.020486
75%        0.696504         0.456028
max        2.766125         2.895059

2024-07-02 17:17:56,665 - INFO DataFrame Info Validate:
       teor_carbono  teor_nitrogenio
count   1786.000000      1786.000000
mean       0.108555         0.127884
std        1.224474         1.223321
min       -1.794304        -1.460354
25%       -0.951932        -1.024813
50%        0.231746         0.194703
75%        1.117690         1.327110
max        2.773387         2.982167

2024-07-02 17:17:56,665 - INFO Iniciando o treino
2024-07-02 17:17:56,665 - INFO Modelo Selecionado: ConvNeXtBase
2024-07-02 17:18:02,473 - INFO Executando sem o GridSearch

2024-07-02 17:44:13,870 - INFO Modelo Salvo!!!
2024-07-02 17:44:13,886 - INFO Iniciando o Test...

2024-07-02 17:47:58,479 - DEBUG 
Test X: 3843
Test Y: (3843, 2)
2024-07-02 17:47:58,490 - INFO DataFrame Info:
       teor_carbono  teor_nitrogenio
count   3843.000000      3843.000000
mean       0.090007         0.103832
std        0.941941         0.945817
min       -1.808828        -1.634570
25%       -0.741339        -0.676380
50%        0.282579         0.194703
75%        0.986977         1.065785
max        1.560661         1.501327

2024-07-02 17:47:58,491 - INFO 
Iniciando predição completa para o R2...

2024-07-02 17:48:38,058 - INFO 
2024-07-02 17:48:38,058 - INFO ====================================================
2024-07-02 17:48:38,058 - INFO ********** R2 Modelo: 0.34815638323929393 **********
2024-07-02 17:48:38,058 - INFO ********** MAE [mean]: 0.5989615782108355 **********
2024-07-02 17:48:38,059 - INFO ********** MSE [mean]: 0.5804477235677058 **********
2024-07-02 17:48:38,059 - INFO ====================================================
2024-07-02 17:48:38,059 - INFO 

2024-07-02 17:48:38,059 - INFO Alguns exemplos de predições ...
2024-07-02 17:48:38,260 - INFO 
Melhores resultados ...


2024-07-02 17:48:38,268 - INFO 
     amostra  teor_cabono_real  teor_cabono_predict  teor_cabono_diff  error_carbono(%)  teor_nitrogenio_real  teor_nitrogenio_predict  teor_nitrogenio_diff  error_nitrogenio(%) grupo
1915     L20          0.347936             0.347623          0.000313          0.089830              0.368919                 0.324804              0.044115            11.957957   L20
2035     C41         -0.741339            -0.742099          0.000760          0.102518             -0.589271                -0.612981              0.023710             4.023558   C41
3654     C46         -0.247534            -0.248004          0.000469          0.189597              0.804461                -0.522996              1.327457           165.012016   C46
1741      L7         -0.988241            -0.986293          0.001948          0.197116             -1.547462                -1.119513              0.427949            27.654900    L7
1752     L17          0.856264             0.858314          0.002050          0.239418              0.891569                 0.727368              0.164201            18.417134   L17

2024-07-02 17:48:38,268 - INFO 
Piores resultados ...


2024-07-02 17:48:38,275 - INFO 
     amostra  teor_cabono_real  teor_cabono_predict  teor_cabono_diff  error_carbono(%)  teor_nitrogenio_real  teor_nitrogenio_predict  teor_nitrogenio_diff  error_nitrogenio(%) grupo
3460     L40          0.035677             0.520159          0.484482       1357.970025              0.281811                 0.593604              0.311792           110.638742   L40
2381     L40          0.035677             0.520178          0.484501       1358.021482              0.281811                 0.584135              0.302323           107.278679   L40
819      L40          0.035677             0.549340          0.513663       1439.760335              0.281811                 0.476118              0.194307            68.949381   L40
2857     L40          0.035677             0.603785          0.568108       1592.366614              0.281811                 0.668481              0.386670           137.208857   L40
1239     L40          0.035677             0.640683          0.605006       1695.789178              0.281811                 0.738400              0.456589           162.019437   L40


2024-07-02 17:48:38,278 - INFO R2 [mean] conjunto de predição CARBONO:
2024-07-02 17:48:38,278 - INFO ====================================================
2024-07-02 17:48:38,278 - INFO ====>>>>> R2 [mean]: 0.3697191259317637 <<<<<====
2024-07-02 17:48:38,278 - INFO ====>>>>> MAE [mean]: 0.5994158412243659 <<<<<====
2024-07-02 17:48:38,278 - INFO ====>>>>> MSE [mean]: 0.5680726725687825 <<<<<====
2024-07-02 17:48:38,278 - INFO ====================================================
2024-07-02 17:48:38,279 - INFO 

2024-07-02 17:48:38,281 - INFO R2 [median] conjunto de predição CARBONO:
2024-07-02 17:48:38,282 - INFO ====================================================
2024-07-02 17:48:38,282 - INFO ====>>>>> R2 [median]: 0.3752042769550207 <<<<<====
2024-07-02 17:48:38,282 - INFO ====>>>>> MAE [median]: 0.5976239350607174 <<<<<====
2024-07-02 17:48:38,282 - INFO ====>>>>> MSE [median]: 0.5631289014194019 <<<<<====
2024-07-02 17:48:38,282 - INFO ====================================================
2024-07-02 17:48:38,282 - INFO 

2024-07-02 17:48:38,285 - INFO R2 [mean] conjunto de predição NITROGENIO:
2024-07-02 17:48:38,285 - INFO ====================================================
2024-07-02 17:48:38,285 - INFO ====>>>>> R2 [mean]: 0.45117147685487224 <<<<<====
2024-07-02 17:48:38,285 - INFO ====>>>>> MAE [mean]: 0.5573330702279379 <<<<<====
2024-07-02 17:48:38,285 - INFO ====>>>>> MSE [mean]: 0.491196776100655 <<<<<====
2024-07-02 17:48:38,285 - INFO ====================================================
2024-07-02 17:48:38,285 - INFO 

2024-07-02 17:48:38,288 - INFO R2 [median] conjunto de predição NITROGENIO:
2024-07-02 17:48:38,288 - INFO ====================================================
2024-07-02 17:48:38,288 - INFO ====>>>>> R2 [median]: 0.44899721080133115 <<<<<====
2024-07-02 17:48:38,288 - INFO ====>>>>> MAE [median]: 0.5636193873170731 <<<<<====
2024-07-02 17:48:38,288 - INFO ====>>>>> MSE [median]: 0.493142725392365 <<<<<====
2024-07-02 17:48:38,288 - INFO ====================================================
2024-07-02 17:48:38,288 - INFO 

2024-07-02 17:48:38,289 - INFO #######################
2024-07-02 17:48:38,289 - INFO Info parameters: 
2024-07-02 17:48:38,289 - INFO  -e (--epochs): 100
2024-07-02 17:48:38,289 - INFO  -G (--grid_search_trials): 0
2024-07-02 17:48:38,290 - INFO  -i (--amount_image_train): 8930
2024-07-02 17:48:38,290 - INFO  -I (--amount_image_test): 3843
2024-07-02 17:48:38,290 - INFO  -L (--log_level): 0
2024-07-02 17:48:38,290 - INFO  -m (--model): 10 - ConvNeXtBase
2024-07-02 17:48:38,290 - INFO  -M (--show_model): False
2024-07-02 17:48:38,290 - INFO  -n (--name): ConvNeXtBase_10_Normalize3_Epochs100_Patience10_Separed_Preprocess
2024-07-02 17:48:38,290 - INFO  -N (--normalize): NormalizeEnum.StandardScaler
2024-07-02 17:48:38,290 - INFO  -p (--preprocess): True
2024-07-02 17:48:38,290 - INFO  -P (--patience): 10
2024-07-02 17:48:38,290 - INFO  -S (--separed): False
2024-07-02 17:48:38,290 - INFO  -t (--trainable): False
2024-07-02 17:48:38,290 - INFO  -T (--Test): False
2024-07-02 17:48:38,290 - INFO #######################
