2024-07-02 09:42:16,003 - INFO Parâmetros:
2024-07-02 09:42:16,004 - INFO Namespace(epochs=100, grid_search_trials=0, amount_image_train=8930, amount_image_test=3843, log_level=0, model=22, show_model=False, name='EfficientNetV2L_Normalize3_Epochs100_Patience10_Separed_Preprocess', normalize=3, preprocess=True, patience=10, separed=False, trainable=False, Test=False)
2024-07-02 09:42:22,832 - DEBUG Quantidade de GPU disponíveis: [PhysicalDevice(name='/physical_device:GPU:0', device_type='GPU'), PhysicalDevice(name='/physical_device:GPU:1', device_type='GPU')]
2024-07-02 09:42:23,640 - INFO Modelo: EfficientNetV2L
2024-07-02 09:42:23,649 - INFO Embaralhamento de dados->random_state: 0
2024-07-02 09:42:23,654 - INFO Embaralhamento de dados->random_state: 82
2024-07-02 09:42:23,655 - INFO Informações básicas do Dataset com normalização StandardScaler ...
2024-07-02 09:42:23,665 - DEBUG Load df_train: 8930
  amostra       arquivo  teor_carbono  teor_nitrogenio
0     C33  C33B-117.png     -1.409427        -1.199029
1     L27  L27A-104.png      0.827217         1.414218
2      C6    C6B-76.png      1.168523         0.194703
3     C13  C13B-151.png     -0.661459        -0.763488
4     C38  C38A-151.png     -0.843005        -0.676380
2024-07-02 09:42:23,668 - DEBUG Load df_test: 3843
  amostra       arquivo  teor_carbono  teor_nitrogenio
0     C16  C16B-108.png     -0.872052        -0.850596
1      C4    C4A-41.png      0.522220        -0.066622
2      C9   C9B-152.png      0.362459         0.020486
3     C51  C51B-120.png     -1.808828        -1.634570
4     L40   L40A-37.png      0.035677         0.281811
2024-07-02 09:42:23,668 - INFO Iniciando o Treinamento...

2024-07-02 09:42:23,668 - INFO Separando Treino e Validação...

2024-07-02 09:42:23,678 - INFO Quantidade de Imagens para Treino e Validação: 7115, 1786

2024-07-02 09:42:23,678 - INFO Carregando imagens ...

2024-07-02 09:42:47,720 - DEBUG Limitando Dados:

2024-07-02 09:42:47,720 - DEBUG 
Train X: 7115
Validate X: 1786
Train Y: (7115, 2)
Validate Y: (1786, 2)
2024-07-02 09:42:47,725 - INFO DataFrame Info Treino:
       teor_carbono  teor_nitrogenio
count   7115.000000      7115.000000
mean      -0.076007        -0.088426
std        0.959302         0.955197
min       -1.743472        -1.547462
25%       -0.937408        -0.850596
50%       -0.000632         0.020486
75%        0.696504         0.456028
max        2.766125         2.895059

2024-07-02 09:42:47,729 - INFO DataFrame Info Validate:
       teor_carbono  teor_nitrogenio
count   1786.000000      1786.000000
mean       0.108869         0.128469
std        1.225309         1.223843
min       -1.794304        -1.460354
25%       -0.951932        -1.024813
50%        0.231746         0.194703
75%        1.117690         1.327110
max        2.773387         2.982167

2024-07-02 09:42:47,729 - INFO Iniciando o treino
2024-07-02 09:42:47,729 - INFO Modelo Selecionado: EfficientNetV2L
2024-07-02 09:43:00,665 - INFO Executando sem o GridSearch

2024-07-02 09:55:10,673 - INFO Modelo Salvo!!!
2024-07-02 09:55:10,686 - INFO Iniciando o Test...

2024-07-02 09:58:30,629 - DEBUG 
Test X: 3843
Test Y: (3843, 2)
2024-07-02 09:58:30,634 - INFO DataFrame Info:
       teor_carbono  teor_nitrogenio
count   3843.000000      3843.000000
mean       0.090007         0.103832
std        0.941941         0.945817
min       -1.808828        -1.634570
25%       -0.741339        -0.676380
50%        0.282579         0.194703
75%        0.986977         1.065785
max        1.560661         1.501327

2024-07-02 09:58:30,634 - INFO 
Iniciando predição completa para o R2...

2024-07-02 09:59:03,083 - INFO 
2024-07-02 09:59:03,084 - INFO ====================================================
2024-07-02 09:59:03,084 - INFO ********** R2 Modelo: 0.5072791708306368 **********
2024-07-02 09:59:03,084 - INFO ********** MAE [mean]: 0.5314137721478138 **********
2024-07-02 09:59:03,084 - INFO ********** MSE [mean]: 0.43873713351882493 **********
2024-07-02 09:59:03,084 - INFO ====================================================
2024-07-02 09:59:03,084 - INFO 

2024-07-02 09:59:03,084 - INFO Alguns exemplos de predições ...
2024-07-02 09:59:03,290 - INFO 
Melhores resultados ...


2024-07-02 09:59:03,297 - INFO 
     amostra  teor_cabono_real  teor_cabono_predict  teor_cabono_diff  error_carbono(%)  teor_nitrogenio_real  teor_nitrogenio_predict  teor_nitrogenio_diff  error_nitrogenio(%) grupo
3266     C39         -0.813957            -0.813863          0.000094          0.011558             -0.676380                -0.780759              0.104379            15.432044   C39
141      C16         -0.872052            -0.871852          0.000200          0.022957             -0.850596                -0.810951              0.039646             4.660911   C16
3682      L2         -0.291105            -0.291219          0.000113          0.038913             -0.850596                -0.361354              0.489242            57.517551    L2
209      C23          0.362459             0.362866          0.000407          0.112163              0.456028                 0.423580              0.032448             7.115366   C23
432       C8          0.406030             0.407066          0.001036          0.255045             -0.153730                 0.227263              0.380993           247.832202    C8

2024-07-02 09:59:03,297 - INFO 
Piores resultados ...


2024-07-02 09:59:03,303 - INFO 
     amostra  teor_cabono_real  teor_cabono_predict  teor_cabono_diff  error_carbono(%)  teor_nitrogenio_real  teor_nitrogenio_predict  teor_nitrogenio_diff  error_nitrogenio(%) grupo
2857     L40          0.035677             0.608024          0.572347       1604.248800              0.281811                 0.703907              0.422095           149.779502   L40
3338     L40          0.035677             0.617664          0.581987       1631.270155              0.281811                 0.819609              0.537797           190.836038   L40
167      L40          0.035677             0.648211          0.612534       1716.890324              0.281811                 0.727461              0.445650           158.137780   L40
2978     L40          0.035677             0.770857          0.735180       2060.657252              0.281811                 0.932737              0.650926           230.979420   L40
1208     L40          0.035677             0.863861          0.828184       2321.341101              0.281811                 0.929332              0.647521           229.771215   L40


2024-07-02 09:59:03,306 - INFO R2 [mean] conjunto de predição CARBONO:
2024-07-02 09:59:03,306 - INFO ====================================================
2024-07-02 09:59:03,306 - INFO ====>>>>> R2 [mean]: 0.5631555276208423 <<<<<====
2024-07-02 09:59:03,306 - INFO ====>>>>> MAE [mean]: 0.5097581959018854 <<<<<====
2024-07-02 09:59:03,306 - INFO ====>>>>> MSE [mean]: 0.39372828389912595 <<<<<====
2024-07-02 09:59:03,306 - INFO ====================================================
2024-07-02 09:59:03,306 - INFO 

2024-07-02 09:59:03,309 - INFO R2 [median] conjunto de predição CARBONO:
2024-07-02 09:59:03,309 - INFO ====================================================
2024-07-02 09:59:03,309 - INFO ====>>>>> R2 [median]: 0.584747215479871 <<<<<====
2024-07-02 09:59:03,309 - INFO ====>>>>> MAE [median]: 0.49724524840020173 <<<<<====
2024-07-02 09:59:03,309 - INFO ====>>>>> MSE [median]: 0.37426767779159964 <<<<<====
2024-07-02 09:59:03,309 - INFO ====================================================
2024-07-02 09:59:03,309 - INFO 

2024-07-02 09:59:03,312 - INFO R2 [mean] conjunto de predição NITROGENIO:
2024-07-02 09:59:03,312 - INFO ====================================================
2024-07-02 09:59:03,312 - INFO ====>>>>> R2 [mean]: 0.6432309354058172 <<<<<====
2024-07-02 09:59:03,312 - INFO ====>>>>> MAE [mean]: 0.45382880263260716 <<<<<====
2024-07-02 09:59:03,312 - INFO ====>>>>> MSE [mean]: 0.3193052236732398 <<<<<====
2024-07-02 09:59:03,312 - INFO ====================================================
2024-07-02 09:59:03,312 - INFO 

2024-07-02 09:59:03,315 - INFO R2 [median] conjunto de predição NITROGENIO:
2024-07-02 09:59:03,315 - INFO ====================================================
2024-07-02 09:59:03,315 - INFO ====>>>>> R2 [median]: 0.6713165072306881 <<<<<====
2024-07-02 09:59:03,315 - INFO ====>>>>> MAE [median]: 0.44105495866756245 <<<<<====
2024-07-02 09:59:03,315 - INFO ====>>>>> MSE [median]: 0.2941688800731242 <<<<<====
2024-07-02 09:59:03,315 - INFO ====================================================
2024-07-02 09:59:03,315 - INFO 

2024-07-02 09:59:03,316 - INFO #######################
2024-07-02 09:59:03,316 - INFO Info parameters: 
2024-07-02 09:59:03,316 - INFO  -e (--epochs): 100
2024-07-02 09:59:03,316 - INFO  -G (--grid_search_trials): 0
2024-07-02 09:59:03,316 - INFO  -i (--amount_image_train): 8930
2024-07-02 09:59:03,316 - INFO  -I (--amount_image_test): 3843
2024-07-02 09:59:03,316 - INFO  -L (--log_level): 0
2024-07-02 09:59:03,317 - INFO  -m (--model): 22 - EfficientNetV2L
2024-07-02 09:59:03,317 - INFO  -M (--show_model): False
2024-07-02 09:59:03,317 - INFO  -n (--name): EfficientNetV2L_Normalize3_Epochs100_Patience10_Separed_Preprocess
2024-07-02 09:59:03,317 - INFO  -N (--normalize): NormalizeEnum.StandardScaler
2024-07-02 09:59:03,317 - INFO  -p (--preprocess): True
2024-07-02 09:59:03,317 - INFO  -P (--patience): 10
2024-07-02 09:59:03,317 - INFO  -S (--separed): False
2024-07-02 09:59:03,317 - INFO  -t (--trainable): False
2024-07-02 09:59:03,317 - INFO  -T (--Test): False
2024-07-02 09:59:03,317 - INFO #######################
