2024-07-03 01:15:07,857 - INFO Parâmetros:
2024-07-03 01:15:07,857 - INFO Namespace(epochs=100, grid_search_trials=0, amount_image_train=8930, amount_image_test=3843, log_level=0, model=2, show_model=False, name='ResNet152_2_Normalize3_Epochs100_Patience10_Separed_Preprocess', normalize=3, preprocess=True, patience=10, separed=False, trainable=False, Test=False)
2024-07-03 01:15:16,393 - DEBUG Quantidade de GPU disponíveis: [PhysicalDevice(name='/physical_device:GPU:0', device_type='GPU'), PhysicalDevice(name='/physical_device:GPU:1', device_type='GPU')]
2024-07-03 01:15:17,477 - INFO Modelo: ResNet152
2024-07-03 01:15:17,487 - INFO Embaralhamento de dados->random_state: 60
2024-07-03 01:15:17,493 - INFO Embaralhamento de dados->random_state: 80
2024-07-03 01:15:17,494 - INFO Informações básicas do Dataset com normalização StandardScaler ...
2024-07-03 01:15:17,504 - DEBUG Load df_train: 8930
  amostra       arquivo  teor_carbono  teor_nitrogenio
0     L35  L35A-107.png      0.681980         0.717352
1     C47  C47B-138.png     -0.821219        -1.024813
2     L13   L13B-75.png      2.773387         2.982167
3     L25   L25A-59.png      0.732813         0.891569
4     C22  C22A-107.png     -0.843005        -0.850596
2024-07-03 01:15:17,508 - DEBUG Load df_test: 3843
  amostra       arquivo  teor_carbono  teor_nitrogenio
0     C51   C51B-92.png     -1.808828        -1.634570
1      L5   L5B-136.png     -1.467522        -1.373246
2      C8   C8A-107.png      0.406030        -0.153730
3     L26  L26A-133.png      0.086510         0.194703
4     C51  C51A-153.png     -1.808828        -1.634570
2024-07-03 01:15:17,508 - INFO Iniciando o Treinamento...

2024-07-03 01:15:17,508 - INFO Separando Treino e Validação...

2024-07-03 01:15:17,520 - INFO Quantidade de Imagens para Treino e Validação: 7115, 1786

2024-07-03 01:15:17,520 - INFO Carregando imagens ...

2024-07-03 01:15:47,078 - DEBUG Limitando Dados:

2024-07-03 01:15:47,079 - DEBUG 
Train X: 7115
Validate X: 1786
Train Y: (7115, 2)
Validate Y: (1786, 2)
2024-07-03 01:15:47,084 - INFO DataFrame Info Treino:
       teor_carbono  teor_nitrogenio
count   7115.000000      7115.000000
mean      -0.076007        -0.088426
std        0.959302         0.955197
min       -1.743472        -1.547462
25%       -0.937408        -0.850596
50%       -0.000632         0.020486
75%        0.696504         0.456028
max        2.766125         2.895059

2024-07-03 01:15:47,089 - INFO DataFrame Info Validate:
       teor_carbono  teor_nitrogenio
count   1786.000000      1786.000000
mean       0.106758         0.126470
std        1.225203         1.223943
min       -1.794304        -1.460354
25%       -0.951932        -1.024813
50%        0.231746         0.194703
75%        1.117690         1.327110
max        2.773387         2.982167

2024-07-03 01:15:47,089 - INFO Iniciando o treino
2024-07-03 01:15:47,089 - INFO Modelo Selecionado: ResNet152
2024-07-03 01:15:56,114 - INFO Executando sem o GridSearch

2024-07-03 01:31:22,906 - INFO Modelo Salvo!!!
2024-07-03 01:31:22,924 - INFO Iniciando o Test...

2024-07-03 01:35:04,356 - DEBUG 
Test X: 3843
Test Y: (3843, 2)
2024-07-03 01:35:04,381 - INFO DataFrame Info:
       teor_carbono  teor_nitrogenio
count   3843.000000      3843.000000
mean       0.090007         0.103832
std        0.941941         0.945817
min       -1.808828        -1.634570
25%       -0.741339        -0.676380
50%        0.282579         0.194703
75%        0.986977         1.065785
max        1.560661         1.501327

2024-07-03 01:35:04,381 - INFO 
Iniciando predição completa para o R2...

2024-07-03 01:35:27,388 - INFO 
2024-07-03 01:35:27,388 - INFO ====================================================
2024-07-03 01:35:27,388 - INFO ********** R2 Modelo: 0.28362142492676856 **********
2024-07-03 01:35:27,389 - INFO ********** MAE: 0.6023806933568729 **********
2024-07-03 01:35:27,389 - INFO ********** MSE: 0.6379103160681929 **********
2024-07-03 01:35:27,389 - INFO ====================================================
2024-07-03 01:35:27,389 - INFO 

2024-07-03 01:35:27,389 - INFO Alguns exemplos de predições ...
2024-07-03 01:35:27,932 - INFO 
Melhores resultados ...


2024-07-03 01:35:27,940 - INFO 
     amostra  teor_cabono_real  teor_cabono_predict  teor_cabono_diff  error_carbono(%)  teor_nitrogenio_real  teor_nitrogenio_predict  teor_nitrogenio_diff  error_nitrogenio(%) grupo
1288      L2         -0.291105            -0.291107          0.000001          0.000409             -0.850596                -0.356181              0.494416            58.125769    L2
1643     L33          0.986977             0.987455          0.000478          0.048467              1.327110                 0.869732              0.457378            34.464190   L33
999       C8          0.406030             0.406321          0.000291          0.071672             -0.153730                 0.307429              0.461159           299.979843    C8
3527     L23          1.066857             1.068582          0.001725          0.161732              1.152894                 1.243029              0.090136             7.818197   L23
2364     L17          0.856264             0.853977          0.002286          0.267031              0.891569                 1.057124              0.165555            18.568916   L17

2024-07-03 01:35:27,940 - INFO 
Piores resultados ...


2024-07-03 01:35:27,947 - INFO 
     amostra  teor_cabono_real  teor_cabono_predict  teor_cabono_diff  error_carbono(%)  teor_nitrogenio_real  teor_nitrogenio_predict  teor_nitrogenio_diff  error_nitrogenio(%) grupo
2481     L40          0.035677             0.674639          0.638962       1790.965115              0.281811                 0.791486              0.509675           180.856760   L40
3696     L40          0.035677             0.698237          0.662560       1857.108870              0.281811                 0.803484              0.521673           185.114473   L40
1976     L40          0.035677             0.763470          0.727793       2039.953393              0.281811                 0.931541              0.649730           230.555034   L40
813      L40          0.035677             0.811212          0.775535       2173.769406              0.281811                 0.853920              0.572108           203.011273   L40
1326     L40          0.035677             0.812359          0.776682       2176.984957              0.281811                 0.920033              0.638221           226.471263   L40


2024-07-03 01:35:27,950 - INFO R2 [mean] conjunto de predição CARBONO:
2024-07-03 01:35:27,950 - INFO ====================================================
2024-07-03 01:35:27,951 - INFO ====>>>>> R2 [mean]: 0.33861750638096366 <<<<<====
2024-07-03 01:35:27,951 - INFO ====>>>>> MAE [mean]: 0.5939160681720003 <<<<<====
2024-07-03 01:35:27,951 - INFO ====>>>>> MSE [mean]: 0.5961045879677062 <<<<<====
2024-07-03 01:35:27,951 - INFO ====================================================
2024-07-03 01:35:27,951 - INFO 

2024-07-03 01:35:27,954 - INFO R2 [median] conjunto de predição CARBONO:
2024-07-03 01:35:27,954 - INFO ====================================================
2024-07-03 01:35:27,954 - INFO ====>>>>> R2 [median]: 0.3471314098154411 <<<<<====
2024-07-03 01:35:27,954 - INFO ====>>>>> MAE [median]: 0.5820299196309383 <<<<<====
2024-07-03 01:35:27,954 - INFO ====>>>>> MSE [median]: 0.5884309997675786 <<<<<====
2024-07-03 01:35:27,955 - INFO ====================================================
2024-07-03 01:35:27,955 - INFO 

2024-07-03 01:35:27,957 - INFO R2 [mean] conjunto de predição NITROGENIO:
2024-07-03 01:35:27,957 - INFO ====================================================
2024-07-03 01:35:27,958 - INFO ====>>>>> R2 [mean]: 0.4278003838673583 <<<<<====
2024-07-03 01:35:27,958 - INFO ====>>>>> MAE [mean]: 0.5521828979406412 <<<<<====
2024-07-03 01:35:27,958 - INFO ====>>>>> MSE [mean]: 0.5121137019623596 <<<<<====
2024-07-03 01:35:27,958 - INFO ====================================================
2024-07-03 01:35:27,958 - INFO 

2024-07-03 01:35:27,961 - INFO R2 [median] conjunto de predição NITROGENIO:
2024-07-03 01:35:27,961 - INFO ====================================================
2024-07-03 01:35:27,961 - INFO ====>>>>> R2 [median]: 0.4101576501672577 <<<<<====
2024-07-03 01:35:27,961 - INFO ====>>>>> MAE [median]: 0.562249075918584 <<<<<====
2024-07-03 01:35:27,961 - INFO ====>>>>> MSE [median]: 0.5279037958616889 <<<<<====
2024-07-03 01:35:27,961 - INFO ====================================================
2024-07-03 01:35:27,961 - INFO 

2024-07-03 01:35:27,962 - INFO #######################
2024-07-03 01:35:27,962 - INFO Info parameters: 
2024-07-03 01:35:27,962 - INFO  -e (--epochs): 100
2024-07-03 01:35:27,962 - INFO  -G (--grid_search_trials): 0
2024-07-03 01:35:27,963 - INFO  -i (--amount_image_train): 8930
2024-07-03 01:35:27,963 - INFO  -I (--amount_image_test): 3843
2024-07-03 01:35:27,963 - INFO  -L (--log_level): 0
2024-07-03 01:35:27,963 - INFO  -m (--model): 2 - ResNet152
2024-07-03 01:35:27,963 - INFO  -M (--show_model): False
2024-07-03 01:35:27,963 - INFO  -n (--name): ResNet152_2_Normalize3_Epochs100_Patience10_Separed_Preprocess
2024-07-03 01:35:27,963 - INFO  -N (--normalize): NormalizeEnum.StandardScaler
2024-07-03 01:35:27,963 - INFO  -p (--preprocess): True
2024-07-03 01:35:27,963 - INFO  -P (--patience): 10
2024-07-03 01:35:27,963 - INFO  -S (--separed): False
2024-07-03 01:35:27,963 - INFO  -t (--trainable): False
2024-07-03 01:35:27,963 - INFO  -T (--Test): False
2024-07-03 01:35:27,963 - INFO #######################
