2024-07-02 00:32:00,286 - INFO Parâmetros:
2024-07-02 00:32:00,286 - INFO Namespace(epochs=100, grid_search_trials=0, amount_image_train=8930, amount_image_test=3843, log_level=0, model=0, show_model=False, name='ResNet50_Normalize2_Epochs100_Patience10_Separed_Preprocess', normalize=2, preprocess=True, patience=10, separed=False, trainable=False, Test=False)
2024-07-02 00:32:06,540 - DEBUG Quantidade de GPU disponíveis: [PhysicalDevice(name='/physical_device:GPU:0', device_type='GPU'), PhysicalDevice(name='/physical_device:GPU:1', device_type='GPU')]
2024-07-02 00:32:07,345 - INFO Modelo: ResNet50
2024-07-02 00:32:07,353 - INFO Embaralhamento de dados->random_state: 4
2024-07-02 00:32:07,358 - INFO Embaralhamento de dados->random_state: 41
2024-07-02 00:32:07,359 - INFO Informações básicas do Dataset com normalização RobustScaler ...
2024-07-02 00:32:07,369 - DEBUG Load df_train: 8930
  amostra       arquivo  teor_carbono  teor_nitrogenio
0     C14  C14B-170.png     -0.709677        -0.611111
1     L24   L24A-89.png      0.147465         0.222222
2      C7   C7A-137.png      0.682028         0.277778
3     C19  C19A-101.png     -0.299539        -0.166667
4      C5   C5B-105.png      0.677419         0.222222
2024-07-02 00:32:07,372 - DEBUG Load df_test: 3843
  amostra       arquivo  teor_carbono  teor_nitrogenio
0      C9    C9B-88.png      0.138249         0.000000
1     C12   C12B-57.png      0.087558        -0.055556
2     L37  L37B-149.png      0.691244         0.777778
3     L40  L40B-155.png     -0.069124         0.166667
4     L23  L23B-121.png      0.585253         0.722222
2024-07-02 00:32:07,372 - INFO Iniciando o Treinamento...

2024-07-02 00:32:07,372 - INFO Separando Treino e Validação...

2024-07-02 00:32:07,383 - INFO Quantidade de Imagens para Treino e Validação: 7115, 1786

2024-07-02 00:32:07,383 - INFO Carregando imagens ...

2024-07-02 00:32:32,643 - DEBUG Limitando Dados:

2024-07-02 00:32:32,643 - DEBUG 
Train X: 7115
Validate X: 1786
Train Y: (7115, 2)
Validate Y: (1786, 2)
2024-07-02 00:32:32,648 - INFO DataFrame Info Treino:
       teor_carbono  teor_nitrogenio
count   7115.000000      7115.000000
mean      -0.139998        -0.069462
std        0.608764         0.609202
min       -1.198157        -1.000000
25%       -0.686636        -0.555556
50%       -0.092166         0.000000
75%        0.350230         0.277778
max        1.663594         1.833333

2024-07-02 00:32:32,652 - INFO DataFrame Info Validate:
       teor_carbono  teor_nitrogenio
count   1786.000000      1786.000000
mean      -0.020097         0.072073
std        0.778068         0.781182
min       -1.230415        -0.944444
25%       -0.695853        -0.666667
50%        0.055300         0.111111
75%        0.617512         0.833333
max        1.668203         1.888889

2024-07-02 00:32:32,652 - INFO Iniciando o treino
2024-07-02 00:32:32,652 - INFO Modelo Selecionado: ResNet50
2024-07-02 00:32:35,455 - INFO Executando sem o GridSearch

2024-07-02 00:38:38,129 - INFO Modelo Salvo!!!
2024-07-02 00:38:38,141 - INFO Iniciando o Test...

2024-07-02 00:41:47,226 - DEBUG 
Test X: 3843
Test Y: (3843, 2)
2024-07-02 00:41:47,252 - INFO DataFrame Info:
       teor_carbono  teor_nitrogenio
count   3843.000000      3843.000000
mean      -0.034647         0.053156
std        0.597747         0.603219
min       -1.239631        -1.055556
25%       -0.562212        -0.444444
50%        0.087558         0.111111
75%        0.534562         0.666667
max        0.898618         0.944444

2024-07-02 00:41:47,252 - INFO 
Iniciando predição completa para o R2...

2024-07-02 00:41:57,989 - INFO 
2024-07-02 00:41:57,989 - INFO ====================================================
2024-07-02 00:41:57,989 - INFO ********** R2 Modelo: 0.31766593609706767 **********
2024-07-02 00:41:57,990 - INFO ********** MAE [mean]: 0.39597003827479677 **********
2024-07-02 00:41:57,990 - INFO ********** MSE [mean]: 0.24580352249539725 **********
2024-07-02 00:41:57,990 - INFO ====================================================
2024-07-02 00:41:57,990 - INFO 

2024-07-02 00:41:57,990 - INFO Alguns exemplos de predições ...
2024-07-02 00:41:58,194 - INFO 
Melhores resultados ...


2024-07-02 00:41:58,200 - INFO 
     amostra  teor_cabono_real  teor_cabono_predict  teor_cabono_diff  error_carbono(%)  teor_nitrogenio_real  teor_nitrogenio_predict  teor_nitrogenio_diff  error_nitrogenio(%) grupo
558      L20          0.129032             0.128817          0.000216          0.167201              0.222222                 0.235271              0.013049             5.871953   L20
1031      C8          0.165899             0.166402          0.000503          0.303390             -0.111111                 0.242580              0.353691           318.322346    C8
1883     C41         -0.562212            -0.563980          0.001768          0.314536             -0.388889                -0.510898              0.122009            31.373831   C41
1542      C8          0.165899             0.166427          0.000528          0.318229             -0.111111                 0.212252              0.323363           291.026685    C8
1230      L2         -0.276498            -0.277950          0.001452          0.525074             -0.555556                -0.289832              0.265724            47.830262    L2

2024-07-02 00:41:58,200 - INFO 
Piores resultados ...


2024-07-02 00:41:58,207 - INFO 
     amostra  teor_cabono_real  teor_cabono_predict  teor_cabono_diff  error_carbono(%)  teor_nitrogenio_real  teor_nitrogenio_predict  teor_nitrogenio_diff  error_nitrogenio(%) grupo
2006     C10         -0.041475            -0.460175          0.418701       1009.533864             -0.166667                -0.513758              0.347091           208.254552   C10
639      C10         -0.041475            -0.468993          0.427519       1030.794972             -0.166667                -0.540128              0.373462           224.077082   C10
3723     C10         -0.041475            -0.483307          0.441833       1065.308037             -0.166667                -0.588493              0.421826           253.095508   C10
3314     C10         -0.041475            -0.485623          0.444149       1070.892022             -0.166667                -0.596174              0.429507           257.704329   C10
1605     C10         -0.041475            -0.504733          0.463258       1116.967551             -0.166667                -0.512214              0.345547           207.328367   C10


2024-07-02 00:41:58,209 - INFO R2 [mean] conjunto de predição CARBONO:
2024-07-02 00:41:58,209 - INFO ====================================================
2024-07-02 00:41:58,209 - INFO ====>>>>> R2 [mean]: 0.2876963943299541 <<<<<====
2024-07-02 00:41:58,210 - INFO ====>>>>> MAE [mean]: 0.4082345334146338 <<<<<====
2024-07-02 00:41:58,210 - INFO ====>>>>> MSE [mean]: 0.2585372666929326 <<<<<====
2024-07-02 00:41:58,210 - INFO ====================================================
2024-07-02 00:41:58,210 - INFO 

2024-07-02 00:41:58,212 - INFO R2 [median] conjunto de predição CARBONO:
2024-07-02 00:41:58,212 - INFO ====================================================
2024-07-02 00:41:58,212 - INFO ====>>>>> R2 [median]: 0.31092967117557757 <<<<<====
2024-07-02 00:41:58,212 - INFO ====>>>>> MAE [median]: 0.4020599442088913 <<<<<====
2024-07-02 00:41:58,213 - INFO ====>>>>> MSE [median]: 0.25010453120742654 <<<<<====
2024-07-02 00:41:58,213 - INFO ====================================================
2024-07-02 00:41:58,213 - INFO 

2024-07-02 00:41:58,215 - INFO R2 [mean] conjunto de predição NITROGENIO:
2024-07-02 00:41:58,215 - INFO ====================================================
2024-07-02 00:41:58,215 - INFO ====>>>>> R2 [mean]: 0.41174961145795774 <<<<<====
2024-07-02 00:41:58,215 - INFO ====>>>>> MAE [mean]: 0.3794133605305183 <<<<<====
2024-07-02 00:41:58,215 - INFO ====>>>>> MSE [mean]: 0.21414968038906695 <<<<<====
2024-07-02 00:41:58,215 - INFO ====================================================
2024-07-02 00:41:58,215 - INFO 

2024-07-02 00:41:58,218 - INFO R2 [median] conjunto de predição NITROGENIO:
2024-07-02 00:41:58,218 - INFO ====================================================
2024-07-02 00:41:58,218 - INFO ====>>>>> R2 [median]: 0.42795164355996207 <<<<<====
2024-07-02 00:41:58,218 - INFO ====>>>>> MAE [median]: 0.374368293203199 <<<<<====
2024-07-02 00:41:58,218 - INFO ====>>>>> MSE [median]: 0.2082514097480614 <<<<<====
2024-07-02 00:41:58,218 - INFO ====================================================
2024-07-02 00:41:58,218 - INFO 

2024-07-02 00:41:58,219 - INFO #######################
2024-07-02 00:41:58,219 - INFO Info parameters: 
2024-07-02 00:41:58,219 - INFO  -e (--epochs): 100
2024-07-02 00:41:58,219 - INFO  -G (--grid_search_trials): 0
2024-07-02 00:41:58,219 - INFO  -i (--amount_image_train): 8930
2024-07-02 00:41:58,219 - INFO  -I (--amount_image_test): 3843
2024-07-02 00:41:58,219 - INFO  -L (--log_level): 0
2024-07-02 00:41:58,219 - INFO  -m (--model): 0 - ResNet50
2024-07-02 00:41:58,219 - INFO  -M (--show_model): False
2024-07-02 00:41:58,219 - INFO  -n (--name): ResNet50_Normalize2_Epochs100_Patience10_Separed_Preprocess
2024-07-02 00:41:58,220 - INFO  -N (--normalize): NormalizeEnum.RobustScaler
2024-07-02 00:41:58,220 - INFO  -p (--preprocess): True
2024-07-02 00:41:58,220 - INFO  -P (--patience): 10
2024-07-02 00:41:58,220 - INFO  -S (--separed): False
2024-07-02 00:41:58,220 - INFO  -t (--trainable): False
2024-07-02 00:41:58,220 - INFO  -T (--Test): False
2024-07-02 00:41:58,220 - INFO #######################
