2024-07-03 01:00:36,981 - INFO Parâmetros:
2024-07-03 01:00:36,981 - INFO Namespace(epochs=100, grid_search_trials=0, amount_image_train=8930, amount_image_test=3843, log_level=0, model=2, show_model=False, name='ResNet152_2_Normalize2_Epochs100_Patience10_Separed_Preprocess', normalize=2, preprocess=True, patience=10, separed=False, trainable=False, Test=False)
2024-07-03 01:00:44,479 - DEBUG Quantidade de GPU disponíveis: [PhysicalDevice(name='/physical_device:GPU:0', device_type='GPU'), PhysicalDevice(name='/physical_device:GPU:1', device_type='GPU')]
2024-07-03 01:00:45,526 - INFO Modelo: ResNet152
2024-07-03 01:00:45,535 - INFO Embaralhamento de dados->random_state: 16
2024-07-03 01:00:45,540 - INFO Embaralhamento de dados->random_state: 60
2024-07-03 01:00:45,542 - INFO Informações básicas do Dataset com normalização RobustScaler ...
2024-07-03 01:00:45,552 - DEBUG Load df_train: 8930
  amostra       arquivo  teor_carbono  teor_nitrogenio
0     C40   C40B-56.png     -0.792627        -0.722222
1     C31  C31A-136.png     -0.317972        -0.277778
2     C40  C40B-153.png     -0.792627        -0.722222
3     L31  L31A-148.png      0.847926         0.944444
4     L36  L36A-104.png      0.050691         0.166667
2024-07-03 01:00:45,555 - DEBUG Load df_test: 3843
  amostra       arquivo  teor_carbono  teor_nitrogenio
0     C12   C12A-71.png      0.087558        -0.055556
1      L7    L7B-58.png     -0.718894        -1.000000
2     C39   C39B-41.png     -0.608295        -0.444444
3     C16  C16A-156.png     -0.645161        -0.555556
4     L26  L26A-132.png     -0.036866         0.111111
2024-07-03 01:00:45,556 - INFO Iniciando o Treinamento...

2024-07-03 01:00:45,556 - INFO Separando Treino e Validação...

2024-07-03 01:00:45,567 - INFO Quantidade de Imagens para Treino e Validação: 7115, 1786

2024-07-03 01:00:45,567 - INFO Carregando imagens ...

2024-07-03 01:01:15,226 - DEBUG Limitando Dados:

2024-07-03 01:01:15,226 - DEBUG 
Train X: 7115
Validate X: 1786
Train Y: (7115, 2)
Validate Y: (1786, 2)
2024-07-03 01:01:15,231 - INFO DataFrame Info Treino:
       teor_carbono  teor_nitrogenio
count   7115.000000      7115.000000
mean      -0.139998        -0.069462
std        0.608764         0.609202
min       -1.198157        -1.000000
25%       -0.686636        -0.555556
50%       -0.092166         0.000000
75%        0.350230         0.277778
max        1.663594         1.833333

2024-07-03 01:01:15,236 - INFO DataFrame Info Validate:
       teor_carbono  teor_nitrogenio
count   1786.000000      1786.000000
mean      -0.024791         0.066380
std        0.778006         0.781044
min       -1.230415        -0.944444
25%       -0.695853        -0.666667
50%        0.055300         0.111111
75%        0.617512         0.833333
max        1.668203         1.888889

2024-07-03 01:01:15,236 - INFO Iniciando o treino
2024-07-03 01:01:15,237 - INFO Modelo Selecionado: ResNet152
2024-07-03 01:01:24,284 - INFO Executando sem o GridSearch

2024-07-03 01:10:58,023 - INFO Modelo Salvo!!!
2024-07-03 01:10:58,041 - INFO Iniciando o Test...

2024-07-03 01:14:41,276 - DEBUG 
Test X: 3843
Test Y: (3843, 2)
2024-07-03 01:14:41,286 - INFO DataFrame Info:
       teor_carbono  teor_nitrogenio
count   3843.000000      3843.000000
mean      -0.034647         0.053156
std        0.597747         0.603219
min       -1.239631        -1.055556
25%       -0.562212        -0.444444
50%        0.087558         0.111111
75%        0.534562         0.666667
max        0.898618         0.944444

2024-07-03 01:14:41,287 - INFO 
Iniciando predição completa para o R2...

2024-07-03 01:15:05,510 - INFO 
2024-07-03 01:15:05,510 - INFO ====================================================
2024-07-03 01:15:05,510 - INFO ********** R2 Modelo: 0.3861227317773423 **********
2024-07-03 01:15:05,510 - INFO ********** MAE: 0.3825153746051197 **********
2024-07-03 01:15:05,511 - INFO ********** MSE: 0.22113986649209094 **********
2024-07-03 01:15:05,511 - INFO ====================================================
2024-07-03 01:15:05,511 - INFO 

2024-07-03 01:15:05,511 - INFO Alguns exemplos de predições ...
2024-07-03 01:15:05,723 - INFO 
Melhores resultados ...


2024-07-03 01:15:05,730 - INFO 
     amostra  teor_cabono_real  teor_cabono_predict  teor_cabono_diff  error_carbono(%)  teor_nitrogenio_real  teor_nitrogenio_predict  teor_nitrogenio_diff  error_nitrogenio(%) grupo
119       L7         -0.718894            -0.719000          0.000106          0.014700             -1.000000                -0.555797              0.444203            44.420308    L7
3408      C8          0.165899             0.166005          0.000106          0.063991             -0.111111                 0.097524              0.208636           187.772018    C8
1914      L7         -0.718894            -0.719852          0.000958          0.133197             -1.000000                -0.658274              0.341726            34.172577    L7
519       L7         -0.718894            -0.721287          0.002393          0.332848             -1.000000                -0.540647              0.459353            45.935285    L7
1811     C23          0.138249             0.137788          0.000461          0.333391              0.277778                 0.171546              0.106232            38.243613   C23

2024-07-03 01:15:05,730 - INFO 
Piores resultados ...


2024-07-03 01:15:05,737 - INFO 
     amostra  teor_cabono_real  teor_cabono_predict  teor_cabono_diff  error_carbono(%)  teor_nitrogenio_real  teor_nitrogenio_predict  teor_nitrogenio_diff  error_nitrogenio(%) grupo
2084     C10         -0.041475            -0.849188          0.807714       1947.487556             -0.166667                -0.802852              0.636185           381.710970   C10
1685     C10         -0.041475            -0.852546          0.811071       1955.582502             -0.166667                -0.727165              0.560498           336.298847   C10
115      C10         -0.041475            -0.863106          0.821632       1981.045215             -0.166667                -0.682695              0.516028           309.616911   C10
2313     C10         -0.041475            -0.864013          0.822538       1983.231096             -0.166667                -0.772528              0.605861           363.516724   C10
111      C10         -0.041475            -0.887968          0.846494       2040.990239             -0.166667                -0.811240              0.644573           386.743903   C10


2024-07-03 01:15:05,740 - INFO R2 [mean] conjunto de predição CARBONO:
2024-07-03 01:15:05,740 - INFO ====================================================
2024-07-03 01:15:05,740 - INFO ====>>>>> R2 [mean]: 0.41959134573806 <<<<<====
2024-07-03 01:15:05,740 - INFO ====>>>>> MAE [mean]: 0.37638244373963253 <<<<<====
2024-07-03 01:15:05,741 - INFO ====>>>>> MSE [mean]: 0.21066475845878976 <<<<<====
2024-07-03 01:15:05,741 - INFO ====================================================
2024-07-03 01:15:05,741 - INFO 

2024-07-03 01:15:05,744 - INFO R2 [median] conjunto de predição CARBONO:
2024-07-03 01:15:05,744 - INFO ====================================================
2024-07-03 01:15:05,744 - INFO ====>>>>> R2 [median]: 0.4266583746466851 <<<<<====
2024-07-03 01:15:05,744 - INFO ====>>>>> MAE [median]: 0.37515872441154946 <<<<<====
2024-07-03 01:15:05,744 - INFO ====>>>>> MSE [median]: 0.20809971411094155 <<<<<====
2024-07-03 01:15:05,744 - INFO ====================================================
2024-07-03 01:15:05,744 - INFO 

2024-07-03 01:15:05,747 - INFO R2 [mean] conjunto de predição NITROGENIO:
2024-07-03 01:15:05,747 - INFO ====================================================
2024-07-03 01:15:05,747 - INFO ====>>>>> R2 [mean]: 0.5039943978975145 <<<<<====
2024-07-03 01:15:05,747 - INFO ====>>>>> MAE [mean]: 0.3579134309334765 <<<<<====
2024-07-03 01:15:05,747 - INFO ====>>>>> MSE [mean]: 0.18056841649470914 <<<<<====
2024-07-03 01:15:05,747 - INFO ====================================================
2024-07-03 01:15:05,747 - INFO 

2024-07-03 01:15:05,750 - INFO R2 [median] conjunto de predição NITROGENIO:
2024-07-03 01:15:05,750 - INFO ====================================================
2024-07-03 01:15:05,750 - INFO ====>>>>> R2 [median]: 0.5029048477410551 <<<<<====
2024-07-03 01:15:05,750 - INFO ====>>>>> MAE [median]: 0.3576355136532352 <<<<<====
2024-07-03 01:15:05,750 - INFO ====>>>>> MSE [median]: 0.18096506190679623 <<<<<====
2024-07-03 01:15:05,750 - INFO ====================================================
2024-07-03 01:15:05,751 - INFO 

2024-07-03 01:15:05,752 - INFO #######################
2024-07-03 01:15:05,752 - INFO Info parameters: 
2024-07-03 01:15:05,752 - INFO  -e (--epochs): 100
2024-07-03 01:15:05,752 - INFO  -G (--grid_search_trials): 0
2024-07-03 01:15:05,752 - INFO  -i (--amount_image_train): 8930
2024-07-03 01:15:05,752 - INFO  -I (--amount_image_test): 3843
2024-07-03 01:15:05,752 - INFO  -L (--log_level): 0
2024-07-03 01:15:05,752 - INFO  -m (--model): 2 - ResNet152
2024-07-03 01:15:05,752 - INFO  -M (--show_model): False
2024-07-03 01:15:05,753 - INFO  -n (--name): ResNet152_2_Normalize2_Epochs100_Patience10_Separed_Preprocess
2024-07-03 01:15:05,753 - INFO  -N (--normalize): NormalizeEnum.RobustScaler
2024-07-03 01:15:05,753 - INFO  -p (--preprocess): True
2024-07-03 01:15:05,753 - INFO  -P (--patience): 10
2024-07-03 01:15:05,753 - INFO  -S (--separed): False
2024-07-03 01:15:05,753 - INFO  -t (--trainable): False
2024-07-03 01:15:05,753 - INFO  -T (--Test): False
2024-07-03 01:15:05,753 - INFO #######################
