2024-07-02 08:36:40,831 - INFO Parâmetros:
2024-07-02 08:36:40,831 - INFO Namespace(epochs=100, grid_search_trials=0, amount_image_train=8930, amount_image_test=3843, log_level=0, model=22, show_model=False, name='EfficientNetV2L_Normalize0_Epochs100_Patience10_Separed_Preprocess', normalize=0, preprocess=True, patience=10, separed=False, trainable=False, Test=False)
2024-07-02 08:36:47,482 - DEBUG Quantidade de GPU disponíveis: [PhysicalDevice(name='/physical_device:GPU:0', device_type='GPU'), PhysicalDevice(name='/physical_device:GPU:1', device_type='GPU')]
2024-07-02 08:36:48,305 - INFO Modelo: EfficientNetV2L
2024-07-02 08:36:48,313 - INFO Embaralhamento de dados->random_state: 18
2024-07-02 08:36:48,318 - INFO Embaralhamento de dados->random_state: 97
2024-07-02 08:36:48,319 - INFO Informações básicas do Dataset com normalização NONE ...
2024-07-02 08:36:48,327 - DEBUG Load df_train: 8930
  amostra       arquivo  teor_carbono  teor_nitrogenio
0     L39  L39B-105.png          4.34             0.37
1     L35   L35B-41.png          3.74             0.30
2     L16   L16B-56.png          3.30             0.26
3     C20  C20A-102.png          1.84             0.13
4     C30  C30A-171.png          1.78             0.17
2024-07-02 08:36:48,331 - DEBUG Load df_test: 3843
  amostra       arquivo  teor_carbono  teor_nitrogenio
0     L12   L12B-88.png          0.64             0.08
1     L33   L33B-40.png          4.16             0.37
2      C8    C8A-90.png          3.36             0.20
3     C16  C16A-155.png          1.60             0.12
4     L29  L29A-134.png          4.79             0.39
2024-07-02 08:36:48,331 - INFO Iniciando o Treinamento...

2024-07-02 08:36:48,331 - INFO Separando Treino e Validação...

2024-07-02 08:36:48,341 - INFO Quantidade de Imagens para Treino e Validação: 7115, 1786

2024-07-02 08:36:48,341 - INFO Carregando imagens ...

2024-07-02 08:37:12,241 - DEBUG Limitando Dados:

2024-07-02 08:37:12,241 - DEBUG 
Train X: 7115
Validate X: 1786
Train Y: (7115, 2)
Validate Y: (1786, 2)
2024-07-02 08:37:12,246 - INFO DataFrame Info Treino:
       teor_carbono  teor_nitrogenio
count   7115.000000      7115.000000
mean       2.696204         0.207497
std        1.321019         0.109656
min        0.400000         0.040000
25%        1.510000         0.120000
50%        2.800000         0.220000
75%        3.760000         0.270000
max        6.610000         0.550000

2024-07-02 08:37:12,250 - INFO DataFrame Info Validate:
       teor_carbono  teor_nitrogenio
count   1786.000000      1786.000000
mean       2.954944         0.232716
std        1.693147         0.141075
min        0.330000         0.050000
25%        1.490000         0.100000
50%        3.120000         0.240000
75%        4.340000         0.370000
max        6.620000         0.560000

2024-07-02 08:37:12,250 - INFO Iniciando o treino
2024-07-02 08:37:12,250 - INFO Modelo Selecionado: EfficientNetV2L
2024-07-02 08:37:29,126 - INFO Executando sem o GridSearch

2024-07-02 08:52:25,556 - INFO Modelo Salvo!!!
2024-07-02 08:52:25,570 - INFO Iniciando o Test...

2024-07-02 08:55:37,416 - DEBUG 
Test X: 3843
Test Y: (3843, 2)
2024-07-02 08:55:37,420 - INFO DataFrame Info:
       teor_carbono  teor_nitrogenio
count   3843.000000      3843.000000
mean       2.924817         0.229568
std        1.297112         0.108579
min        0.310000         0.030000
25%        1.780000         0.140000
50%        3.190000         0.240000
75%        4.160000         0.340000
max        4.950000         0.390000

2024-07-02 08:55:37,420 - INFO 
Iniciando predição completa para o R2...

2024-07-02 08:56:09,880 - INFO 
2024-07-02 08:56:09,880 - INFO ====================================================
2024-07-02 08:56:09,880 - INFO ********** R2 Modelo: -0.10448614997196948 **********
2024-07-02 08:56:09,881 - INFO ********** MAE [mean]: 0.655235008475495 **********
2024-07-02 08:56:09,881 - INFO ********** MSE [mean]: 1.017976004422601 **********
2024-07-02 08:56:09,881 - INFO ====================================================
2024-07-02 08:56:09,881 - INFO 

2024-07-02 08:56:09,881 - INFO Alguns exemplos de predições ...
2024-07-02 08:56:10,080 - INFO 
Melhores resultados ...


2024-07-02 08:56:10,086 - INFO 
     amostra  teor_cabono_real  teor_cabono_predict  teor_cabono_diff  error_carbono(%)  teor_nitrogenio_real  teor_nitrogenio_predict  teor_nitrogenio_diff  error_nitrogenio(%) grupo
1734     C41              1.78             1.779876          0.000124          0.006987                  0.15                 0.151902              0.001902             1.267954   C41
1849     C16              1.60             1.601862          0.001862          0.116372                  0.12                 0.149132              0.029132            24.276355   C16
291      C41              1.78             1.777344          0.002656          0.149241                  0.15                 0.167560              0.017560            11.706575   C41
627      C26              1.94             1.936934          0.003066          0.158023                  0.20                 0.186353              0.013647             6.823531   C26
3680      L7              1.44             1.442953          0.002953          0.205052                  0.04                 0.128735              0.088735           221.838073    L7

2024-07-02 08:56:10,086 - INFO 
Piores resultados ...


2024-07-02 08:56:10,093 - INFO 
     amostra  teor_cabono_real  teor_cabono_predict  teor_cabono_diff  error_carbono(%)  teor_nitrogenio_real  teor_nitrogenio_predict  teor_nitrogenio_diff  error_nitrogenio(%) grupo
3284     C51              0.31             3.895811          3.585811       1156.713329                  0.03                 0.342011              0.312011          1040.036782   C51
2685     C51              0.31             4.329645          4.019645       1296.659728                  0.03                 0.357354              0.327354          1091.181242   C51
1974     C51              0.31             4.348749          4.038749       1302.822156                  0.03                 0.321521              0.291521           971.738005   C51
3074     C51              0.31             4.379004          4.069004       1312.581782                  0.03                 0.374800              0.344800          1149.334117   C51
1419     C51              0.31             4.845598          4.535598       1463.096200                  0.03                 0.390385              0.360385          1201.283737   C51


2024-07-02 08:56:10,095 - INFO R2 [mean] conjunto de predição CARBONO:
2024-07-02 08:56:10,096 - INFO ====================================================
2024-07-02 08:56:10,096 - INFO ====>>>>> R2 [mean]: -0.02000776321287101 <<<<<====
2024-07-02 08:56:10,096 - INFO ====>>>>> MAE [mean]: 1.1263894872312192 <<<<<====
2024-07-02 08:56:10,096 - INFO ====>>>>> MSE [mean]: 1.7433354247913484 <<<<<====
2024-07-02 08:56:10,096 - INFO ====================================================
2024-07-02 08:56:10,096 - INFO 

2024-07-02 08:56:10,098 - INFO R2 [median] conjunto de predição CARBONO:
2024-07-02 08:56:10,098 - INFO ====================================================
2024-07-02 08:56:10,099 - INFO ====>>>>> R2 [median]: -0.05425598581938473 <<<<<====
2024-07-02 08:56:10,099 - INFO ====>>>>> MAE [median]: 1.1591454188912003 <<<<<====
2024-07-02 08:56:10,099 - INFO ====>>>>> MSE [median]: 1.8018704103663699 <<<<<====
2024-07-02 08:56:10,099 - INFO ====================================================
2024-07-02 08:56:10,099 - INFO 

2024-07-02 08:56:10,101 - INFO R2 [mean] conjunto de predição NITROGENIO:
2024-07-02 08:56:10,101 - INFO ====================================================
2024-07-02 08:56:10,101 - INFO ====>>>>> R2 [mean]: 0.24895600039248 <<<<<====
2024-07-02 08:56:10,101 - INFO ====>>>>> MAE [mean]: 0.07815864750632533 <<<<<====
2024-07-02 08:56:10,101 - INFO ====>>>>> MSE [mean]: 0.008858610336111414 <<<<<====
2024-07-02 08:56:10,102 - INFO ====================================================
2024-07-02 08:56:10,102 - INFO 

2024-07-02 08:56:10,104 - INFO R2 [median] conjunto de predição NITROGENIO:
2024-07-02 08:56:10,104 - INFO ====================================================
2024-07-02 08:56:10,104 - INFO ====>>>>> R2 [median]: 0.19826703909622378 <<<<<====
2024-07-02 08:56:10,104 - INFO ====>>>>> MAE [median]: 0.08003126794541322 <<<<<====
2024-07-02 08:56:10,104 - INFO ====>>>>> MSE [median]: 0.009456489763548985 <<<<<====
2024-07-02 08:56:10,104 - INFO ====================================================
2024-07-02 08:56:10,104 - INFO 

2024-07-02 08:56:10,105 - INFO #######################
2024-07-02 08:56:10,105 - INFO Info parameters: 
2024-07-02 08:56:10,105 - INFO  -e (--epochs): 100
2024-07-02 08:56:10,105 - INFO  -G (--grid_search_trials): 0
2024-07-02 08:56:10,105 - INFO  -i (--amount_image_train): 8930
2024-07-02 08:56:10,106 - INFO  -I (--amount_image_test): 3843
2024-07-02 08:56:10,106 - INFO  -L (--log_level): 0
2024-07-02 08:56:10,106 - INFO  -m (--model): 22 - EfficientNetV2L
2024-07-02 08:56:10,106 - INFO  -M (--show_model): False
2024-07-02 08:56:10,106 - INFO  -n (--name): EfficientNetV2L_Normalize0_Epochs100_Patience10_Separed_Preprocess
2024-07-02 08:56:10,106 - INFO  -N (--normalize): NormalizeEnum.NONE
2024-07-02 08:56:10,106 - INFO  -p (--preprocess): True
2024-07-02 08:56:10,106 - INFO  -P (--patience): 10
2024-07-02 08:56:10,106 - INFO  -S (--separed): False
2024-07-02 08:56:10,106 - INFO  -t (--trainable): False
2024-07-02 08:56:10,106 - INFO  -T (--Test): False
2024-07-02 08:56:10,106 - INFO #######################
