2024-07-04 03:50:46,472 - INFO Parâmetros:
2024-07-04 03:50:46,472 - INFO Namespace(epochs=100, grid_search_trials=0, amount_image_train=8930, amount_image_test=3843, log_level=0, model=11, show_model=False, name='ConvNeXtXLarge_11_Normalize2_Epochs100_Patience10_Separed', normalize=2, preprocess=False, patience=10, separed=False, trainable=False, Test=False)
2024-07-04 03:50:58,720 - DEBUG Quantidade de GPU disponíveis: [PhysicalDevice(name='/physical_device:GPU:0', device_type='GPU'), PhysicalDevice(name='/physical_device:GPU:1', device_type='GPU')]
2024-07-04 03:51:02,485 - INFO Modelo: ConvNeXtXLarge
2024-07-04 03:51:02,501 - INFO Embaralhamento de dados->random_state: 99
2024-07-04 03:51:02,509 - INFO Embaralhamento de dados->random_state: 77
2024-07-04 03:51:02,511 - INFO Informações básicas do Dataset com normalização RobustScaler ...
2024-07-04 03:51:02,521 - DEBUG Load df_train: 8930
  amostra      arquivo  teor_carbono  teor_nitrogenio
0     C20  C20A-69.png     -0.534562        -0.500000
1     L22  L22B-52.png      0.055300         0.111111
2     C13  C13B-76.png     -0.511521        -0.500000
3     C17  C17A-73.png     -0.760369        -0.555556
4     L30  L30B-93.png      0.225806         0.277778
2024-07-04 03:51:02,525 - DEBUG Load df_test: 3843
  amostra       arquivo  teor_carbono  teor_nitrogenio
0     L23   L23A-93.png      0.585253         0.722222
1     L26  L26B-169.png     -0.036866         0.111111
2     L33   L33B-60.png      0.534562         0.833333
3     L26   L26B-99.png     -0.036866         0.111111
4     L26   L26A-68.png     -0.036866         0.111111
2024-07-04 03:51:02,525 - INFO Iniciando o Treinamento...

2024-07-04 03:51:02,525 - INFO Separando Treino e Validação...

2024-07-04 03:51:02,541 - INFO Quantidade de Imagens para Treino e Validação: 7115, 1786

2024-07-04 03:51:02,541 - INFO Carregando imagens ...

2024-07-04 03:51:49,404 - DEBUG Limitando Dados:

2024-07-04 03:51:49,405 - DEBUG 
Train X: 7115
Validate X: 1786
Train Y: (7115, 2)
Validate Y: (1786, 2)
2024-07-04 03:51:49,411 - INFO DataFrame Info Treino:
       teor_carbono  teor_nitrogenio
count   7115.000000      7115.000000
mean      -0.139998        -0.069462
std        0.608764         0.609202
min       -1.198157        -1.000000
25%       -0.686636        -0.555556
50%       -0.092166         0.000000
75%        0.350230         0.277778
max        1.663594         1.833333

2024-07-04 03:51:49,415 - INFO DataFrame Info Validate:
       teor_carbono  teor_nitrogenio
count   1786.000000      1786.000000
mean      -0.021442         0.069429
std        0.778561         0.782462
min       -1.230415        -0.944444
25%       -0.695853        -0.666667
50%        0.055300         0.111111
75%        0.617512         0.833333
max        1.668203         1.888889

2024-07-04 03:51:49,415 - INFO Iniciando o treino
2024-07-04 03:51:49,415 - INFO Modelo Selecionado: ConvNeXtXLarge
2024-07-04 03:52:07,445 - INFO Executando sem o GridSearch

2024-07-04 03:52:09,658 - DEBUG 
Usando batch_size=32

2024-07-04 04:24:08,175 - INFO Modelo Salvo!!!
2024-07-04 04:24:08,201 - INFO Iniciando o Test...

2024-07-04 04:27:55,675 - DEBUG 
Test X: 3843
Test Y: (3843, 2)
2024-07-04 04:27:55,702 - INFO DataFrame Info:
       teor_carbono  teor_nitrogenio
count   3843.000000      3843.000000
mean      -0.034647         0.053156
std        0.597747         0.603219
min       -1.239631        -1.055556
25%       -0.562212        -0.444444
50%        0.087558         0.111111
75%        0.534562         0.666667
max        0.898618         0.944444

2024-07-04 04:27:55,702 - INFO 
Iniciando predição completa para o R2...

2024-07-04 04:29:16,020 - INFO 
2024-07-04 04:29:16,020 - INFO ====================================================
2024-07-04 04:29:16,021 - INFO ********** R2 Modelo: 0.45957925407932604 **********
2024-07-04 04:29:16,021 - INFO ********** MAE: 0.3516802644351384 **********
2024-07-04 04:29:16,021 - INFO ********** MSE: 0.19467846487976198 **********
2024-07-04 04:29:16,021 - INFO ====================================================
2024-07-04 04:29:16,022 - INFO 

2024-07-04 04:29:16,022 - INFO Alguns exemplos de predições ...
2024-07-04 04:29:16,233 - INFO 
Melhores resultados ...


2024-07-04 04:29:16,240 - INFO 
     amostra  teor_cabono_real  teor_cabono_predict  teor_cabono_diff  error_carbono(%)  teor_nitrogenio_real  teor_nitrogenio_predict  teor_nitrogenio_diff  error_nitrogenio(%) grupo
3031      L7         -0.718894            -0.719250          0.000356          0.049514             -1.000000                -0.710727              0.289273            28.927296    L7
2679      L7         -0.718894            -0.719415          0.000521          0.072464             -1.000000                -0.664863              0.335137            33.513743    L7
2031      L7         -0.718894            -0.719673          0.000779          0.108390             -1.000000                -0.669285              0.330715            33.071458    L7
2244     C41         -0.562212            -0.561275          0.000937          0.166616             -0.388889                -0.444407              0.055518            14.276182   C41
836      C41         -0.562212            -0.560984          0.001228          0.218438             -0.388889                -0.412652              0.023763             6.110511   C41

2024-07-04 04:29:16,240 - INFO 
Piores resultados ...


2024-07-04 04:29:16,247 - INFO 
     amostra  teor_cabono_real  teor_cabono_predict  teor_cabono_diff  error_carbono(%)  teor_nitrogenio_real  teor_nitrogenio_predict  teor_nitrogenio_diff  error_nitrogenio(%) grupo
3463     C10         -0.041475            -0.757935          0.716460       1727.465039             -0.166667                -0.638837              0.472171           283.302367   C10
2110     C10         -0.041475            -0.771566          0.730091       1760.330286             -0.166667                -0.670932              0.504266           302.559412   C10
3750     C10         -0.041475            -0.774964          0.733490       1768.525400             -0.166667                -0.653723              0.487056           292.233801   C10
3699     C10         -0.041475            -0.778461          0.736986       1776.956205             -0.166667                -0.728639              0.561972           337.183440   C10
26       C10         -0.041475            -0.896138          0.854664       2060.689037             -0.166667                -0.784177              0.617510           370.505989   C10


2024-07-04 04:29:16,266 - INFO R2 [mean] conjunto de predição CARBONO:
2024-07-04 04:29:16,266 - INFO ====================================================
2024-07-04 04:29:16,267 - INFO ====>>>>> R2 [mean]: 0.5043723338276251 <<<<<====
2024-07-04 04:29:16,267 - INFO ====>>>>> MAE [mean]: 0.3399682494961609 <<<<<====
2024-07-04 04:29:16,267 - INFO ====>>>>> MSE [mean]: 0.17989270458495946 <<<<<====
2024-07-04 04:29:16,267 - INFO ====================================================
2024-07-04 04:29:16,267 - INFO 

2024-07-04 04:29:16,270 - INFO R2 [median] conjunto de predição CARBONO:
2024-07-04 04:29:16,270 - INFO ====================================================
2024-07-04 04:29:16,270 - INFO ====>>>>> R2 [median]: 0.5360283747658999 <<<<<====
2024-07-04 04:29:16,270 - INFO ====>>>>> MAE [median]: 0.3250078120397476 <<<<<====
2024-07-04 04:29:16,270 - INFO ====>>>>> MSE [median]: 0.16840284796574104 <<<<<====
2024-07-04 04:29:16,270 - INFO ====================================================
2024-07-04 04:29:16,270 - INFO 

2024-07-04 04:29:16,273 - INFO R2 [mean] conjunto de predição NITROGENIO:
2024-07-04 04:29:16,273 - INFO ====================================================
2024-07-04 04:29:16,273 - INFO ====>>>>> R2 [mean]: 0.5686323992054522 <<<<<====
2024-07-04 04:29:16,273 - INFO ====>>>>> MAE [mean]: 0.3187315110462131 <<<<<====
2024-07-04 04:29:16,273 - INFO ====>>>>> MSE [mean]: 0.1570372678704127 <<<<<====
2024-07-04 04:29:16,273 - INFO ====================================================
2024-07-04 04:29:16,273 - INFO 

2024-07-04 04:29:16,276 - INFO R2 [median] conjunto de predição NITROGENIO:
2024-07-04 04:29:16,276 - INFO ====================================================
2024-07-04 04:29:16,276 - INFO ====>>>>> R2 [median]: 0.5751265490027004 <<<<<====
2024-07-04 04:29:16,276 - INFO ====>>>>> MAE [median]: 0.3151630658518385 <<<<<====
2024-07-04 04:29:16,276 - INFO ====>>>>> MSE [median]: 0.15467310436016618 <<<<<====
2024-07-04 04:29:16,276 - INFO ====================================================
2024-07-04 04:29:16,277 - INFO 

2024-07-04 04:29:16,278 - INFO #######################
2024-07-04 04:29:16,278 - INFO Info parameters: 
2024-07-04 04:29:16,278 - INFO  -e (--epochs): 100
2024-07-04 04:29:16,278 - INFO  -G (--grid_search_trials): 0
2024-07-04 04:29:16,278 - INFO  -i (--amount_image_train): 8930
2024-07-04 04:29:16,278 - INFO  -I (--amount_image_test): 3843
2024-07-04 04:29:16,278 - INFO  -L (--log_level): 0
2024-07-04 04:29:16,278 - INFO  -m (--model): 11 - ConvNeXtXLarge
2024-07-04 04:29:16,278 - INFO  -M (--show_model): False
2024-07-04 04:29:16,278 - INFO  -n (--name): ConvNeXtXLarge_11_Normalize2_Epochs100_Patience10_Separed
2024-07-04 04:29:16,278 - INFO  -N (--normalize): NormalizeEnum.RobustScaler
2024-07-04 04:29:16,278 - INFO  -p (--preprocess): False
2024-07-04 04:29:16,278 - INFO  -P (--patience): 10
2024-07-04 04:29:16,279 - INFO  -S (--separed): False
2024-07-04 04:29:16,279 - INFO  -t (--trainable): False
2024-07-04 04:29:16,279 - INFO  -T (--Test): False
2024-07-04 04:29:16,279 - INFO #######################
