2024-07-02 12:40:57,808 - INFO Parâmetros:
2024-07-02 12:40:57,808 - INFO Namespace(epochs=100, grid_search_trials=0, amount_image_train=8930, amount_image_test=3843, log_level=0, model=40, show_model=False, name='DenseNet169_40_Normalize0_Epochs100_Patience10_Separed_Preprocess', normalize=0, preprocess=True, patience=10, separed=False, trainable=False, Test=False)
2024-07-02 12:41:49,370 - DEBUG Quantidade de GPU disponíveis: [PhysicalDevice(name='/physical_device:GPU:0', device_type='GPU'), PhysicalDevice(name='/physical_device:GPU:1', device_type='GPU')]
2024-07-02 12:41:53,758 - INFO Modelo: DenseNet169
2024-07-02 12:41:53,774 - INFO Embaralhamento de dados->random_state: 53
2024-07-02 12:41:53,784 - INFO Embaralhamento de dados->random_state: 82
2024-07-02 12:41:53,785 - INFO Informações básicas do Dataset com normalização NONE ...
2024-07-02 12:41:53,826 - DEBUG Load df_train: 8930
  amostra       arquivo  teor_carbono  teor_nitrogenio
0      C5   C5A-121.png          4.47             0.26
1      L6   L6A-150.png          0.33             0.05
2     C11  C11B-137.png          3.58             0.25
3     C34   C34A-41.png          1.05             0.08
4      L8   L8A-108.png          2.52             0.13
2024-07-02 12:41:53,830 - DEBUG Load df_test: 3843
  amostra       arquivo  teor_carbono  teor_nitrogenio
0     C16  C16B-108.png          1.60             0.12
1      C4    C4A-41.png          3.52             0.21
2      C9   C9B-152.png          3.30             0.22
3     C51  C51B-120.png          0.31             0.03
4     L40   L40A-37.png          2.85             0.25
2024-07-02 12:41:53,830 - INFO Iniciando o Treinamento...

2024-07-02 12:41:53,830 - INFO Separando Treino e Validação...

2024-07-02 12:41:53,889 - INFO Quantidade de Imagens para Treino e Validação: 7115, 1786

2024-07-02 12:41:53,890 - INFO Carregando imagens ...

2024-07-02 12:46:24,927 - DEBUG Limitando Dados:

2024-07-02 12:46:24,928 - DEBUG 
Train X: 7115
Validate X: 1786
Train Y: (7115, 2)
Validate Y: (1786, 2)
2024-07-02 12:46:24,945 - INFO DataFrame Info Treino:
       teor_carbono  teor_nitrogenio
count   7115.000000      7115.000000
mean       2.696204         0.207497
std        1.321019         0.109656
min        0.400000         0.040000
25%        1.510000         0.120000
50%        2.800000         0.220000
75%        3.760000         0.270000
max        6.610000         0.550000

2024-07-02 12:46:24,954 - INFO DataFrame Info Validate:
       teor_carbono  teor_nitrogenio
count   1786.000000      1786.000000
mean       2.952660         0.232464
std        1.690179         0.140799
min        0.330000         0.050000
25%        1.490000         0.100000
50%        3.120000         0.240000
75%        4.340000         0.370000
max        6.620000         0.560000

2024-07-02 12:46:24,954 - INFO Iniciando o treino
2024-07-02 12:46:24,954 - INFO Modelo Selecionado: DenseNet169
2024-07-02 12:46:34,447 - INFO Executando sem o GridSearch

2024-07-02 12:53:31,165 - INFO Modelo Salvo!!!
2024-07-02 12:53:31,262 - INFO Iniciando o Test...

2024-07-02 12:58:43,351 - DEBUG 
Test X: 3843
Test Y: (3843, 2)
2024-07-02 12:58:43,377 - INFO DataFrame Info:
       teor_carbono  teor_nitrogenio
count   3843.000000      3843.000000
mean       2.924817         0.229568
std        1.297112         0.108579
min        0.310000         0.030000
25%        1.780000         0.140000
50%        3.190000         0.240000
75%        4.160000         0.340000
max        4.950000         0.390000

2024-07-02 12:58:43,378 - INFO 
Iniciando predição completa para o R2...

2024-07-02 12:59:00,956 - INFO 
2024-07-02 12:59:00,956 - INFO ====================================================
2024-07-02 12:59:00,956 - INFO ********** R2 Modelo: 0.2084071193854487 **********
2024-07-02 12:59:00,957 - INFO ********** MAE [mean]: 0.5026100140190386 **********
2024-07-02 12:59:00,957 - INFO ********** MSE [mean]: 0.6485825023820229 **********
2024-07-02 12:59:00,957 - INFO ====================================================
2024-07-02 12:59:00,957 - INFO 

2024-07-02 12:59:00,957 - INFO Alguns exemplos de predições ...
2024-07-02 12:59:01,506 - INFO 
Melhores resultados ...


2024-07-02 12:59:01,514 - INFO 
     amostra  teor_cabono_real  teor_cabono_predict  teor_cabono_diff  error_carbono(%)  teor_nitrogenio_real  teor_nitrogenio_predict  teor_nitrogenio_diff  error_nitrogenio(%) grupo
601       C8              3.36             3.359892          0.000108          0.003203                  0.20                 0.193848              0.006152             3.076008    C8
2198     C37              1.09             1.090035          0.000035          0.003207                  0.09                 0.072576              0.017424            19.360479   C37
251      L40              2.85             2.850623          0.000623          0.021848                  0.25                 0.237671              0.012329             4.931736   L40
2750     C37              1.09             1.090521          0.000521          0.047763                  0.09                 0.088737              0.001263             1.403603   C37
3511     C41              1.78             1.781370          0.001370          0.076949                  0.15                 0.128042              0.021958            14.638519   C41

2024-07-02 12:59:01,514 - INFO 
Piores resultados ...


2024-07-02 12:59:01,521 - INFO 
     amostra  teor_cabono_real  teor_cabono_predict  teor_cabono_diff  error_carbono(%)  teor_nitrogenio_real  teor_nitrogenio_predict  teor_nitrogenio_diff  error_nitrogenio(%) grupo
3739     C51              0.31             3.799881          3.489881       1125.767905                  0.03                 0.305245              0.275245           917.482380   C51
790      C51              0.31             3.856281          3.546281       1143.961550                  0.03                 0.320503              0.290503           968.343620   C51
1590     C51              0.31             4.063748          3.753748       1210.886568                  0.03                 0.368275              0.338275          1127.584084   C51
2055     C51              0.31             4.116746          3.806746       1227.982718                  0.03                 0.337372              0.307372          1024.574542   C51
3613     C51              0.31             4.335110          4.025110       1298.422641                  0.03                 0.394657              0.364657          1215.523386   C51


2024-07-02 12:59:01,541 - INFO R2 [mean] conjunto de predição CARBONO:
2024-07-02 12:59:01,541 - INFO ====================================================
2024-07-02 12:59:01,541 - INFO ====>>>>> R2 [mean]: 0.36096063029944725 <<<<<====
2024-07-02 12:59:01,541 - INFO ====>>>>> MAE [mean]: 0.8695622195137872 <<<<<====
2024-07-02 12:59:01,541 - INFO ====>>>>> MSE [mean]: 1.0922073450952838 <<<<<====
2024-07-02 12:59:01,541 - INFO ====================================================
2024-07-02 12:59:01,542 - INFO 

2024-07-02 12:59:01,544 - INFO R2 [median] conjunto de predição CARBONO:
2024-07-02 12:59:01,544 - INFO ====================================================
2024-07-02 12:59:01,545 - INFO ====>>>>> R2 [median]: 0.35854308593014395 <<<<<====
2024-07-02 12:59:01,545 - INFO ====>>>>> MAE [median]: 0.8709588976259584 <<<<<====
2024-07-02 12:59:01,545 - INFO ====>>>>> MSE [median]: 1.096339265353161 <<<<<====
2024-07-02 12:59:01,545 - INFO ====================================================
2024-07-02 12:59:01,545 - INFO 

2024-07-02 12:59:01,547 - INFO R2 [mean] conjunto de predição NITROGENIO:
2024-07-02 12:59:01,548 - INFO ====================================================
2024-07-02 12:59:01,548 - INFO ====>>>>> R2 [mean]: 0.30758025196061045 <<<<<====
2024-07-02 12:59:01,548 - INFO ====>>>>> MAE [mean]: 0.07561983450695321 <<<<<====
2024-07-02 12:59:01,548 - INFO ====>>>>> MSE [mean]: 0.008167133670084356 <<<<<====
2024-07-02 12:59:01,548 - INFO ====================================================
2024-07-02 12:59:01,548 - INFO 

2024-07-02 12:59:01,551 - INFO R2 [median] conjunto de predição NITROGENIO:
2024-07-02 12:59:01,551 - INFO ====================================================
2024-07-02 12:59:01,551 - INFO ====>>>>> R2 [median]: 0.28449254040645366 <<<<<====
2024-07-02 12:59:01,551 - INFO ====>>>>> MAE [median]: 0.07697950337772017 <<<<<====
2024-07-02 12:59:01,551 - INFO ====>>>>> MSE [median]: 0.008439454653033016 <<<<<====
2024-07-02 12:59:01,551 - INFO ====================================================
2024-07-02 12:59:01,551 - INFO 

2024-07-02 12:59:01,552 - INFO #######################
2024-07-02 12:59:01,552 - INFO Info parameters: 
2024-07-02 12:59:01,553 - INFO  -e (--epochs): 100
2024-07-02 12:59:01,553 - INFO  -G (--grid_search_trials): 0
2024-07-02 12:59:01,553 - INFO  -i (--amount_image_train): 8930
2024-07-02 12:59:01,553 - INFO  -I (--amount_image_test): 3843
2024-07-02 12:59:01,553 - INFO  -L (--log_level): 0
2024-07-02 12:59:01,553 - INFO  -m (--model): 40 - DenseNet169
2024-07-02 12:59:01,553 - INFO  -M (--show_model): False
2024-07-02 12:59:01,553 - INFO  -n (--name): DenseNet169_40_Normalize0_Epochs100_Patience10_Separed_Preprocess
2024-07-02 12:59:01,553 - INFO  -N (--normalize): NormalizeEnum.NONE
2024-07-02 12:59:01,553 - INFO  -p (--preprocess): True
2024-07-02 12:59:01,553 - INFO  -P (--patience): 10
2024-07-02 12:59:01,553 - INFO  -S (--separed): False
2024-07-02 12:59:01,553 - INFO  -t (--trainable): False
2024-07-02 12:59:01,553 - INFO  -T (--Test): False
2024-07-02 12:59:01,553 - INFO #######################
