2024-07-02 16:47:04,075 - INFO Parâmetros:
2024-07-02 16:47:04,075 - INFO Namespace(epochs=100, grid_search_trials=0, amount_image_train=8930, amount_image_test=3843, log_level=0, model=10, show_model=False, name='ConvNeXtBase_10_Normalize2_Epochs100_Patience10_Separed_Preprocess', normalize=2, preprocess=True, patience=10, separed=False, trainable=False, Test=False)
2024-07-02 16:47:13,535 - DEBUG Quantidade de GPU disponíveis: [PhysicalDevice(name='/physical_device:GPU:0', device_type='GPU'), PhysicalDevice(name='/physical_device:GPU:1', device_type='GPU')]
2024-07-02 16:47:14,598 - INFO Modelo: ConvNeXtBase
2024-07-02 16:47:14,609 - INFO Embaralhamento de dados->random_state: 86
2024-07-02 16:47:14,615 - INFO Embaralhamento de dados->random_state: 72
2024-07-02 16:47:14,617 - INFO Informações básicas do Dataset com normalização RobustScaler ...
2024-07-02 16:47:14,628 - DEBUG Load df_train: 8930
  amostra       arquivo  teor_carbono  teor_nitrogenio
0     L34   L34A-86.png     -0.092166         0.000000
1     C33   C33A-72.png     -0.986175        -0.777778
2     L24  L24B-148.png      0.147465         0.222222
3     C48  C48A-108.png     -1.092166        -1.000000
4     L30   L30A-41.png      0.225806         0.277778
2024-07-02 16:47:14,631 - DEBUG Load df_test: 3843
  amostra       arquivo  teor_carbono  teor_nitrogenio
0     L40  L40A-139.png     -0.069124         0.166667
1      L5    L5A-72.png     -1.023041        -0.888889
2     L23  L23A-140.png      0.585253         0.722222
3     L20   L20A-69.png      0.129032         0.222222
4     L29  L29B-183.png      0.824885         0.944444
2024-07-02 16:47:14,631 - INFO Iniciando o Treinamento...

2024-07-02 16:47:14,631 - INFO Separando Treino e Validação...

2024-07-02 16:47:14,645 - INFO Quantidade de Imagens para Treino e Validação: 7115, 1786

2024-07-02 16:47:14,645 - INFO Carregando imagens ...

2024-07-02 16:47:42,737 - DEBUG Limitando Dados:

2024-07-02 16:47:42,737 - DEBUG 
Train X: 7115
Validate X: 1786
Train Y: (7115, 2)
Validate Y: (1786, 2)
2024-07-02 16:47:42,743 - INFO DataFrame Info Treino:
       teor_carbono  teor_nitrogenio
count   7115.000000      7115.000000
mean      -0.139998        -0.069462
std        0.608764         0.609202
min       -1.198157        -1.000000
25%       -0.686636        -0.555556
50%       -0.092166         0.000000
75%        0.350230         0.277778
max        1.663594         1.833333

2024-07-02 16:47:42,747 - INFO DataFrame Info Validate:
       teor_carbono  teor_nitrogenio
count   1786.000000      1786.000000
mean      -0.023619         0.067905
std        0.777992         0.781624
min       -1.230415        -0.944444
25%       -0.695853        -0.666667
50%        0.055300         0.111111
75%        0.617512         0.833333
max        1.668203         1.888889

2024-07-02 16:47:42,747 - INFO Iniciando o treino
2024-07-02 16:47:42,748 - INFO Modelo Selecionado: ConvNeXtBase
2024-07-02 16:47:48,540 - INFO Executando sem o GridSearch

2024-07-02 17:12:52,399 - INFO Modelo Salvo!!!
2024-07-02 17:12:52,415 - INFO Iniciando o Test...

2024-07-02 17:16:35,876 - DEBUG 
Test X: 3843
Test Y: (3843, 2)
2024-07-02 17:16:35,900 - INFO DataFrame Info:
       teor_carbono  teor_nitrogenio
count   3843.000000      3843.000000
mean      -0.034647         0.053156
std        0.597747         0.603219
min       -1.239631        -1.055556
25%       -0.562212        -0.444444
50%        0.087558         0.111111
75%        0.534562         0.666667
max        0.898618         0.944444

2024-07-02 17:16:35,901 - INFO 
Iniciando predição completa para o R2...

2024-07-02 17:17:15,704 - INFO 
2024-07-02 17:17:15,704 - INFO ====================================================
2024-07-02 17:17:15,705 - INFO ********** R2 Modelo: 0.46529353290131864 **********
2024-07-02 17:17:15,705 - INFO ********** MAE [mean]: 0.35482682917959774 **********
2024-07-02 17:17:15,705 - INFO ********** MSE [mean]: 0.19279674200422725 **********
2024-07-02 17:17:15,705 - INFO ====================================================
2024-07-02 17:17:15,705 - INFO 

2024-07-02 17:17:15,705 - INFO Alguns exemplos de predições ...
2024-07-02 17:17:15,914 - INFO 
Melhores resultados ...


2024-07-02 17:17:15,921 - INFO 
     amostra  teor_cabono_real  teor_cabono_predict  teor_cabono_diff  error_carbono(%)  teor_nitrogenio_real  teor_nitrogenio_predict  teor_nitrogenio_diff  error_nitrogenio(%) grupo
2710     C41         -0.562212            -0.561255          0.000957          0.170232             -0.388889                -0.490703              0.101814            26.180745   C41
3005     L33          0.534562             0.536032          0.001470          0.274978              0.833333                 0.507323              0.326010            39.121222   L33
2884     C39         -0.608295            -0.605942          0.002353          0.386835             -0.444444                -0.516803              0.072359            16.280694   C39
430      C23          0.138249             0.137707          0.000541          0.391649              0.277778                 0.238275              0.039503            14.221137   C23
2300      L2         -0.276498            -0.275114          0.001384          0.500383             -0.555556                -0.160467              0.395089            71.115994    L2

2024-07-02 17:17:15,921 - INFO 
Piores resultados ...


2024-07-02 17:17:15,928 - INFO 
     amostra  teor_cabono_real  teor_cabono_predict  teor_cabono_diff  error_carbono(%)  teor_nitrogenio_real  teor_nitrogenio_predict  teor_nitrogenio_diff  error_nitrogenio(%) grupo
1998     C10         -0.041475            -0.522956          0.481482       1160.905774             -0.166667                -0.441506              0.274840           164.903760   C10
743      C10         -0.041475            -0.523602          0.482128       1162.463627             -0.166667                -0.419999              0.253333           151.999563   C10
283      C10         -0.041475            -0.567025          0.525550       1267.160579             -0.166667                -0.452722              0.286056           171.633315   C10
172      C10         -0.041475            -0.572846          0.531371       1281.195488             -0.166667                -0.371359              0.204692           122.815466   C10
1373     C10         -0.041475            -0.626848          0.585373       1411.399417             -0.166667                -0.461224              0.294557           176.734108   C10


2024-07-02 17:17:15,931 - INFO R2 [mean] conjunto de predição CARBONO:
2024-07-02 17:17:15,931 - INFO ====================================================
2024-07-02 17:17:15,931 - INFO ====>>>>> R2 [mean]: 0.5433687389532033 <<<<<====
2024-07-02 17:17:15,931 - INFO ====>>>>> MAE [mean]: 0.3337178094829791 <<<<<====
2024-07-02 17:17:15,931 - INFO ====>>>>> MSE [mean]: 0.16573859401783222 <<<<<====
2024-07-02 17:17:15,932 - INFO ====================================================
2024-07-02 17:17:15,932 - INFO 

2024-07-02 17:17:15,935 - INFO R2 [median] conjunto de predição CARBONO:
2024-07-02 17:17:15,935 - INFO ====================================================
2024-07-02 17:17:15,935 - INFO ====>>>>> R2 [median]: 0.5527320222944477 <<<<<====
2024-07-02 17:17:15,935 - INFO ====>>>>> MAE [median]: 0.3362024360681138 <<<<<====
2024-07-02 17:17:15,935 - INFO ====>>>>> MSE [median]: 0.1623401026118542 <<<<<====
2024-07-02 17:17:15,935 - INFO ====================================================
2024-07-02 17:17:15,935 - INFO 

2024-07-02 17:17:15,938 - INFO R2 [mean] conjunto de predição NITROGENIO:
2024-07-02 17:17:15,938 - INFO ====================================================
2024-07-02 17:17:15,938 - INFO ====>>>>> R2 [mean]: 0.49772803239558705 <<<<<====
2024-07-02 17:17:15,938 - INFO ====>>>>> MAE [mean]: 0.3414557255007357 <<<<<====
2024-07-02 17:17:15,938 - INFO ====>>>>> MSE [mean]: 0.18284965624495358 <<<<<====
2024-07-02 17:17:15,938 - INFO ====================================================
2024-07-02 17:17:15,938 - INFO 

2024-07-02 17:17:15,941 - INFO R2 [median] conjunto de predição NITROGENIO:
2024-07-02 17:17:15,941 - INFO ====================================================
2024-07-02 17:17:15,941 - INFO ====>>>>> R2 [median]: 0.5135095990980885 <<<<<====
2024-07-02 17:17:15,942 - INFO ====>>>>> MAE [median]: 0.33806389779113083 <<<<<====
2024-07-02 17:17:15,942 - INFO ====>>>>> MSE [median]: 0.1771044539786947 <<<<<====
2024-07-02 17:17:15,942 - INFO ====================================================
2024-07-02 17:17:15,942 - INFO 

2024-07-02 17:17:15,943 - INFO #######################
2024-07-02 17:17:15,943 - INFO Info parameters: 
2024-07-02 17:17:15,943 - INFO  -e (--epochs): 100
2024-07-02 17:17:15,943 - INFO  -G (--grid_search_trials): 0
2024-07-02 17:17:15,943 - INFO  -i (--amount_image_train): 8930
2024-07-02 17:17:15,943 - INFO  -I (--amount_image_test): 3843
2024-07-02 17:17:15,943 - INFO  -L (--log_level): 0
2024-07-02 17:17:15,943 - INFO  -m (--model): 10 - ConvNeXtBase
2024-07-02 17:17:15,943 - INFO  -M (--show_model): False
2024-07-02 17:17:15,944 - INFO  -n (--name): ConvNeXtBase_10_Normalize2_Epochs100_Patience10_Separed_Preprocess
2024-07-02 17:17:15,944 - INFO  -N (--normalize): NormalizeEnum.RobustScaler
2024-07-02 17:17:15,944 - INFO  -p (--preprocess): True
2024-07-02 17:17:15,944 - INFO  -P (--patience): 10
2024-07-02 17:17:15,944 - INFO  -S (--separed): False
2024-07-02 17:17:15,944 - INFO  -t (--trainable): False
2024-07-02 17:17:15,944 - INFO  -T (--Test): False
2024-07-02 17:17:15,944 - INFO #######################
