2024-07-03 00:21:51,390 - INFO Parâmetros:
2024-07-03 00:21:51,390 - INFO Namespace(epochs=100, grid_search_trials=0, amount_image_train=8930, amount_image_test=3843, log_level=0, model=2, show_model=False, name='ResNet152_2_Normalize0_Epochs100_Patience10_Separed_Preprocess', normalize=0, preprocess=True, patience=10, separed=False, trainable=False, Test=False)
2024-07-03 00:21:58,401 - DEBUG Quantidade de GPU disponíveis: [PhysicalDevice(name='/physical_device:GPU:0', device_type='GPU'), PhysicalDevice(name='/physical_device:GPU:1', device_type='GPU')]
2024-07-03 00:21:59,479 - INFO Modelo: ResNet152
2024-07-03 00:21:59,491 - INFO Embaralhamento de dados->random_state: 87
2024-07-03 00:21:59,496 - INFO Embaralhamento de dados->random_state: 85
2024-07-03 00:21:59,498 - INFO Informações básicas do Dataset com normalização NONE ...
2024-07-03 00:21:59,506 - DEBUG Load df_train: 8930
  amostra       arquivo  teor_carbono  teor_nitrogenio
0     L21   L21A-87.png          4.28             0.35
1     C40   C40A-69.png          1.28             0.09
2     C35   C35B-69.png          0.82             0.08
3     L28  L28A-168.png          3.00             0.25
4      C2   C2A-123.png          3.30             0.20
2024-07-03 00:21:59,510 - DEBUG Load df_test: 3843
  amostra       arquivo  teor_carbono  teor_nitrogenio
0     C10  C10A-156.png          2.91             0.19
1     L29   L29A-24.png          4.79             0.39
2     L29   L29B-85.png          4.79             0.39
3     C51  C51A-137.png          0.31             0.03
4     C23   C23A-59.png          3.30             0.27
2024-07-03 00:21:59,510 - INFO Iniciando o Treinamento...

2024-07-03 00:21:59,510 - INFO Separando Treino e Validação...

2024-07-03 00:21:59,523 - INFO Quantidade de Imagens para Treino e Validação: 7115, 1786

2024-07-03 00:21:59,523 - INFO Carregando imagens ...

2024-07-03 00:22:29,179 - DEBUG Limitando Dados:

2024-07-03 00:22:29,179 - DEBUG 
Train X: 7115
Validate X: 1786
Train Y: (7115, 2)
Validate Y: (1786, 2)
2024-07-03 00:22:29,184 - INFO DataFrame Info Treino:
       teor_carbono  teor_nitrogenio
count   7115.000000      7115.000000
mean       2.696204         0.207497
std        1.321019         0.109656
min        0.400000         0.040000
25%        1.510000         0.120000
50%        2.800000         0.220000
75%        3.760000         0.270000
max        6.610000         0.550000

2024-07-03 00:22:29,189 - INFO DataFrame Info Validate:
       teor_carbono  teor_nitrogenio
count   1786.000000      1786.000000
mean       2.944860         0.231842
std        1.685543         0.140382
min        0.330000         0.050000
25%        1.490000         0.100000
50%        3.120000         0.240000
75%        4.340000         0.370000
max        6.620000         0.560000

2024-07-03 00:22:29,189 - INFO Iniciando o treino
2024-07-03 00:22:29,189 - INFO Modelo Selecionado: ResNet152
2024-07-03 00:22:40,262 - INFO Executando sem o GridSearch

2024-07-03 00:29:56,376 - INFO Modelo Salvo!!!
2024-07-03 00:29:56,402 - INFO Iniciando o Test...

2024-07-03 00:33:36,416 - DEBUG 
Test X: 3843
Test Y: (3843, 2)
2024-07-03 00:33:36,440 - INFO DataFrame Info:
       teor_carbono  teor_nitrogenio
count   3843.000000      3843.000000
mean       2.924817         0.229568
std        1.297112         0.108579
min        0.310000         0.030000
25%        1.780000         0.140000
50%        3.190000         0.240000
75%        4.160000         0.340000
max        4.950000         0.390000

2024-07-03 00:33:36,440 - INFO 
Iniciando predição completa para o R2...

2024-07-03 00:33:59,220 - INFO 
2024-07-03 00:33:59,220 - INFO ====================================================
2024-07-03 00:33:59,220 - INFO ********** R2 Modelo: -0.4919498645403037 **********
2024-07-03 00:33:59,220 - INFO ********** MAE: 0.5467091785601713 **********
2024-07-03 00:33:59,220 - INFO ********** MSE: 0.7201939768844563 **********
2024-07-03 00:33:59,220 - INFO ====================================================
2024-07-03 00:33:59,220 - INFO 

2024-07-03 00:33:59,220 - INFO Alguns exemplos de predições ...
2024-07-03 00:33:59,424 - INFO 
Melhores resultados ...


2024-07-03 00:33:59,432 - INFO 
     amostra  teor_cabono_real  teor_cabono_predict  teor_cabono_diff  error_carbono(%)  teor_nitrogenio_real  teor_nitrogenio_predict  teor_nitrogenio_diff  error_nitrogenio(%) grupo
2574     L40              2.85             2.850096          0.000096          0.003351                  0.25                 0.135616              0.114384            45.753783   L40
479       L2              2.40             2.400161          0.000161          0.006709                  0.12                 0.075456              0.044544            37.119645    L2
474      L40              2.85             2.849728          0.000272          0.009557                  0.25                 0.333814              0.083814            33.525658   L40
3019      C8              3.36             3.359171          0.000829          0.024661                  0.20                 0.269769              0.069769            34.884566    C8
2105     L26              2.92             2.918686          0.001314          0.045011                  0.24                 0.212723              0.027277            11.365571   L26

2024-07-03 00:33:59,432 - INFO 
Piores resultados ...


2024-07-03 00:33:59,439 - INFO 
     amostra  teor_cabono_real  teor_cabono_predict  teor_cabono_diff  error_carbono(%)  teor_nitrogenio_real  teor_nitrogenio_predict  teor_nitrogenio_diff  error_nitrogenio(%) grupo
1198     C51              0.31             3.179541          2.869541        925.658346                  0.03                -0.110370              0.140370           467.900829   C51
363      C51              0.31             3.207706          2.897706        934.743863                  0.03                -0.072132              0.102132           340.440865   C51
3487     C51              0.31             3.238848          2.928848        944.789668                  0.03                -0.033819              0.063819           212.728973   C51
2467     C51              0.31             3.247628          2.937628        947.622081                  0.03                 0.125384              0.095384           317.945335   C51
1330     C51              0.31             3.293998          2.983998        962.579924                  0.03                 0.215664              0.185664           618.881090   C51


2024-07-03 00:33:59,442 - INFO R2 [mean] conjunto de predição CARBONO:
2024-07-03 00:33:59,442 - INFO ====================================================
2024-07-03 00:33:59,442 - INFO ====>>>>> R2 [mean]: 0.2635281154825496 <<<<<====
2024-07-03 00:33:59,443 - INFO ====>>>>> MAE [mean]: 0.9012119187249077 <<<<<====
2024-07-03 00:33:59,443 - INFO ====>>>>> MSE [mean]: 1.2587330919893858 <<<<<====
2024-07-03 00:33:59,443 - INFO ====================================================
2024-07-03 00:33:59,443 - INFO 

2024-07-03 00:33:59,446 - INFO R2 [median] conjunto de predição CARBONO:
2024-07-03 00:33:59,446 - INFO ====================================================
2024-07-03 00:33:59,446 - INFO ====>>>>> R2 [median]: 0.24167851523568573 <<<<<====
2024-07-03 00:33:59,446 - INFO ====>>>>> MAE [median]: 0.9088235289962202 <<<<<====
2024-07-03 00:33:59,446 - INFO ====>>>>> MSE [median]: 1.2960771039681829 <<<<<====
2024-07-03 00:33:59,446 - INFO ====================================================
2024-07-03 00:33:59,446 - INFO 

2024-07-03 00:33:59,449 - INFO R2 [mean] conjunto de predição NITROGENIO:
2024-07-03 00:33:59,449 - INFO ====================================================
2024-07-03 00:33:59,449 - INFO ====>>>>> R2 [mean]: -0.6618504983244633 <<<<<====
2024-07-03 00:33:59,449 - INFO ====>>>>> MAE [mean]: 0.11789197352197435 <<<<<====
2024-07-03 00:33:59,449 - INFO ====>>>>> MSE [mean]: 0.01960162921110114 <<<<<====
2024-07-03 00:33:59,449 - INFO ====================================================
2024-07-03 00:33:59,449 - INFO 

2024-07-03 00:33:59,452 - INFO R2 [median] conjunto de predição NITROGENIO:
2024-07-03 00:33:59,452 - INFO ====================================================
2024-07-03 00:33:59,452 - INFO ====>>>>> R2 [median]: -0.8221483186285654 <<<<<====
2024-07-03 00:33:59,452 - INFO ====>>>>> MAE [median]: 0.12426358193986946 <<<<<====
2024-07-03 00:33:59,452 - INFO ====>>>>> MSE [median]: 0.021492351896515202 <<<<<====
2024-07-03 00:33:59,452 - INFO ====================================================
2024-07-03 00:33:59,453 - INFO 

2024-07-03 00:33:59,454 - INFO #######################
2024-07-03 00:33:59,454 - INFO Info parameters: 
2024-07-03 00:33:59,454 - INFO  -e (--epochs): 100
2024-07-03 00:33:59,454 - INFO  -G (--grid_search_trials): 0
2024-07-03 00:33:59,454 - INFO  -i (--amount_image_train): 8930
2024-07-03 00:33:59,454 - INFO  -I (--amount_image_test): 3843
2024-07-03 00:33:59,454 - INFO  -L (--log_level): 0
2024-07-03 00:33:59,454 - INFO  -m (--model): 2 - ResNet152
2024-07-03 00:33:59,454 - INFO  -M (--show_model): False
2024-07-03 00:33:59,454 - INFO  -n (--name): ResNet152_2_Normalize0_Epochs100_Patience10_Separed_Preprocess
2024-07-03 00:33:59,454 - INFO  -N (--normalize): NormalizeEnum.NONE
2024-07-03 00:33:59,454 - INFO  -p (--preprocess): True
2024-07-03 00:33:59,454 - INFO  -P (--patience): 10
2024-07-03 00:33:59,454 - INFO  -S (--separed): False
2024-07-03 00:33:59,454 - INFO  -t (--trainable): False
2024-07-03 00:33:59,455 - INFO  -T (--Test): False
2024-07-03 00:33:59,455 - INFO #######################
