2024-07-04 02:35:19,747 - INFO Parâmetros:
2024-07-04 02:35:19,747 - INFO Namespace(epochs=100, grid_search_trials=0, amount_image_train=8930, amount_image_test=3843, log_level=0, model=11, show_model=False, name='ConvNeXtXLarge_11_Normalize1_Epochs100_Patience10_Separed', normalize=1, preprocess=False, patience=10, separed=False, trainable=False, Test=False)
2024-07-04 02:35:31,454 - DEBUG Quantidade de GPU disponíveis: [PhysicalDevice(name='/physical_device:GPU:0', device_type='GPU'), PhysicalDevice(name='/physical_device:GPU:1', device_type='GPU')]
2024-07-04 02:35:35,300 - INFO Modelo: ConvNeXtXLarge
2024-07-04 02:35:35,317 - INFO Embaralhamento de dados->random_state: 75
2024-07-04 02:35:35,327 - INFO Embaralhamento de dados->random_state: 4
2024-07-04 02:35:35,329 - INFO Informações básicas do Dataset com normalização MinMaxScaler ...
2024-07-04 02:35:35,339 - DEBUG Load df_train: 8930
  amostra       arquivo  teor_carbono  teor_nitrogenio
0     C14   C14A-72.png      0.182250         0.150943
1     L13  L13B-108.png      1.000000         1.000000
2     C34   C34A-74.png      0.117274         0.094340
3     C28  C28A-106.png      0.187005         0.245283
4      C7   C7A-108.png      0.660856         0.452830
2024-07-04 02:35:35,343 - DEBUG Load df_test: 3843
  amostra       arquivo  teor_carbono  teor_nitrogenio
0     L12  L12B-136.png      0.052298         0.094340
1     C51   C51B-76.png      0.000000         0.000000
2     C23  C23A-153.png      0.473851         0.452830
3     L12   L12A-88.png      0.052298         0.094340
4     L37   L37A-69.png      0.664025         0.622642
2024-07-04 02:35:35,343 - INFO Iniciando o Treinamento...

2024-07-04 02:35:35,343 - INFO Separando Treino e Validação...

2024-07-04 02:35:35,359 - INFO Quantidade de Imagens para Treino e Validação: 7115, 1786

2024-07-04 02:35:35,359 - INFO Carregando imagens ...

2024-07-04 02:36:21,144 - DEBUG Limitando Dados:

2024-07-04 02:36:21,145 - DEBUG 
Train X: 7115
Validate X: 1786
Train Y: (7115, 2)
Validate Y: (1786, 2)
2024-07-04 02:36:21,152 - INFO DataFrame Info Treino:
       teor_carbono  teor_nitrogenio
count   7115.000000      7115.000000
mean       0.378162         0.334900
std        0.209353         0.206899
min        0.014263         0.018868
25%        0.190174         0.169811
50%        0.394612         0.358491
75%        0.546751         0.452830
max        0.998415         0.981132

2024-07-04 02:36:21,158 - INFO DataFrame Info Validate:
       teor_carbono  teor_nitrogenio
count   1786.000000      1786.000000
mean       0.418439         0.381743
std        0.267544         0.265303
min        0.003170         0.037736
25%        0.187005         0.132075
50%        0.445325         0.396226
75%        0.638669         0.641509
max        1.000000         1.000000

2024-07-04 02:36:21,158 - INFO Iniciando o treino
2024-07-04 02:36:21,158 - INFO Modelo Selecionado: ConvNeXtXLarge
2024-07-04 02:36:33,772 - INFO Executando sem o GridSearch

2024-07-04 02:36:35,988 - DEBUG 
Usando batch_size=32

2024-07-04 03:45:31,998 - INFO Modelo Salvo!!!
2024-07-04 03:45:32,017 - INFO Iniciando o Test...

2024-07-04 03:49:22,451 - DEBUG 
Test X: 3843
Test Y: (3843, 2)
2024-07-04 03:49:22,475 - INFO DataFrame Info:
       teor_carbono  teor_nitrogenio
count   3843.000000      3843.000000
mean       0.414392         0.376543
std        0.205564         0.204867
min        0.000000         0.000000
25%        0.232964         0.207547
50%        0.456418         0.396226
75%        0.610143         0.584906
max        0.735341         0.679245

2024-07-04 03:49:22,476 - INFO 
Iniciando predição completa para o R2...

2024-07-04 03:50:41,093 - INFO 
2024-07-04 03:50:41,094 - INFO ====================================================
2024-07-04 03:50:41,094 - INFO ********** R2 Modelo: 0.17589310104067724 **********
2024-07-04 03:50:41,094 - INFO ********** MAE: 0.1539293208660648 **********
2024-07-04 03:50:41,094 - INFO ********** MSE: 0.03469872203173166 **********
2024-07-04 03:50:41,094 - INFO ====================================================
2024-07-04 03:50:41,095 - INFO 

2024-07-04 03:50:41,095 - INFO Alguns exemplos de predições ...
2024-07-04 03:50:41,341 - INFO 
Melhores resultados ...


2024-07-04 03:50:41,348 - INFO 
     amostra  teor_cabono_real  teor_cabono_predict  teor_cabono_diff  error_carbono(%)  teor_nitrogenio_real  teor_nitrogenio_predict  teor_nitrogenio_diff  error_nitrogenio(%) grupo
1829      L7          0.179081             0.179117          0.000036          0.020297              0.018868                 0.128174              0.109306           579.321763    L7
3579     C39          0.217116             0.217011          0.000105          0.048319              0.207547                 0.171347              0.036200            17.441696   C39
3233      L7          0.179081             0.178985          0.000096          0.053351              0.018868                 0.133760              0.114892           608.928186    L7
1005     L26          0.413629             0.413898          0.000269          0.064957              0.396226                 0.359657              0.036569             9.229374   L26
1458     C16          0.204437             0.204149          0.000288          0.141008              0.169811                 0.181006              0.011194             6.592273   C16

2024-07-04 03:50:41,348 - INFO 
Piores resultados ...


2024-07-04 03:50:41,355 - INFO 
     amostra  teor_cabono_real  teor_cabono_predict  teor_cabono_diff  error_carbono(%)  teor_nitrogenio_real  teor_nitrogenio_predict  teor_nitrogenio_diff  error_nitrogenio(%) grupo
3433     C51               0.0             0.385445          0.385445               inf                   0.0                 0.331089              0.331089                  inf   C51
1191     C51               0.0             0.391378          0.391378               inf                   0.0                 0.334365              0.334365                  inf   C51
1184     C51               0.0             0.270977          0.270977               inf                   0.0                 0.217033              0.217033                  inf   C51
1727     C51               0.0             0.401603          0.401603               inf                   0.0                 0.346051              0.346051                  inf   C51
1459     C51               0.0             0.284682          0.284682               inf                   0.0                 0.259868              0.259868                  inf   C51


2024-07-04 03:50:41,375 - INFO R2 [mean] conjunto de predição CARBONO:
2024-07-04 03:50:41,375 - INFO ====================================================
2024-07-04 03:50:41,375 - INFO ====>>>>> R2 [mean]: 0.22521405739801093 <<<<<====
2024-07-04 03:50:41,376 - INFO ====>>>>> MAE [mean]: 0.15138859885056027 <<<<<====
2024-07-04 03:50:41,376 - INFO ====>>>>> MSE [mean]: 0.03325833411729854 <<<<<====
2024-07-04 03:50:41,376 - INFO ====================================================
2024-07-04 03:50:41,376 - INFO 

2024-07-04 03:50:41,379 - INFO R2 [median] conjunto de predição CARBONO:
2024-07-04 03:50:41,379 - INFO ====================================================
2024-07-04 03:50:41,379 - INFO ====>>>>> R2 [median]: 0.215674596162991 <<<<<====
2024-07-04 03:50:41,379 - INFO ====>>>>> MAE [median]: 0.15142534401027458 <<<<<====
2024-07-04 03:50:41,379 - INFO ====>>>>> MSE [median]: 0.033667823463462754 <<<<<====
2024-07-04 03:50:41,379 - INFO ====================================================
2024-07-04 03:50:41,380 - INFO 

2024-07-04 03:50:41,382 - INFO R2 [mean] conjunto de predição NITROGENIO:
2024-07-04 03:50:41,382 - INFO ====================================================
2024-07-04 03:50:41,383 - INFO ====>>>>> R2 [mean]: 0.2625343633153303 <<<<<====
2024-07-04 03:50:41,383 - INFO ====>>>>> MAE [mean]: 0.1471293318175836 <<<<<====
2024-07-04 03:50:41,383 - INFO ====>>>>> MSE [mean]: 0.030966367772395316 <<<<<====
2024-07-04 03:50:41,383 - INFO ====================================================
2024-07-04 03:50:41,383 - INFO 

2024-07-04 03:50:41,386 - INFO R2 [median] conjunto de predição NITROGENIO:
2024-07-04 03:50:41,386 - INFO ====================================================
2024-07-04 03:50:41,386 - INFO ====>>>>> R2 [median]: 0.25716973777744345 <<<<<====
2024-07-04 03:50:41,386 - INFO ====>>>>> MAE [median]: 0.1471107577961029 <<<<<====
2024-07-04 03:50:41,386 - INFO ====>>>>> MSE [median]: 0.031191629749501404 <<<<<====
2024-07-04 03:50:41,386 - INFO ====================================================
2024-07-04 03:50:41,386 - INFO 

2024-07-04 03:50:41,387 - INFO #######################
2024-07-04 03:50:41,387 - INFO Info parameters: 
2024-07-04 03:50:41,387 - INFO  -e (--epochs): 100
2024-07-04 03:50:41,387 - INFO  -G (--grid_search_trials): 0
2024-07-04 03:50:41,388 - INFO  -i (--amount_image_train): 8930
2024-07-04 03:50:41,388 - INFO  -I (--amount_image_test): 3843
2024-07-04 03:50:41,388 - INFO  -L (--log_level): 0
2024-07-04 03:50:41,388 - INFO  -m (--model): 11 - ConvNeXtXLarge
2024-07-04 03:50:41,388 - INFO  -M (--show_model): False
2024-07-04 03:50:41,388 - INFO  -n (--name): ConvNeXtXLarge_11_Normalize1_Epochs100_Patience10_Separed
2024-07-04 03:50:41,388 - INFO  -N (--normalize): NormalizeEnum.MinMaxScaler
2024-07-04 03:50:41,388 - INFO  -p (--preprocess): False
2024-07-04 03:50:41,388 - INFO  -P (--patience): 10
2024-07-04 03:50:41,388 - INFO  -S (--separed): False
2024-07-04 03:50:41,388 - INFO  -t (--trainable): False
2024-07-04 03:50:41,388 - INFO  -T (--Test): False
2024-07-04 03:50:41,388 - INFO #######################
