2024-07-02 12:59:05,989 - INFO Parâmetros:
2024-07-02 12:59:05,990 - INFO Namespace(epochs=100, grid_search_trials=0, amount_image_train=8930, amount_image_test=3843, log_level=0, model=40, show_model=False, name='DenseNet169_40_Normalize1_Epochs100_Patience10_Separed_Preprocess', normalize=1, preprocess=True, patience=10, separed=False, trainable=False, Test=False)
2024-07-02 12:59:18,651 - DEBUG Quantidade de GPU disponíveis: [PhysicalDevice(name='/physical_device:GPU:0', device_type='GPU'), PhysicalDevice(name='/physical_device:GPU:1', device_type='GPU')]
2024-07-02 12:59:22,525 - INFO Modelo: DenseNet169
2024-07-02 12:59:22,542 - INFO Embaralhamento de dados->random_state: 26
2024-07-02 12:59:22,551 - INFO Embaralhamento de dados->random_state: 61
2024-07-02 12:59:22,553 - INFO Informações básicas do Dataset com normalização MinMaxScaler ...
2024-07-02 12:59:22,563 - DEBUG Load df_train: 8930
  amostra       arquivo  teor_carbono  teor_nitrogenio
0     C21   C21B-73.png      0.282092         0.264151
1     C45   C45B-76.png      0.239303         0.358491
2      C7    C7A-85.png      0.660856         0.452830
3     C34   C34B-59.png      0.117274         0.094340
4     L36  L36B-100.png      0.443740         0.415094
2024-07-02 12:59:22,566 - DEBUG Load df_test: 3843
  amostra       arquivo  teor_carbono  teor_nitrogenio
0     C12   C12B-87.png      0.456418         0.339623
1      L2   L2A-117.png      0.331220         0.169811
2     C16   C16A-74.png      0.204437         0.169811
3     L26  L26B-186.png      0.413629         0.396226
4     L29   L29B-60.png      0.709984         0.679245
2024-07-02 12:59:22,566 - INFO Iniciando o Treinamento...

2024-07-02 12:59:22,567 - INFO Separando Treino e Validação...

2024-07-02 12:59:22,580 - INFO Quantidade de Imagens para Treino e Validação: 7115, 1786

2024-07-02 12:59:22,580 - INFO Carregando imagens ...

2024-07-02 13:00:14,922 - DEBUG Limitando Dados:

2024-07-02 13:00:14,922 - DEBUG 
Train X: 7115
Validate X: 1786
Train Y: (7115, 2)
Validate Y: (1786, 2)
2024-07-02 13:00:14,928 - INFO DataFrame Info Treino:
       teor_carbono  teor_nitrogenio
count   7115.000000      7115.000000
mean       0.378162         0.334900
std        0.209353         0.206899
min        0.014263         0.018868
25%        0.190174         0.169811
50%        0.394612         0.358491
75%        0.546751         0.452830
max        0.998415         0.981132

2024-07-02 13:00:14,932 - INFO DataFrame Info Validate:
       teor_carbono  teor_nitrogenio
count   1786.000000      1786.000000
mean       0.417465         0.380422
std        0.266216         0.263836
min        0.003170         0.037736
25%        0.187005         0.132075
50%        0.445325         0.396226
75%        0.638669         0.641509
max        1.000000         1.000000

2024-07-02 13:00:14,933 - INFO Iniciando o treino
2024-07-02 13:00:14,933 - INFO Modelo Selecionado: DenseNet169
2024-07-02 13:00:23,828 - INFO Executando sem o GridSearch

2024-07-02 13:18:57,425 - INFO Modelo Salvo!!!
2024-07-02 13:18:57,440 - INFO Iniciando o Test...

2024-07-02 13:22:44,202 - DEBUG 
Test X: 3843
Test Y: (3843, 2)
2024-07-02 13:22:44,227 - INFO DataFrame Info:
       teor_carbono  teor_nitrogenio
count   3843.000000      3843.000000
mean       0.414392         0.376543
std        0.205564         0.204867
min        0.000000         0.000000
25%        0.232964         0.207547
50%        0.456418         0.396226
75%        0.610143         0.584906
max        0.735341         0.679245

2024-07-02 13:22:44,227 - INFO 
Iniciando predição completa para o R2...

2024-07-02 13:23:02,280 - INFO 
2024-07-02 13:23:02,281 - INFO ====================================================
2024-07-02 13:23:02,281 - INFO ********** R2 Modelo: 0.28563615049302876 **********
2024-07-02 13:23:02,281 - INFO ********** MAE [mean]: 0.13579401132014948 **********
2024-07-02 13:23:02,281 - INFO ********** MSE [mean]: 0.03007127382769907 **********
2024-07-02 13:23:02,281 - INFO ====================================================
2024-07-02 13:23:02,281 - INFO 

2024-07-02 13:23:02,281 - INFO Alguns exemplos de predições ...
2024-07-02 13:23:02,483 - INFO 
Melhores resultados ...


2024-07-02 13:23:02,490 - INFO 
     amostra  teor_cabono_real  teor_cabono_predict  teor_cabono_diff  error_carbono(%)  teor_nitrogenio_real  teor_nitrogenio_predict  teor_nitrogenio_diff  error_nitrogenio(%) grupo
1132     C39          0.217116             0.217076          0.000040          0.018340              0.207547                 0.173817              0.033730            16.251805   C39
1549     L40          0.402536             0.402233          0.000303          0.075150              0.415094                 0.319606              0.095488            23.003921   L40
1572     C16          0.204437             0.204274          0.000163          0.079789              0.169811                 0.162561              0.007250             4.269458   C16
1136     C16          0.204437             0.204242          0.000195          0.095468              0.169811                 0.159534              0.010277             6.052055   C16
3100      L7          0.179081             0.179253          0.000172          0.096217              0.018868                 0.134629              0.115761           613.531864    L7

2024-07-02 13:23:02,490 - INFO 
Piores resultados ...


2024-07-02 13:23:02,497 - INFO 
     amostra  teor_cabono_real  teor_cabono_predict  teor_cabono_diff  error_carbono(%)  teor_nitrogenio_real  teor_nitrogenio_predict  teor_nitrogenio_diff  error_nitrogenio(%) grupo
2468     C51               0.0             0.482734          0.482734               inf                   0.0                 0.427579              0.427579                  inf   C51
3739     C51               0.0             0.261505          0.261505               inf                   0.0                 0.235302              0.235302                  inf   C51
1844     C51               0.0             0.331469          0.331469               inf                   0.0                 0.234131              0.234131                  inf   C51
1119     C51               0.0             0.292796          0.292796               inf                   0.0                 0.234101              0.234101                  inf   C51
1494     C51               0.0             0.382162          0.382162               inf                   0.0                 0.319046              0.319046                  inf   C51


2024-07-02 13:23:02,501 - INFO R2 [mean] conjunto de predição CARBONO:
2024-07-02 13:23:02,501 - INFO ====================================================
2024-07-02 13:23:02,501 - INFO ====>>>>> R2 [mean]: 0.4276860166054215 <<<<<====
2024-07-02 13:23:02,501 - INFO ====>>>>> MAE [mean]: 0.12182095292106145 <<<<<====
2024-07-02 13:23:02,501 - INFO ====>>>>> MSE [mean]: 0.02456705605139883 <<<<<====
2024-07-02 13:23:02,501 - INFO ====================================================
2024-07-02 13:23:02,501 - INFO 

2024-07-02 13:23:02,504 - INFO R2 [median] conjunto de predição CARBONO:
2024-07-02 13:23:02,504 - INFO ====================================================
2024-07-02 13:23:02,504 - INFO ====>>>>> R2 [median]: 0.4594001061555668 <<<<<====
2024-07-02 13:23:02,504 - INFO ====>>>>> MAE [median]: 0.11755064179946002 <<<<<====
2024-07-02 13:23:02,504 - INFO ====>>>>> MSE [median]: 0.023205702252254733 <<<<<====
2024-07-02 13:23:02,505 - INFO ====================================================
2024-07-02 13:23:02,505 - INFO 

2024-07-02 13:23:02,507 - INFO R2 [mean] conjunto de predição NITROGENIO:
2024-07-02 13:23:02,507 - INFO ====================================================
2024-07-02 13:23:02,507 - INFO ====>>>>> R2 [mean]: 0.34307935983589 <<<<<====
2024-07-02 13:23:02,508 - INFO ====>>>>> MAE [mean]: 0.13217572440932798 <<<<<====
2024-07-02 13:23:02,508 - INFO ====>>>>> MSE [mean]: 0.02758426308790487 <<<<<====
2024-07-02 13:23:02,508 - INFO ====================================================
2024-07-02 13:23:02,508 - INFO 

2024-07-02 13:23:02,511 - INFO R2 [median] conjunto de predição NITROGENIO:
2024-07-02 13:23:02,511 - INFO ====================================================
2024-07-02 13:23:02,511 - INFO ====>>>>> R2 [median]: 0.37837221172743296 <<<<<====
2024-07-02 13:23:02,511 - INFO ====>>>>> MAE [median]: 0.12679637585337722 <<<<<====
2024-07-02 13:23:02,511 - INFO ====>>>>> MSE [median]: 0.026102307350518418 <<<<<====
2024-07-02 13:23:02,511 - INFO ====================================================
2024-07-02 13:23:02,511 - INFO 

2024-07-02 13:23:02,512 - INFO #######################
2024-07-02 13:23:02,512 - INFO Info parameters: 
2024-07-02 13:23:02,512 - INFO  -e (--epochs): 100
2024-07-02 13:23:02,512 - INFO  -G (--grid_search_trials): 0
2024-07-02 13:23:02,512 - INFO  -i (--amount_image_train): 8930
2024-07-02 13:23:02,513 - INFO  -I (--amount_image_test): 3843
2024-07-02 13:23:02,513 - INFO  -L (--log_level): 0
2024-07-02 13:23:02,513 - INFO  -m (--model): 40 - DenseNet169
2024-07-02 13:23:02,513 - INFO  -M (--show_model): False
2024-07-02 13:23:02,513 - INFO  -n (--name): DenseNet169_40_Normalize1_Epochs100_Patience10_Separed_Preprocess
2024-07-02 13:23:02,513 - INFO  -N (--normalize): NormalizeEnum.MinMaxScaler
2024-07-02 13:23:02,513 - INFO  -p (--preprocess): True
2024-07-02 13:23:02,513 - INFO  -P (--patience): 10
2024-07-02 13:23:02,513 - INFO  -S (--separed): False
2024-07-02 13:23:02,513 - INFO  -t (--trainable): False
2024-07-02 13:23:02,513 - INFO  -T (--Test): False
2024-07-02 13:23:02,513 - INFO #######################
