2024-07-02 00:41:59,767 - INFO Parâmetros:
2024-07-02 00:41:59,767 - INFO Namespace(epochs=100, grid_search_trials=0, amount_image_train=8930, amount_image_test=3843, log_level=0, model=0, show_model=False, name='ResNet50_Normalize3_Epochs100_Patience10_Separed_Preprocess', normalize=3, preprocess=True, patience=10, separed=False, trainable=False, Test=False)
2024-07-02 00:42:07,109 - DEBUG Quantidade de GPU disponíveis: [PhysicalDevice(name='/physical_device:GPU:0', device_type='GPU'), PhysicalDevice(name='/physical_device:GPU:1', device_type='GPU')]
2024-07-02 00:42:07,904 - INFO Modelo: ResNet50
2024-07-02 00:42:07,913 - INFO Embaralhamento de dados->random_state: 92
2024-07-02 00:42:07,918 - INFO Embaralhamento de dados->random_state: 37
2024-07-02 00:42:07,919 - INFO Informações básicas do Dataset com normalização StandardScaler ...
2024-07-02 00:42:07,928 - DEBUG Load df_train: 8930
  amostra      arquivo  teor_carbono  teor_nitrogenio
0     L19  L19A-87.png      1.299236         1.501327
1      L6  L6B-151.png     -1.794304        -1.460354
2     C33  C33A-92.png     -1.409427        -1.199029
3     L35  L35A-68.png      0.681980         0.717352
4     L38  L38B-68.png      0.442339         0.456028
2024-07-02 00:42:07,931 - DEBUG Load df_test: 3843
  amostra       arquivo  teor_carbono  teor_nitrogenio
0     L29  L29B-154.png      1.444472         1.501327
1     L40  L40A-108.png      0.035677         0.281811
2     L29  L29A-152.png      1.444472         1.501327
3     C37   C37A-85.png     -1.242405        -1.111921
4     C37  C37B-170.png     -1.242405        -1.111921
2024-07-02 00:42:07,932 - INFO Iniciando o Treinamento...

2024-07-02 00:42:07,932 - INFO Separando Treino e Validação...

2024-07-02 00:42:07,942 - INFO Quantidade de Imagens para Treino e Validação: 7115, 1786

2024-07-02 00:42:07,942 - INFO Carregando imagens ...

2024-07-02 00:42:32,980 - DEBUG Limitando Dados:

2024-07-02 00:42:32,980 - DEBUG 
Train X: 7115
Validate X: 1786
Train Y: (7115, 2)
Validate Y: (1786, 2)
2024-07-02 00:42:32,985 - INFO DataFrame Info Treino:
       teor_carbono  teor_nitrogenio
count   7115.000000      7115.000000
mean      -0.076007        -0.088426
std        0.959302         0.955197
min       -1.743472        -1.547462
25%       -0.937408        -0.850596
50%       -0.000632         0.020486
75%        0.696504         0.456028
max        2.766125         2.895059

2024-07-02 00:42:32,989 - INFO DataFrame Info Validate:
       teor_carbono  teor_nitrogenio
count   1786.000000      1786.000000
mean       0.105112         0.123836
std        1.224613         1.223637
min       -1.794304        -1.460354
25%       -0.951932        -1.024813
50%        0.231746         0.194703
75%        1.117690         1.327110
max        2.773387         2.982167

2024-07-02 00:42:32,989 - INFO Iniciando o treino
2024-07-02 00:42:32,990 - INFO Modelo Selecionado: ResNet50
2024-07-02 00:42:35,776 - INFO Executando sem o GridSearch

2024-07-02 00:46:24,927 - INFO Modelo Salvo!!!
2024-07-02 00:46:24,940 - INFO Iniciando o Test...

2024-07-02 00:49:31,945 - DEBUG 
Test X: 3843
Test Y: (3843, 2)
2024-07-02 00:49:31,950 - INFO DataFrame Info:
       teor_carbono  teor_nitrogenio
count   3843.000000      3843.000000
mean       0.090007         0.103832
std        0.941941         0.945817
min       -1.808828        -1.634570
25%       -0.741339        -0.676380
50%        0.282579         0.194703
75%        0.986977         1.065785
max        1.560661         1.501327

2024-07-02 00:49:31,950 - INFO 
Iniciando predição completa para o R2...

2024-07-02 00:49:41,757 - INFO 
2024-07-02 00:49:41,757 - INFO ====================================================
2024-07-02 00:49:41,757 - INFO ********** R2 Modelo: 0.38300899192900867 **********
2024-07-02 00:49:41,757 - INFO ********** MAE [mean]: 0.5711841630519059 **********
2024-07-02 00:49:41,757 - INFO ********** MSE [mean]: 0.5492258622875127 **********
2024-07-02 00:49:41,757 - INFO ====================================================
2024-07-02 00:49:41,758 - INFO 

2024-07-02 00:49:41,758 - INFO Alguns exemplos de predições ...
2024-07-02 00:49:41,952 - INFO 
Melhores resultados ...


2024-07-02 00:49:41,959 - INFO 
     amostra  teor_cabono_real  teor_cabono_predict  teor_cabono_diff  error_carbono(%)  teor_nitrogenio_real  teor_nitrogenio_predict  teor_nitrogenio_diff  error_nitrogenio(%) grupo
1450     L37          1.233879             1.232732          0.001147          0.092932              1.240002                 1.291185              0.051183             4.127677   L37
3177     L23          1.066857             1.065634          0.001223          0.114665              1.152894                 1.093253              0.059640             5.173111   L23
914      C23          0.362459             0.362036          0.000423          0.116720              0.456028                 0.461941              0.005913             1.296685   C23
1758     C39         -0.813957            -0.815033          0.001076          0.132138             -0.676380                -0.564426              0.111953            16.551835   C39
1629     C12          0.282579             0.282973          0.000394          0.139511             -0.066622                 0.367956              0.434578           652.305673   C12

2024-07-02 00:49:41,959 - INFO 
Piores resultados ...


2024-07-02 00:49:41,965 - INFO 
     amostra  teor_cabono_real  teor_cabono_predict  teor_cabono_diff  error_carbono(%)  teor_nitrogenio_real  teor_nitrogenio_predict  teor_nitrogenio_diff  error_nitrogenio(%) grupo
3047     L40          0.035677             1.071012          1.035336       2901.973210              0.281811                 0.961053              0.679242           241.027353   L40
3542     L40          0.035677             1.096967          1.061290       2974.721150              0.281811                 0.947615              0.665804           236.258980   L40
440      L40          0.035677             1.110573          1.074896       3012.858018              0.281811                 1.018888              0.737077           261.549825   L40
302      L40          0.035677             1.351623          1.315946       3688.504008              0.281811                 1.146450              0.864638           306.814773   L40
1408     L40          0.035677             1.456672          1.420995       3982.951061              0.281811                 1.322990              1.041179           369.459643   L40


2024-07-02 00:49:41,968 - INFO R2 [mean] conjunto de predição CARBONO:
2024-07-02 00:49:41,968 - INFO ====================================================
2024-07-02 00:49:41,968 - INFO ====>>>>> R2 [mean]: 0.3989357886016168 <<<<<====
2024-07-02 00:49:41,968 - INFO ====>>>>> MAE [mean]: 0.5648914040019702 <<<<<====
2024-07-02 00:49:41,968 - INFO ====>>>>> MSE [mean]: 0.5417396703641064 <<<<<====
2024-07-02 00:49:41,968 - INFO ====================================================
2024-07-02 00:49:41,968 - INFO 

2024-07-02 00:49:41,971 - INFO R2 [median] conjunto de predição CARBONO:
2024-07-02 00:49:41,971 - INFO ====================================================
2024-07-02 00:49:41,971 - INFO ====>>>>> R2 [median]: 0.3969632380164463 <<<<<====
2024-07-02 00:49:41,971 - INFO ====>>>>> MAE [median]: 0.5667570710515017 <<<<<====
2024-07-02 00:49:41,971 - INFO ====>>>>> MSE [median]: 0.5435175318363453 <<<<<====
2024-07-02 00:49:41,971 - INFO ====================================================
2024-07-02 00:49:41,971 - INFO 

2024-07-02 00:49:41,974 - INFO R2 [mean] conjunto de predição NITROGENIO:
2024-07-02 00:49:41,974 - INFO ====================================================
2024-07-02 00:49:41,974 - INFO ====>>>>> R2 [mean]: 0.5579675882958519 <<<<<====
2024-07-02 00:49:41,974 - INFO ====>>>>> MAE [mean]: 0.5122892946088524 <<<<<====
2024-07-02 00:49:41,974 - INFO ====>>>>> MSE [mean]: 0.3956151810711561 <<<<<====
2024-07-02 00:49:41,974 - INFO ====================================================
2024-07-02 00:49:41,974 - INFO 

2024-07-02 00:49:41,977 - INFO R2 [median] conjunto de predição NITROGENIO:
2024-07-02 00:49:41,977 - INFO ====================================================
2024-07-02 00:49:41,977 - INFO ====>>>>> R2 [median]: 0.5602495829133797 <<<<<====
2024-07-02 00:49:41,977 - INFO ====>>>>> MAE [median]: 0.5048955056486075 <<<<<====
2024-07-02 00:49:41,977 - INFO ====>>>>> MSE [median]: 0.39357281564746205 <<<<<====
2024-07-02 00:49:41,977 - INFO ====================================================
2024-07-02 00:49:41,977 - INFO 

2024-07-02 00:49:41,978 - INFO #######################
2024-07-02 00:49:41,978 - INFO Info parameters: 
2024-07-02 00:49:41,978 - INFO  -e (--epochs): 100
2024-07-02 00:49:41,978 - INFO  -G (--grid_search_trials): 0
2024-07-02 00:49:41,978 - INFO  -i (--amount_image_train): 8930
2024-07-02 00:49:41,978 - INFO  -I (--amount_image_test): 3843
2024-07-02 00:49:41,978 - INFO  -L (--log_level): 0
2024-07-02 00:49:41,978 - INFO  -m (--model): 0 - ResNet50
2024-07-02 00:49:41,978 - INFO  -M (--show_model): False
2024-07-02 00:49:41,978 - INFO  -n (--name): ResNet50_Normalize3_Epochs100_Patience10_Separed_Preprocess
2024-07-02 00:49:41,978 - INFO  -N (--normalize): NormalizeEnum.StandardScaler
2024-07-02 00:49:41,978 - INFO  -p (--preprocess): True
2024-07-02 00:49:41,978 - INFO  -P (--patience): 10
2024-07-02 00:49:41,979 - INFO  -S (--separed): False
2024-07-02 00:49:41,979 - INFO  -t (--trainable): False
2024-07-02 00:49:41,979 - INFO  -T (--Test): False
2024-07-02 00:49:41,979 - INFO #######################
