2024-07-03 01:35:29,949 - INFO Parâmetros:
2024-07-03 01:35:29,949 - INFO Namespace(epochs=100, grid_search_trials=0, amount_image_train=8930, amount_image_test=3843, log_level=0, model=2, show_model=False, name='ResNet152_2_Normalize4_Epochs100_Patience10_Separed_Preprocess', normalize=3, preprocess=True, patience=10, separed=False, trainable=False, Test=False)
2024-07-03 01:35:39,255 - DEBUG Quantidade de GPU disponíveis: [PhysicalDevice(name='/physical_device:GPU:0', device_type='GPU'), PhysicalDevice(name='/physical_device:GPU:1', device_type='GPU')]
2024-07-03 01:35:40,329 - INFO Modelo: ResNet152
2024-07-03 01:35:40,339 - INFO Embaralhamento de dados->random_state: 26
2024-07-03 01:35:40,345 - INFO Embaralhamento de dados->random_state: 18
2024-07-03 01:35:40,347 - INFO Informações básicas do Dataset com normalização StandardScaler ...
2024-07-03 01:35:40,357 - DEBUG Load df_train: 8930
  amostra       arquivo  teor_carbono  teor_nitrogenio
0     C21   C21B-73.png     -0.516222        -0.415055
1     C45   C45B-76.png     -0.712292         0.020486
2      C7    C7A-85.png      1.219355         0.456028
3     C34   C34B-59.png     -1.271453        -1.199029
4     L36  L36B-100.png      0.224485         0.281811
2024-07-03 01:35:40,360 - DEBUG Load df_test: 3843
  amostra       arquivo  teor_carbono  teor_nitrogenio
0      L5   L5A-154.png     -1.467522        -1.373246
1     C41   C41A-56.png     -0.741339        -0.589271
2     L40   L40B-43.png      0.035677         0.281811
3      C8   C8A-106.png      0.406030        -0.153730
4     L40  L40A-107.png      0.035677         0.281811
2024-07-03 01:35:40,361 - INFO Iniciando o Treinamento...

2024-07-03 01:35:40,361 - INFO Separando Treino e Validação...

2024-07-03 01:35:40,374 - INFO Quantidade de Imagens para Treino e Validação: 7115, 1786

2024-07-03 01:35:40,374 - INFO Carregando imagens ...

2024-07-03 01:36:11,492 - DEBUG Limitando Dados:

2024-07-03 01:36:11,492 - DEBUG 
Train X: 7115
Validate X: 1786
Train Y: (7115, 2)
Validate Y: (1786, 2)
2024-07-03 01:36:11,498 - INFO DataFrame Info Treino:
       teor_carbono  teor_nitrogenio
count   7115.000000      7115.000000
mean      -0.076007        -0.088426
std        0.959302         0.955197
min       -1.743472        -1.547462
25%       -0.937408        -0.850596
50%       -0.000632         0.020486
75%        0.696504         0.456028
max        2.766125         2.895059

2024-07-03 01:36:11,502 - INFO DataFrame Info Validate:
       teor_carbono  teor_nitrogenio
count   1786.000000      1786.000000
mean       0.104087         0.121739
std        1.219860         1.218059
min       -1.794304        -1.460354
25%       -0.951932        -1.024813
50%        0.231746         0.194703
75%        1.117690         1.327110
max        2.773387         2.982167

2024-07-03 01:36:11,503 - INFO Iniciando o treino
2024-07-03 01:36:11,503 - INFO Modelo Selecionado: ResNet152
2024-07-03 01:36:20,431 - INFO Executando sem o GridSearch

2024-07-03 01:53:44,296 - INFO Modelo Salvo!!!
2024-07-03 01:53:44,315 - INFO Iniciando o Test...

2024-07-03 01:57:31,222 - DEBUG 
Test X: 3843
Test Y: (3843, 2)
2024-07-03 01:57:31,228 - INFO DataFrame Info:
       teor_carbono  teor_nitrogenio
count   3843.000000      3843.000000
mean       0.090007         0.103832
std        0.941941         0.945817
min       -1.808828        -1.634570
25%       -0.741339        -0.676380
50%        0.282579         0.194703
75%        0.986977         1.065785
max        1.560661         1.501327

2024-07-03 01:57:31,228 - INFO 
Iniciando predição completa para o R2...

2024-07-03 01:57:55,534 - INFO 
2024-07-03 01:57:55,534 - INFO ====================================================
2024-07-03 01:57:55,534 - INFO ********** R2 Modelo: 0.24439241803990214 **********
2024-07-03 01:57:55,534 - INFO ********** MAE: 0.6035609155683168 **********
2024-07-03 01:57:55,535 - INFO ********** MSE: 0.6728282346251093 **********
2024-07-03 01:57:55,535 - INFO ====================================================
2024-07-03 01:57:55,535 - INFO 

2024-07-03 01:57:55,535 - INFO Alguns exemplos de predições ...
2024-07-03 01:57:56,098 - INFO 
Melhores resultados ...


2024-07-03 01:57:56,106 - INFO 
     amostra  teor_cabono_real  teor_cabono_predict  teor_cabono_diff  error_carbono(%)  teor_nitrogenio_real  teor_nitrogenio_predict  teor_nitrogenio_diff  error_nitrogenio(%) grupo
1709      L2         -0.291105            -0.291141          0.000036          0.012234             -0.850596                -0.412859              0.437738            51.462439    L2
3397      L2         -0.291105            -0.290794          0.000312          0.107148             -0.850596                -0.424262              0.426335            50.121861    L2
446       C4          0.522220             0.522889          0.000669          0.128169             -0.066622                 0.065337              0.131959           198.071742    C4
1043     C39         -0.813957            -0.815644          0.001686          0.207168             -0.676380                -0.684906              0.008526             1.260604   C39
3535     L23          1.066857             1.063613          0.003244          0.304085              1.152894                 1.091601              0.061292             5.316403   L23

2024-07-03 01:57:56,107 - INFO 
Piores resultados ...


2024-07-03 01:57:56,113 - INFO 
     amostra  teor_cabono_real  teor_cabono_predict  teor_cabono_diff  error_carbono(%)  teor_nitrogenio_real  teor_nitrogenio_predict  teor_nitrogenio_diff  error_nitrogenio(%) grupo
1289     L40          0.035677             0.690599          0.654922       1835.699652              0.281811                 0.659773              0.377962           134.118930   L40
1294     L40          0.035677             0.693688          0.658012       1844.360272              0.281811                 0.661438              0.379627           134.709750   L40
2125     L40          0.035677             0.807845          0.772168       2164.331921              0.281811                 0.755495              0.473684           168.085523   L40
74       L40          0.035677             0.859645          0.823968       2309.524239              0.281811                 0.856477              0.574665           203.918569   L40
646      L40          0.035677             0.995114          0.959437       2689.235606              0.281811                 1.004734              0.722922           256.527244   L40


2024-07-03 01:57:56,131 - INFO R2 [mean] conjunto de predição CARBONO:
2024-07-03 01:57:56,131 - INFO ====================================================
2024-07-03 01:57:56,131 - INFO ====>>>>> R2 [mean]: 0.2791197457072382 <<<<<====
2024-07-03 01:57:56,132 - INFO ====>>>>> MAE [mean]: 0.6136722547921352 <<<<<====
2024-07-03 01:57:56,132 - INFO ====>>>>> MSE [mean]: 0.6497299688231022 <<<<<====
2024-07-03 01:57:56,132 - INFO ====================================================
2024-07-03 01:57:56,132 - INFO 

2024-07-03 01:57:56,135 - INFO R2 [median] conjunto de predição CARBONO:
2024-07-03 01:57:56,135 - INFO ====================================================
2024-07-03 01:57:56,135 - INFO ====>>>>> R2 [median]: 0.2963159038956472 <<<<<====
2024-07-03 01:57:56,135 - INFO ====>>>>> MAE [median]: 0.6055609365591165 <<<<<====
2024-07-03 01:57:56,135 - INFO ====>>>>> MSE [median]: 0.6342310572395222 <<<<<====
2024-07-03 01:57:56,135 - INFO ====================================================
2024-07-03 01:57:56,135 - INFO 

2024-07-03 01:57:56,138 - INFO R2 [mean] conjunto de predição NITROGENIO:
2024-07-03 01:57:56,138 - INFO ====================================================
2024-07-03 01:57:56,138 - INFO ====>>>>> R2 [mean]: 0.3810766899299334 <<<<<====
2024-07-03 01:57:56,138 - INFO ====>>>>> MAE [mean]: 0.5569870249624375 <<<<<====
2024-07-03 01:57:56,139 - INFO ====>>>>> MSE [mean]: 0.5539310034722302 <<<<<====
2024-07-03 01:57:56,139 - INFO ====================================================
2024-07-03 01:57:56,139 - INFO 

2024-07-03 01:57:56,141 - INFO R2 [median] conjunto de predição NITROGENIO:
2024-07-03 01:57:56,142 - INFO ====================================================
2024-07-03 01:57:56,142 - INFO ====>>>>> R2 [median]: 0.39736338797062287 <<<<<====
2024-07-03 01:57:56,142 - INFO ====>>>>> MAE [median]: 0.551435624678465 <<<<<====
2024-07-03 01:57:56,142 - INFO ====>>>>> MSE [median]: 0.5393545497466353 <<<<<====
2024-07-03 01:57:56,142 - INFO ====================================================
2024-07-03 01:57:56,142 - INFO 

2024-07-03 01:57:56,202 - INFO #######################
2024-07-03 01:57:56,202 - INFO Info parameters: 
2024-07-03 01:57:56,203 - INFO  -e (--epochs): 100
2024-07-03 01:57:56,203 - INFO  -G (--grid_search_trials): 0
2024-07-03 01:57:56,203 - INFO  -i (--amount_image_train): 8930
2024-07-03 01:57:56,203 - INFO  -I (--amount_image_test): 3843
2024-07-03 01:57:56,203 - INFO  -L (--log_level): 0
2024-07-03 01:57:56,203 - INFO  -m (--model): 2 - ResNet152
2024-07-03 01:57:56,203 - INFO  -M (--show_model): False
2024-07-03 01:57:56,203 - INFO  -n (--name): ResNet152_2_Normalize4_Epochs100_Patience10_Separed_Preprocess
2024-07-03 01:57:56,203 - INFO  -N (--normalize): NormalizeEnum.StandardScaler
2024-07-03 01:57:56,203 - INFO  -p (--preprocess): True
2024-07-03 01:57:56,203 - INFO  -P (--patience): 10
2024-07-03 01:57:56,203 - INFO  -S (--separed): False
2024-07-03 01:57:56,204 - INFO  -t (--trainable): False
2024-07-03 01:57:56,204 - INFO  -T (--Test): False
2024-07-03 01:57:56,204 - INFO #######################
