2024-07-02 14:12:11,238 - INFO Parâmetros:
2024-07-02 14:12:11,238 - INFO Namespace(epochs=100, grid_search_trials=0, amount_image_train=8930, amount_image_test=3843, log_level=0, model=40, show_model=False, name='DenseNet169_40_Normalize1_Epochs100_Patience10_Separed_Preprocess', normalize=1, preprocess=False, patience=10, separed=False, trainable=False, Test=False)
2024-07-02 14:12:19,534 - DEBUG Quantidade de GPU disponíveis: [PhysicalDevice(name='/physical_device:GPU:0', device_type='GPU'), PhysicalDevice(name='/physical_device:GPU:1', device_type='GPU')]
2024-07-02 14:12:20,599 - INFO Modelo: DenseNet169
2024-07-02 14:12:20,609 - INFO Embaralhamento de dados->random_state: 9
2024-07-02 14:12:20,615 - INFO Embaralhamento de dados->random_state: 40
2024-07-02 14:12:20,616 - INFO Informações básicas do Dataset com normalização MinMaxScaler ...
2024-07-02 14:12:20,626 - DEBUG Load df_train: 8930
  amostra       arquivo  teor_carbono  teor_nitrogenio
0     C35  C35B-124.png      0.080824         0.094340
1     C20   C20B-42.png      0.242472         0.188679
2     L24  L24A-120.png      0.477021         0.433962
3     L27   L27A-24.png      0.575277         0.660377
4     L34  L34B-103.png      0.394612         0.358491
2024-07-02 14:12:20,629 - DEBUG Load df_test: 3843
  amostra       arquivo  teor_carbono  teor_nitrogenio
0      L7    L7B-42.png      0.179081         0.018868
1     L40   L40A-88.png      0.402536         0.415094
2      L5   L5B-121.png      0.074485         0.056604
3     C16  C16A-101.png      0.204437         0.169811
4     C23   C23B-42.png      0.473851         0.452830
2024-07-02 14:12:20,630 - INFO Iniciando o Treinamento...

2024-07-02 14:12:20,630 - INFO Separando Treino e Validação...

2024-07-02 14:12:20,642 - INFO Quantidade de Imagens para Treino e Validação: 7115, 1786

2024-07-02 14:12:20,642 - INFO Carregando imagens ...

2024-07-02 14:12:48,516 - DEBUG Limitando Dados:

2024-07-02 14:12:48,516 - DEBUG 
Train X: 7115
Validate X: 1786
Train Y: (7115, 2)
Validate Y: (1786, 2)
2024-07-02 14:12:48,522 - INFO DataFrame Info Treino:
       teor_carbono  teor_nitrogenio
count   7115.000000      7115.000000
mean       0.378162         0.334900
std        0.209353         0.206899
min        0.014263         0.018868
25%        0.190174         0.169811
50%        0.394612         0.358491
75%        0.546751         0.452830
max        0.998415         0.981132

2024-07-02 14:12:48,527 - INFO DataFrame Info Validate:
       teor_carbono  teor_nitrogenio
count   1786.000000      1786.000000
mean       0.417362         0.380771
std        0.266761         0.264186
min        0.003170         0.037736
25%        0.187005         0.132075
50%        0.445325         0.396226
75%        0.638669         0.641509
max        1.000000         1.000000

2024-07-02 14:12:48,527 - INFO Iniciando o treino
2024-07-02 14:12:48,527 - INFO Modelo Selecionado: DenseNet169
2024-07-02 14:12:57,448 - INFO Executando sem o GridSearch

2024-07-02 14:24:16,021 - INFO Modelo Salvo!!!
2024-07-02 14:24:16,057 - INFO Iniciando o Test...

2024-07-02 14:27:56,750 - DEBUG 
Test X: 3843
Test Y: (3843, 2)
2024-07-02 14:27:56,774 - INFO DataFrame Info:
       teor_carbono  teor_nitrogenio
count   3843.000000      3843.000000
mean       0.414392         0.376543
std        0.205564         0.204867
min        0.000000         0.000000
25%        0.232964         0.207547
50%        0.456418         0.396226
75%        0.610143         0.584906
max        0.735341         0.679245

2024-07-02 14:27:56,774 - INFO 
Iniciando predição completa para o R2...

2024-07-02 14:28:14,484 - INFO 
2024-07-02 14:28:14,484 - INFO ====================================================
2024-07-02 14:28:14,485 - INFO ********** R2 Modelo: 0.2839741407720763 **********
2024-07-02 14:28:14,485 - INFO ********** MAE [mean]: 0.142793763971472 **********
2024-07-02 14:28:14,485 - INFO ********** MSE [mean]: 0.030149509138765032 **********
2024-07-02 14:28:14,485 - INFO ====================================================
2024-07-02 14:28:14,485 - INFO 

2024-07-02 14:28:14,485 - INFO Alguns exemplos de predições ...
2024-07-02 14:28:15,029 - INFO 
Melhores resultados ...


2024-07-02 14:28:15,036 - INFO 
     amostra  teor_cabono_real  teor_cabono_predict  teor_cabono_diff  error_carbono(%)  teor_nitrogenio_real  teor_nitrogenio_predict  teor_nitrogenio_diff  error_nitrogenio(%) grupo
2862     C39          0.217116             0.217109          0.000006          0.002981              0.207547                 0.210774              0.003227             1.554604   C39
1324     C46          0.340729             0.340633          0.000096          0.028235              0.528302                 0.273162              0.255140            48.294267   C46
3836     C41          0.232964             0.233084          0.000121          0.051816              0.226415                 0.222425              0.003990             1.762444   C41
162      C46          0.340729             0.340478          0.000251          0.073788              0.528302                 0.283656              0.244646            46.307983   C46
69       C39          0.217116             0.216837          0.000279          0.128488              0.207547                 0.211285              0.003737             1.800766   C39

2024-07-02 14:28:15,036 - INFO 
Piores resultados ...


2024-07-02 14:28:15,043 - INFO 
     amostra  teor_cabono_real  teor_cabono_predict  teor_cabono_diff  error_carbono(%)  teor_nitrogenio_real  teor_nitrogenio_predict  teor_nitrogenio_diff  error_nitrogenio(%) grupo
2077     C51               0.0             0.425426          0.425426               inf                   0.0                 0.386313              0.386313                  inf   C51
628      C51               0.0             0.431223          0.431223               inf                   0.0                 0.378982              0.378982                  inf   C51
3353     C51               0.0             0.357499          0.357499               inf                   0.0                 0.292272              0.292272                  inf   C51
2095     C51               0.0             0.328036          0.328036               inf                   0.0                 0.269327              0.269327                  inf   C51
1417     C51               0.0             0.304786          0.304786               inf                   0.0                 0.254504              0.254504                  inf   C51


2024-07-02 14:28:15,046 - INFO R2 [mean] conjunto de predição CARBONO:
2024-07-02 14:28:15,046 - INFO ====================================================
2024-07-02 14:28:15,046 - INFO ====>>>>> R2 [mean]: 0.3192089207480652 <<<<<====
2024-07-02 14:28:15,046 - INFO ====>>>>> MAE [mean]: 0.13989729798493644 <<<<<====
2024-07-02 14:28:15,047 - INFO ====>>>>> MSE [mean]: 0.029223526051334676 <<<<<====
2024-07-02 14:28:15,047 - INFO ====================================================
2024-07-02 14:28:15,047 - INFO 

2024-07-02 14:28:15,050 - INFO R2 [median] conjunto de predição CARBONO:
2024-07-02 14:28:15,050 - INFO ====================================================
2024-07-02 14:28:15,050 - INFO ====>>>>> R2 [median]: 0.33715340046984044 <<<<<====
2024-07-02 14:28:15,050 - INFO ====>>>>> MAE [median]: 0.13837369950824396 <<<<<====
2024-07-02 14:28:15,050 - INFO ====>>>>> MSE [median]: 0.028453244262091542 <<<<<====
2024-07-02 14:28:15,050 - INFO ====================================================
2024-07-02 14:28:15,050 - INFO 

2024-07-02 14:28:15,053 - INFO R2 [mean] conjunto de predição NITROGENIO:
2024-07-02 14:28:15,053 - INFO ====================================================
2024-07-02 14:28:15,053 - INFO ====>>>>> R2 [mean]: 0.37800752896540435 <<<<<====
2024-07-02 14:28:15,053 - INFO ====>>>>> MAE [mean]: 0.13166882755829684 <<<<<====
2024-07-02 14:28:15,053 - INFO ====>>>>> MSE [mean]: 0.026117620471520234 <<<<<====
2024-07-02 14:28:15,053 - INFO ====================================================
2024-07-02 14:28:15,053 - INFO 

2024-07-02 14:28:15,056 - INFO R2 [median] conjunto de predição NITROGENIO:
2024-07-02 14:28:15,056 - INFO ====================================================
2024-07-02 14:28:15,056 - INFO ====>>>>> R2 [median]: 0.3922765593804487 <<<<<====
2024-07-02 14:28:15,057 - INFO ====>>>>> MAE [median]: 0.13034361295771713 <<<<<====
2024-07-02 14:28:15,057 - INFO ====>>>>> MSE [median]: 0.025518460291563683 <<<<<====
2024-07-02 14:28:15,057 - INFO ====================================================
2024-07-02 14:28:15,057 - INFO 

2024-07-02 14:28:15,058 - INFO #######################
2024-07-02 14:28:15,058 - INFO Info parameters: 
2024-07-02 14:28:15,058 - INFO  -e (--epochs): 100
2024-07-02 14:28:15,058 - INFO  -G (--grid_search_trials): 0
2024-07-02 14:28:15,058 - INFO  -i (--amount_image_train): 8930
2024-07-02 14:28:15,058 - INFO  -I (--amount_image_test): 3843
2024-07-02 14:28:15,058 - INFO  -L (--log_level): 0
2024-07-02 14:28:15,058 - INFO  -m (--model): 40 - DenseNet169
2024-07-02 14:28:15,059 - INFO  -M (--show_model): False
2024-07-02 14:28:15,059 - INFO  -n (--name): DenseNet169_40_Normalize1_Epochs100_Patience10_Separed_Preprocess
2024-07-02 14:28:15,059 - INFO  -N (--normalize): NormalizeEnum.MinMaxScaler
2024-07-02 14:28:15,059 - INFO  -p (--preprocess): False
2024-07-02 14:28:15,059 - INFO  -P (--patience): 10
2024-07-02 14:28:15,059 - INFO  -S (--separed): False
2024-07-02 14:28:15,059 - INFO  -t (--trainable): False
2024-07-02 14:28:15,059 - INFO  -T (--Test): False
2024-07-02 14:28:15,059 - INFO #######################
