2024-07-02 21:52:17,158 - INFO Parâmetros:
2024-07-02 21:52:17,158 - INFO Namespace(epochs=100, grid_search_trials=0, amount_image_train=8930, amount_image_test=3843, log_level=0, model=1, show_model=False, name='ResNet101_1_Normalize1_Epochs100_Patience10_Separed_Preprocess', normalize=1, preprocess=False, patience=10, separed=False, trainable=False, Test=False)
2024-07-02 21:52:28,043 - DEBUG Quantidade de GPU disponíveis: [PhysicalDevice(name='/physical_device:GPU:0', device_type='GPU'), PhysicalDevice(name='/physical_device:GPU:1', device_type='GPU')]
2024-07-02 21:52:29,094 - INFO Modelo: ResNet101
2024-07-02 21:52:29,105 - INFO Embaralhamento de dados->random_state: 52
2024-07-02 21:52:29,110 - INFO Embaralhamento de dados->random_state: 14
2024-07-02 21:52:29,112 - INFO Informações básicas do Dataset com normalização MinMaxScaler ...
2024-07-02 21:52:29,121 - DEBUG Load df_train: 8930
  amostra       arquivo  teor_carbono  teor_nitrogenio
0     L34  L34A-134.png      0.394612         0.358491
1     C31   C31A-58.png      0.316957         0.264151
2     C31  C31B-140.png      0.316957         0.264151
3     C22   C22A-39.png      0.210777         0.169811
4     L25  L25B-100.png      0.554675         0.547170
2024-07-02 21:52:29,124 - DEBUG Load df_test: 3843
  amostra       arquivo  teor_carbono  teor_nitrogenio
0     C46  C46B-106.png      0.340729         0.528302
1     C12  C12A-106.png      0.456418         0.339623
2     L29   L29B-42.png      0.709984         0.679245
3     C24  C24A-150.png      0.671949         0.679245
4     C16   C16B-76.png      0.204437         0.169811
2024-07-02 21:52:29,125 - INFO Iniciando o Treinamento...

2024-07-02 21:52:29,125 - INFO Separando Treino e Validação...

2024-07-02 21:52:29,137 - INFO Quantidade de Imagens para Treino e Validação: 7115, 1786

2024-07-02 21:52:29,137 - INFO Carregando imagens ...

2024-07-02 21:52:58,884 - DEBUG Limitando Dados:

2024-07-02 21:52:58,885 - DEBUG 
Train X: 7115
Validate X: 1786
Train Y: (7115, 2)
Validate Y: (1786, 2)
2024-07-02 21:52:58,890 - INFO DataFrame Info Treino:
       teor_carbono  teor_nitrogenio
count   7115.000000      7115.000000
mean       0.378162         0.334900
std        0.209353         0.206899
min        0.014263         0.018868
25%        0.190174         0.169811
50%        0.394612         0.358491
75%        0.546751         0.452830
max        0.998415         0.981132

2024-07-02 21:52:58,895 - INFO DataFrame Info Validate:
       teor_carbono  teor_nitrogenio
count   1786.000000      1786.000000
mean       0.418883         0.382281
std        0.267497         0.265320
min        0.003170         0.037736
25%        0.187005         0.132075
50%        0.445325         0.396226
75%        0.638669         0.641509
max        1.000000         1.000000

2024-07-02 21:52:58,895 - INFO Iniciando o treino
2024-07-02 21:52:58,895 - INFO Modelo Selecionado: ResNet101
2024-07-02 21:53:05,068 - INFO Executando sem o GridSearch

2024-07-02 22:06:24,677 - INFO Modelo Salvo!!!
2024-07-02 22:06:24,695 - INFO Iniciando o Test...

2024-07-02 22:10:08,341 - DEBUG 
Test X: 3843
Test Y: (3843, 2)
2024-07-02 22:10:08,349 - INFO DataFrame Info:
       teor_carbono  teor_nitrogenio
count   3843.000000      3843.000000
mean       0.414392         0.376543
std        0.205564         0.204867
min        0.000000         0.000000
25%        0.232964         0.207547
50%        0.456418         0.396226
75%        0.610143         0.584906
max        0.735341         0.679245

2024-07-02 22:10:08,349 - INFO 
Iniciando predição completa para o R2...

2024-07-02 22:10:26,239 - INFO 
2024-07-02 22:10:26,239 - INFO ====================================================
2024-07-02 22:10:26,239 - INFO ********** R2 Modelo: 0.5015885950992797 **********
2024-07-02 22:10:26,239 - INFO ********** MAE: 0.11589313891271534 **********
2024-07-02 22:10:26,239 - INFO ********** MSE: 0.020987140808917268 **********
2024-07-02 22:10:26,239 - INFO ====================================================
2024-07-02 22:10:26,239 - INFO 

2024-07-02 22:10:26,239 - INFO Alguns exemplos de predições ...
2024-07-02 22:10:26,452 - INFO 
Melhores resultados ...


2024-07-02 22:10:26,459 - INFO 
     amostra  teor_cabono_real  teor_cabono_predict  teor_cabono_diff  error_carbono(%)  teor_nitrogenio_real  teor_nitrogenio_predict  teor_nitrogenio_diff  error_nitrogenio(%) grupo
3304     C46          0.340729             0.340740          0.000011          0.003113              0.528302                 0.266558              0.261744            49.544386   C46
690       C4          0.508716             0.508643          0.000073          0.014337              0.339623                 0.398130              0.058508            17.227272    C4
3811     C12          0.456418             0.456117          0.000301          0.065946              0.339623                 0.431411              0.091789            27.026624   C12
3567      C4          0.508716             0.509076          0.000360          0.070773              0.339623                 0.420694              0.081071            23.870895    C4
2012     C46          0.340729             0.341001          0.000272          0.079803              0.528302                 0.285061              0.243240            46.041934   C46

2024-07-02 22:10:26,459 - INFO 
Piores resultados ...


2024-07-02 22:10:26,466 - INFO 
     amostra  teor_cabono_real  teor_cabono_predict  teor_cabono_diff  error_carbono(%)  teor_nitrogenio_real  teor_nitrogenio_predict  teor_nitrogenio_diff  error_nitrogenio(%) grupo
321      C51               0.0             0.385927          0.385927               inf                   0.0                 0.335807              0.335807                  inf   C51
1797     C51               0.0             0.382272          0.382272               inf                   0.0                 0.324103              0.324103                  inf   C51
323      C51               0.0             0.333391          0.333391               inf                   0.0                 0.277646              0.277646                  inf   C51
1917     C51               0.0             0.529895          0.529895               inf                   0.0                 0.456967              0.456967                  inf   C51
567      C51               0.0             0.372512          0.372512               inf                   0.0                 0.316772              0.316772                  inf   C51


2024-07-02 22:10:26,469 - INFO R2 [mean] conjunto de predição CARBONO:
2024-07-02 22:10:26,470 - INFO ====================================================
2024-07-02 22:10:26,470 - INFO ====>>>>> R2 [mean]: 0.5703267653872224 <<<<<====
2024-07-02 22:10:26,470 - INFO ====>>>>> MAE [mean]: 0.10872297583278749 <<<<<====
2024-07-02 22:10:26,470 - INFO ====>>>>> MSE [mean]: 0.018444082697242625 <<<<<====
2024-07-02 22:10:26,470 - INFO ====================================================
2024-07-02 22:10:26,470 - INFO 

2024-07-02 22:10:26,473 - INFO R2 [median] conjunto de predição CARBONO:
2024-07-02 22:10:26,473 - INFO ====================================================
2024-07-02 22:10:26,473 - INFO ====>>>>> R2 [median]: 0.5991107823265215 <<<<<====
2024-07-02 22:10:26,473 - INFO ====>>>>> MAE [median]: 0.10608584830484848 <<<<<====
2024-07-02 22:10:26,473 - INFO ====>>>>> MSE [median]: 0.01720850471374149 <<<<<====
2024-07-02 22:10:26,473 - INFO ====================================================
2024-07-02 22:10:26,474 - INFO 

2024-07-02 22:10:26,476 - INFO R2 [mean] conjunto de predição NITROGENIO:
2024-07-02 22:10:26,476 - INFO ====================================================
2024-07-02 22:10:26,476 - INFO ====>>>>> R2 [mean]: 0.6067487029499754 <<<<<====
2024-07-02 22:10:26,476 - INFO ====>>>>> MAE [mean]: 0.10641514468784516 <<<<<====
2024-07-02 22:10:26,477 - INFO ====>>>>> MSE [mean]: 0.016512720980692286 <<<<<====
2024-07-02 22:10:26,477 - INFO ====================================================
2024-07-02 22:10:26,477 - INFO 

2024-07-02 22:10:26,479 - INFO R2 [median] conjunto de predição NITROGENIO:
2024-07-02 22:10:26,480 - INFO ====================================================
2024-07-02 22:10:26,480 - INFO ====>>>>> R2 [median]: 0.6297259239941357 <<<<<====
2024-07-02 22:10:26,480 - INFO ====>>>>> MAE [median]: 0.10474267698808783 <<<<<====
2024-07-02 22:10:26,480 - INFO ====>>>>> MSE [median]: 0.015547901683565731 <<<<<====
2024-07-02 22:10:26,480 - INFO ====================================================
2024-07-02 22:10:26,480 - INFO 

2024-07-02 22:10:26,481 - INFO #######################
2024-07-02 22:10:26,481 - INFO Info parameters: 
2024-07-02 22:10:26,481 - INFO  -e (--epochs): 100
2024-07-02 22:10:26,481 - INFO  -G (--grid_search_trials): 0
2024-07-02 22:10:26,481 - INFO  -i (--amount_image_train): 8930
2024-07-02 22:10:26,481 - INFO  -I (--amount_image_test): 3843
2024-07-02 22:10:26,481 - INFO  -L (--log_level): 0
2024-07-02 22:10:26,481 - INFO  -m (--model): 1 - ResNet101
2024-07-02 22:10:26,481 - INFO  -M (--show_model): False
2024-07-02 22:10:26,482 - INFO  -n (--name): ResNet101_1_Normalize1_Epochs100_Patience10_Separed_Preprocess
2024-07-02 22:10:26,482 - INFO  -N (--normalize): NormalizeEnum.MinMaxScaler
2024-07-02 22:10:26,482 - INFO  -p (--preprocess): False
2024-07-02 22:10:26,482 - INFO  -P (--patience): 10
2024-07-02 22:10:26,482 - INFO  -S (--separed): False
2024-07-02 22:10:26,482 - INFO  -t (--trainable): False
2024-07-02 22:10:26,482 - INFO  -T (--Test): False
2024-07-02 22:10:26,482 - INFO #######################
