2024-07-02 01:41:34,235 - INFO Parâmetros:
2024-07-02 01:41:34,235 - INFO Namespace(epochs=100, grid_search_trials=0, amount_image_train=8930, amount_image_test=3843, log_level=0, model=0, show_model=False, name='ResNet50_Normalize4_Epochs100_Patience10_Separed_Preprocess', normalize=3, preprocess=False, patience=10, separed=False, trainable=False, Test=False)
2024-07-02 01:41:41,037 - DEBUG Quantidade de GPU disponíveis: [PhysicalDevice(name='/physical_device:GPU:0', device_type='GPU'), PhysicalDevice(name='/physical_device:GPU:1', device_type='GPU')]
2024-07-02 01:41:41,834 - INFO Modelo: ResNet50
2024-07-02 01:41:41,842 - INFO Embaralhamento de dados->random_state: 48
2024-07-02 01:41:41,847 - INFO Embaralhamento de dados->random_state: 2
2024-07-02 01:41:41,848 - INFO Informações básicas do Dataset com normalização StandardScaler ...
2024-07-02 01:41:41,857 - DEBUG Load df_train: 8930
  amostra       arquivo  teor_carbono  teor_nitrogenio
0     C15   C15B-55.png     -0.436342        -0.415055
1     C31   C31B-59.png     -0.356462        -0.415055
2     C31   C31B-73.png     -0.356462        -0.415055
3     C11   C11B-91.png      0.565791         0.281811
4     C33  C33A-171.png     -1.409427        -1.199029
2024-07-02 01:41:41,860 - DEBUG Load df_test: 3843
  amostra       arquivo  teor_carbono  teor_nitrogenio
0      L5    L5B-75.png     -1.467522        -1.373246
1     L12  L12A-120.png     -1.569188        -1.199029
2     C12   C12A-57.png      0.282579        -0.066622
3     L23  L23B-119.png      1.066857         1.152894
4     L12   L12B-73.png     -1.569188        -1.199029
2024-07-02 01:41:41,860 - INFO Iniciando o Treinamento...

2024-07-02 01:41:41,860 - INFO Separando Treino e Validação...

2024-07-02 01:41:41,871 - INFO Quantidade de Imagens para Treino e Validação: 7115, 1786

2024-07-02 01:41:41,871 - INFO Carregando imagens ...

2024-07-02 01:42:06,145 - DEBUG Limitando Dados:

2024-07-02 01:42:06,145 - DEBUG 
Train X: 7115
Validate X: 1786
Train Y: (7115, 2)
Validate Y: (1786, 2)
2024-07-02 01:42:06,150 - INFO DataFrame Info Treino:
       teor_carbono  teor_nitrogenio
count   7115.000000      7115.000000
mean      -0.076007        -0.088426
std        0.959302         0.955197
min       -1.743472        -1.547462
25%       -0.937408        -0.850596
50%       -0.000632         0.020486
75%        0.696504         0.456028
max        2.766125         2.895059

2024-07-02 01:42:06,154 - INFO DataFrame Info Validate:
       teor_carbono  teor_nitrogenio
count   1786.000000      1786.000000
mean       0.110991         0.130908
std        1.225937         1.225038
min       -1.794304        -1.460354
25%       -0.951932        -1.024813
50%        0.231746         0.194703
75%        1.117690         1.327110
max        2.773387         2.982167

2024-07-02 01:42:06,154 - INFO Iniciando o treino
2024-07-02 01:42:06,154 - INFO Modelo Selecionado: ResNet50
2024-07-02 01:42:08,943 - INFO Executando sem o GridSearch

2024-07-02 01:45:43,605 - INFO Modelo Salvo!!!
2024-07-02 01:45:43,617 - INFO Iniciando o Test...

2024-07-02 01:48:57,485 - DEBUG 
Test X: 3843
Test Y: (3843, 2)
2024-07-02 01:48:57,490 - INFO DataFrame Info:
       teor_carbono  teor_nitrogenio
count   3843.000000      3843.000000
mean       0.090007         0.103832
std        0.941941         0.945817
min       -1.808828        -1.634570
25%       -0.741339        -0.676380
50%        0.282579         0.194703
75%        0.986977         1.065785
max        1.560661         1.501327

2024-07-02 01:48:57,490 - INFO 
Iniciando predição completa para o R2...

2024-07-02 01:49:08,303 - INFO 
2024-07-02 01:49:08,303 - INFO ====================================================
2024-07-02 01:49:08,303 - INFO ********** R2 Modelo: 0.4609257984977522 **********
2024-07-02 01:49:08,303 - INFO ********** MAE [mean]: 0.547112908240617 **********
2024-07-02 01:49:08,303 - INFO ********** MSE [mean]: 0.47999103834885537 **********
2024-07-02 01:49:08,303 - INFO ====================================================
2024-07-02 01:49:08,303 - INFO 

2024-07-02 01:49:08,303 - INFO Alguns exemplos de predições ...
2024-07-02 01:49:08,502 - INFO 
Melhores resultados ...


2024-07-02 01:49:08,509 - INFO 
     amostra  teor_cabono_real  teor_cabono_predict  teor_cabono_diff  error_carbono(%)  teor_nitrogenio_real  teor_nitrogenio_predict  teor_nitrogenio_diff  error_nitrogenio(%) grupo
3343      L7         -0.988241            -0.987355          0.000886          0.089703             -1.547462                -1.272626              0.274836            17.760441    L7
3532     C39         -0.813957            -0.814755          0.000797          0.097955             -0.676380                -0.800335              0.123955            18.326253   C39
1925     C41         -0.741339            -0.740531          0.000808          0.108937             -0.589271                -0.761733              0.172462            29.266933   C41
518       L7         -0.988241            -0.986601          0.001640          0.165976             -1.547462                -1.373286              0.174176            11.255568    L7
2122     L17          0.856264             0.854842          0.001422          0.166047              0.891569                 0.943614              0.052045             5.837459   L17

2024-07-02 01:49:08,509 - INFO 
Piores resultados ...


2024-07-02 01:49:08,515 - INFO 
     amostra  teor_cabono_real  teor_cabono_predict  teor_cabono_diff  error_carbono(%)  teor_nitrogenio_real  teor_nitrogenio_predict  teor_nitrogenio_diff  error_nitrogenio(%) grupo
2771     L40          0.035677             0.704176          0.668499       1873.756995              0.281811                 0.682883              0.401072           142.319383   L40
2022     L40          0.035677             0.708202          0.672525       1885.041580              0.281811                 0.774447              0.492636           174.810703   L40
2296     L40          0.035677             0.744095          0.708418       1985.645211              0.281811                 0.733478              0.451667           160.272887   L40
3567     L40          0.035677             0.796631          0.760955       2132.902318              0.281811                 0.868758              0.586947           208.276515   L40
1111     L40          0.035677             0.934930          0.899253       2520.543719              0.281811                 0.925842              0.644031           228.532786   L40


2024-07-02 01:49:08,518 - INFO R2 [mean] conjunto de predição CARBONO:
2024-07-02 01:49:08,518 - INFO ====================================================
2024-07-02 01:49:08,518 - INFO ====>>>>> R2 [mean]: 0.514076463668004 <<<<<====
2024-07-02 01:49:08,518 - INFO ====>>>>> MAE [mean]: 0.5214693294330517 <<<<<====
2024-07-02 01:49:08,518 - INFO ====>>>>> MSE [mean]: 0.4379632847915132 <<<<<====
2024-07-02 01:49:08,518 - INFO ====================================================
2024-07-02 01:49:08,518 - INFO 

2024-07-02 01:49:08,521 - INFO R2 [median] conjunto de predição CARBONO:
2024-07-02 01:49:08,521 - INFO ====================================================
2024-07-02 01:49:08,521 - INFO ====>>>>> R2 [median]: 0.5103413584171805 <<<<<====
2024-07-02 01:49:08,521 - INFO ====>>>>> MAE [median]: 0.5172716291729659 <<<<<====
2024-07-02 01:49:08,521 - INFO ====>>>>> MSE [median]: 0.44132973824022 <<<<<====
2024-07-02 01:49:08,521 - INFO ====================================================
2024-07-02 01:49:08,521 - INFO 

2024-07-02 01:49:08,524 - INFO R2 [mean] conjunto de predição NITROGENIO:
2024-07-02 01:49:08,524 - INFO ====================================================
2024-07-02 01:49:08,524 - INFO ====>>>>> R2 [mean]: 0.6208272964143144 <<<<<====
2024-07-02 01:49:08,524 - INFO ====>>>>> MAE [mean]: 0.47059035132160254 <<<<<====
2024-07-02 01:49:08,524 - INFO ====>>>>> MSE [mean]: 0.3393562865853602 <<<<<====
2024-07-02 01:49:08,524 - INFO ====================================================
2024-07-02 01:49:08,524 - INFO 

2024-07-02 01:49:08,526 - INFO R2 [median] conjunto de predição NITROGENIO:
2024-07-02 01:49:08,527 - INFO ====================================================
2024-07-02 01:49:08,527 - INFO ====>>>>> R2 [median]: 0.6187740449188932 <<<<<====
2024-07-02 01:49:08,527 - INFO ====>>>>> MAE [median]: 0.466036182414022 <<<<<====
2024-07-02 01:49:08,527 - INFO ====>>>>> MSE [median]: 0.34119392889537564 <<<<<====
2024-07-02 01:49:08,527 - INFO ====================================================
2024-07-02 01:49:08,527 - INFO 

2024-07-02 01:49:08,528 - INFO #######################
2024-07-02 01:49:08,528 - INFO Info parameters: 
2024-07-02 01:49:08,528 - INFO  -e (--epochs): 100
2024-07-02 01:49:08,528 - INFO  -G (--grid_search_trials): 0
2024-07-02 01:49:08,528 - INFO  -i (--amount_image_train): 8930
2024-07-02 01:49:08,528 - INFO  -I (--amount_image_test): 3843
2024-07-02 01:49:08,528 - INFO  -L (--log_level): 0
2024-07-02 01:49:08,528 - INFO  -m (--model): 0 - ResNet50
2024-07-02 01:49:08,528 - INFO  -M (--show_model): False
2024-07-02 01:49:08,528 - INFO  -n (--name): ResNet50_Normalize4_Epochs100_Patience10_Separed_Preprocess
2024-07-02 01:49:08,528 - INFO  -N (--normalize): NormalizeEnum.StandardScaler
2024-07-02 01:49:08,528 - INFO  -p (--preprocess): False
2024-07-02 01:49:08,528 - INFO  -P (--patience): 10
2024-07-02 01:49:08,528 - INFO  -S (--separed): False
2024-07-02 01:49:08,529 - INFO  -t (--trainable): False
2024-07-02 01:49:08,529 - INFO  -T (--Test): False
2024-07-02 01:49:08,529 - INFO #######################
