2024-07-03 00:46:47,986 - INFO Parâmetros:
2024-07-03 00:46:47,986 - INFO Namespace(epochs=100, grid_search_trials=0, amount_image_train=8930, amount_image_test=3843, log_level=0, model=21, show_model=False, name='EfficientNetV2S_21_Normalize3_Epochs100_Patience10_Separed_Preprocess', normalize=3, preprocess=True, patience=10, separed=False, trainable=False, Test=False)
2024-07-03 00:46:55,860 - DEBUG Quantidade de GPU disponíveis: [PhysicalDevice(name='/physical_device:GPU:0', device_type='GPU'), PhysicalDevice(name='/physical_device:GPU:1', device_type='GPU')]
2024-07-03 00:46:56,701 - INFO Modelo: EfficientNetV2S
2024-07-03 00:46:56,710 - INFO Embaralhamento de dados->random_state: 33
2024-07-03 00:46:56,715 - INFO Embaralhamento de dados->random_state: 35
2024-07-03 00:46:56,716 - INFO Informações básicas do Dataset com normalização StandardScaler ...
2024-07-03 00:46:56,725 - DEBUG Load df_train: 8930
  amostra       arquivo  teor_carbono  teor_nitrogenio
0     C35  C35B-136.png     -1.438475        -1.199029
1     L11  L11B-169.png     -1.402166        -1.286137
2     C43   C43A-59.png      0.260794        -0.240838
3     C20  C20A-102.png     -0.697768        -0.763488
4     L16   L16B-40.png      0.362459         0.368919
2024-07-03 00:46:56,728 - DEBUG Load df_test: 3843
  amostra       arquivo  teor_carbono  teor_nitrogenio
0      C3    C3B-70.png      1.560661         1.065785
1     L23  L23A-118.png      1.066857         1.152894
2     C41   C41B-58.png     -0.741339        -0.589271
3     L17  L17A-135.png      0.856264         0.891569
4     C37   C37B-85.png     -1.242405        -1.111921
2024-07-03 00:46:56,728 - INFO Iniciando o Treinamento...

2024-07-03 00:46:56,728 - INFO Separando Treino e Validação...

2024-07-03 00:46:56,739 - INFO Quantidade de Imagens para Treino e Validação: 7115, 1786

2024-07-03 00:46:56,739 - INFO Carregando imagens ...

2024-07-03 00:47:21,095 - DEBUG Limitando Dados:

2024-07-03 00:47:21,095 - DEBUG 
Train X: 7115
Validate X: 1786
Train Y: (7115, 2)
Validate Y: (1786, 2)
2024-07-03 00:47:21,100 - INFO DataFrame Info Treino:
       teor_carbono  teor_nitrogenio
count   7115.000000      7115.000000
mean      -0.076007        -0.088426
std        0.959302         0.955197
min       -1.743472        -1.547462
25%       -0.937408        -0.850596
50%       -0.000632         0.020486
75%        0.696504         0.456028
max        2.766125         2.895059

2024-07-03 00:47:21,104 - INFO DataFrame Info Validate:
       teor_carbono  teor_nitrogenio
count   1786.000000      1786.000000
mean       0.105961         0.126762
std        1.225979         1.223807
min       -1.794304        -1.460354
25%       -0.951932        -1.024813
50%        0.231746         0.194703
75%        1.117690         1.327110
max        2.773387         2.982167

2024-07-03 00:47:21,104 - INFO Iniciando o treino
2024-07-03 00:47:21,104 - INFO Modelo Selecionado: EfficientNetV2S
2024-07-03 00:47:27,524 - INFO Executando sem o GridSearch

2024-07-03 00:53:47,154 - INFO Modelo Salvo!!!
2024-07-03 00:53:47,166 - INFO Iniciando o Test...

2024-07-03 00:56:55,334 - DEBUG 
Test X: 3843
Test Y: (3843, 2)
2024-07-03 00:56:55,339 - INFO DataFrame Info:
       teor_carbono  teor_nitrogenio
count   3843.000000      3843.000000
mean       0.090007         0.103832
std        0.941941         0.945817
min       -1.808828        -1.634570
25%       -0.741339        -0.676380
50%        0.282579         0.194703
75%        0.986977         1.065785
max        1.560661         1.501327

2024-07-03 00:56:55,339 - INFO 
Iniciando predição completa para o R2...

2024-07-03 00:57:10,376 - INFO 
2024-07-03 00:57:10,376 - INFO ====================================================
2024-07-03 00:57:10,376 - INFO ********** R2 Modelo: 0.45392915819042595 **********
2024-07-03 00:57:10,376 - INFO ********** MAE: 0.5462191270902059 **********
2024-07-03 00:57:10,377 - INFO ********** MSE: 0.4861668819175051 **********
2024-07-03 00:57:10,377 - INFO ====================================================
2024-07-03 00:57:10,377 - INFO 

2024-07-03 00:57:10,377 - INFO Alguns exemplos de predições ...
2024-07-03 00:57:10,570 - INFO 
Melhores resultados ...


2024-07-03 00:57:10,576 - INFO 
     amostra  teor_cabono_real  teor_cabono_predict  teor_cabono_diff  error_carbono(%)  teor_nitrogenio_real  teor_nitrogenio_predict  teor_nitrogenio_diff  error_nitrogenio(%) grupo
30       C23          0.362459             0.362521          0.000061          0.016899              0.456028                 0.382198              0.073829            16.189654   C23
1393     L33          0.986977             0.988014          0.001037          0.105096              1.327110                 1.101952              0.225158            16.966039   L33
1060      L7         -0.988241            -0.986605          0.001637          0.165602             -1.547462                -1.073381              0.474081            30.636045    L7
3275      L7         -0.988241            -0.985047          0.003195          0.323257             -1.547462                -1.217121              0.330341            21.347276    L7
1036      C8          0.406030             0.407507          0.001477          0.363676             -0.153730                 0.389796              0.543527           353.558996    C8

2024-07-03 00:57:10,576 - INFO 
Piores resultados ...


2024-07-03 00:57:10,582 - INFO 
     amostra  teor_cabono_real  teor_cabono_predict  teor_cabono_diff  error_carbono(%)  teor_nitrogenio_real  teor_nitrogenio_predict  teor_nitrogenio_diff  error_nitrogenio(%) grupo
2863     L40          0.035677             0.686309          0.650632       1823.676628              0.281811                 0.651294              0.369483           131.110030   L40
558      L40          0.035677             0.729385          0.693708       1944.415086              0.281811                 0.480027              0.198215            70.336213   L40
1454     C10          0.079248            -1.465868          1.545116       1949.724149             -0.240838                -1.487974              1.247136           517.831029   C10
3681     L40          0.035677             0.770191          0.734514       2058.791273              0.281811                 0.769924              0.488113           173.205778   L40
3042     L40          0.035677            -0.755147          0.790824       2216.624567              0.281811                -0.801610              1.083421           384.449352   L40


2024-07-03 00:57:10,585 - INFO R2 [mean] conjunto de predição CARBONO:
2024-07-03 00:57:10,585 - INFO ====================================================
2024-07-03 00:57:10,585 - INFO ====>>>>> R2 [mean]: 0.4868561162569993 <<<<<====
2024-07-03 00:57:10,585 - INFO ====>>>>> MAE [mean]: 0.5349972729829904 <<<<<====
2024-07-03 00:57:10,585 - INFO ====>>>>> MSE [mean]: 0.46249700640392893 <<<<<====
2024-07-03 00:57:10,585 - INFO ====================================================
2024-07-03 00:57:10,585 - INFO 

2024-07-03 00:57:10,588 - INFO R2 [median] conjunto de predição CARBONO:
2024-07-03 00:57:10,588 - INFO ====================================================
2024-07-03 00:57:10,588 - INFO ====>>>>> R2 [median]: 0.50213595799576 <<<<<====
2024-07-03 00:57:10,588 - INFO ====>>>>> MAE [median]: 0.5290150177601874 <<<<<====
2024-07-03 00:57:10,588 - INFO ====>>>>> MSE [median]: 0.4487252724197781 <<<<<====
2024-07-03 00:57:10,588 - INFO ====================================================
2024-07-03 00:57:10,588 - INFO 

2024-07-03 00:57:10,590 - INFO R2 [mean] conjunto de predição NITROGENIO:
2024-07-03 00:57:10,590 - INFO ====================================================
2024-07-03 00:57:10,591 - INFO ====>>>>> R2 [mean]: 0.6184082274570747 <<<<<====
2024-07-03 00:57:10,591 - INFO ====>>>>> MAE [mean]: 0.47827420951089394 <<<<<====
2024-07-03 00:57:10,591 - INFO ====>>>>> MSE [mean]: 0.3415213323562178 <<<<<====
2024-07-03 00:57:10,591 - INFO ====================================================
2024-07-03 00:57:10,591 - INFO 

2024-07-03 00:57:10,593 - INFO R2 [median] conjunto de predição NITROGENIO:
2024-07-03 00:57:10,593 - INFO ====================================================
2024-07-03 00:57:10,593 - INFO ====>>>>> R2 [median]: 0.6219915110719125 <<<<<====
2024-07-03 00:57:10,593 - INFO ====>>>>> MAE [median]: 0.4858768183407729 <<<<<====
2024-07-03 00:57:10,593 - INFO ====>>>>> MSE [median]: 0.3383143245473375 <<<<<====
2024-07-03 00:57:10,593 - INFO ====================================================
2024-07-03 00:57:10,593 - INFO 

2024-07-03 00:57:10,594 - INFO #######################
2024-07-03 00:57:10,594 - INFO Info parameters: 
2024-07-03 00:57:10,594 - INFO  -e (--epochs): 100
2024-07-03 00:57:10,594 - INFO  -G (--grid_search_trials): 0
2024-07-03 00:57:10,594 - INFO  -i (--amount_image_train): 8930
2024-07-03 00:57:10,595 - INFO  -I (--amount_image_test): 3843
2024-07-03 00:57:10,595 - INFO  -L (--log_level): 0
2024-07-03 00:57:10,595 - INFO  -m (--model): 21 - EfficientNetV2S
2024-07-03 00:57:10,595 - INFO  -M (--show_model): False
2024-07-03 00:57:10,595 - INFO  -n (--name): EfficientNetV2S_21_Normalize3_Epochs100_Patience10_Separed_Preprocess
2024-07-03 00:57:10,595 - INFO  -N (--normalize): NormalizeEnum.StandardScaler
2024-07-03 00:57:10,595 - INFO  -p (--preprocess): True
2024-07-03 00:57:10,595 - INFO  -P (--patience): 10
2024-07-03 00:57:10,595 - INFO  -S (--separed): False
2024-07-03 00:57:10,595 - INFO  -t (--trainable): False
2024-07-03 00:57:10,595 - INFO  -T (--Test): False
2024-07-03 00:57:10,595 - INFO #######################
