2024-07-03 10:20:53,326 - INFO Parâmetros:
2024-07-03 10:20:53,326 - INFO Namespace(epochs=100, grid_search_trials=0, amount_image_train=8930, amount_image_test=3843, log_level=0, model=50, show_model=False, name='VGG19_50_Normalize4_Epochs100_Patience10_Separed', normalize=3, preprocess=False, patience=10, separed=False, trainable=False, Test=False)
2024-07-03 10:21:02,348 - DEBUG Quantidade de GPU disponíveis: [PhysicalDevice(name='/physical_device:GPU:0', device_type='GPU'), PhysicalDevice(name='/physical_device:GPU:1', device_type='GPU')]
2024-07-03 10:21:03,151 - INFO Modelo: VGG19
2024-07-03 10:21:03,159 - INFO Embaralhamento de dados->random_state: 12
2024-07-03 10:21:03,164 - INFO Embaralhamento de dados->random_state: 59
2024-07-03 10:21:03,165 - INFO Informações básicas do Dataset com normalização StandardScaler ...
2024-07-03 10:21:03,175 - DEBUG Load df_train: 8930
  amostra       arquivo  teor_carbono  teor_nitrogenio
0      C1   C1A-153.png      0.943406         0.368919
1      C6   C6B-125.png      1.168523         0.194703
2     C14  C14A-105.png     -0.973718        -0.937704
3     C47   C47B-87.png     -0.821219        -1.024813
4     C47   C47A-73.png     -0.821219        -1.024813
2024-07-03 10:21:03,178 - DEBUG Load df_test: 3843
  amostra       arquivo  teor_carbono  teor_nitrogenio
0     L37   L37B-89.png      1.233879         1.240002
1      L5    L5B-88.png     -1.467522        -1.373246
2      L2    L2B-70.png     -0.291105        -0.850596
3     L23  L23B-138.png      1.066857         1.152894
4     C39  C39A-168.png     -0.813957        -0.676380
2024-07-03 10:21:03,178 - INFO Iniciando o Treinamento...

2024-07-03 10:21:03,178 - INFO Separando Treino e Validação...

2024-07-03 10:21:03,190 - INFO Quantidade de Imagens para Treino e Validação: 7115, 1786

2024-07-03 10:21:03,190 - INFO Carregando imagens ...

2024-07-03 10:21:28,019 - DEBUG Limitando Dados:

2024-07-03 10:21:28,019 - DEBUG 
Train X: 7115
Validate X: 1786
Train Y: (7115, 2)
Validate Y: (1786, 2)
2024-07-03 10:21:28,024 - INFO DataFrame Info Treino:
       teor_carbono  teor_nitrogenio
count   7115.000000      7115.000000
mean      -0.076007        -0.088426
std        0.959302         0.955197
min       -1.743472        -1.547462
25%       -0.937408        -0.850596
50%       -0.000632         0.020486
75%        0.696504         0.456028
max        2.766125         2.895059

2024-07-03 10:21:28,028 - INFO DataFrame Info Validate:
       teor_carbono  teor_nitrogenio
count   1786.000000      1786.000000
mean       0.114402         0.134176
std        1.226137         1.226437
min       -1.794304        -1.460354
25%       -0.951932        -1.024813
50%        0.231746         0.194703
75%        1.117690         1.327110
max        2.773387         2.982167

2024-07-03 10:21:28,028 - INFO Iniciando o treino
2024-07-03 10:21:28,028 - INFO Modelo Selecionado: VGG19
2024-07-03 10:21:28,616 - INFO Executando sem o GridSearch

2024-07-03 10:21:30,239 - DEBUG 
Usando batch_size=32

2024-07-03 10:26:41,536 - INFO Modelo Salvo!!!
2024-07-03 10:26:41,548 - INFO Iniciando o Test...

2024-07-03 10:29:54,757 - DEBUG 
Test X: 3843
Test Y: (3843, 2)
2024-07-03 10:29:54,773 - INFO DataFrame Info:
       teor_carbono  teor_nitrogenio
count   3843.000000      3843.000000
mean       0.090007         0.103832
std        0.941941         0.945817
min       -1.808828        -1.634570
25%       -0.741339        -0.676380
50%        0.282579         0.194703
75%        0.986977         1.065785
max        1.560661         1.501327

2024-07-03 10:29:54,774 - INFO 
Iniciando predição completa para o R2...

2024-07-03 10:30:06,673 - INFO 
2024-07-03 10:30:06,673 - INFO ====================================================
2024-07-03 10:30:06,673 - INFO ********** R2 Modelo: 0.43326813495063327 **********
2024-07-03 10:30:06,674 - INFO ********** MAE: 0.5833287759052332 **********
2024-07-03 10:30:06,674 - INFO ********** MSE: 0.5046150518870023 **********
2024-07-03 10:30:06,674 - INFO ====================================================
2024-07-03 10:30:06,674 - INFO 

2024-07-03 10:30:06,674 - INFO Alguns exemplos de predições ...
2024-07-03 10:30:06,866 - INFO 
Melhores resultados ...


2024-07-03 10:30:06,872 - INFO 
     amostra  teor_cabono_real  teor_cabono_predict  teor_cabono_diff  error_carbono(%)  teor_nitrogenio_real  teor_nitrogenio_predict  teor_nitrogenio_diff  error_nitrogenio(%) grupo
3735      C8          0.406030             0.405977          0.000053          0.013046             -0.153730                 0.292278              0.446008           290.124377    C8
391      C39         -0.813957            -0.814746          0.000789          0.096886             -0.676380                -0.747641              0.071261            10.535680   C39
220      C23          0.362459             0.363021          0.000562          0.155091              0.456028                 0.342499              0.113528            24.895024   C23
218      C41         -0.741339            -0.739005          0.002334          0.314805             -0.589271                -0.722230              0.132959            22.563234   C41
3307     L17          0.856264             0.859388          0.003124          0.364869              0.891569                 0.895730              0.004161             0.466704   L17

2024-07-03 10:30:06,873 - INFO 
Piores resultados ...


2024-07-03 10:30:06,879 - INFO 
     amostra  teor_cabono_real  teor_cabono_predict  teor_cabono_diff  error_carbono(%)  teor_nitrogenio_real  teor_nitrogenio_predict  teor_nitrogenio_diff  error_nitrogenio(%) grupo
2370     L40          0.035677             0.744589          0.708912       1987.030536              0.281811                 0.674468              0.392657           139.333389   L40
2933     L40          0.035677             0.763814          0.728137       2040.917874              0.281811                 0.657516              0.375705           133.317916   L40
1134     L40          0.035677             0.773483          0.737806       2068.019422              0.281811                 0.733230              0.451419           160.184858   L40
1994     L40          0.035677             0.890549          0.854872       2396.146980              0.281811                 0.795962              0.514151           182.445273   L40
3182     L40          0.035677             0.896987          0.861310       2414.193127              0.281811                 0.793608              0.511797           181.609868   L40


2024-07-03 10:30:06,881 - INFO R2 [mean] conjunto de predição CARBONO:
2024-07-03 10:30:06,881 - INFO ====================================================
2024-07-03 10:30:06,881 - INFO ====>>>>> R2 [mean]: 0.47839715434409213 <<<<<====
2024-07-03 10:30:06,881 - INFO ====>>>>> MAE [mean]: 0.5633560063068854 <<<<<====
2024-07-03 10:30:06,882 - INFO ====>>>>> MSE [mean]: 0.4701210757652698 <<<<<====
2024-07-03 10:30:06,882 - INFO ====================================================
2024-07-03 10:30:06,882 - INFO 

2024-07-03 10:30:06,884 - INFO R2 [median] conjunto de predição CARBONO:
2024-07-03 10:30:06,884 - INFO ====================================================
2024-07-03 10:30:06,884 - INFO ====>>>>> R2 [median]: 0.4901378381843 <<<<<====
2024-07-03 10:30:06,884 - INFO ====>>>>> MAE [median]: 0.5535418038072658 <<<<<====
2024-07-03 10:30:06,884 - INFO ====>>>>> MSE [median]: 0.45953918771932223 <<<<<====
2024-07-03 10:30:06,884 - INFO ====================================================
2024-07-03 10:30:06,884 - INFO 

2024-07-03 10:30:06,887 - INFO R2 [mean] conjunto de predição NITROGENIO:
2024-07-03 10:30:06,887 - INFO ====================================================
2024-07-03 10:30:06,887 - INFO ====>>>>> R2 [mean]: 0.5848169950834512 <<<<<====
2024-07-03 10:30:06,887 - INFO ====>>>>> MAE [mean]: 0.5154933520973526 <<<<<====
2024-07-03 10:30:06,887 - INFO ====>>>>> MSE [mean]: 0.3715851944758779 <<<<<====
2024-07-03 10:30:06,887 - INFO ====================================================
2024-07-03 10:30:06,887 - INFO 

2024-07-03 10:30:06,889 - INFO R2 [median] conjunto de predição NITROGENIO:
2024-07-03 10:30:06,889 - INFO ====================================================
2024-07-03 10:30:06,890 - INFO ====>>>>> R2 [median]: 0.6136469570103751 <<<<<====
2024-07-03 10:30:06,890 - INFO ====>>>>> MAE [median]: 0.500758489932034 <<<<<====
2024-07-03 10:30:06,890 - INFO ====>>>>> MSE [median]: 0.34578262817983835 <<<<<====
2024-07-03 10:30:06,890 - INFO ====================================================
2024-07-03 10:30:06,890 - INFO 

2024-07-03 10:30:06,890 - INFO #######################
2024-07-03 10:30:06,891 - INFO Info parameters: 
2024-07-03 10:30:06,891 - INFO  -e (--epochs): 100
2024-07-03 10:30:06,891 - INFO  -G (--grid_search_trials): 0
2024-07-03 10:30:06,891 - INFO  -i (--amount_image_train): 8930
2024-07-03 10:30:06,891 - INFO  -I (--amount_image_test): 3843
2024-07-03 10:30:06,891 - INFO  -L (--log_level): 0
2024-07-03 10:30:06,891 - INFO  -m (--model): 50 - VGG19
2024-07-03 10:30:06,891 - INFO  -M (--show_model): False
2024-07-03 10:30:06,891 - INFO  -n (--name): VGG19_50_Normalize4_Epochs100_Patience10_Separed
2024-07-03 10:30:06,891 - INFO  -N (--normalize): NormalizeEnum.StandardScaler
2024-07-03 10:30:06,891 - INFO  -p (--preprocess): False
2024-07-03 10:30:06,891 - INFO  -P (--patience): 10
2024-07-03 10:30:06,891 - INFO  -S (--separed): False
2024-07-03 10:30:06,891 - INFO  -t (--trainable): False
2024-07-03 10:30:06,891 - INFO  -T (--Test): False
2024-07-03 10:30:06,891 - INFO #######################
