2024-07-03 09:13:11,916 - INFO Parâmetros:
2024-07-03 09:13:11,916 - INFO Namespace(epochs=100, grid_search_trials=0, amount_image_train=8930, amount_image_test=3843, log_level=0, model=50, show_model=False, name='VGG19_50_Normalize4_Epochs100_Patience10_Separed_Preprocess', normalize=3, preprocess=True, patience=10, separed=False, trainable=False, Test=False)
2024-07-03 09:13:18,669 - DEBUG Quantidade de GPU disponíveis: [PhysicalDevice(name='/physical_device:GPU:0', device_type='GPU'), PhysicalDevice(name='/physical_device:GPU:1', device_type='GPU')]
2024-07-03 09:13:19,465 - INFO Modelo: VGG19
2024-07-03 09:13:19,474 - INFO Embaralhamento de dados->random_state: 45
2024-07-03 09:13:19,479 - INFO Embaralhamento de dados->random_state: 11
2024-07-03 09:13:19,480 - INFO Informações básicas do Dataset com normalização StandardScaler ...
2024-07-03 09:13:19,489 - DEBUG Load df_train: 8930
  amostra       arquivo  teor_carbono  teor_nitrogenio
0     L22  L22B-125.png      0.231746         0.194703
1      L8   L8A-101.png     -0.203963        -0.763488
2     L35  L35A-121.png      0.681980         0.717352
3     L19  L19A-186.png      1.299236         1.501327
4     C29   C29A-90.png     -0.269320         0.020486
2024-07-03 09:13:19,492 - DEBUG Load df_test: 3843
  amostra       arquivo  teor_carbono  teor_nitrogenio
0      C9   C9B-140.png      0.362459         0.020486
1      C4    C4A-91.png      0.522220        -0.066622
2     L20  L20B-102.png      0.347936         0.368919
3     L37   L37B-75.png      1.233879         1.240002
4     C12  C12A-169.png      0.282579        -0.066622
2024-07-03 09:13:19,493 - INFO Iniciando o Treinamento...

2024-07-03 09:13:19,493 - INFO Separando Treino e Validação...

2024-07-03 09:13:19,503 - INFO Quantidade de Imagens para Treino e Validação: 7115, 1786

2024-07-03 09:13:19,503 - INFO Carregando imagens ...

2024-07-03 09:13:45,097 - DEBUG Limitando Dados:

2024-07-03 09:13:45,097 - DEBUG 
Train X: 7115
Validate X: 1786
Train Y: (7115, 2)
Validate Y: (1786, 2)
2024-07-03 09:13:45,102 - INFO DataFrame Info Treino:
       teor_carbono  teor_nitrogenio
count   7115.000000      7115.000000
mean      -0.076007        -0.088426
std        0.959302         0.955197
min       -1.743472        -1.547462
25%       -0.937408        -0.850596
50%       -0.000632         0.020486
75%        0.696504         0.456028
max        2.766125         2.895059

2024-07-03 09:13:45,106 - INFO DataFrame Info Validate:
       teor_carbono  teor_nitrogenio
count   1786.000000      1786.000000
mean       0.106864         0.126665
std        1.228443         1.226896
min       -1.794304        -1.460354
25%       -0.951932        -1.024813
50%        0.231746         0.194703
75%        1.117690         1.327110
max        2.773387         2.982167

2024-07-03 09:13:45,106 - INFO Iniciando o treino
2024-07-03 09:13:45,106 - INFO Modelo Selecionado: VGG19
2024-07-03 09:13:45,689 - INFO Executando sem o GridSearch

2024-07-03 09:13:49,114 - DEBUG 
Usando batch_size=32

2024-07-03 09:22:46,948 - INFO Modelo Salvo!!!
2024-07-03 09:22:46,960 - INFO Iniciando o Test...

2024-07-03 09:25:52,704 - DEBUG 
Test X: 3843
Test Y: (3843, 2)
2024-07-03 09:25:52,709 - INFO DataFrame Info:
       teor_carbono  teor_nitrogenio
count   3843.000000      3843.000000
mean       0.090007         0.103832
std        0.941941         0.945817
min       -1.808828        -1.634570
25%       -0.741339        -0.676380
50%        0.282579         0.194703
75%        0.986977         1.065785
max        1.560661         1.501327

2024-07-03 09:25:52,709 - INFO 
Iniciando predição completa para o R2...

2024-07-03 09:26:05,047 - INFO 
2024-07-03 09:26:05,047 - INFO ====================================================
2024-07-03 09:26:05,047 - INFO ********** R2 Modelo: 0.3688549331998275 **********
2024-07-03 09:26:05,047 - INFO ********** MAE: 0.6043506971366011 **********
2024-07-03 09:26:05,047 - INFO ********** MSE: 0.5619910604176903 **********
2024-07-03 09:26:05,047 - INFO ====================================================
2024-07-03 09:26:05,047 - INFO 

2024-07-03 09:26:05,047 - INFO Alguns exemplos de predições ...
2024-07-03 09:26:05,261 - INFO 
Melhores resultados ...


2024-07-03 09:26:05,267 - INFO 
     amostra  teor_cabono_real  teor_cabono_predict  teor_cabono_diff  error_carbono(%)  teor_nitrogenio_real  teor_nitrogenio_predict  teor_nitrogenio_diff  error_nitrogenio(%) grupo
2675     C12          0.282579             0.282497          0.000083          0.029212             -0.066622                 0.380170              0.446792           670.639326   C12
3157     C41         -0.741339            -0.740648          0.000691          0.093163             -0.589271                -0.626947              0.037676             6.393669   C41
937       L7         -0.988241            -0.989244          0.001002          0.101437             -1.547462                -0.930311              0.617151            39.881496    L7
1730      C4          0.522220             0.523644          0.001424          0.272689             -0.066622                 0.397576              0.464198           696.765478    C4
2155     L33          0.986977             0.990024          0.003047          0.308705              1.327110                 1.045079              0.282032            21.251558   L33

2024-07-03 09:26:05,268 - INFO 
Piores resultados ...


2024-07-03 09:26:05,274 - INFO 
     amostra  teor_cabono_real  teor_cabono_predict  teor_cabono_diff  error_carbono(%)  teor_nitrogenio_real  teor_nitrogenio_predict  teor_nitrogenio_diff  error_nitrogenio(%) grupo
2115     L40          0.035677             0.934569          0.898892       2519.532291              0.281811                 0.967623              0.685812           243.358610   L40
1559     L40          0.035677             0.948940          0.913263       2559.812804              0.281811                 0.975436              0.693625           246.131152   L40
112      L40          0.035677             0.972701          0.937024       2626.412320              0.281811                 0.909000              0.627189           222.556357   L40
2209     L40          0.035677             1.243364          1.207687       3385.062033              0.281811                 1.283124              1.001313           355.313472   L40
773      L40          0.035677             1.617922          1.582245       4434.921862              0.281811                 1.708209              1.426398           506.153849   L40


2024-07-03 09:26:05,277 - INFO R2 [mean] conjunto de predição CARBONO:
2024-07-03 09:26:05,277 - INFO ====================================================
2024-07-03 09:26:05,277 - INFO ====>>>>> R2 [mean]: 0.4105616544896037 <<<<<====
2024-07-03 09:26:05,277 - INFO ====>>>>> MAE [mean]: 0.5938846304961871 <<<<<====
2024-07-03 09:26:05,277 - INFO ====>>>>> MSE [mean]: 0.5312612678333644 <<<<<====
2024-07-03 09:26:05,277 - INFO ====================================================
2024-07-03 09:26:05,277 - INFO 

2024-07-03 09:26:05,280 - INFO R2 [median] conjunto de predição CARBONO:
2024-07-03 09:26:05,280 - INFO ====================================================
2024-07-03 09:26:05,280 - INFO ====>>>>> R2 [median]: 0.42979094777026083 <<<<<====
2024-07-03 09:26:05,280 - INFO ====>>>>> MAE [median]: 0.582352782173725 <<<<<====
2024-07-03 09:26:05,280 - INFO ====>>>>> MSE [median]: 0.5139298899112584 <<<<<====
2024-07-03 09:26:05,280 - INFO ====================================================
2024-07-03 09:26:05,280 - INFO 

2024-07-03 09:26:05,282 - INFO R2 [mean] conjunto de predição NITROGENIO:
2024-07-03 09:26:05,282 - INFO ====================================================
2024-07-03 09:26:05,282 - INFO ====>>>>> R2 [mean]: 0.4835976383037426 <<<<<====
2024-07-03 09:26:05,283 - INFO ====>>>>> MAE [mean]: 0.5686728897553672 <<<<<====
2024-07-03 09:26:05,283 - INFO ====>>>>> MSE [mean]: 0.46217564237070724 <<<<<====
2024-07-03 09:26:05,283 - INFO ====================================================
2024-07-03 09:26:05,283 - INFO 

2024-07-03 09:26:05,285 - INFO R2 [median] conjunto de predição NITROGENIO:
2024-07-03 09:26:05,285 - INFO ====================================================
2024-07-03 09:26:05,285 - INFO ====>>>>> R2 [median]: 0.5084985547846728 <<<<<====
2024-07-03 09:26:05,285 - INFO ====>>>>> MAE [median]: 0.563919208786641 <<<<<====
2024-07-03 09:26:05,285 - INFO ====>>>>> MSE [median]: 0.4398895377286017 <<<<<====
2024-07-03 09:26:05,285 - INFO ====================================================
2024-07-03 09:26:05,286 - INFO 

2024-07-03 09:26:05,286 - INFO #######################
2024-07-03 09:26:05,286 - INFO Info parameters: 
2024-07-03 09:26:05,286 - INFO  -e (--epochs): 100
2024-07-03 09:26:05,286 - INFO  -G (--grid_search_trials): 0
2024-07-03 09:26:05,286 - INFO  -i (--amount_image_train): 8930
2024-07-03 09:26:05,287 - INFO  -I (--amount_image_test): 3843
2024-07-03 09:26:05,287 - INFO  -L (--log_level): 0
2024-07-03 09:26:05,287 - INFO  -m (--model): 50 - VGG19
2024-07-03 09:26:05,287 - INFO  -M (--show_model): False
2024-07-03 09:26:05,287 - INFO  -n (--name): VGG19_50_Normalize4_Epochs100_Patience10_Separed_Preprocess
2024-07-03 09:26:05,287 - INFO  -N (--normalize): NormalizeEnum.StandardScaler
2024-07-03 09:26:05,287 - INFO  -p (--preprocess): True
2024-07-03 09:26:05,287 - INFO  -P (--patience): 10
2024-07-03 09:26:05,287 - INFO  -S (--separed): False
2024-07-03 09:26:05,287 - INFO  -t (--trainable): False
2024-07-03 09:26:05,287 - INFO  -T (--Test): False
2024-07-03 09:26:05,287 - INFO #######################
