2024-07-02 21:00:19,650 - INFO Parâmetros:
2024-07-02 21:00:19,650 - INFO Namespace(epochs=100, grid_search_trials=0, amount_image_train=8930, amount_image_test=3843, log_level=0, model=1, show_model=False, name='ResNet101_1_Normalize2_Epochs100_Patience10_Separed_Preprocess', normalize=2, preprocess=True, patience=10, separed=False, trainable=False, Test=False)
2024-07-02 21:00:27,618 - DEBUG Quantidade de GPU disponíveis: [PhysicalDevice(name='/physical_device:GPU:0', device_type='GPU'), PhysicalDevice(name='/physical_device:GPU:1', device_type='GPU')]
2024-07-02 21:00:28,663 - INFO Modelo: ResNet101
2024-07-02 21:00:28,675 - INFO Embaralhamento de dados->random_state: 73
2024-07-02 21:00:28,680 - INFO Embaralhamento de dados->random_state: 36
2024-07-02 21:00:28,682 - INFO Informações básicas do Dataset com normalização RobustScaler ...
2024-07-02 21:00:28,692 - DEBUG Load df_train: 8930
  amostra       arquivo  teor_carbono  teor_nitrogenio
0     C11   C11A-93.png      0.267281         0.166667
1     L35   L35A-24.png      0.341014         0.444444
2     C49  C49A-167.png     -0.838710        -0.833333
3     L14  L14B-100.png      0.138249         0.222222
4     L38  L38A-170.png      0.188940         0.277778
2024-07-02 21:00:28,696 - DEBUG Load df_test: 3843
  amostra       arquivo  teor_carbono  teor_nitrogenio
0     L33  L33B-103.png      0.534562         0.833333
1     L29   L29A-52.png      0.824885         0.944444
2     C26  C26B-135.png     -0.488479        -0.111111
3      C8    C8B-90.png      0.165899        -0.111111
4     C10  C10B-153.png     -0.041475        -0.166667
2024-07-02 21:00:28,696 - INFO Iniciando o Treinamento...

2024-07-02 21:00:28,696 - INFO Separando Treino e Validação...

2024-07-02 21:00:28,708 - INFO Quantidade de Imagens para Treino e Validação: 7115, 1786

2024-07-02 21:00:28,708 - INFO Carregando imagens ...

2024-07-02 21:00:58,598 - DEBUG Limitando Dados:

2024-07-02 21:00:58,598 - DEBUG 
Train X: 7115
Validate X: 1786
Train Y: (7115, 2)
Validate Y: (1786, 2)
2024-07-02 21:00:58,604 - INFO DataFrame Info Treino:
       teor_carbono  teor_nitrogenio
count   7115.000000      7115.000000
mean      -0.139998        -0.069462
std        0.608764         0.609202
min       -1.198157        -1.000000
25%       -0.686636        -0.555556
50%       -0.092166         0.000000
75%        0.350230         0.277778
max        1.663594         1.833333

2024-07-02 21:00:58,609 - INFO DataFrame Info Validate:
       teor_carbono  teor_nitrogenio
count   1786.000000      1786.000000
mean      -0.022853         0.068433
std        0.777602         0.780851
min       -1.230415        -0.944444
25%       -0.695853        -0.666667
50%        0.055300         0.111111
75%        0.617512         0.833333
max        1.668203         1.888889

2024-07-02 21:00:58,609 - INFO Iniciando o treino
2024-07-02 21:00:58,609 - INFO Modelo Selecionado: ResNet101
2024-07-02 21:01:04,746 - INFO Executando sem o GridSearch

2024-07-02 21:15:54,303 - INFO Modelo Salvo!!!
2024-07-02 21:15:54,326 - INFO Iniciando o Test...

2024-07-02 21:19:34,096 - DEBUG 
Test X: 3843
Test Y: (3843, 2)
2024-07-02 21:19:34,120 - INFO DataFrame Info:
       teor_carbono  teor_nitrogenio
count   3843.000000      3843.000000
mean      -0.034647         0.053156
std        0.597747         0.603219
min       -1.239631        -1.055556
25%       -0.562212        -0.444444
50%        0.087558         0.111111
75%        0.534562         0.666667
max        0.898618         0.944444

2024-07-02 21:19:34,121 - INFO 
Iniciando predição completa para o R2...

2024-07-02 21:19:51,586 - INFO 
2024-07-02 21:19:51,586 - INFO ====================================================
2024-07-02 21:19:51,586 - INFO ********** R2 Modelo: 0.2832277493001909 **********
2024-07-02 21:19:51,586 - INFO ********** MAE: 0.39415753528840924 **********
2024-07-02 21:19:51,586 - INFO ********** MSE: 0.25825961560816985 **********
2024-07-02 21:19:51,586 - INFO ====================================================
2024-07-02 21:19:51,587 - INFO 

2024-07-02 21:19:51,587 - INFO Alguns exemplos de predições ...
2024-07-02 21:19:51,791 - INFO 
Melhores resultados ...


2024-07-02 21:19:51,798 - INFO 
     amostra  teor_cabono_real  teor_cabono_predict  teor_cabono_diff  error_carbono(%)  teor_nitrogenio_real  teor_nitrogenio_predict  teor_nitrogenio_diff  error_nitrogenio(%) grupo
1544      L7         -0.718894            -0.719300          0.000406          0.056437             -1.000000                -0.696933              0.303067            30.306685    L7
708      C41         -0.562212            -0.562784          0.000572          0.101747             -0.388889                -0.449740              0.060851            15.647511   C41
2892      L2         -0.276498            -0.275614          0.000883          0.319455             -0.555556                -0.280491              0.275065            49.511691    L2
2459      L7         -0.718894            -0.715644          0.003250          0.452142             -1.000000                -0.669825              0.330175            33.017451    L7
654      C12          0.087558             0.087965          0.000407          0.464741             -0.055556                 0.087737              0.143292           257.925838   C12

2024-07-02 21:19:51,798 - INFO 
Piores resultados ...


2024-07-02 21:19:51,805 - INFO 
     amostra  teor_cabono_real  teor_cabono_predict  teor_cabono_diff  error_carbono(%)  teor_nitrogenio_real  teor_nitrogenio_predict  teor_nitrogenio_diff  error_nitrogenio(%) grupo
2731     C10         -0.041475            -0.725927          0.684453       1650.291794             -0.166667                -0.646822              0.480155           288.093150   C10
272      C10         -0.041475            -0.746300          0.704825       1699.411317             -0.166667                -0.701821              0.535154           321.092331   C10
1502     C10         -0.041475            -0.746550          0.705075       1700.015057             -0.166667                -0.694797              0.528131           316.878331   C10
4        C10         -0.041475            -0.788412          0.746937       1800.949017             -0.166667                -0.712784              0.546117           327.670145   C10
1794     C10         -0.041475            -0.789654          0.748180       1803.944148             -0.166667                -0.710886              0.544219           326.531601   C10


2024-07-02 21:19:51,808 - INFO R2 [mean] conjunto de predição CARBONO:
2024-07-02 21:19:51,809 - INFO ====================================================
2024-07-02 21:19:51,809 - INFO ====>>>>> R2 [mean]: 0.2903237961966556 <<<<<====
2024-07-02 21:19:51,809 - INFO ====>>>>> MAE [mean]: 0.39286165476992363 <<<<<====
2024-07-02 21:19:51,809 - INFO ====>>>>> MSE [mean]: 0.25758362657134154 <<<<<====
2024-07-02 21:19:51,809 - INFO ====================================================
2024-07-02 21:19:51,809 - INFO 

2024-07-02 21:19:51,812 - INFO R2 [median] conjunto de predição CARBONO:
2024-07-02 21:19:51,812 - INFO ====================================================
2024-07-02 21:19:51,812 - INFO ====>>>>> R2 [median]: 0.306015051224767 <<<<<====
2024-07-02 21:19:51,812 - INFO ====>>>>> MAE [median]: 0.3902262858995594 <<<<<====
2024-07-02 21:19:51,813 - INFO ====>>>>> MSE [median]: 0.2518883385598011 <<<<<====
2024-07-02 21:19:51,813 - INFO ====================================================
2024-07-02 21:19:51,813 - INFO 

2024-07-02 21:19:51,815 - INFO R2 [mean] conjunto de predição NITROGENIO:
2024-07-02 21:19:51,816 - INFO ====================================================
2024-07-02 21:19:51,816 - INFO ====>>>>> R2 [mean]: 0.383561428865964 <<<<<====
2024-07-02 21:19:51,816 - INFO ====>>>>> MAE [mean]: 0.3758151245153981 <<<<<====
2024-07-02 21:19:51,816 - INFO ====>>>>> MSE [mean]: 0.22441145056449402 <<<<<====
2024-07-02 21:19:51,816 - INFO ====================================================
2024-07-02 21:19:51,816 - INFO 

2024-07-02 21:19:51,819 - INFO R2 [median] conjunto de predição NITROGENIO:
2024-07-02 21:19:51,819 - INFO ====================================================
2024-07-02 21:19:51,819 - INFO ====>>>>> R2 [median]: 0.36757362441179364 <<<<<====
2024-07-02 21:19:51,819 - INFO ====>>>>> MAE [median]: 0.380567820765722 <<<<<====
2024-07-02 21:19:51,819 - INFO ====>>>>> MSE [median]: 0.2302317326767918 <<<<<====
2024-07-02 21:19:51,819 - INFO ====================================================
2024-07-02 21:19:51,819 - INFO 

2024-07-02 21:19:51,820 - INFO #######################
2024-07-02 21:19:51,820 - INFO Info parameters: 
2024-07-02 21:19:51,820 - INFO  -e (--epochs): 100
2024-07-02 21:19:51,821 - INFO  -G (--grid_search_trials): 0
2024-07-02 21:19:51,821 - INFO  -i (--amount_image_train): 8930
2024-07-02 21:19:51,821 - INFO  -I (--amount_image_test): 3843
2024-07-02 21:19:51,821 - INFO  -L (--log_level): 0
2024-07-02 21:19:51,821 - INFO  -m (--model): 1 - ResNet101
2024-07-02 21:19:51,821 - INFO  -M (--show_model): False
2024-07-02 21:19:51,821 - INFO  -n (--name): ResNet101_1_Normalize2_Epochs100_Patience10_Separed_Preprocess
2024-07-02 21:19:51,821 - INFO  -N (--normalize): NormalizeEnum.RobustScaler
2024-07-02 21:19:51,821 - INFO  -p (--preprocess): True
2024-07-02 21:19:51,821 - INFO  -P (--patience): 10
2024-07-02 21:19:51,821 - INFO  -S (--separed): False
2024-07-02 21:19:51,821 - INFO  -t (--trainable): False
2024-07-02 21:19:51,821 - INFO  -T (--Test): False
2024-07-02 21:19:51,821 - INFO #######################
