2024-07-02 22:45:16,978 - INFO Parâmetros:
2024-07-02 22:45:16,978 - INFO Namespace(epochs=100, grid_search_trials=0, amount_image_train=8930, amount_image_test=3843, log_level=0, model=1, show_model=False, name='ResNet101_1_Normalize4_Epochs100_Patience10_Separed_Preprocess', normalize=3, preprocess=False, patience=10, separed=False, trainable=False, Test=False)
2024-07-02 22:45:26,384 - DEBUG Quantidade de GPU disponíveis: [PhysicalDevice(name='/physical_device:GPU:0', device_type='GPU'), PhysicalDevice(name='/physical_device:GPU:1', device_type='GPU')]
2024-07-02 22:45:27,448 - INFO Modelo: ResNet101
2024-07-02 22:45:27,458 - INFO Embaralhamento de dados->random_state: 27
2024-07-02 22:45:27,464 - INFO Embaralhamento de dados->random_state: 12
2024-07-02 22:45:27,465 - INFO Informações básicas do Dataset com normalização StandardScaler ...
2024-07-02 22:45:27,475 - DEBUG Load df_train: 8930
  amostra       arquivo  teor_carbono  teor_nitrogenio
0     L19   L19B-57.png      1.299236         1.501327
1      L3    L3B-42.png     -0.538008        -1.024813
2     C36   C36B-69.png     -1.743472        -1.547462
3     C47  C47B-120.png     -0.821219        -1.024813
4      L9    L9A-87.png     -0.712292        -1.024813
2024-07-02 22:45:27,479 - DEBUG Load df_test: 3843
  amostra       arquivo  teor_carbono  teor_nitrogenio
0      L2   L2B-151.png     -0.291105        -0.850596
1     C23   C23A-87.png      0.362459         0.456028
2     L37  L37A-169.png      1.233879         1.240002
3     L23   L23B-93.png      1.066857         1.152894
4     L37  L37B-115.png      1.233879         1.240002
2024-07-02 22:45:27,479 - INFO Iniciando o Treinamento...

2024-07-02 22:45:27,479 - INFO Separando Treino e Validação...

2024-07-02 22:45:27,492 - INFO Quantidade de Imagens para Treino e Validação: 7115, 1786

2024-07-02 22:45:27,492 - INFO Carregando imagens ...

2024-07-02 22:45:56,971 - DEBUG Limitando Dados:

2024-07-02 22:45:56,971 - DEBUG 
Train X: 7115
Validate X: 1786
Train Y: (7115, 2)
Validate Y: (1786, 2)
2024-07-02 22:45:56,976 - INFO DataFrame Info Treino:
       teor_carbono  teor_nitrogenio
count   7115.000000      7115.000000
mean      -0.076007        -0.088426
std        0.959302         0.955197
min       -1.743472        -1.547462
25%       -0.937408        -0.850596
50%       -0.000632         0.020486
75%        0.696504         0.456028
max        2.766125         2.895059

2024-07-02 22:45:56,981 - INFO DataFrame Info Validate:
       teor_carbono  teor_nitrogenio
count   1786.000000      1786.000000
mean       0.106266         0.126372
std        1.228248         1.226866
min       -1.794304        -1.460354
25%       -0.951932        -1.024813
50%        0.231746         0.194703
75%        1.117690         1.327110
max        2.773387         2.982167

2024-07-02 22:45:56,981 - INFO Iniciando o treino
2024-07-02 22:45:56,982 - INFO Modelo Selecionado: ResNet101
2024-07-02 22:46:03,078 - INFO Executando sem o GridSearch

2024-07-02 22:52:41,295 - INFO Modelo Salvo!!!
2024-07-02 22:52:41,319 - INFO Iniciando o Test...

2024-07-02 22:56:21,300 - DEBUG 
Test X: 3843
Test Y: (3843, 2)
2024-07-02 22:56:21,324 - INFO DataFrame Info:
       teor_carbono  teor_nitrogenio
count   3843.000000      3843.000000
mean       0.090007         0.103832
std        0.941941         0.945817
min       -1.808828        -1.634570
25%       -0.741339        -0.676380
50%        0.282579         0.194703
75%        0.986977         1.065785
max        1.560661         1.501327

2024-07-02 22:56:21,325 - INFO 
Iniciando predição completa para o R2...

2024-07-02 22:56:38,980 - INFO 
2024-07-02 22:56:38,980 - INFO ====================================================
2024-07-02 22:56:38,980 - INFO ********** R2 Modelo: 0.45222822811915236 **********
2024-07-02 22:56:38,980 - INFO ********** MAE: 0.5570144687655072 **********
2024-07-02 22:56:38,980 - INFO ********** MSE: 0.4876769631307975 **********
2024-07-02 22:56:38,980 - INFO ====================================================
2024-07-02 22:56:38,980 - INFO 

2024-07-02 22:56:38,980 - INFO Alguns exemplos de predições ...
2024-07-02 22:56:39,197 - INFO 
Melhores resultados ...


2024-07-02 22:56:39,204 - INFO 
     amostra  teor_cabono_real  teor_cabono_predict  teor_cabono_diff  error_carbono(%)  teor_nitrogenio_real  teor_nitrogenio_predict  teor_nitrogenio_diff  error_nitrogenio(%) grupo
1686      C8          0.406030             0.405907          0.000123          0.030258             -0.153730                 0.317399              0.471129           306.465010    C8
924      L17          0.856264             0.856783          0.000519          0.060610              0.891569                 0.817625              0.073944             8.293672   L17
3027     L17          0.856264             0.857072          0.000808          0.094378              0.891569                 1.086360              0.194791            21.848114   L17
462       L7         -0.988241            -0.987300          0.000941          0.095270             -1.547462                -1.312439              0.235023            15.187660    L7
331       L7         -0.988241            -0.987086          0.001155          0.116887             -1.547462                -1.290139              0.257323            16.628707    L7

2024-07-02 22:56:39,204 - INFO 
Piores resultados ...


2024-07-02 22:56:39,211 - INFO 
     amostra  teor_cabono_real  teor_cabono_predict  teor_cabono_diff  error_carbono(%)  teor_nitrogenio_real  teor_nitrogenio_predict  teor_nitrogenio_diff  error_nitrogenio(%) grupo
868      L40          0.035677             0.761329          0.725652       2033.952991              0.281811                 0.798618              0.516807           183.387530   L40
3388     L40          0.035677             0.857030          0.821353       2302.195649              0.281811                 0.916672              0.634861           225.278794   L40
1732     L40          0.035677             0.869443          0.833767       2336.989326              0.281811                 0.939394              0.657583           233.341726   L40
730      L40          0.035677             0.962529          0.926852       2597.901055              0.281811                 1.003411              0.721600           256.057998   L40
2262     L40          0.035677             0.989137          0.953460       2672.482563              0.281811                 1.014831              0.733020           260.110361   L40


2024-07-02 22:56:39,215 - INFO R2 [mean] conjunto de predição CARBONO:
2024-07-02 22:56:39,215 - INFO ====================================================
2024-07-02 22:56:39,215 - INFO ====>>>>> R2 [mean]: 0.4947087847954298 <<<<<====
2024-07-02 22:56:39,215 - INFO ====>>>>> MAE [mean]: 0.5681979775525142 <<<<<====
2024-07-02 22:56:39,215 - INFO ====>>>>> MSE [mean]: 0.45541938976195545 <<<<<====
2024-07-02 22:56:39,215 - INFO ====================================================
2024-07-02 22:56:39,215 - INFO 

2024-07-02 22:56:39,218 - INFO R2 [median] conjunto de predição CARBONO:
2024-07-02 22:56:39,218 - INFO ====================================================
2024-07-02 22:56:39,218 - INFO ====>>>>> R2 [median]: 0.5008698940267986 <<<<<====
2024-07-02 22:56:39,219 - INFO ====>>>>> MAE [median]: 0.5603805892393722 <<<<<====
2024-07-02 22:56:39,219 - INFO ====>>>>> MSE [median]: 0.4498663769210914 <<<<<====
2024-07-02 22:56:39,219 - INFO ====================================================
2024-07-02 22:56:39,219 - INFO 

2024-07-02 22:56:39,222 - INFO R2 [mean] conjunto de predição NITROGENIO:
2024-07-02 22:56:39,222 - INFO ====================================================
2024-07-02 22:56:39,222 - INFO ====>>>>> R2 [mean]: 0.6350249814103419 <<<<<====
2024-07-02 22:56:39,222 - INFO ====>>>>> MAE [mean]: 0.464682394019034 <<<<<====
2024-07-02 22:56:39,222 - INFO ====>>>>> MSE [mean]: 0.32664948144670447 <<<<<====
2024-07-02 22:56:39,222 - INFO ====================================================
2024-07-02 22:56:39,222 - INFO 

2024-07-02 22:56:39,225 - INFO R2 [median] conjunto de predição NITROGENIO:
2024-07-02 22:56:39,225 - INFO ====================================================
2024-07-02 22:56:39,225 - INFO ====>>>>> R2 [median]: 0.6363302365432661 <<<<<====
2024-07-02 22:56:39,225 - INFO ====>>>>> MAE [median]: 0.4573262893348034 <<<<<====
2024-07-02 22:56:39,225 - INFO ====>>>>> MSE [median]: 0.325481289404485 <<<<<====
2024-07-02 22:56:39,225 - INFO ====================================================
2024-07-02 22:56:39,225 - INFO 

2024-07-02 22:56:39,226 - INFO #######################
2024-07-02 22:56:39,227 - INFO Info parameters: 
2024-07-02 22:56:39,227 - INFO  -e (--epochs): 100
2024-07-02 22:56:39,227 - INFO  -G (--grid_search_trials): 0
2024-07-02 22:56:39,227 - INFO  -i (--amount_image_train): 8930
2024-07-02 22:56:39,227 - INFO  -I (--amount_image_test): 3843
2024-07-02 22:56:39,227 - INFO  -L (--log_level): 0
2024-07-02 22:56:39,227 - INFO  -m (--model): 1 - ResNet101
2024-07-02 22:56:39,227 - INFO  -M (--show_model): False
2024-07-02 22:56:39,227 - INFO  -n (--name): ResNet101_1_Normalize4_Epochs100_Patience10_Separed_Preprocess
2024-07-02 22:56:39,227 - INFO  -N (--normalize): NormalizeEnum.StandardScaler
2024-07-02 22:56:39,227 - INFO  -p (--preprocess): False
2024-07-02 22:56:39,227 - INFO  -P (--patience): 10
2024-07-02 22:56:39,227 - INFO  -S (--separed): False
2024-07-02 22:56:39,227 - INFO  -t (--trainable): False
2024-07-02 22:56:39,227 - INFO  -T (--Test): False
2024-07-02 22:56:39,228 - INFO #######################
