2024-07-02 19:49:35,924 - INFO Parâmetros:
2024-07-02 19:49:35,924 - INFO Namespace(epochs=100, grid_search_trials=0, amount_image_train=8930, amount_image_test=3843, log_level=0, model=10, show_model=False, name='ConvNeXtBase_10_Normalize4_Epochs100_Patience10_Separed_Preprocess', normalize=3, preprocess=False, patience=10, separed=False, trainable=False, Test=False)
2024-07-02 19:49:44,449 - DEBUG Quantidade de GPU disponíveis: [PhysicalDevice(name='/physical_device:GPU:0', device_type='GPU'), PhysicalDevice(name='/physical_device:GPU:1', device_type='GPU')]
2024-07-02 19:49:45,531 - INFO Modelo: ConvNeXtBase
2024-07-02 19:49:45,541 - INFO Embaralhamento de dados->random_state: 82
2024-07-02 19:49:45,546 - INFO Embaralhamento de dados->random_state: 95
2024-07-02 19:49:45,548 - INFO Informações básicas do Dataset com normalização StandardScaler ...
2024-07-02 19:49:45,557 - DEBUG Load df_train: 8930
  amostra       arquivo  teor_carbono  teor_nitrogenio
0     C38  C38B-102.png     -0.843005        -0.676380
1     C13  C13B-120.png     -0.661459        -0.763488
2     C42  C42B-107.png     -0.937408        -0.937704
3     C18   C18A-60.png     -1.082645        -0.850596
4     C31  C31B-103.png     -0.356462        -0.415055
2024-07-02 19:49:45,561 - DEBUG Load df_test: 3843
  amostra       arquivo  teor_carbono  teor_nitrogenio
0     C46   C46A-92.png     -0.247534         0.804461
1     L40  L40B-106.png      0.035677         0.281811
2      L7    L7A-90.png     -0.988241        -1.547462
3     L17  L17B-132.png      0.856264         0.891569
4      L7   L7B-171.png     -0.988241        -1.547462
2024-07-02 19:49:45,561 - INFO Iniciando o Treinamento...

2024-07-02 19:49:45,561 - INFO Separando Treino e Validação...

2024-07-02 19:49:45,574 - INFO Quantidade de Imagens para Treino e Validação: 7115, 1786

2024-07-02 19:49:45,574 - INFO Carregando imagens ...

2024-07-02 19:50:13,448 - DEBUG Limitando Dados:

2024-07-02 19:50:13,448 - DEBUG 
Train X: 7115
Validate X: 1786
Train Y: (7115, 2)
Validate Y: (1786, 2)
2024-07-02 19:50:13,454 - INFO DataFrame Info Treino:
       teor_carbono  teor_nitrogenio
count   7115.000000      7115.000000
mean      -0.076007        -0.088426
std        0.959302         0.955197
min       -1.743472        -1.547462
25%       -0.937408        -0.850596
50%       -0.000632         0.020486
75%        0.696504         0.456028
max        2.766125         2.895059

2024-07-02 19:50:13,459 - INFO DataFrame Info Validate:
       teor_carbono  teor_nitrogenio
count   1786.000000      1786.000000
mean       0.102562         0.122080
std        1.222413         1.220637
min       -1.794304        -1.460354
25%       -0.951932        -1.024813
50%        0.231746         0.194703
75%        1.117690         1.327110
max        2.773387         2.982167

2024-07-02 19:50:13,459 - INFO Iniciando o treino
2024-07-02 19:50:13,459 - INFO Modelo Selecionado: ConvNeXtBase
2024-07-02 19:50:19,258 - INFO Executando sem o GridSearch

2024-07-02 20:06:05,413 - INFO Modelo Salvo!!!
2024-07-02 20:06:05,431 - INFO Iniciando o Test...

2024-07-02 20:09:47,060 - DEBUG 
Test X: 3843
Test Y: (3843, 2)
2024-07-02 20:09:47,084 - INFO DataFrame Info:
       teor_carbono  teor_nitrogenio
count   3843.000000      3843.000000
mean       0.090007         0.103832
std        0.941941         0.945817
min       -1.808828        -1.634570
25%       -0.741339        -0.676380
50%        0.282579         0.194703
75%        0.986977         1.065785
max        1.560661         1.501327

2024-07-02 20:09:47,084 - INFO 
Iniciando predição completa para o R2...

2024-07-02 20:10:26,644 - INFO 
2024-07-02 20:10:26,644 - INFO ====================================================
2024-07-02 20:10:26,644 - INFO ********** R2 Modelo: 0.41291562338037935 **********
2024-07-02 20:10:26,645 - INFO ********** MAE: 0.5742239372500955 **********
2024-07-02 20:10:26,645 - INFO ********** MSE: 0.5226845663592401 **********
2024-07-02 20:10:26,645 - INFO ====================================================
2024-07-02 20:10:26,645 - INFO 

2024-07-02 20:10:26,645 - INFO Alguns exemplos de predições ...
2024-07-02 20:10:26,848 - INFO 
Melhores resultados ...


2024-07-02 20:10:26,855 - INFO 
     amostra  teor_cabono_real  teor_cabono_predict  teor_cabono_diff  error_carbono(%)  teor_nitrogenio_real  teor_nitrogenio_predict  teor_nitrogenio_diff  error_nitrogenio(%) grupo
3490     L20          0.347936             0.348183          0.000247          0.071030              0.368919                 0.537649              0.168730            45.736192   L20
699      C46         -0.247534            -0.248031          0.000497          0.200721              0.804461                -0.305027              1.109488           137.917011   C46
2843      C8          0.406030             0.405180          0.000850          0.209426             -0.153730                 0.229055              0.382785           248.998395    C8
3086     L20          0.347936             0.347130          0.000806          0.231563              0.368919                 0.505436              0.136517            37.004548   L20
1677     L33          0.986977             0.989540          0.002563          0.259649              1.327110                 1.175437              0.151673            11.428828   L33

2024-07-02 20:10:26,855 - INFO 
Piores resultados ...


2024-07-02 20:10:26,862 - INFO 
     amostra  teor_cabono_real  teor_cabono_predict  teor_cabono_diff  error_carbono(%)  teor_nitrogenio_real  teor_nitrogenio_predict  teor_nitrogenio_diff  error_nitrogenio(%) grupo
723      C10          0.079248            -0.720752          0.800000       1009.489618             -0.240838                -0.644723              0.403884           167.699423   C10
2201     L40          0.035677             0.423051          0.387374       1085.781062              0.281811                 0.536798              0.254987            90.481603   L40
1892     C10          0.079248            -0.784098          0.863345       1089.423294             -0.240838                -0.759358              0.518519           215.297740   C10
830      L40          0.035677             0.427736          0.392059       1098.913498              0.281811                 0.468854              0.187043            66.371688   L40
1209     C10          0.079248            -0.844532          0.923780       1165.683123             -0.240838                -0.815284              0.574446           238.519261   C10


2024-07-02 20:10:26,866 - INFO R2 [mean] conjunto de predição CARBONO:
2024-07-02 20:10:26,866 - INFO ====================================================
2024-07-02 20:10:26,866 - INFO ====>>>>> R2 [mean]: 0.40474277444629947 <<<<<====
2024-07-02 20:10:26,866 - INFO ====>>>>> MAE [mean]: 0.6048176993478099 <<<<<====
2024-07-02 20:10:26,866 - INFO ====>>>>> MSE [mean]: 0.536505829224258 <<<<<====
2024-07-02 20:10:26,866 - INFO ====================================================
2024-07-02 20:10:26,866 - INFO 

2024-07-02 20:10:26,869 - INFO R2 [median] conjunto de predição CARBONO:
2024-07-02 20:10:26,869 - INFO ====================================================
2024-07-02 20:10:26,869 - INFO ====>>>>> R2 [median]: 0.3985890864746623 <<<<<====
2024-07-02 20:10:26,869 - INFO ====>>>>> MAE [median]: 0.6076082850976874 <<<<<====
2024-07-02 20:10:26,870 - INFO ====>>>>> MSE [median]: 0.542052153277594 <<<<<====
2024-07-02 20:10:26,870 - INFO ====================================================
2024-07-02 20:10:26,870 - INFO 

2024-07-02 20:10:26,872 - INFO R2 [mean] conjunto de predição NITROGENIO:
2024-07-02 20:10:26,873 - INFO ====================================================
2024-07-02 20:10:26,873 - INFO ====>>>>> R2 [mean]: 0.5346360042424521 <<<<<====
2024-07-02 20:10:26,873 - INFO ====>>>>> MAE [mean]: 0.5167970596373554 <<<<<====
2024-07-02 20:10:26,873 - INFO ====>>>>> MSE [mean]: 0.41649674677892273 <<<<<====
2024-07-02 20:10:26,873 - INFO ====================================================
2024-07-02 20:10:26,873 - INFO 

2024-07-02 20:10:26,876 - INFO R2 [median] conjunto de predição NITROGENIO:
2024-07-02 20:10:26,876 - INFO ====================================================
2024-07-02 20:10:26,876 - INFO ====>>>>> R2 [median]: 0.5359852100385669 <<<<<====
2024-07-02 20:10:26,876 - INFO ====>>>>> MAE [median]: 0.5151144976598995 <<<<<====
2024-07-02 20:10:26,876 - INFO ====>>>>> MSE [median]: 0.4152892192737011 <<<<<====
2024-07-02 20:10:26,876 - INFO ====================================================
2024-07-02 20:10:26,876 - INFO 

2024-07-02 20:10:26,877 - INFO #######################
2024-07-02 20:10:26,878 - INFO Info parameters: 
2024-07-02 20:10:26,878 - INFO  -e (--epochs): 100
2024-07-02 20:10:26,878 - INFO  -G (--grid_search_trials): 0
2024-07-02 20:10:26,878 - INFO  -i (--amount_image_train): 8930
2024-07-02 20:10:26,878 - INFO  -I (--amount_image_test): 3843
2024-07-02 20:10:26,878 - INFO  -L (--log_level): 0
2024-07-02 20:10:26,878 - INFO  -m (--model): 10 - ConvNeXtBase
2024-07-02 20:10:26,878 - INFO  -M (--show_model): False
2024-07-02 20:10:26,878 - INFO  -n (--name): ConvNeXtBase_10_Normalize4_Epochs100_Patience10_Separed_Preprocess
2024-07-02 20:10:26,878 - INFO  -N (--normalize): NormalizeEnum.StandardScaler
2024-07-02 20:10:26,878 - INFO  -p (--preprocess): False
2024-07-02 20:10:26,878 - INFO  -P (--patience): 10
2024-07-02 20:10:26,878 - INFO  -S (--separed): False
2024-07-02 20:10:26,878 - INFO  -t (--trainable): False
2024-07-02 20:10:26,879 - INFO  -T (--Test): False
2024-07-02 20:10:26,879 - INFO #######################
