2024-07-03 01:16:07,258 - INFO Parâmetros:
2024-07-03 01:16:07,258 - INFO Namespace(epochs=100, grid_search_trials=0, amount_image_train=8930, amount_image_test=3843, log_level=0, model=21, show_model=False, name='EfficientNetV2S_21_Normalize1_Epochs100_Patience10_Separed_Preprocess', normalize=1, preprocess=False, patience=10, separed=False, trainable=False, Test=False)
2024-07-03 01:16:14,900 - DEBUG Quantidade de GPU disponíveis: [PhysicalDevice(name='/physical_device:GPU:0', device_type='GPU'), PhysicalDevice(name='/physical_device:GPU:1', device_type='GPU')]
2024-07-03 01:16:15,724 - INFO Modelo: EfficientNetV2S
2024-07-03 01:16:15,733 - INFO Embaralhamento de dados->random_state: 1
2024-07-03 01:16:15,738 - INFO Embaralhamento de dados->random_state: 57
2024-07-03 01:16:15,739 - INFO Informações básicas do Dataset com normalização MinMaxScaler ...
2024-07-03 01:16:15,748 - DEBUG Load df_train: 8930
  amostra       arquivo  teor_carbono  teor_nitrogenio
0     L27   L27B-88.png      0.575277         0.660377
1      C7   C7B-155.png      0.660856         0.452830
2     C30  C30A-150.png      0.232964         0.264151
3     C32  C32B-121.png      0.063391         0.056604
4     L36   L36B-88.png      0.443740         0.415094
2024-07-03 01:16:15,751 - DEBUG Load df_test: 3843
  amostra       arquivo  teor_carbono  teor_nitrogenio
0     C41   C41B-91.png      0.232964         0.226415
1     C39   C39B-71.png      0.217116         0.207547
2     L12   L12B-76.png      0.052298         0.094340
3     C39  C39B-101.png      0.217116         0.207547
4     L37   L37B-41.png      0.664025         0.622642
2024-07-03 01:16:15,751 - INFO Iniciando o Treinamento...

2024-07-03 01:16:15,751 - INFO Separando Treino e Validação...

2024-07-03 01:16:15,761 - INFO Quantidade de Imagens para Treino e Validação: 7115, 1786

2024-07-03 01:16:15,761 - INFO Carregando imagens ...

2024-07-03 01:16:39,822 - DEBUG Limitando Dados:

2024-07-03 01:16:39,823 - DEBUG 
Train X: 7115
Validate X: 1786
Train Y: (7115, 2)
Validate Y: (1786, 2)
2024-07-03 01:16:39,827 - INFO DataFrame Info Treino:
       teor_carbono  teor_nitrogenio
count   7115.000000      7115.000000
mean       0.378162         0.334900
std        0.209353         0.206899
min        0.014263         0.018868
25%        0.190174         0.169811
50%        0.394612         0.358491
75%        0.546751         0.452830
max        0.998415         0.981132

2024-07-03 01:16:39,831 - INFO DataFrame Info Validate:
       teor_carbono  teor_nitrogenio
count   1786.000000      1786.000000
mean       0.417218         0.380718
std        0.267220         0.265033
min        0.003170         0.037736
25%        0.187005         0.132075
50%        0.445325         0.396226
75%        0.638669         0.641509
max        1.000000         1.000000

2024-07-03 01:16:39,831 - INFO Iniciando o treino
2024-07-03 01:16:39,831 - INFO Modelo Selecionado: EfficientNetV2S
2024-07-03 01:16:46,248 - INFO Executando sem o GridSearch

2024-07-03 01:28:23,956 - INFO Modelo Salvo!!!
2024-07-03 01:28:23,968 - INFO Iniciando o Test...

2024-07-03 01:31:37,159 - DEBUG 
Test X: 3843
Test Y: (3843, 2)
2024-07-03 01:31:37,164 - INFO DataFrame Info:
       teor_carbono  teor_nitrogenio
count   3843.000000      3843.000000
mean       0.414392         0.376543
std        0.205564         0.204867
min        0.000000         0.000000
25%        0.232964         0.207547
50%        0.456418         0.396226
75%        0.610143         0.584906
max        0.735341         0.679245

2024-07-03 01:31:37,164 - INFO 
Iniciando predição completa para o R2...

2024-07-03 01:31:52,317 - INFO 
2024-07-03 01:31:52,317 - INFO ====================================================
2024-07-03 01:31:52,317 - INFO ********** R2 Modelo: 0.31495239994880136 **********
2024-07-03 01:31:52,317 - INFO ********** MAE: 0.1281934368640539 **********
2024-07-03 01:31:52,317 - INFO ********** MSE: 0.028852185226334637 **********
2024-07-03 01:31:52,317 - INFO ====================================================
2024-07-03 01:31:52,317 - INFO 

2024-07-03 01:31:52,318 - INFO Alguns exemplos de predições ...
2024-07-03 01:31:52,853 - INFO 
Melhores resultados ...


2024-07-03 01:31:52,859 - INFO 
     amostra  teor_cabono_real  teor_cabono_predict  teor_cabono_diff  error_carbono(%)  teor_nitrogenio_real  teor_nitrogenio_predict  teor_nitrogenio_diff  error_nitrogenio(%) grupo
2202     L20          0.470681             0.470660          0.000021          0.004527              0.433962                 0.451072              0.017110             3.942749   L20
2176     L26          0.413629             0.413415          0.000214          0.051787              0.396226                 0.403438              0.007211             1.819992   L26
1697     C39          0.217116             0.217281          0.000165          0.075995              0.207547                 0.211924              0.004376             2.108615   C39
2518     L26          0.413629             0.413967          0.000338          0.081680              0.396226                 0.385857              0.010369             2.616979   L26
1840     L20          0.470681             0.471072          0.000391          0.083054              0.433962                 0.452832              0.018870             4.348205   L20

2024-07-03 01:31:52,859 - INFO 
Piores resultados ...


2024-07-03 01:31:52,866 - INFO 
     amostra  teor_cabono_real  teor_cabono_predict  teor_cabono_diff  error_carbono(%)  teor_nitrogenio_real  teor_nitrogenio_predict  teor_nitrogenio_diff  error_nitrogenio(%) grupo
2467     C51               0.0             0.678108          0.678108               inf                   0.0                 0.668247              0.668247                  inf   C51
153      C51               0.0             0.311146          0.311146               inf                   0.0                 0.269112              0.269112                  inf   C51
1360     C51               0.0             0.425755          0.425755               inf                   0.0                 0.402499              0.402499                  inf   C51
145      C51               0.0             0.396232          0.396232               inf                   0.0                 0.366473              0.366473                  inf   C51
1217     C51               0.0             0.432203          0.432203               inf                   0.0                 0.397087              0.397087                  inf   C51


2024-07-03 01:31:52,869 - INFO R2 [mean] conjunto de predição CARBONO:
2024-07-03 01:31:52,869 - INFO ====================================================
2024-07-03 01:31:52,869 - INFO ====>>>>> R2 [mean]: 0.36126547052963565 <<<<<====
2024-07-03 01:31:52,869 - INFO ====>>>>> MAE [mean]: 0.13097361416584963 <<<<<====
2024-07-03 01:31:52,869 - INFO ====>>>>> MSE [mean]: 0.027418213502995364 <<<<<====
2024-07-03 01:31:52,869 - INFO ====================================================
2024-07-03 01:31:52,869 - INFO 

2024-07-03 01:31:52,872 - INFO R2 [median] conjunto de predição CARBONO:
2024-07-03 01:31:52,872 - INFO ====================================================
2024-07-03 01:31:52,872 - INFO ====>>>>> R2 [median]: 0.35666091026969304 <<<<<====
2024-07-03 01:31:52,872 - INFO ====>>>>> MAE [median]: 0.12945814434824435 <<<<<====
2024-07-03 01:31:52,872 - INFO ====>>>>> MSE [median]: 0.027615868100436966 <<<<<====
2024-07-03 01:31:52,872 - INFO ====================================================
2024-07-03 01:31:52,872 - INFO 

2024-07-03 01:31:52,875 - INFO R2 [mean] conjunto de predição NITROGENIO:
2024-07-03 01:31:52,875 - INFO ====================================================
2024-07-03 01:31:52,875 - INFO ====>>>>> R2 [mean]: 0.5257390071233886 <<<<<====
2024-07-03 01:31:52,875 - INFO ====>>>>> MAE [mean]: 0.10726668087441464 <<<<<====
2024-07-03 01:31:52,875 - INFO ====>>>>> MSE [mean]: 0.019914338506050417 <<<<<====
2024-07-03 01:31:52,875 - INFO ====================================================
2024-07-03 01:31:52,875 - INFO 

2024-07-03 01:31:52,877 - INFO R2 [median] conjunto de predição NITROGENIO:
2024-07-03 01:31:52,878 - INFO ====================================================
2024-07-03 01:31:52,878 - INFO ====>>>>> R2 [median]: 0.519395498152819 <<<<<====
2024-07-03 01:31:52,878 - INFO ====>>>>> MAE [median]: 0.10908027107818902 <<<<<====
2024-07-03 01:31:52,878 - INFO ====>>>>> MSE [median]: 0.02018070404496994 <<<<<====
2024-07-03 01:31:52,878 - INFO ====================================================
2024-07-03 01:31:52,878 - INFO 

2024-07-03 01:31:52,879 - INFO #######################
2024-07-03 01:31:52,879 - INFO Info parameters: 
2024-07-03 01:31:52,879 - INFO  -e (--epochs): 100
2024-07-03 01:31:52,879 - INFO  -G (--grid_search_trials): 0
2024-07-03 01:31:52,879 - INFO  -i (--amount_image_train): 8930
2024-07-03 01:31:52,879 - INFO  -I (--amount_image_test): 3843
2024-07-03 01:31:52,879 - INFO  -L (--log_level): 0
2024-07-03 01:31:52,879 - INFO  -m (--model): 21 - EfficientNetV2S
2024-07-03 01:31:52,879 - INFO  -M (--show_model): False
2024-07-03 01:31:52,879 - INFO  -n (--name): EfficientNetV2S_21_Normalize1_Epochs100_Patience10_Separed_Preprocess
2024-07-03 01:31:52,879 - INFO  -N (--normalize): NormalizeEnum.MinMaxScaler
2024-07-03 01:31:52,879 - INFO  -p (--preprocess): False
2024-07-03 01:31:52,880 - INFO  -P (--patience): 10
2024-07-03 01:31:52,880 - INFO  -S (--separed): False
2024-07-03 01:31:52,880 - INFO  -t (--trainable): False
2024-07-03 01:31:52,880 - INFO  -T (--Test): False
2024-07-03 01:31:52,880 - INFO #######################
