2024-07-02 01:02:11,834 - INFO Parâmetros:
2024-07-02 01:02:11,834 - INFO Namespace(epochs=100, grid_search_trials=0, amount_image_train=8930, amount_image_test=3843, log_level=0, model=0, show_model=False, name='ResNet50_Normalize0_Epochs100_Patience10_Separed_Preprocess', normalize=0, preprocess=False, patience=10, separed=False, trainable=False, Test=False)
2024-07-02 01:02:19,248 - DEBUG Quantidade de GPU disponíveis: [PhysicalDevice(name='/physical_device:GPU:0', device_type='GPU'), PhysicalDevice(name='/physical_device:GPU:1', device_type='GPU')]
2024-07-02 01:02:20,048 - INFO Modelo: ResNet50
2024-07-02 01:02:20,056 - INFO Embaralhamento de dados->random_state: 62
2024-07-02 01:02:20,062 - INFO Embaralhamento de dados->random_state: 53
2024-07-02 01:02:20,067 - INFO Informações básicas do Dataset com normalização NONE ...
2024-07-02 01:02:20,092 - DEBUG Load df_train: 8930
  amostra       arquivo  teor_carbono  teor_nitrogenio
0     C11  C11A-108.png          3.58             0.25
1     C40  C40B-118.png          1.28             0.09
2      L9   L9B-119.png          1.82             0.10
3     C44  C44B-150.png          2.37             0.15
4     L27  L27A-105.png          3.94             0.38
2024-07-02 01:02:20,101 - DEBUG Load df_test: 3843
  amostra       arquivo  teor_carbono  teor_nitrogenio
0     C23  C23B-121.png          3.30             0.27
1     C24  C24A-125.png          4.55             0.39
2     C37   C37B-58.png          1.09             0.09
3     L23   L23A-52.png          4.27             0.35
4     C24  C24A-168.png          4.55             0.39
2024-07-02 01:02:20,101 - INFO Iniciando o Treinamento...

2024-07-02 01:02:20,101 - INFO Separando Treino e Validação...

2024-07-02 01:02:20,118 - INFO Quantidade de Imagens para Treino e Validação: 7115, 1786

2024-07-02 01:02:20,118 - INFO Carregando imagens ...

2024-07-02 01:02:44,253 - DEBUG Limitando Dados:

2024-07-02 01:02:44,253 - DEBUG 
Train X: 7115
Validate X: 1786
Train Y: (7115, 2)
Validate Y: (1786, 2)
2024-07-02 01:02:44,258 - INFO DataFrame Info Treino:
       teor_carbono  teor_nitrogenio
count   7115.000000      7115.000000
mean       2.696204         0.207497
std        1.321019         0.109656
min        0.400000         0.040000
25%        1.510000         0.120000
50%        2.800000         0.220000
75%        3.760000         0.270000
max        6.610000         0.550000

2024-07-02 01:02:44,262 - INFO DataFrame Info Validate:
       teor_carbono  teor_nitrogenio
count   1786.000000      1786.000000
mean       2.955795         0.232833
std        1.690577         0.140903
min        0.330000         0.050000
25%        1.490000         0.100000
50%        3.120000         0.240000
75%        4.340000         0.370000
max        6.620000         0.560000

2024-07-02 01:02:44,262 - INFO Iniciando o treino
2024-07-02 01:02:44,262 - INFO Modelo Selecionado: ResNet50
2024-07-02 01:02:47,025 - INFO Executando sem o GridSearch

2024-07-02 01:09:45,587 - INFO Modelo Salvo!!!
2024-07-02 01:09:45,599 - INFO Iniciando o Test...

2024-07-02 01:12:59,002 - DEBUG 
Test X: 3843
Test Y: (3843, 2)
2024-07-02 01:12:59,007 - INFO DataFrame Info:
       teor_carbono  teor_nitrogenio
count   3843.000000      3843.000000
mean       2.924817         0.229568
std        1.297112         0.108579
min        0.310000         0.030000
25%        1.780000         0.140000
50%        3.190000         0.240000
75%        4.160000         0.340000
max        4.950000         0.390000

2024-07-02 01:12:59,007 - INFO 
Iniciando predição completa para o R2...

2024-07-02 01:13:10,264 - INFO 
2024-07-02 01:13:10,264 - INFO ====================================================
2024-07-02 01:13:10,265 - INFO ********** R2 Modelo: -0.11652867315287385 **********
2024-07-02 01:13:10,265 - INFO ********** MAE [mean]: 0.6395288824048682 **********
2024-07-02 01:13:10,265 - INFO ********** MSE [mean]: 1.0097155878949216 **********
2024-07-02 01:13:10,265 - INFO ====================================================
2024-07-02 01:13:10,265 - INFO 

2024-07-02 01:13:10,265 - INFO Alguns exemplos de predições ...
2024-07-02 01:13:10,455 - INFO 
Melhores resultados ...


2024-07-02 01:13:10,461 - INFO 
     amostra  teor_cabono_real  teor_cabono_predict  teor_cabono_diff  error_carbono(%)  teor_nitrogenio_real  teor_nitrogenio_predict  teor_nitrogenio_diff  error_nitrogenio(%) grupo
1754      L2              2.40             2.400738          0.000738          0.030740                  0.12                 0.196995              0.076995            64.162666    L2
1488      C8              3.36             3.361208          0.001208          0.035965                  0.20                 0.240748              0.040748            20.373957    C8
2711      L5              0.78             0.779598          0.000402          0.051539                  0.06                 0.068172              0.008172            13.620684    L5
1629     L26              2.92             2.921650          0.001650          0.056505                  0.24                 0.211951              0.028049            11.687126   L26
1020     C26              1.94             1.941573          0.001573          0.081096                  0.20                 0.145648              0.054352            27.175827   C26

2024-07-02 01:13:10,461 - INFO 
Piores resultados ...


2024-07-02 01:13:10,467 - INFO 
     amostra  teor_cabono_real  teor_cabono_predict  teor_cabono_diff  error_carbono(%)  teor_nitrogenio_real  teor_nitrogenio_predict  teor_nitrogenio_diff  error_nitrogenio(%) grupo
179      C51              0.31             4.555460          4.245460       1369.503372                  0.03                 0.371187              0.341187          1137.289906   C51
1342     C51              0.31             4.636189          4.326189       1395.544834                  0.03                 0.392550              0.362550          1208.500568   C51
960      C51              0.31             4.910146          4.600146       1483.918141                  0.03                 0.418013              0.388013          1293.375397   C51
2273     C51              0.31             4.982958          4.672958       1507.405909                  0.03                 0.427905              0.397905          1326.350872   C51
736      C51              0.31             5.219806          4.909806       1583.808450                  0.03                 0.448054              0.418054          1393.511796   C51


2024-07-02 01:13:10,470 - INFO R2 [mean] conjunto de predição CARBONO:
2024-07-02 01:13:10,470 - INFO ====================================================
2024-07-02 01:13:10,470 - INFO ====>>>>> R2 [mean]: -0.05275132955985806 <<<<<====
2024-07-02 01:13:10,470 - INFO ====>>>>> MAE [mean]: 1.1239351295541835 <<<<<====
2024-07-02 01:13:10,470 - INFO ====>>>>> MSE [mean]: 1.7992987431164025 <<<<<====
2024-07-02 01:13:10,470 - INFO ====================================================
2024-07-02 01:13:10,471 - INFO 

2024-07-02 01:13:10,473 - INFO R2 [median] conjunto de predição CARBONO:
2024-07-02 01:13:10,473 - INFO ====================================================
2024-07-02 01:13:10,473 - INFO ====>>>>> R2 [median]: -0.05437555827737062 <<<<<====
2024-07-02 01:13:10,473 - INFO ====>>>>> MAE [median]: 1.1230680497487386 <<<<<====
2024-07-02 01:13:10,473 - INFO ====>>>>> MSE [median]: 1.8020747763617617 <<<<<====
2024-07-02 01:13:10,473 - INFO ====================================================
2024-07-02 01:13:10,473 - INFO 

2024-07-02 01:13:10,476 - INFO R2 [mean] conjunto de predição NITROGENIO:
2024-07-02 01:13:10,476 - INFO ====================================================
2024-07-02 01:13:10,476 - INFO ====>>>>> R2 [mean]: 0.10819514858198087 <<<<<====
2024-07-02 01:13:10,476 - INFO ====>>>>> MAE [mean]: 0.08529374141384052 <<<<<====
2024-07-02 01:13:10,476 - INFO ====>>>>> MSE [mean]: 0.010518893272157723 <<<<<====
2024-07-02 01:13:10,476 - INFO ====================================================
2024-07-02 01:13:10,476 - INFO 

2024-07-02 01:13:10,479 - INFO R2 [median] conjunto de predição NITROGENIO:
2024-07-02 01:13:10,479 - INFO ====================================================
2024-07-02 01:13:10,479 - INFO ====>>>>> R2 [median]: 0.09891426591238273 <<<<<====
2024-07-02 01:13:10,479 - INFO ====>>>>> MAE [median]: 0.08548391651224206 <<<<<====
2024-07-02 01:13:10,479 - INFO ====>>>>> MSE [median]: 0.010628361856139624 <<<<<====
2024-07-02 01:13:10,479 - INFO ====================================================
2024-07-02 01:13:10,479 - INFO 

2024-07-02 01:13:10,480 - INFO #######################
2024-07-02 01:13:10,480 - INFO Info parameters: 
2024-07-02 01:13:10,480 - INFO  -e (--epochs): 100
2024-07-02 01:13:10,480 - INFO  -G (--grid_search_trials): 0
2024-07-02 01:13:10,480 - INFO  -i (--amount_image_train): 8930
2024-07-02 01:13:10,480 - INFO  -I (--amount_image_test): 3843
2024-07-02 01:13:10,480 - INFO  -L (--log_level): 0
2024-07-02 01:13:10,480 - INFO  -m (--model): 0 - ResNet50
2024-07-02 01:13:10,480 - INFO  -M (--show_model): False
2024-07-02 01:13:10,480 - INFO  -n (--name): ResNet50_Normalize0_Epochs100_Patience10_Separed_Preprocess
2024-07-02 01:13:10,480 - INFO  -N (--normalize): NormalizeEnum.NONE
2024-07-02 01:13:10,480 - INFO  -p (--preprocess): False
2024-07-02 01:13:10,480 - INFO  -P (--patience): 10
2024-07-02 01:13:10,480 - INFO  -S (--separed): False
2024-07-02 01:13:10,480 - INFO  -t (--trainable): False
2024-07-02 01:13:10,481 - INFO  -T (--Test): False
2024-07-02 01:13:10,481 - INFO #######################
