2024-07-03 08:10:37,710 - INFO Parâmetros:
2024-07-03 08:10:37,711 - INFO Namespace(epochs=100, grid_search_trials=0, amount_image_train=8930, amount_image_test=3843, log_level=0, model=50, show_model=False, name='VGG19_50_Normalize0_Epochs100_Patience10_Separed_Preprocess', normalize=0, preprocess=True, patience=10, separed=False, trainable=False, Test=False)
2024-07-03 08:10:44,539 - DEBUG Quantidade de GPU disponíveis: [PhysicalDevice(name='/physical_device:GPU:0', device_type='GPU'), PhysicalDevice(name='/physical_device:GPU:1', device_type='GPU')]
2024-07-03 08:10:45,348 - INFO Modelo: VGG19
2024-07-03 08:10:45,356 - INFO Embaralhamento de dados->random_state: 71
2024-07-03 08:10:45,367 - INFO Embaralhamento de dados->random_state: 52
2024-07-03 08:10:45,371 - INFO Informações básicas do Dataset com normalização NONE ...
2024-07-03 08:10:45,383 - DEBUG Load df_train: 8930
  amostra       arquivo  teor_carbono  teor_nitrogenio
0     C32  C32B-150.png          0.71             0.06
1      L1    L1A-56.png          3.92             0.23
2     C43   C43A-74.png          3.16             0.19
3      L3    L3B-89.png          2.06             0.10
4     L24   L24B-88.png          3.32             0.26
2024-07-03 08:10:45,387 - DEBUG Load df_test: 3843
  amostra       arquivo  teor_carbono  teor_nitrogenio
0     C12  C12A-137.png          3.19             0.21
1     L37  L37B-102.png          4.50             0.36
2     L40  L40B-185.png          2.85             0.25
3     C16  C16B-101.png          1.60             0.12
4      C8   C8B-101.png          3.36             0.20
2024-07-03 08:10:45,388 - INFO Iniciando o Treinamento...

2024-07-03 08:10:45,388 - INFO Separando Treino e Validação...

2024-07-03 08:10:45,401 - INFO Quantidade de Imagens para Treino e Validação: 7115, 1786

2024-07-03 08:10:45,401 - INFO Carregando imagens ...

2024-07-03 08:11:10,493 - DEBUG Limitando Dados:

2024-07-03 08:11:10,494 - DEBUG 
Train X: 7115
Validate X: 1786
Train Y: (7115, 2)
Validate Y: (1786, 2)
2024-07-03 08:11:10,498 - INFO DataFrame Info Treino:
       teor_carbono  teor_nitrogenio
count   7115.000000      7115.000000
mean       2.696204         0.207497
std        1.321019         0.109656
min        0.400000         0.040000
25%        1.510000         0.120000
50%        2.800000         0.220000
75%        3.760000         0.270000
max        6.610000         0.550000

2024-07-03 08:11:10,503 - INFO DataFrame Info Validate:
       teor_carbono  teor_nitrogenio
count   1786.000000      1786.000000
mean       2.938690         0.231282
std        1.687284         0.140531
min        0.330000         0.050000
25%        1.490000         0.100000
50%        3.120000         0.240000
75%        4.340000         0.370000
max        6.620000         0.560000

2024-07-03 08:11:10,503 - INFO Iniciando o treino
2024-07-03 08:11:10,503 - INFO Modelo Selecionado: VGG19
2024-07-03 08:11:11,690 - INFO Executando sem o GridSearch

2024-07-03 08:11:15,098 - DEBUG 
Usando batch_size=32

2024-07-03 08:25:50,198 - INFO Modelo Salvo!!!
2024-07-03 08:25:50,210 - INFO Iniciando o Test...

2024-07-03 08:28:56,711 - DEBUG 
Test X: 3843
Test Y: (3843, 2)
2024-07-03 08:28:56,716 - INFO DataFrame Info:
       teor_carbono  teor_nitrogenio
count   3843.000000      3843.000000
mean       2.924817         0.229568
std        1.297112         0.108579
min        0.310000         0.030000
25%        1.780000         0.140000
50%        3.190000         0.240000
75%        4.160000         0.340000
max        4.950000         0.390000

2024-07-03 08:28:56,716 - INFO 
Iniciando predição completa para o R2...

2024-07-03 08:29:08,582 - INFO 
2024-07-03 08:29:08,582 - INFO ====================================================
2024-07-03 08:29:08,582 - INFO ********** R2 Modelo: 0.20514612325508852 **********
2024-07-03 08:29:08,582 - INFO ********** MAE: 0.5239853707714734 **********
2024-07-03 08:29:08,582 - INFO ********** MSE: 0.7717019143928956 **********
2024-07-03 08:29:08,582 - INFO ====================================================
2024-07-03 08:29:08,582 - INFO 

2024-07-03 08:29:08,583 - INFO Alguns exemplos de predições ...
2024-07-03 08:29:08,982 - INFO 
Melhores resultados ...


2024-07-03 08:29:08,988 - INFO 
     amostra  teor_cabono_real  teor_cabono_predict  teor_cabono_diff  error_carbono(%)  teor_nitrogenio_real  teor_nitrogenio_predict  teor_nitrogenio_diff  error_nitrogenio(%) grupo
474       L2              2.40             2.399938          0.000062          0.002579                  0.12                 0.172567              0.052567            43.805991    L2
3271     C39              1.68             1.679864          0.000136          0.008107                  0.14                 0.132165              0.007835             5.596120   C39
152      L26              2.92             2.920368          0.000368          0.012593                  0.24                 0.258822              0.018822             7.842634   L26
2095     L20              3.28             3.279494          0.000506          0.015418                  0.26                 0.302116              0.042116            16.198636   L20
1022     C46              2.46             2.459488          0.000512          0.020816                  0.31                 0.212957              0.097043            31.304205   C46

2024-07-03 08:29:08,988 - INFO 
Piores resultados ...


2024-07-03 08:29:08,995 - INFO 
     amostra  teor_cabono_real  teor_cabono_predict  teor_cabono_diff  error_carbono(%)  teor_nitrogenio_real  teor_nitrogenio_predict  teor_nitrogenio_diff  error_nitrogenio(%) grupo
362      C51              0.31             4.355894          4.045894       1305.127125                  0.03                 0.400173              0.370173          1233.909631   C51
2552     C51              0.31             4.418605          4.108605       1325.356557                  0.03                 0.416007              0.386007          1286.688550   C51
2715     C51              0.31             4.720479          4.410479       1422.735319                  0.03                 0.422356              0.392356          1307.853166   C51
1330     C51              0.31             4.812254          4.502254       1452.340138                  0.03                 0.449849              0.419849          1399.497692   C51
1359     C51              0.31             4.900725          4.590725       1480.878996                  0.03                 0.445581              0.415581          1385.271454   C51


2024-07-03 08:29:08,998 - INFO R2 [mean] conjunto de predição CARBONO:
2024-07-03 08:29:08,998 - INFO ====================================================
2024-07-03 08:29:08,998 - INFO ====>>>>> R2 [mean]: 0.20492148659401133 <<<<<====
2024-07-03 08:29:08,998 - INFO ====>>>>> MAE [mean]: 0.9111750940040305 <<<<<====
2024-07-03 08:29:08,998 - INFO ====>>>>> MSE [mean]: 1.3588999887070787 <<<<<====
2024-07-03 08:29:08,998 - INFO ====================================================
2024-07-03 08:29:08,998 - INFO 

2024-07-03 08:29:09,001 - INFO R2 [median] conjunto de predição CARBONO:
2024-07-03 08:29:09,001 - INFO ====================================================
2024-07-03 08:29:09,001 - INFO ====>>>>> R2 [median]: 0.1809235997498304 <<<<<====
2024-07-03 08:29:09,001 - INFO ====>>>>> MAE [median]: 0.9181532776797258 <<<<<====
2024-07-03 08:29:09,001 - INFO ====>>>>> MSE [median]: 1.3999157218852427 <<<<<====
2024-07-03 08:29:09,001 - INFO ====================================================
2024-07-03 08:29:09,001 - INFO 

2024-07-03 08:29:09,003 - INFO R2 [mean] conjunto de predição NITROGENIO:
2024-07-03 08:29:09,003 - INFO ====================================================
2024-07-03 08:29:09,003 - INFO ====>>>>> R2 [mean]: 0.4509653037152913 <<<<<====
2024-07-03 08:29:09,004 - INFO ====>>>>> MAE [mean]: 0.06377572611526207 <<<<<====
2024-07-03 08:29:09,004 - INFO ====>>>>> MSE [mean]: 0.006475898133708774 <<<<<====
2024-07-03 08:29:09,004 - INFO ====================================================
2024-07-03 08:29:09,004 - INFO 

2024-07-03 08:29:09,006 - INFO R2 [median] conjunto de predição NITROGENIO:
2024-07-03 08:29:09,006 - INFO ====================================================
2024-07-03 08:29:09,006 - INFO ====>>>>> R2 [median]: 0.44575837603495694 <<<<<====
2024-07-03 08:29:09,006 - INFO ====>>>>> MAE [median]: 0.06503139879968431 <<<<<====
2024-07-03 08:29:09,006 - INFO ====>>>>> MSE [median]: 0.006537314167113607 <<<<<====
2024-07-03 08:29:09,006 - INFO ====================================================
2024-07-03 08:29:09,007 - INFO 

2024-07-03 08:29:09,007 - INFO #######################
2024-07-03 08:29:09,007 - INFO Info parameters: 
2024-07-03 08:29:09,008 - INFO  -e (--epochs): 100
2024-07-03 08:29:09,008 - INFO  -G (--grid_search_trials): 0
2024-07-03 08:29:09,008 - INFO  -i (--amount_image_train): 8930
2024-07-03 08:29:09,008 - INFO  -I (--amount_image_test): 3843
2024-07-03 08:29:09,008 - INFO  -L (--log_level): 0
2024-07-03 08:29:09,008 - INFO  -m (--model): 50 - VGG19
2024-07-03 08:29:09,008 - INFO  -M (--show_model): False
2024-07-03 08:29:09,008 - INFO  -n (--name): VGG19_50_Normalize0_Epochs100_Patience10_Separed_Preprocess
2024-07-03 08:29:09,008 - INFO  -N (--normalize): NormalizeEnum.NONE
2024-07-03 08:29:09,008 - INFO  -p (--preprocess): True
2024-07-03 08:29:09,008 - INFO  -P (--patience): 10
2024-07-03 08:29:09,008 - INFO  -S (--separed): False
2024-07-03 08:29:09,008 - INFO  -t (--trainable): False
2024-07-03 08:29:09,008 - INFO  -T (--Test): False
2024-07-03 08:29:09,008 - INFO #######################
