2024-07-03 01:31:55,361 - INFO Parâmetros:
2024-07-03 01:31:55,361 - INFO Namespace(epochs=100, grid_search_trials=0, amount_image_train=8930, amount_image_test=3843, log_level=0, model=21, show_model=False, name='EfficientNetV2S_21_Normalize2_Epochs100_Patience10_Separed_Preprocess', normalize=2, preprocess=False, patience=10, separed=False, trainable=False, Test=False)
2024-07-03 01:32:02,255 - DEBUG Quantidade de GPU disponíveis: [PhysicalDevice(name='/physical_device:GPU:0', device_type='GPU'), PhysicalDevice(name='/physical_device:GPU:1', device_type='GPU')]
2024-07-03 01:32:03,073 - INFO Modelo: EfficientNetV2S
2024-07-03 01:32:03,082 - INFO Embaralhamento de dados->random_state: 76
2024-07-03 01:32:03,086 - INFO Embaralhamento de dados->random_state: 93
2024-07-03 01:32:03,088 - INFO Informações básicas do Dataset com normalização RobustScaler ...
2024-07-03 01:32:03,098 - DEBUG Load df_train: 8930
  amostra       arquivo  teor_carbono  teor_nitrogenio
0     L11   L11A-42.png     -0.981567        -0.833333
1     C17   C17A-71.png     -0.760369        -0.555556
2      C1   C1B-153.png      0.506912         0.222222
3     L28  L28B-171.png      0.000000         0.166667
4     C48  C48B-136.png     -1.092166        -1.000000
2024-07-03 01:32:03,101 - DEBUG Load df_test: 3843
  amostra       arquivo  teor_carbono  teor_nitrogenio
0     L23   L23B-75.png      0.585253         0.722222
1     C41  C41A-169.png     -0.562212        -0.388889
2     L37   L37A-68.png      0.691244         0.777778
3     L29  L29A-169.png      0.824885         0.944444
4     C12  C12A-117.png      0.087558        -0.055556
2024-07-03 01:32:03,101 - INFO Iniciando o Treinamento...

2024-07-03 01:32:03,101 - INFO Separando Treino e Validação...

2024-07-03 01:32:03,111 - INFO Quantidade de Imagens para Treino e Validação: 7115, 1786

2024-07-03 01:32:03,111 - INFO Carregando imagens ...

2024-07-03 01:32:27,644 - DEBUG Limitando Dados:

2024-07-03 01:32:27,645 - DEBUG 
Train X: 7115
Validate X: 1786
Train Y: (7115, 2)
Validate Y: (1786, 2)
2024-07-03 01:32:27,649 - INFO DataFrame Info Treino:
       teor_carbono  teor_nitrogenio
count   7115.000000      7115.000000
mean      -0.139998        -0.069462
std        0.608764         0.609202
min       -1.198157        -1.000000
25%       -0.686636        -0.555556
50%       -0.092166         0.000000
75%        0.350230         0.277778
max        1.663594         1.833333

2024-07-03 01:32:27,653 - INFO DataFrame Info Validate:
       teor_carbono  teor_nitrogenio
count   1786.000000      1786.000000
mean      -0.021705         0.069833
std        0.776120         0.779602
min       -1.230415        -0.944444
25%       -0.695853        -0.666667
50%        0.055300         0.111111
75%        0.617512         0.833333
max        1.668203         1.888889

2024-07-03 01:32:27,653 - INFO Iniciando o treino
2024-07-03 01:32:27,653 - INFO Modelo Selecionado: EfficientNetV2S
2024-07-03 01:32:34,120 - INFO Executando sem o GridSearch

2024-07-03 01:37:37,554 - INFO Modelo Salvo!!!
2024-07-03 01:37:37,566 - INFO Iniciando o Test...

2024-07-03 01:40:50,113 - DEBUG 
Test X: 3843
Test Y: (3843, 2)
2024-07-03 01:40:50,119 - INFO DataFrame Info:
       teor_carbono  teor_nitrogenio
count   3843.000000      3843.000000
mean      -0.034647         0.053156
std        0.597747         0.603219
min       -1.239631        -1.055556
25%       -0.562212        -0.444444
50%        0.087558         0.111111
75%        0.534562         0.666667
max        0.898618         0.944444

2024-07-03 01:40:50,119 - INFO 
Iniciando predição completa para o R2...

2024-07-03 01:41:04,130 - INFO 
2024-07-03 01:41:04,131 - INFO ====================================================
2024-07-03 01:41:04,131 - INFO ********** R2 Modelo: 0.4712738488561489 **********
2024-07-03 01:41:04,131 - INFO ********** MAE: 0.3422951234468752 **********
2024-07-03 01:41:04,131 - INFO ********** MSE: 0.19045440828174331 **********
2024-07-03 01:41:04,131 - INFO ====================================================
2024-07-03 01:41:04,131 - INFO 

2024-07-03 01:41:04,131 - INFO Alguns exemplos de predições ...
2024-07-03 01:41:04,335 - INFO 
Melhores resultados ...


2024-07-03 01:41:04,341 - INFO 
     amostra  teor_cabono_real  teor_cabono_predict  teor_cabono_diff  error_carbono(%)  teor_nitrogenio_real  teor_nitrogenio_predict  teor_nitrogenio_diff  error_nitrogenio(%) grupo
2827     L17          0.451613             0.451505          0.000108          0.023806              0.555556                 0.565050              0.009494             1.708990   L17
3323     L33          0.534562             0.535282          0.000720          0.134720              0.833333                 0.846700              0.013366             1.603966   L33
2487     C41         -0.562212            -0.562992          0.000780          0.138811             -0.388889                -0.520054              0.131165            33.728106   C41
2969     L33          0.534562             0.535403          0.000841          0.157310              0.833333                 0.726379              0.106954            12.834530   L33
1408     C24          0.714286             0.712949          0.001337          0.187201              0.944444                 0.973944              0.029499             3.123471   C24

2024-07-03 01:41:04,341 - INFO 
Piores resultados ...


2024-07-03 01:41:04,347 - INFO 
     amostra  teor_cabono_real  teor_cabono_predict  teor_cabono_diff  error_carbono(%)  teor_nitrogenio_real  teor_nitrogenio_predict  teor_nitrogenio_diff  error_nitrogenio(%) grupo
3755     C10         -0.041475            -0.564327          0.522852       1260.653954             -0.166667                -0.547210              0.380543           228.325880   C10
1493     C10         -0.041475            -0.611780          0.570306       1375.070245             -0.166667                -0.598786              0.432119           259.271669   C10
2823     C10         -0.041475            -0.663451          0.621976       1499.654404             -0.166667                -0.634666              0.467999           280.799437   C10
3270     L26         -0.036866             0.534914          0.571780       1550.953139              0.111111                 0.606701              0.495589           446.030486   L26
2427     C10         -0.041475            -0.848955          0.807481       1946.925493             -0.166667                -0.845859              0.679193           407.515609   C10


2024-07-03 01:41:04,350 - INFO R2 [mean] conjunto de predição CARBONO:
2024-07-03 01:41:04,350 - INFO ====================================================
2024-07-03 01:41:04,350 - INFO ====>>>>> R2 [mean]: 0.49166339336495224 <<<<<====
2024-07-03 01:41:04,350 - INFO ====>>>>> MAE [mean]: 0.33310196920116664 <<<<<====
2024-07-03 01:41:04,350 - INFO ====>>>>> MSE [mean]: 0.184505533586003 <<<<<====
2024-07-03 01:41:04,350 - INFO ====================================================
2024-07-03 01:41:04,351 - INFO 

2024-07-03 01:41:04,353 - INFO R2 [median] conjunto de predição CARBONO:
2024-07-03 01:41:04,353 - INFO ====================================================
2024-07-03 01:41:04,353 - INFO ====>>>>> R2 [median]: 0.4982962578373886 <<<<<====
2024-07-03 01:41:04,353 - INFO ====>>>>> MAE [median]: 0.33411316142881164 <<<<<====
2024-07-03 01:41:04,353 - INFO ====>>>>> MSE [median]: 0.18209807328761626 <<<<<====
2024-07-03 01:41:04,354 - INFO ====================================================
2024-07-03 01:41:04,354 - INFO 

2024-07-03 01:41:04,356 - INFO R2 [mean] conjunto de predição NITROGENIO:
2024-07-03 01:41:04,356 - INFO ====================================================
2024-07-03 01:41:04,356 - INFO ====>>>>> R2 [mean]: 0.5997364774550906 <<<<<====
2024-07-03 01:41:04,356 - INFO ====>>>>> MAE [mean]: 0.3124310257595508 <<<<<====
2024-07-03 01:41:04,356 - INFO ====>>>>> MSE [mean]: 0.1457139801247548 <<<<<====
2024-07-03 01:41:04,356 - INFO ====================================================
2024-07-03 01:41:04,357 - INFO 

2024-07-03 01:41:04,359 - INFO R2 [median] conjunto de predição NITROGENIO:
2024-07-03 01:41:04,359 - INFO ====================================================
2024-07-03 01:41:04,359 - INFO ====>>>>> R2 [median]: 0.6049955673462288 <<<<<====
2024-07-03 01:41:04,359 - INFO ====>>>>> MAE [median]: 0.31124502895668216 <<<<<====
2024-07-03 01:41:04,359 - INFO ====>>>>> MSE [median]: 0.14379943414015128 <<<<<====
2024-07-03 01:41:04,359 - INFO ====================================================
2024-07-03 01:41:04,359 - INFO 

2024-07-03 01:41:04,360 - INFO #######################
2024-07-03 01:41:04,360 - INFO Info parameters: 
2024-07-03 01:41:04,360 - INFO  -e (--epochs): 100
2024-07-03 01:41:04,360 - INFO  -G (--grid_search_trials): 0
2024-07-03 01:41:04,360 - INFO  -i (--amount_image_train): 8930
2024-07-03 01:41:04,360 - INFO  -I (--amount_image_test): 3843
2024-07-03 01:41:04,360 - INFO  -L (--log_level): 0
2024-07-03 01:41:04,361 - INFO  -m (--model): 21 - EfficientNetV2S
2024-07-03 01:41:04,361 - INFO  -M (--show_model): False
2024-07-03 01:41:04,361 - INFO  -n (--name): EfficientNetV2S_21_Normalize2_Epochs100_Patience10_Separed_Preprocess
2024-07-03 01:41:04,361 - INFO  -N (--normalize): NormalizeEnum.RobustScaler
2024-07-03 01:41:04,361 - INFO  -p (--preprocess): False
2024-07-03 01:41:04,361 - INFO  -P (--patience): 10
2024-07-03 01:41:04,361 - INFO  -S (--separed): False
2024-07-03 01:41:04,361 - INFO  -t (--trainable): False
2024-07-03 01:41:04,361 - INFO  -T (--Test): False
2024-07-03 01:41:04,361 - INFO #######################
