2024-07-02 19:07:44,356 - INFO Parâmetros:
2024-07-02 19:07:44,356 - INFO Namespace(epochs=100, grid_search_trials=0, amount_image_train=8930, amount_image_test=3843, log_level=0, model=10, show_model=False, name='ConvNeXtBase_10_Normalize2_Epochs100_Patience10_Separed_Preprocess', normalize=2, preprocess=False, patience=10, separed=False, trainable=False, Test=False)
2024-07-02 19:07:53,198 - DEBUG Quantidade de GPU disponíveis: [PhysicalDevice(name='/physical_device:GPU:0', device_type='GPU'), PhysicalDevice(name='/physical_device:GPU:1', device_type='GPU')]
2024-07-02 19:07:54,275 - INFO Modelo: ConvNeXtBase
2024-07-02 19:07:54,284 - INFO Embaralhamento de dados->random_state: 92
2024-07-02 19:07:54,290 - INFO Embaralhamento de dados->random_state: 5
2024-07-02 19:07:54,292 - INFO Informações básicas do Dataset com normalização RobustScaler ...
2024-07-02 19:07:54,302 - DEBUG Load df_train: 8930
  amostra      arquivo  teor_carbono  teor_nitrogenio
0     L19  L19A-87.png      0.732719         0.944444
1      L6  L6B-151.png     -1.230415        -0.944444
2     C33  C33A-92.png     -0.986175        -0.777778
3     L35  L35A-68.png      0.341014         0.444444
4     L38  L38B-68.png      0.188940         0.277778
2024-07-02 19:07:54,306 - DEBUG Load df_test: 3843
  amostra       arquivo  teor_carbono  teor_nitrogenio
0     L29   L29A-89.png      0.824885         0.944444
1     C51  C51B-119.png     -1.239631        -1.055556
2     L37  L37B-148.png      0.691244         0.777778
3     L20  L20B-183.png      0.129032         0.222222
4     L26  L26A-121.png     -0.036866         0.111111
2024-07-02 19:07:54,306 - INFO Iniciando o Treinamento...

2024-07-02 19:07:54,306 - INFO Separando Treino e Validação...

2024-07-02 19:07:54,318 - INFO Quantidade de Imagens para Treino e Validação: 7115, 1786

2024-07-02 19:07:54,318 - INFO Carregando imagens ...

2024-07-02 19:08:22,261 - DEBUG Limitando Dados:

2024-07-02 19:08:22,261 - DEBUG 
Train X: 7115
Validate X: 1786
Train Y: (7115, 2)
Validate Y: (1786, 2)
2024-07-02 19:08:22,267 - INFO DataFrame Info Treino:
       teor_carbono  teor_nitrogenio
count   7115.000000      7115.000000
mean      -0.139998        -0.069462
std        0.608764         0.609202
min       -1.198157        -1.000000
25%       -0.686636        -0.555556
50%       -0.092166         0.000000
75%        0.350230         0.277778
max        1.663594         1.833333

2024-07-02 19:08:22,272 - INFO DataFrame Info Validate:
       teor_carbono  teor_nitrogenio
count   1786.000000      1786.000000
mean      -0.025062         0.065914
std        0.777129         0.780407
min       -1.230415        -0.944444
25%       -0.695853        -0.666667
50%        0.055300         0.111111
75%        0.617512         0.833333
max        1.668203         1.888889

2024-07-02 19:08:22,272 - INFO Iniciando o treino
2024-07-02 19:08:22,272 - INFO Modelo Selecionado: ConvNeXtBase
2024-07-02 19:08:28,001 - INFO Executando sem o GridSearch

2024-07-02 19:23:05,022 - INFO Modelo Salvo!!!
2024-07-02 19:23:05,038 - INFO Iniciando o Test...

2024-07-02 19:26:47,288 - DEBUG 
Test X: 3843
Test Y: (3843, 2)
2024-07-02 19:26:47,313 - INFO DataFrame Info:
       teor_carbono  teor_nitrogenio
count   3843.000000      3843.000000
mean      -0.034647         0.053156
std        0.597747         0.603219
min       -1.239631        -1.055556
25%       -0.562212        -0.444444
50%        0.087558         0.111111
75%        0.534562         0.666667
max        0.898618         0.944444

2024-07-02 19:26:47,313 - INFO 
Iniciando predição completa para o R2...

2024-07-02 19:27:27,193 - INFO 
2024-07-02 19:27:27,193 - INFO ====================================================
2024-07-02 19:27:27,193 - INFO ********** R2 Modelo: 0.42192341878889367 **********
2024-07-02 19:27:27,193 - INFO ********** MAE: 0.36959171352299824 **********
2024-07-02 19:27:27,194 - INFO ********** MSE: 0.20813905888586076 **********
2024-07-02 19:27:27,194 - INFO ====================================================
2024-07-02 19:27:27,194 - INFO 

2024-07-02 19:27:27,194 - INFO Alguns exemplos de predições ...
2024-07-02 19:27:27,396 - INFO 
Melhores resultados ...


2024-07-02 19:27:27,403 - INFO 
     amostra  teor_cabono_real  teor_cabono_predict  teor_cabono_diff  error_carbono(%)  teor_nitrogenio_real  teor_nitrogenio_predict  teor_nitrogenio_diff  error_nitrogenio(%) grupo
176       C8          0.165899             0.165727          0.000172          0.103570             -0.111111                 0.200906              0.312017           280.815166    C8
3434      L2         -0.276498            -0.276890          0.000392          0.141790             -0.555556                -0.257722              0.297834            53.610106    L2
1729     L20          0.129032             0.128743          0.000289          0.224308              0.222222                 0.264044              0.041822            18.819700   L20
2091     L20          0.129032             0.129360          0.000328          0.254385              0.222222                 0.258552              0.036329            16.348232   L20
3227     L20          0.129032             0.129556          0.000523          0.405519              0.222222                 0.291248              0.069026            31.061624   L20

2024-07-02 19:27:27,403 - INFO 
Piores resultados ...


2024-07-02 19:27:27,410 - INFO 
     amostra  teor_cabono_real  teor_cabono_predict  teor_cabono_diff  error_carbono(%)  teor_nitrogenio_real  teor_nitrogenio_predict  teor_nitrogenio_diff  error_nitrogenio(%) grupo
3069     C10         -0.041475            -0.569984          0.528510       1274.295663             -0.166667                -0.422509              0.255842           153.505248   C10
1929     C10         -0.041475            -0.571208          0.529734       1277.246818             -0.166667                -0.442967              0.276300           165.780002   C10
2861     C10         -0.041475            -0.577481          0.536006       1292.369782             -0.166667                -0.460748              0.294081           176.448828   C10
3270     C10         -0.041475            -0.591950          0.550475       1327.257364             -0.166667                -0.499350              0.332683           199.609882   C10
2652     C10         -0.041475            -0.607844          0.566370       1365.580560             -0.166667                -0.568294              0.401627           240.976143   C10


2024-07-02 19:27:27,413 - INFO R2 [mean] conjunto de predição CARBONO:
2024-07-02 19:27:27,414 - INFO ====================================================
2024-07-02 19:27:27,414 - INFO ====>>>>> R2 [mean]: 0.4010370478076445 <<<<<====
2024-07-02 19:27:27,414 - INFO ====>>>>> MAE [mean]: 0.3881217038513955 <<<<<====
2024-07-02 19:27:27,414 - INFO ====>>>>> MSE [mean]: 0.2173992147133297 <<<<<====
2024-07-02 19:27:27,414 - INFO ====================================================
2024-07-02 19:27:27,414 - INFO 

2024-07-02 19:27:27,417 - INFO R2 [median] conjunto de predição CARBONO:
2024-07-02 19:27:27,417 - INFO ====================================================
2024-07-02 19:27:27,417 - INFO ====>>>>> R2 [median]: 0.3985924996650949 <<<<<====
2024-07-02 19:27:27,417 - INFO ====>>>>> MAE [median]: 0.39255408697414595 <<<<<====
2024-07-02 19:27:27,417 - INFO ====>>>>> MSE [median]: 0.21828648636272638 <<<<<====
2024-07-02 19:27:27,417 - INFO ====================================================
2024-07-02 19:27:27,418 - INFO 

2024-07-02 19:27:27,420 - INFO R2 [mean] conjunto de predição NITROGENIO:
2024-07-02 19:27:27,420 - INFO ====================================================
2024-07-02 19:27:27,420 - INFO ====>>>>> R2 [mean]: 0.5767863943730706 <<<<<====
2024-07-02 19:27:27,420 - INFO ====>>>>> MAE [mean]: 0.3254803946632662 <<<<<====
2024-07-02 19:27:27,421 - INFO ====>>>>> MSE [mean]: 0.15406884576130486 <<<<<====
2024-07-02 19:27:27,421 - INFO ====================================================
2024-07-02 19:27:27,421 - INFO 

2024-07-02 19:27:27,423 - INFO R2 [median] conjunto de predição NITROGENIO:
2024-07-02 19:27:27,424 - INFO ====================================================
2024-07-02 19:27:27,424 - INFO ====>>>>> R2 [median]: 0.5843403296478533 <<<<<====
2024-07-02 19:27:27,424 - INFO ====>>>>> MAE [median]: 0.319534976832538 <<<<<====
2024-07-02 19:27:27,424 - INFO ====>>>>> MSE [median]: 0.15131887252493564 <<<<<====
2024-07-02 19:27:27,424 - INFO ====================================================
2024-07-02 19:27:27,424 - INFO 

2024-07-02 19:27:27,425 - INFO #######################
2024-07-02 19:27:27,425 - INFO Info parameters: 
2024-07-02 19:27:27,425 - INFO  -e (--epochs): 100
2024-07-02 19:27:27,425 - INFO  -G (--grid_search_trials): 0
2024-07-02 19:27:27,425 - INFO  -i (--amount_image_train): 8930
2024-07-02 19:27:27,425 - INFO  -I (--amount_image_test): 3843
2024-07-02 19:27:27,425 - INFO  -L (--log_level): 0
2024-07-02 19:27:27,425 - INFO  -m (--model): 10 - ConvNeXtBase
2024-07-02 19:27:27,426 - INFO  -M (--show_model): False
2024-07-02 19:27:27,426 - INFO  -n (--name): ConvNeXtBase_10_Normalize2_Epochs100_Patience10_Separed_Preprocess
2024-07-02 19:27:27,426 - INFO  -N (--normalize): NormalizeEnum.RobustScaler
2024-07-02 19:27:27,426 - INFO  -p (--preprocess): False
2024-07-02 19:27:27,426 - INFO  -P (--patience): 10
2024-07-02 19:27:27,426 - INFO  -S (--separed): False
2024-07-02 19:27:27,426 - INFO  -t (--trainable): False
2024-07-02 19:27:27,426 - INFO  -T (--Test): False
2024-07-02 19:27:27,426 - INFO #######################
