2024-07-04 05:47:38,660 - INFO Parâmetros:
2024-07-04 05:47:38,660 - INFO Namespace(epochs=100, grid_search_trials=0, amount_image_train=8930, amount_image_test=3843, log_level=0, model=11, show_model=False, name='ConvNeXtXLarge_11_Normalize4_Epochs100_Patience10_Separed', normalize=3, preprocess=False, patience=10, separed=False, trainable=False, Test=False)
2024-07-04 05:47:50,577 - DEBUG Quantidade de GPU disponíveis: [PhysicalDevice(name='/physical_device:GPU:0', device_type='GPU'), PhysicalDevice(name='/physical_device:GPU:1', device_type='GPU')]
2024-07-04 05:47:54,302 - INFO Modelo: ConvNeXtXLarge
2024-07-04 05:47:54,318 - INFO Embaralhamento de dados->random_state: 89
2024-07-04 05:47:54,327 - INFO Embaralhamento de dados->random_state: 39
2024-07-04 05:47:54,328 - INFO Informações básicas do Dataset com normalização StandardScaler ...
2024-07-04 05:47:54,338 - DEBUG Load df_train: 8930
  amostra       arquivo  teor_carbono  teor_nitrogenio
0     C29   C29B-74.png     -0.269320         0.020486
1     C34  C34B-101.png     -1.271453        -1.199029
2     L36  L36B-120.png      0.224485         0.281811
3     L24  L24A-119.png      0.376983         0.368919
4      L3   L3B-151.png     -0.538008        -1.024813
2024-07-04 05:47:54,342 - DEBUG Load df_test: 3843
  amostra       arquivo  teor_carbono  teor_nitrogenio
0     L17  L17A-152.png      0.856264         0.891569
1     C26  C26B-117.png     -0.625150        -0.153730
2      C4   C4A-119.png      0.522220        -0.066622
3     L37  L37A-184.png      1.233879         1.240002
4     L33  L33B-153.png      0.986977         1.327110
2024-07-04 05:47:54,342 - INFO Iniciando o Treinamento...

2024-07-04 05:47:54,342 - INFO Separando Treino e Validação...

2024-07-04 05:47:54,355 - INFO Quantidade de Imagens para Treino e Validação: 7115, 1786

2024-07-04 05:47:54,355 - INFO Carregando imagens ...

2024-07-04 05:48:40,324 - DEBUG Limitando Dados:

2024-07-04 05:48:40,324 - DEBUG 
Train X: 7115
Validate X: 1786
Train Y: (7115, 2)
Validate Y: (1786, 2)
2024-07-04 05:48:40,330 - INFO DataFrame Info Treino:
       teor_carbono  teor_nitrogenio
count   7115.000000      7115.000000
mean      -0.076007        -0.088426
std        0.959302         0.955197
min       -1.743472        -1.547462
25%       -0.937408        -0.850596
50%       -0.000632         0.020486
75%        0.696504         0.456028
max        2.766125         2.895059

2024-07-04 05:48:40,336 - INFO DataFrame Info Validate:
       teor_carbono  teor_nitrogenio
count   1786.000000      1786.000000
mean       0.110296         0.130420
std        1.229220         1.228662
min       -1.794304        -1.460354
25%       -0.951932        -1.024813
50%        0.231746         0.194703
75%        1.117690         1.327110
max        2.773387         2.982167

2024-07-04 05:48:40,336 - INFO Iniciando o treino
2024-07-04 05:48:40,336 - INFO Modelo Selecionado: ConvNeXtXLarge
2024-07-04 05:48:55,802 - INFO Executando sem o GridSearch

2024-07-04 05:48:57,960 - DEBUG 
Usando batch_size=32

2024-07-04 06:46:30,329 - INFO Modelo Salvo!!!
2024-07-04 06:46:30,352 - INFO Iniciando o Test...

2024-07-04 06:50:18,192 - DEBUG 
Test X: 3843
Test Y: (3843, 2)
2024-07-04 06:50:18,215 - INFO DataFrame Info:
       teor_carbono  teor_nitrogenio
count   3843.000000      3843.000000
mean       0.090007         0.103832
std        0.941941         0.945817
min       -1.808828        -1.634570
25%       -0.741339        -0.676380
50%        0.282579         0.194703
75%        0.986977         1.065785
max        1.560661         1.501327

2024-07-04 06:50:18,215 - INFO 
Iniciando predição completa para o R2...

2024-07-04 06:51:38,812 - INFO 
2024-07-04 06:51:38,812 - INFO ====================================================
2024-07-04 06:51:38,812 - INFO ********** R2 Modelo: 0.4257429225905954 **********
2024-07-04 06:51:38,813 - INFO ********** MAE: 0.5508876328465762 **********
2024-07-04 06:51:38,813 - INFO ********** MSE: 0.5112941704600877 **********
2024-07-04 06:51:38,813 - INFO ====================================================
2024-07-04 06:51:38,813 - INFO 

2024-07-04 06:51:38,814 - INFO Alguns exemplos de predições ...
2024-07-04 06:51:39,041 - INFO 
Melhores resultados ...


2024-07-04 06:51:39,048 - INFO 
     amostra  teor_cabono_real  teor_cabono_predict  teor_cabono_diff  error_carbono(%)  teor_nitrogenio_real  teor_nitrogenio_predict  teor_nitrogenio_diff  error_nitrogenio(%) grupo
2549     L33          0.986977             0.987324          0.000347          0.035157              1.327110                 1.033683              0.293427            22.110207   L33
472       L7         -0.988241            -0.989420          0.001179          0.119284             -1.547462                -0.999019              0.548443            35.441444    L7
1705     C12          0.282579             0.283217          0.000638          0.225603             -0.066622                 0.272698              0.339320           509.322496   C12
1075      L2         -0.291105            -0.292021          0.000915          0.314356             -0.850596                -0.472415              0.378181            44.460746    L2
3169     C46         -0.247534            -0.248626          0.001092          0.440955              0.804461                -0.598068              1.402529           174.344003   C46

2024-07-04 06:51:39,048 - INFO 
Piores resultados ...


2024-07-04 06:51:39,055 - INFO 
     amostra  teor_cabono_real  teor_cabono_predict  teor_cabono_diff  error_carbono(%)  teor_nitrogenio_real  teor_nitrogenio_predict  teor_nitrogenio_diff  error_nitrogenio(%) grupo
2999     L40          0.035677             0.591348          0.555671       1557.506945              0.281811                 0.521807              0.239996            85.161835   L40
1473     L40          0.035677             0.611663          0.575986       1614.448280              0.281811                 0.568645              0.286834           101.782368   L40
1924     L40          0.035677             0.616709          0.581032       1628.593230              0.281811                 0.518894              0.237083            84.128355   L40
2416     L40          0.035677             0.655772          0.620095       1738.082522              0.281811                 0.539230              0.257419            91.344524   L40
3144     L40          0.035677             0.690694          0.655017       1835.967127              0.281811                 0.648281              0.366470           130.040954   L40


2024-07-04 06:51:39,075 - INFO R2 [mean] conjunto de predição CARBONO:
2024-07-04 06:51:39,076 - INFO ====================================================
2024-07-04 06:51:39,076 - INFO ====>>>>> R2 [mean]: 0.41495369146558636 <<<<<====
2024-07-04 06:51:39,076 - INFO ====>>>>> MAE [mean]: 0.576659687526787 <<<<<====
2024-07-04 06:51:39,076 - INFO ====>>>>> MSE [mean]: 0.5273027212779801 <<<<<====
2024-07-04 06:51:39,076 - INFO ====================================================
2024-07-04 06:51:39,076 - INFO 

2024-07-04 06:51:39,079 - INFO R2 [median] conjunto de predição CARBONO:
2024-07-04 06:51:39,079 - INFO ====================================================
2024-07-04 06:51:39,079 - INFO ====>>>>> R2 [median]: 0.41598241215455056 <<<<<====
2024-07-04 06:51:39,079 - INFO ====>>>>> MAE [median]: 0.5748694026922607 <<<<<====
2024-07-04 06:51:39,079 - INFO ====>>>>> MSE [median]: 0.5263755344710337 <<<<<====
2024-07-04 06:51:39,079 - INFO ====================================================
2024-07-04 06:51:39,080 - INFO 

2024-07-04 06:51:39,082 - INFO R2 [mean] conjunto de predição NITROGENIO:
2024-07-04 06:51:39,082 - INFO ====================================================
2024-07-04 06:51:39,082 - INFO ====>>>>> R2 [mean]: 0.5419583256443266 <<<<<====
2024-07-04 06:51:39,083 - INFO ====>>>>> MAE [mean]: 0.4908069344781726 <<<<<====
2024-07-04 06:51:39,083 - INFO ====>>>>> MSE [mean]: 0.4099433325256651 <<<<<====
2024-07-04 06:51:39,083 - INFO ====================================================
2024-07-04 06:51:39,083 - INFO 

2024-07-04 06:51:39,086 - INFO R2 [median] conjunto de predição NITROGENIO:
2024-07-04 06:51:39,086 - INFO ====================================================
2024-07-04 06:51:39,086 - INFO ====>>>>> R2 [median]: 0.5464077828050382 <<<<<====
2024-07-04 06:51:39,086 - INFO ====>>>>> MAE [median]: 0.4875260832470435 <<<<<====
2024-07-04 06:51:39,086 - INFO ====>>>>> MSE [median]: 0.4059611068931216 <<<<<====
2024-07-04 06:51:39,086 - INFO ====================================================
2024-07-04 06:51:39,086 - INFO 

2024-07-04 06:51:39,087 - INFO #######################
2024-07-04 06:51:39,087 - INFO Info parameters: 
2024-07-04 06:51:39,087 - INFO  -e (--epochs): 100
2024-07-04 06:51:39,087 - INFO  -G (--grid_search_trials): 0
2024-07-04 06:51:39,087 - INFO  -i (--amount_image_train): 8930
2024-07-04 06:51:39,087 - INFO  -I (--amount_image_test): 3843
2024-07-04 06:51:39,087 - INFO  -L (--log_level): 0
2024-07-04 06:51:39,088 - INFO  -m (--model): 11 - ConvNeXtXLarge
2024-07-04 06:51:39,088 - INFO  -M (--show_model): False
2024-07-04 06:51:39,088 - INFO  -n (--name): ConvNeXtXLarge_11_Normalize4_Epochs100_Patience10_Separed
2024-07-04 06:51:39,088 - INFO  -N (--normalize): NormalizeEnum.StandardScaler
2024-07-04 06:51:39,088 - INFO  -p (--preprocess): False
2024-07-04 06:51:39,088 - INFO  -P (--patience): 10
2024-07-04 06:51:39,088 - INFO  -S (--separed): False
2024-07-04 06:51:39,088 - INFO  -t (--trainable): False
2024-07-04 06:51:39,088 - INFO  -T (--Test): False
2024-07-04 06:51:39,088 - INFO #######################
