2024-07-02 00:16:43,674 - INFO Parâmetros:
2024-07-02 00:16:43,674 - INFO Namespace(epochs=100, grid_search_trials=0, amount_image_train=8930, amount_image_test=3843, log_level=0, model=0, show_model=False, name='ResNet50_Normalize1_Epochs100_Patience10_Separed_Preprocess', normalize=1, preprocess=True, patience=10, separed=False, trainable=False, Test=False)
2024-07-02 00:16:50,563 - DEBUG Quantidade de GPU disponíveis: [PhysicalDevice(name='/physical_device:GPU:0', device_type='GPU'), PhysicalDevice(name='/physical_device:GPU:1', device_type='GPU')]
2024-07-02 00:16:51,358 - INFO Modelo: ResNet50
2024-07-02 00:16:51,367 - INFO Embaralhamento de dados->random_state: 31
2024-07-02 00:16:51,372 - INFO Embaralhamento de dados->random_state: 88
2024-07-02 00:16:51,373 - INFO Informações básicas do Dataset com normalização MinMaxScaler ...
2024-07-02 00:16:51,382 - DEBUG Load df_train: 8930
  amostra       arquivo  teor_carbono  teor_nitrogenio
0      C2    C2B-89.png      0.473851         0.320755
1     L19  L19B-182.png      0.678288         0.679245
2      C2    C2A-92.png      0.473851         0.320755
3     L30  L30A-166.png      0.503962         0.452830
4     L22  L22A-156.png      0.445325         0.396226
2024-07-02 00:16:51,385 - DEBUG Load df_test: 3843
  amostra       arquivo  teor_carbono  teor_nitrogenio
0      L7   L7B-107.png      0.179081         0.018868
1     L40   L40A-69.png      0.402536         0.415094
2     C46   C46A-55.png      0.340729         0.528302
3     L17   L17A-40.png      0.581616         0.547170
4     C16  C16A-169.png      0.204437         0.169811
2024-07-02 00:16:51,385 - INFO Iniciando o Treinamento...

2024-07-02 00:16:51,385 - INFO Separando Treino e Validação...

2024-07-02 00:16:51,396 - INFO Quantidade de Imagens para Treino e Validação: 7115, 1786

2024-07-02 00:16:51,396 - INFO Carregando imagens ...

2024-07-02 00:17:16,787 - DEBUG Limitando Dados:

2024-07-02 00:17:16,787 - DEBUG 
Train X: 7115
Validate X: 1786
Train Y: (7115, 2)
Validate Y: (1786, 2)
2024-07-02 00:17:16,792 - INFO DataFrame Info Treino:
       teor_carbono  teor_nitrogenio
count   7115.000000      7115.000000
mean       0.378162         0.334900
std        0.209353         0.206899
min        0.014263         0.018868
25%        0.190174         0.169811
50%        0.394612         0.358491
75%        0.546751         0.452830
max        0.998415         0.981132

2024-07-02 00:17:16,796 - INFO DataFrame Info Validate:
       teor_carbono  teor_nitrogenio
count   1786.000000      1786.000000
mean       0.419510         0.383010
std        0.267605         0.265232
min        0.003170         0.037736
25%        0.187005         0.132075
50%        0.445325         0.396226
75%        0.638669         0.641509
max        1.000000         1.000000

2024-07-02 00:17:16,796 - INFO Iniciando o treino
2024-07-02 00:17:16,796 - INFO Modelo Selecionado: ResNet50
2024-07-02 00:17:19,620 - INFO Executando sem o GridSearch

2024-07-02 00:26:16,352 - INFO Modelo Salvo!!!
2024-07-02 00:26:16,364 - INFO Iniciando o Test...

2024-07-02 00:29:52,828 - DEBUG 
Test X: 3843
Test Y: (3843, 2)
2024-07-02 00:29:52,833 - INFO DataFrame Info:
       teor_carbono  teor_nitrogenio
count   3843.000000      3843.000000
mean       0.414392         0.376543
std        0.205564         0.204867
min        0.000000         0.000000
25%        0.232964         0.207547
50%        0.456418         0.396226
75%        0.610143         0.584906
max        0.735341         0.679245

2024-07-02 00:29:52,833 - INFO 
Iniciando predição completa para o R2...

2024-07-02 00:30:03,741 - INFO 
2024-07-02 00:30:03,741 - INFO ====================================================
2024-07-02 00:30:03,741 - INFO ********** R2 Modelo: 0.4148384115379335 **********
2024-07-02 00:30:03,741 - INFO ********** MAE [mean]: 0.12021300032719648 **********
2024-07-02 00:30:03,741 - INFO ********** MSE [mean]: 0.02464356622038323 **********
2024-07-02 00:30:03,741 - INFO ====================================================
2024-07-02 00:30:03,741 - INFO 

2024-07-02 00:30:03,741 - INFO Alguns exemplos de predições ...
2024-07-02 00:30:03,977 - INFO 
Melhores resultados ...


2024-07-02 00:30:03,984 - INFO 
     amostra  teor_cabono_real  teor_cabono_predict  teor_cabono_diff  error_carbono(%)  teor_nitrogenio_real  teor_nitrogenio_predict  teor_nitrogenio_diff  error_nitrogenio(%) grupo
284      L17          0.581616             0.581518          0.000099          0.017005              0.547170                 0.560662              0.013492             2.465732   L17
3388     L17          0.581616             0.581513          0.000104          0.017825              0.547170                 0.549434              0.002264             0.413834   L17
624      L17          0.581616             0.581411          0.000206          0.035349              0.547170                 0.542546              0.004623             0.844959   L17
3629     L23          0.627575             0.627836          0.000260          0.041467              0.603774                 0.607113              0.003340             0.553111   L23
2146     L33          0.610143             0.610397          0.000255          0.041746              0.641509                 0.581382              0.060128             9.372828   L33

2024-07-02 00:30:03,984 - INFO 
Piores resultados ...


2024-07-02 00:30:03,990 - INFO 
     amostra  teor_cabono_real  teor_cabono_predict  teor_cabono_diff  error_carbono(%)  teor_nitrogenio_real  teor_nitrogenio_predict  teor_nitrogenio_diff  error_nitrogenio(%) grupo
3739     C51               0.0             0.364022          0.364022               inf                   0.0                 0.291256              0.291256                  inf   C51
2830     C51               0.0             0.416013          0.416013               inf                   0.0                 0.343572              0.343572                  inf   C51
1685     C51               0.0             0.587208          0.587208               inf                   0.0                 0.534359              0.534359                  inf   C51
1750     C51               0.0             0.622789          0.622789               inf                   0.0                 0.569788              0.569788                  inf   C51
1694     C51               0.0             0.611197          0.611197               inf                   0.0                 0.541996              0.541996                  inf   C51


2024-07-02 00:30:03,993 - INFO R2 [mean] conjunto de predição CARBONO:
2024-07-02 00:30:03,993 - INFO ====================================================
2024-07-02 00:30:03,993 - INFO ====>>>>> R2 [mean]: 0.45026473511285237 <<<<<====
2024-07-02 00:30:03,993 - INFO ====>>>>> MAE [mean]: 0.11554553430461194 <<<<<====
2024-07-02 00:30:03,993 - INFO ====>>>>> MSE [mean]: 0.023597845689193892 <<<<<====
2024-07-02 00:30:03,993 - INFO ====================================================
2024-07-02 00:30:03,993 - INFO 

2024-07-02 00:30:03,996 - INFO R2 [median] conjunto de predição CARBONO:
2024-07-02 00:30:03,996 - INFO ====================================================
2024-07-02 00:30:03,996 - INFO ====>>>>> R2 [median]: 0.4526670925958436 <<<<<====
2024-07-02 00:30:03,996 - INFO ====>>>>> MAE [median]: 0.1136085208569459 <<<<<====
2024-07-02 00:30:03,996 - INFO ====>>>>> MSE [median]: 0.02349472248645458 <<<<<====
2024-07-02 00:30:03,996 - INFO ====================================================
2024-07-02 00:30:03,996 - INFO 

2024-07-02 00:30:03,998 - INFO R2 [mean] conjunto de predição NITROGENIO:
2024-07-02 00:30:03,998 - INFO ====================================================
2024-07-02 00:30:03,998 - INFO ====>>>>> R2 [mean]: 0.5503081248361417 <<<<<====
2024-07-02 00:30:03,999 - INFO ====>>>>> MAE [mean]: 0.11398470559001882 <<<<<====
2024-07-02 00:30:03,999 - INFO ====>>>>> MSE [mean]: 0.018882675066982685 <<<<<====
2024-07-02 00:30:03,999 - INFO ====================================================
2024-07-02 00:30:03,999 - INFO 

2024-07-02 00:30:04,001 - INFO R2 [median] conjunto de predição NITROGENIO:
2024-07-02 00:30:04,001 - INFO ====================================================
2024-07-02 00:30:04,001 - INFO ====>>>>> R2 [median]: 0.5571026835107367 <<<<<====
2024-07-02 00:30:04,001 - INFO ====>>>>> MAE [median]: 0.11260167197444734 <<<<<====
2024-07-02 00:30:04,001 - INFO ====>>>>> MSE [median]: 0.01859736983742038 <<<<<====
2024-07-02 00:30:04,001 - INFO ====================================================
2024-07-02 00:30:04,001 - INFO 

2024-07-02 00:30:04,002 - INFO #######################
2024-07-02 00:30:04,002 - INFO Info parameters: 
2024-07-02 00:30:04,002 - INFO  -e (--epochs): 100
2024-07-02 00:30:04,002 - INFO  -G (--grid_search_trials): 0
2024-07-02 00:30:04,002 - INFO  -i (--amount_image_train): 8930
2024-07-02 00:30:04,002 - INFO  -I (--amount_image_test): 3843
2024-07-02 00:30:04,003 - INFO  -L (--log_level): 0
2024-07-02 00:30:04,003 - INFO  -m (--model): 0 - ResNet50
2024-07-02 00:30:04,003 - INFO  -M (--show_model): False
2024-07-02 00:30:04,003 - INFO  -n (--name): ResNet50_Normalize1_Epochs100_Patience10_Separed_Preprocess
2024-07-02 00:30:04,003 - INFO  -N (--normalize): NormalizeEnum.MinMaxScaler
2024-07-02 00:30:04,003 - INFO  -p (--preprocess): True
2024-07-02 00:30:04,003 - INFO  -P (--patience): 10
2024-07-02 00:30:04,003 - INFO  -S (--separed): False
2024-07-02 00:30:04,003 - INFO  -t (--trainable): False
2024-07-02 00:30:04,003 - INFO  -T (--Test): False
2024-07-02 00:30:04,003 - INFO #######################
