2024-07-04 01:34:14,264 - INFO Parâmetros:
2024-07-04 01:34:14,265 - INFO Namespace(epochs=100, grid_search_trials=0, amount_image_train=8930, amount_image_test=3843, log_level=0, model=11, show_model=False, name='ConvNeXtXLarge_11_Normalize0_Epochs100_Patience10_Separed', normalize=0, preprocess=False, patience=10, separed=False, trainable=False, Test=False)
2024-07-04 01:34:27,078 - DEBUG Quantidade de GPU disponíveis: [PhysicalDevice(name='/physical_device:GPU:0', device_type='GPU'), PhysicalDevice(name='/physical_device:GPU:1', device_type='GPU')]
2024-07-04 01:34:30,845 - INFO Modelo: ConvNeXtXLarge
2024-07-04 01:34:30,861 - INFO Embaralhamento de dados->random_state: 38
2024-07-04 01:34:30,870 - INFO Embaralhamento de dados->random_state: 23
2024-07-04 01:34:30,872 - INFO Informações básicas do Dataset com normalização NONE ...
2024-07-04 01:34:30,880 - DEBUG Load df_train: 8930
  amostra       arquivo  teor_carbono  teor_nitrogenio
0      L8   L8A-108.png          2.52             0.13
1     L10   L10B-59.png          1.42             0.07
2     L13   L13A-39.png          6.62             0.56
3     L24  L24A-101.png          3.32             0.26
4     C14  C14B-117.png          1.46             0.11
2024-07-04 01:34:30,884 - DEBUG Load df_test: 3843
  amostra       arquivo  teor_carbono  teor_nitrogenio
0     L17  L17A-120.png          3.98             0.32
1      C9    C9B-88.png          3.30             0.22
2     L37   L37B-68.png          4.50             0.36
3     L17  L17B-150.png          3.98             0.32
4     C41  C41B-134.png          1.78             0.15
2024-07-04 01:34:30,884 - INFO Iniciando o Treinamento...

2024-07-04 01:34:30,885 - INFO Separando Treino e Validação...

2024-07-04 01:34:30,900 - INFO Quantidade de Imagens para Treino e Validação: 7115, 1786

2024-07-04 01:34:30,900 - INFO Carregando imagens ...

2024-07-04 01:35:16,835 - DEBUG Limitando Dados:

2024-07-04 01:35:16,835 - DEBUG 
Train X: 7115
Validate X: 1786
Train Y: (7115, 2)
Validate Y: (1786, 2)
2024-07-04 01:35:16,841 - INFO DataFrame Info Treino:
       teor_carbono  teor_nitrogenio
count   7115.000000      7115.000000
mean       2.696204         0.207497
std        1.321019         0.109656
min        0.400000         0.040000
25%        1.510000         0.120000
50%        2.800000         0.220000
75%        3.760000         0.270000
max        6.610000         0.550000

2024-07-04 01:35:16,846 - INFO DataFrame Info Validate:
       teor_carbono  teor_nitrogenio
count   1786.000000      1786.000000
mean       2.944278         0.231842
std        1.685775         0.140341
min        0.330000         0.050000
25%        1.490000         0.100000
50%        3.120000         0.240000
75%        4.340000         0.370000
max        6.620000         0.560000

2024-07-04 01:35:16,846 - INFO Iniciando o treino
2024-07-04 01:35:16,846 - INFO Modelo Selecionado: ConvNeXtXLarge
2024-07-04 01:35:31,158 - INFO Executando sem o GridSearch

2024-07-04 01:35:33,250 - DEBUG 
Usando batch_size=32

2024-07-04 02:30:08,457 - INFO Modelo Salvo!!!
2024-07-04 02:30:08,478 - INFO Iniciando o Test...

2024-07-04 02:33:55,025 - DEBUG 
Test X: 3843
Test Y: (3843, 2)
2024-07-04 02:33:55,052 - INFO DataFrame Info:
       teor_carbono  teor_nitrogenio
count   3843.000000      3843.000000
mean       2.924817         0.229568
std        1.297112         0.108579
min        0.310000         0.030000
25%        1.780000         0.140000
50%        3.190000         0.240000
75%        4.160000         0.340000
max        4.950000         0.390000

2024-07-04 02:33:55,052 - INFO 
Iniciando predição completa para o R2...

2024-07-04 02:35:14,632 - INFO 
2024-07-04 02:35:14,632 - INFO ====================================================
2024-07-04 02:35:14,632 - INFO ********** R2 Modelo: 0.05045202806145471 **********
2024-07-04 02:35:14,632 - INFO ********** MAE: 0.5899369954179211 **********
2024-07-04 02:35:14,632 - INFO ********** MSE: 0.8606142086937356 **********
2024-07-04 02:35:14,632 - INFO ====================================================
2024-07-04 02:35:14,633 - INFO 

2024-07-04 02:35:14,633 - INFO Alguns exemplos de predições ...
2024-07-04 02:35:14,833 - INFO 
Melhores resultados ...


2024-07-04 02:35:14,840 - INFO 
     amostra  teor_cabono_real  teor_cabono_predict  teor_cabono_diff  error_carbono(%)  teor_nitrogenio_real  teor_nitrogenio_predict  teor_nitrogenio_diff  error_nitrogenio(%) grupo
100      C16              1.60             1.600296          0.000296          0.018501                  0.12                 0.134727              0.014727            12.272128   C16
3135     C16              1.60             1.598565          0.001435          0.089659                  0.12                 0.145544              0.025544            21.286809   C16
1161     C46              2.46             2.462394          0.002394          0.097327                  0.31                 0.209369              0.100631            32.461583   C46
2207     C46              2.46             2.457440          0.002560          0.104050                  0.31                 0.197094              0.112906            36.421350   C46
1966     C46              2.46             2.457421          0.002579          0.104835                  0.31                 0.198353              0.111647            36.015019   C46

2024-07-04 02:35:14,840 - INFO 
Piores resultados ...


2024-07-04 02:35:14,847 - INFO 
     amostra  teor_cabono_real  teor_cabono_predict  teor_cabono_diff  error_carbono(%)  teor_nitrogenio_real  teor_nitrogenio_predict  teor_nitrogenio_diff  error_nitrogenio(%) grupo
2313     C51              0.31             3.214598          2.904598        936.967078                  0.03                 0.282991              0.252991           843.304996   C51
1881     C51              0.31             3.265062          2.955062        953.245837                  0.03                 0.280650              0.250650           835.498377   C51
436      C51              0.31             3.295843          2.985843        963.175125                  0.03                 0.296704              0.266704           889.014606   C51
1054     C51              0.31             3.354986          3.044986        982.253610                  0.03                 0.275493              0.245493           818.310583   C51
2315     C51              0.31             3.411550          3.101550       1000.499861                  0.03                 0.297624              0.267624           892.079079   C51


2024-07-04 02:35:14,867 - INFO R2 [mean] conjunto de predição CARBONO:
2024-07-04 02:35:14,868 - INFO ====================================================
2024-07-04 02:35:14,868 - INFO ====>>>>> R2 [mean]: 0.11438403599760061 <<<<<====
2024-07-04 02:35:14,868 - INFO ====>>>>> MAE [mean]: 1.0196821551852755 <<<<<====
2024-07-04 02:35:14,868 - INFO ====>>>>> MSE [mean]: 1.5136411098901728 <<<<<====
2024-07-04 02:35:14,868 - INFO ====================================================
2024-07-04 02:35:14,868 - INFO 

2024-07-04 02:35:14,871 - INFO R2 [median] conjunto de predição CARBONO:
2024-07-04 02:35:14,871 - INFO ====================================================
2024-07-04 02:35:14,871 - INFO ====>>>>> R2 [median]: 0.10759860711426528 <<<<<====
2024-07-04 02:35:14,872 - INFO ====>>>>> MAE [median]: 1.023955918594643 <<<<<====
2024-07-04 02:35:14,872 - INFO ====>>>>> MSE [median]: 1.5252383535302214 <<<<<====
2024-07-04 02:35:14,872 - INFO ====================================================
2024-07-04 02:35:14,872 - INFO 

2024-07-04 02:35:14,875 - INFO R2 [mean] conjunto de predição NITROGENIO:
2024-07-04 02:35:14,875 - INFO ====================================================
2024-07-04 02:35:14,875 - INFO ====>>>>> R2 [mean]: 0.2412873229431206 <<<<<====
2024-07-04 02:35:14,875 - INFO ====>>>>> MAE [mean]: 0.07943197540662908 <<<<<====
2024-07-04 02:35:14,875 - INFO ====>>>>> MSE [mean]: 0.00894906286000176 <<<<<====
2024-07-04 02:35:14,875 - INFO ====================================================
2024-07-04 02:35:14,875 - INFO 

2024-07-04 02:35:14,878 - INFO R2 [median] conjunto de predição NITROGENIO:
2024-07-04 02:35:14,878 - INFO ====================================================
2024-07-04 02:35:14,878 - INFO ====>>>>> R2 [median]: 0.24237531078892538 <<<<<====
2024-07-04 02:35:14,878 - INFO ====>>>>> MAE [median]: 0.07955574831476919 <<<<<====
2024-07-04 02:35:14,878 - INFO ====>>>>> MSE [median]: 0.00893622997620075 <<<<<====
2024-07-04 02:35:14,878 - INFO ====================================================
2024-07-04 02:35:14,878 - INFO 

2024-07-04 02:35:14,879 - INFO #######################
2024-07-04 02:35:14,880 - INFO Info parameters: 
2024-07-04 02:35:14,880 - INFO  -e (--epochs): 100
2024-07-04 02:35:14,880 - INFO  -G (--grid_search_trials): 0
2024-07-04 02:35:14,880 - INFO  -i (--amount_image_train): 8930
2024-07-04 02:35:14,880 - INFO  -I (--amount_image_test): 3843
2024-07-04 02:35:14,880 - INFO  -L (--log_level): 0
2024-07-04 02:35:14,880 - INFO  -m (--model): 11 - ConvNeXtXLarge
2024-07-04 02:35:14,880 - INFO  -M (--show_model): False
2024-07-04 02:35:14,880 - INFO  -n (--name): ConvNeXtXLarge_11_Normalize0_Epochs100_Patience10_Separed
2024-07-04 02:35:14,880 - INFO  -N (--normalize): NormalizeEnum.NONE
2024-07-04 02:35:14,880 - INFO  -p (--preprocess): False
2024-07-04 02:35:14,880 - INFO  -P (--patience): 10
2024-07-04 02:35:14,880 - INFO  -S (--separed): False
2024-07-04 02:35:14,880 - INFO  -t (--trainable): False
2024-07-04 02:35:14,880 - INFO  -T (--Test): False
2024-07-04 02:35:14,881 - INFO #######################
