2024-07-04 00:04:33,661 - INFO Parâmetros:
2024-07-04 00:04:33,661 - INFO Namespace(epochs=100, grid_search_trials=0, amount_image_train=8930, amount_image_test=3843, log_level=0, model=11, show_model=False, name='ConvNeXtXLarge_11_Normalize4_Epochs100_Patience10_Separed_Preprocess', normalize=3, preprocess=True, patience=10, separed=False, trainable=False, Test=False)
2024-07-04 00:04:45,667 - DEBUG Quantidade de GPU disponíveis: [PhysicalDevice(name='/physical_device:GPU:0', device_type='GPU'), PhysicalDevice(name='/physical_device:GPU:1', device_type='GPU')]
2024-07-04 00:04:49,463 - INFO Modelo: ConvNeXtXLarge
2024-07-04 00:04:49,480 - INFO Embaralhamento de dados->random_state: 50
2024-07-04 00:04:49,489 - INFO Embaralhamento de dados->random_state: 6
2024-07-04 00:04:49,491 - INFO Informações básicas do Dataset com normalização StandardScaler ...
2024-07-04 00:04:49,501 - DEBUG Load df_train: 8930
  amostra       arquivo  teor_carbono  teor_nitrogenio
0     L14  L14A-155.png      0.362459         0.368919
1      L3    L3B-75.png     -0.538008        -1.024813
2     L35   L35B-68.png      0.681980         0.717352
3     L13   L13A-71.png      2.773387         2.982167
4     L25   L25B-83.png      0.732813         0.891569
2024-07-04 00:04:49,504 - DEBUG Load df_test: 3843
  amostra       arquivo  teor_carbono  teor_nitrogenio
0     C39   C39A-71.png     -0.813957        -0.676380
1      C8   C8A-108.png      0.406030        -0.153730
2     C16   C16A-72.png     -0.872052        -0.850596
3     L17  L17B-106.png      0.856264         0.891569
4     L26  L26B-167.png      0.086510         0.194703
2024-07-04 00:04:49,505 - INFO Iniciando o Treinamento...

2024-07-04 00:04:49,505 - INFO Separando Treino e Validação...

2024-07-04 00:04:49,521 - INFO Quantidade de Imagens para Treino e Validação: 7115, 1786

2024-07-04 00:04:49,521 - INFO Carregando imagens ...

2024-07-04 00:05:35,188 - DEBUG Limitando Dados:

2024-07-04 00:05:35,189 - DEBUG 
Train X: 7115
Validate X: 1786
Train Y: (7115, 2)
Validate Y: (1786, 2)
2024-07-04 00:05:35,195 - INFO DataFrame Info Treino:
       teor_carbono  teor_nitrogenio
count   7115.000000      7115.000000
mean      -0.076007        -0.088426
std        0.959302         0.955197
min       -1.743472        -1.547462
25%       -0.937408        -0.850596
50%       -0.000632         0.020486
75%        0.696504         0.456028
max        2.766125         2.895059

2024-07-04 00:05:35,201 - INFO DataFrame Info Validate:
       teor_carbono  teor_nitrogenio
count   1786.000000      1786.000000
mean       0.106413         0.125397
std        1.225526         1.224584
min       -1.794304        -1.460354
25%       -0.951932        -1.024813
50%        0.231746         0.194703
75%        1.117690         1.327110
max        2.773387         2.982167

2024-07-04 00:05:35,201 - INFO Iniciando o treino
2024-07-04 00:05:35,201 - INFO Modelo Selecionado: ConvNeXtXLarge
2024-07-04 00:05:53,791 - INFO Executando sem o GridSearch

2024-07-04 00:05:55,983 - DEBUG 
Usando batch_size=32

2024-07-04 01:29:02,816 - INFO Modelo Salvo!!!
2024-07-04 01:29:02,841 - INFO Iniciando o Test...

2024-07-04 01:32:48,912 - DEBUG 
Test X: 3843
Test Y: (3843, 2)
2024-07-04 01:32:48,936 - INFO DataFrame Info:
       teor_carbono  teor_nitrogenio
count   3843.000000      3843.000000
mean       0.090007         0.103832
std        0.941941         0.945817
min       -1.808828        -1.634570
25%       -0.741339        -0.676380
50%        0.282579         0.194703
75%        0.986977         1.065785
max        1.560661         1.501327

2024-07-04 01:32:48,937 - INFO 
Iniciando predição completa para o R2...

2024-07-04 01:34:09,171 - INFO 
2024-07-04 01:34:09,171 - INFO ====================================================
2024-07-04 01:34:09,172 - INFO ********** R2 Modelo: 0.41784785733538005 **********
2024-07-04 01:34:09,172 - INFO ********** MAE: 0.5744361826169255 **********
2024-07-04 01:34:09,172 - INFO ********** MSE: 0.5184094867713247 **********
2024-07-04 01:34:09,172 - INFO ====================================================
2024-07-04 01:34:09,172 - INFO 

2024-07-04 01:34:09,173 - INFO Alguns exemplos de predições ...
2024-07-04 01:34:09,399 - INFO 
Melhores resultados ...


2024-07-04 01:34:09,406 - INFO 
     amostra  teor_cabono_real  teor_cabono_predict  teor_cabono_diff  error_carbono(%)  teor_nitrogenio_real  teor_nitrogenio_predict  teor_nitrogenio_diff  error_nitrogenio(%) grupo
3828      C8          0.406030             0.405952          0.000079          0.019395             -0.153730                 0.417150              0.570880           371.352251    C8
1289     L20          0.347936             0.348019          0.000084          0.024040              0.368919                 0.643513              0.274594            74.431917   L20
53        C4          0.522220             0.521885          0.000334          0.064038             -0.066622                 0.057827              0.124448           186.798322    C4
653      C23          0.362459             0.362141          0.000318          0.087704              0.456028                 0.542160              0.086133            18.887588   C23
2543     C39         -0.813957            -0.812722          0.001236          0.151804             -0.676380                -0.879871              0.203492            30.085430   C39

2024-07-04 01:34:09,406 - INFO 
Piores resultados ...


2024-07-04 01:34:09,413 - INFO 
     amostra  teor_cabono_real  teor_cabono_predict  teor_cabono_diff  error_carbono(%)  teor_nitrogenio_real  teor_nitrogenio_predict  teor_nitrogenio_diff  error_nitrogenio(%) grupo
2386     L40          0.035677             0.544824          0.509147       1427.102454              0.281811                 0.498707              0.216896            76.964925   L40
3153     L40          0.035677             0.548506          0.512829       1437.424896              0.281811                 0.496980              0.215169            76.352140   L40
2314     L40          0.035677             0.571794          0.536117       1502.699565              0.281811                 0.320240              0.038429            13.636543   L40
2012     L40          0.035677             0.598921          0.563244       1578.733392              0.281811                 0.335430              0.053619            19.026583   L40
1680     L40          0.035677             0.608107          0.572430       1604.481525              0.281811                 0.511060              0.229249            81.348389   L40


2024-07-04 01:34:09,433 - INFO R2 [mean] conjunto de predição CARBONO:
2024-07-04 01:34:09,433 - INFO ====================================================
2024-07-04 01:34:09,433 - INFO ====>>>>> R2 [mean]: 0.43576706867207493 <<<<<====
2024-07-04 01:34:09,433 - INFO ====>>>>> MAE [mean]: 0.5713722077795622 <<<<<====
2024-07-04 01:34:09,433 - INFO ====>>>>> MSE [mean]: 0.5085436072046692 <<<<<====
2024-07-04 01:34:09,433 - INFO ====================================================
2024-07-04 01:34:09,433 - INFO 

2024-07-04 01:34:09,436 - INFO R2 [median] conjunto de predição CARBONO:
2024-07-04 01:34:09,436 - INFO ====================================================
2024-07-04 01:34:09,436 - INFO ====>>>>> R2 [median]: 0.4488703317397785 <<<<<====
2024-07-04 01:34:09,437 - INFO ====>>>>> MAE [median]: 0.5647612648440601 <<<<<====
2024-07-04 01:34:09,437 - INFO ====>>>>> MSE [median]: 0.4967336253751454 <<<<<====
2024-07-04 01:34:09,437 - INFO ====================================================
2024-07-04 01:34:09,437 - INFO 

2024-07-04 01:34:09,440 - INFO R2 [mean] conjunto de predição NITROGENIO:
2024-07-04 01:34:09,440 - INFO ====================================================
2024-07-04 01:34:09,440 - INFO ====>>>>> R2 [mean]: 0.4908400210510915 <<<<<====
2024-07-04 01:34:09,440 - INFO ====>>>>> MAE [mean]: 0.53883041915527 <<<<<====
2024-07-04 01:34:09,440 - INFO ====>>>>> MSE [mean]: 0.4556937725210893 <<<<<====
2024-07-04 01:34:09,440 - INFO ====================================================
2024-07-04 01:34:09,440 - INFO 

2024-07-04 01:34:09,443 - INFO R2 [median] conjunto de predição NITROGENIO:
2024-07-04 01:34:09,443 - INFO ====================================================
2024-07-04 01:34:09,443 - INFO ====>>>>> R2 [median]: 0.5078957890004083 <<<<<====
2024-07-04 01:34:09,443 - INFO ====>>>>> MAE [median]: 0.5382381605688941 <<<<<====
2024-07-04 01:34:09,443 - INFO ====>>>>> MSE [median]: 0.44042900788638023 <<<<<====
2024-07-04 01:34:09,443 - INFO ====================================================
2024-07-04 01:34:09,443 - INFO 

2024-07-04 01:34:09,444 - INFO #######################
2024-07-04 01:34:09,444 - INFO Info parameters: 
2024-07-04 01:34:09,445 - INFO  -e (--epochs): 100
2024-07-04 01:34:09,445 - INFO  -G (--grid_search_trials): 0
2024-07-04 01:34:09,445 - INFO  -i (--amount_image_train): 8930
2024-07-04 01:34:09,445 - INFO  -I (--amount_image_test): 3843
2024-07-04 01:34:09,445 - INFO  -L (--log_level): 0
2024-07-04 01:34:09,445 - INFO  -m (--model): 11 - ConvNeXtXLarge
2024-07-04 01:34:09,445 - INFO  -M (--show_model): False
2024-07-04 01:34:09,445 - INFO  -n (--name): ConvNeXtXLarge_11_Normalize4_Epochs100_Patience10_Separed_Preprocess
2024-07-04 01:34:09,445 - INFO  -N (--normalize): NormalizeEnum.StandardScaler
2024-07-04 01:34:09,445 - INFO  -p (--preprocess): True
2024-07-04 01:34:09,445 - INFO  -P (--patience): 10
2024-07-04 01:34:09,445 - INFO  -S (--separed): False
2024-07-04 01:34:09,445 - INFO  -t (--trainable): False
2024-07-04 01:34:09,445 - INFO  -T (--Test): False
2024-07-04 01:34:09,445 - INFO #######################
