2024-07-02 01:25:43,702 - INFO Parâmetros:
2024-07-02 01:25:43,702 - INFO Namespace(epochs=100, grid_search_trials=0, amount_image_train=8930, amount_image_test=3843, log_level=0, model=0, show_model=False, name='ResNet50_Normalize2_Epochs100_Patience10_Separed_Preprocess', normalize=2, preprocess=False, patience=10, separed=False, trainable=False, Test=False)
2024-07-02 01:25:50,904 - DEBUG Quantidade de GPU disponíveis: [PhysicalDevice(name='/physical_device:GPU:0', device_type='GPU'), PhysicalDevice(name='/physical_device:GPU:1', device_type='GPU')]
2024-07-02 01:25:51,691 - INFO Modelo: ResNet50
2024-07-02 01:25:51,700 - INFO Embaralhamento de dados->random_state: 5
2024-07-02 01:25:51,705 - INFO Embaralhamento de dados->random_state: 38
2024-07-02 01:25:51,706 - INFO Informações básicas do Dataset com normalização RobustScaler ...
2024-07-02 01:25:51,716 - DEBUG Load df_train: 8930
  amostra       arquivo  teor_carbono  teor_nitrogenio
0     L19   L19B-56.png      0.732719         0.944444
1     C15   C15A-92.png     -0.368664        -0.277778
2     C38   C38B-54.png     -0.626728        -0.444444
3     L39   L39B-70.png      0.617512         0.833333
4     L31  L31A-116.png      0.847926         0.944444
2024-07-02 01:25:51,719 - DEBUG Load df_test: 3843
  amostra       arquivo  teor_carbono  teor_nitrogenio
0     C51   C51A-59.png     -1.239631        -1.055556
1      L7    L7B-74.png     -0.718894        -1.000000
2     L40  L40A-120.png     -0.069124         0.166667
3     L23   L23B-87.png      0.585253         0.722222
4     L29  L29A-152.png      0.824885         0.944444
2024-07-02 01:25:51,719 - INFO Iniciando o Treinamento...

2024-07-02 01:25:51,719 - INFO Separando Treino e Validação...

2024-07-02 01:25:51,729 - INFO Quantidade de Imagens para Treino e Validação: 7115, 1786

2024-07-02 01:25:51,729 - INFO Carregando imagens ...

2024-07-02 01:26:16,037 - DEBUG Limitando Dados:

2024-07-02 01:26:16,037 - DEBUG 
Train X: 7115
Validate X: 1786
Train Y: (7115, 2)
Validate Y: (1786, 2)
2024-07-02 01:26:16,042 - INFO DataFrame Info Treino:
       teor_carbono  teor_nitrogenio
count   7115.000000      7115.000000
mean      -0.139998        -0.069462
std        0.608764         0.609202
min       -1.198157        -1.000000
25%       -0.686636        -0.555556
50%       -0.092166         0.000000
75%        0.350230         0.277778
max        1.663594         1.833333

2024-07-02 01:26:16,046 - INFO DataFrame Info Validate:
       teor_carbono  teor_nitrogenio
count   1786.000000      1786.000000
mean      -0.023901         0.067189
std        0.777430         0.780383
min       -1.230415        -0.944444
25%       -0.695853        -0.666667
50%        0.055300         0.111111
75%        0.617512         0.833333
max        1.668203         1.888889

2024-07-02 01:26:16,046 - INFO Iniciando o treino
2024-07-02 01:26:16,046 - INFO Modelo Selecionado: ResNet50
2024-07-02 01:26:18,823 - INFO Executando sem o GridSearch

2024-07-02 01:30:39,873 - INFO Modelo Salvo!!!
2024-07-02 01:30:39,886 - INFO Iniciando o Test...

2024-07-02 01:33:46,618 - DEBUG 
Test X: 3843
Test Y: (3843, 2)
2024-07-02 01:33:46,623 - INFO DataFrame Info:
       teor_carbono  teor_nitrogenio
count   3843.000000      3843.000000
mean      -0.034647         0.053156
std        0.597747         0.603219
min       -1.239631        -1.055556
25%       -0.562212        -0.444444
50%        0.087558         0.111111
75%        0.534562         0.666667
max        0.898618         0.944444

2024-07-02 01:33:46,623 - INFO 
Iniciando predição completa para o R2...

2024-07-02 01:33:57,496 - INFO 
2024-07-02 01:33:57,496 - INFO ====================================================
2024-07-02 01:33:57,496 - INFO ********** R2 Modelo: 0.4429650313220327 **********
2024-07-02 01:33:57,496 - INFO ********** MAE [mean]: 0.3642899721494165 **********
2024-07-02 01:33:57,496 - INFO ********** MSE [mean]: 0.20069365954609036 **********
2024-07-02 01:33:57,496 - INFO ====================================================
2024-07-02 01:33:57,497 - INFO 

2024-07-02 01:33:57,497 - INFO Alguns exemplos de predições ...
2024-07-02 01:33:57,694 - INFO 
Melhores resultados ...


2024-07-02 01:33:57,700 - INFO 
     amostra  teor_cabono_real  teor_cabono_predict  teor_cabono_diff  error_carbono(%)  teor_nitrogenio_real  teor_nitrogenio_predict  teor_nitrogenio_diff  error_nitrogenio(%) grupo
1759     C39         -0.608295            -0.607909          0.000386          0.063480             -0.444444                -0.481380              0.036936             8.310530   C39
1534     L40         -0.069124            -0.069273          0.000149          0.215407              0.166667                -0.058294              0.224960           134.976200   L40
466       C8          0.165899             0.166667          0.000768          0.463199             -0.111111                 0.208131              0.319242           287.318088    C8
2302     C41         -0.562212            -0.564926          0.002714          0.482734             -0.388889                -0.361213              0.027676             7.116765   C41
2493     C41         -0.562212            -0.565010          0.002798          0.497746             -0.388889                -0.413046              0.024157             6.211860   C41

2024-07-02 01:33:57,700 - INFO 
Piores resultados ...


2024-07-02 01:33:57,706 - INFO 
     amostra  teor_cabono_real  teor_cabono_predict  teor_cabono_diff  error_carbono(%)  teor_nitrogenio_real  teor_nitrogenio_predict  teor_nitrogenio_diff  error_nitrogenio(%) grupo
1275     C10         -0.041475            -0.832265          0.790790       1906.682286             -0.166667                -0.696169              0.529502           317.701161   C10
787      C10         -0.041475            -0.835813          0.794339       1915.238408             -0.166667                -0.729505              0.562839           337.703180   C10
2674     C10         -0.041475            -0.844953          0.803478       1937.274849             -0.166667                -0.690009              0.523342           314.005113   C10
3756     C10         -0.041475            -0.847201          0.805726       1942.695576             -0.166667                -0.700978              0.534311           320.586610   C10
3171     C10         -0.041475            -0.919339          0.877864       2116.628768             -0.166667                -0.748239              0.581572           348.943353   C10


2024-07-02 01:33:57,709 - INFO R2 [mean] conjunto de predição CARBONO:
2024-07-02 01:33:57,709 - INFO ====================================================
2024-07-02 01:33:57,709 - INFO ====>>>>> R2 [mean]: 0.49082298876085173 <<<<<====
2024-07-02 01:33:57,709 - INFO ====>>>>> MAE [mean]: 0.354155629515625 <<<<<====
2024-07-02 01:33:57,709 - INFO ====>>>>> MSE [mean]: 0.18481056631015425 <<<<<====
2024-07-02 01:33:57,709 - INFO ====================================================
2024-07-02 01:33:57,709 - INFO 

2024-07-02 01:33:57,712 - INFO R2 [median] conjunto de predição CARBONO:
2024-07-02 01:33:57,712 - INFO ====================================================
2024-07-02 01:33:57,712 - INFO ====>>>>> R2 [median]: 0.510399931607008 <<<<<====
2024-07-02 01:33:57,712 - INFO ====>>>>> MAE [median]: 0.35318065461017384 <<<<<====
2024-07-02 01:33:57,712 - INFO ====>>>>> MSE [median]: 0.1777049315030864 <<<<<====
2024-07-02 01:33:57,712 - INFO ====================================================
2024-07-02 01:33:57,712 - INFO 

2024-07-02 01:33:57,715 - INFO R2 [mean] conjunto de predição NITROGENIO:
2024-07-02 01:33:57,715 - INFO ====================================================
2024-07-02 01:33:57,715 - INFO ====>>>>> R2 [mean]: 0.5686396132758935 <<<<<====
2024-07-02 01:33:57,715 - INFO ====>>>>> MAE [mean]: 0.3312847910912654 <<<<<====
2024-07-02 01:33:57,715 - INFO ====>>>>> MSE [mean]: 0.1570346416233087 <<<<<====
2024-07-02 01:33:57,715 - INFO ====================================================
2024-07-02 01:33:57,715 - INFO 

2024-07-02 01:33:57,718 - INFO R2 [median] conjunto de predição NITROGENIO:
2024-07-02 01:33:57,718 - INFO ====================================================
2024-07-02 01:33:57,718 - INFO ====>>>>> R2 [median]: 0.5954579316869186 <<<<<====
2024-07-02 01:33:57,718 - INFO ====>>>>> MAE [median]: 0.31956560376249715 <<<<<====
2024-07-02 01:33:57,718 - INFO ====>>>>> MSE [median]: 0.14727156381127798 <<<<<====
2024-07-02 01:33:57,718 - INFO ====================================================
2024-07-02 01:33:57,718 - INFO 

2024-07-02 01:33:57,719 - INFO #######################
2024-07-02 01:33:57,719 - INFO Info parameters: 
2024-07-02 01:33:57,719 - INFO  -e (--epochs): 100
2024-07-02 01:33:57,719 - INFO  -G (--grid_search_trials): 0
2024-07-02 01:33:57,719 - INFO  -i (--amount_image_train): 8930
2024-07-02 01:33:57,719 - INFO  -I (--amount_image_test): 3843
2024-07-02 01:33:57,719 - INFO  -L (--log_level): 0
2024-07-02 01:33:57,719 - INFO  -m (--model): 0 - ResNet50
2024-07-02 01:33:57,719 - INFO  -M (--show_model): False
2024-07-02 01:33:57,719 - INFO  -n (--name): ResNet50_Normalize2_Epochs100_Patience10_Separed_Preprocess
2024-07-02 01:33:57,719 - INFO  -N (--normalize): NormalizeEnum.RobustScaler
2024-07-02 01:33:57,719 - INFO  -p (--preprocess): False
2024-07-02 01:33:57,719 - INFO  -P (--patience): 10
2024-07-02 01:33:57,719 - INFO  -S (--separed): False
2024-07-02 01:33:57,720 - INFO  -t (--trainable): False
2024-07-02 01:33:57,720 - INFO  -T (--Test): False
2024-07-02 01:33:57,720 - INFO #######################
