2024-07-02 14:58:19,259 - INFO Parâmetros:
2024-07-02 14:58:19,259 - INFO Namespace(epochs=100, grid_search_trials=0, amount_image_train=8930, amount_image_test=3843, log_level=0, model=40, show_model=False, name='DenseNet169_40_Normalize4_Epochs100_Patience10_Separed_Preprocess', normalize=3, preprocess=False, patience=10, separed=False, trainable=False, Test=False)
2024-07-02 14:58:27,982 - DEBUG Quantidade de GPU disponíveis: [PhysicalDevice(name='/physical_device:GPU:0', device_type='GPU'), PhysicalDevice(name='/physical_device:GPU:1', device_type='GPU')]
2024-07-02 14:58:29,040 - INFO Modelo: DenseNet169
2024-07-02 14:58:29,052 - INFO Embaralhamento de dados->random_state: 34
2024-07-02 14:58:29,059 - INFO Embaralhamento de dados->random_state: 38
2024-07-02 14:58:29,061 - INFO Informações básicas do Dataset com normalização StandardScaler ...
2024-07-02 14:58:29,072 - DEBUG Load df_train: 8930
  amostra       arquivo  teor_carbono  teor_nitrogenio
0     C40  C40A-168.png     -1.104431        -1.111921
1     L11  L11A-121.png     -1.402166        -1.286137
2     C18  C18A-134.png     -1.082645        -0.850596
3     L39  L39A-105.png      1.117690         1.327110
4     C32  C32B-108.png     -1.518355        -1.373246
2024-07-02 14:58:29,075 - DEBUG Load df_test: 3843
  amostra       arquivo  teor_carbono  teor_nitrogenio
0     C51   C51A-59.png     -1.808828        -1.634570
1      L7    L7B-74.png     -0.988241        -1.547462
2     L40  L40A-120.png      0.035677         0.281811
3     L23   L23B-87.png      1.066857         1.152894
4     L29  L29A-152.png      1.444472         1.501327
2024-07-02 14:58:29,075 - INFO Iniciando o Treinamento...

2024-07-02 14:58:29,075 - INFO Separando Treino e Validação...

2024-07-02 14:58:29,088 - INFO Quantidade de Imagens para Treino e Validação: 7115, 1786

2024-07-02 14:58:29,089 - INFO Carregando imagens ...

2024-07-02 14:58:57,600 - DEBUG Limitando Dados:

2024-07-02 14:58:57,600 - DEBUG 
Train X: 7115
Validate X: 1786
Train Y: (7115, 2)
Validate Y: (1786, 2)
2024-07-02 14:58:57,606 - INFO DataFrame Info Treino:
       teor_carbono  teor_nitrogenio
count   7115.000000      7115.000000
mean      -0.076007        -0.088426
std        0.959302         0.955197
min       -1.743472        -1.547462
25%       -0.937408        -0.850596
50%       -0.000632         0.020486
75%        0.696504         0.456028
max        2.766125         2.895059

2024-07-02 14:58:57,610 - INFO DataFrame Info Validate:
       teor_carbono  teor_nitrogenio
count   1786.000000      1786.000000
mean       0.115268         0.135590
std        1.225413         1.224541
min       -1.794304        -1.460354
25%       -0.951932        -1.024813
50%        0.231746         0.194703
75%        1.117690         1.327110
max        2.773387         2.982167

2024-07-02 14:58:57,611 - INFO Iniciando o treino
2024-07-02 14:58:57,611 - INFO Modelo Selecionado: DenseNet169
2024-07-02 14:59:06,617 - INFO Executando sem o GridSearch

2024-07-02 15:06:29,705 - INFO Modelo Salvo!!!
2024-07-02 15:06:29,725 - INFO Iniciando o Test...

2024-07-02 15:10:25,973 - DEBUG 
Test X: 3843
Test Y: (3843, 2)
2024-07-02 15:10:25,998 - INFO DataFrame Info:
       teor_carbono  teor_nitrogenio
count   3843.000000      3843.000000
mean       0.090007         0.103832
std        0.941941         0.945817
min       -1.808828        -1.634570
25%       -0.741339        -0.676380
50%        0.282579         0.194703
75%        0.986977         1.065785
max        1.560661         1.501327

2024-07-02 15:10:25,998 - INFO 
Iniciando predição completa para o R2...

2024-07-02 15:10:42,528 - INFO 
2024-07-02 15:10:42,528 - INFO ====================================================
2024-07-02 15:10:42,528 - INFO ********** R2 Modelo: 0.3042100114611543 **********
2024-07-02 15:10:42,528 - INFO ********** MAE [mean]: 0.6395831858656403 **********
2024-07-02 15:10:42,528 - INFO ********** MSE [mean]: 0.6196737444811211 **********
2024-07-02 15:10:42,528 - INFO ====================================================
2024-07-02 15:10:42,528 - INFO 

2024-07-02 15:10:42,528 - INFO Alguns exemplos de predições ...
2024-07-02 15:10:43,066 - INFO 
Melhores resultados ...


2024-07-02 15:10:43,073 - INFO 
     amostra  teor_cabono_real  teor_cabono_predict  teor_cabono_diff  error_carbono(%)  teor_nitrogenio_real  teor_nitrogenio_predict  teor_nitrogenio_diff  error_nitrogenio(%) grupo
1156     L20          0.347936             0.347621          0.000314          0.090352              0.368919                 0.282357              0.086562            23.463786   L20
1334     C46         -0.247534            -0.247793          0.000259          0.104488              0.804461                -0.195163              0.999623           124.260060   C46
700      C46         -0.247534            -0.248358          0.000823          0.332556              0.804461                -0.195329              0.999789           124.280693   C46
2892     C41         -0.741339            -0.738805          0.002534          0.341764             -0.589271                -0.884434              0.295163            50.089478   C41
77       L20          0.347936             0.349340          0.001404          0.403618              0.368919                 0.314393              0.054526            14.779917   L20

2024-07-02 15:10:43,073 - INFO 
Piores resultados ...


2024-07-02 15:10:43,080 - INFO 
     amostra  teor_cabono_real  teor_cabono_predict  teor_cabono_diff  error_carbono(%)  teor_nitrogenio_real  teor_nitrogenio_predict  teor_nitrogenio_diff  error_nitrogenio(%) grupo
3766     C10          0.079248            -1.058944          1.138192       1436.241552             -0.240838                -1.287708              1.046869           434.677171   C10
1303     C10          0.079248            -1.108417          1.187665       1498.669885             -0.240838                -1.435651              1.194813           496.105871   C10
2425     C10          0.079248            -1.122431          1.201679       1516.353634             -0.240838                -1.352696              1.111858           461.661404   C10
1715     C10          0.079248            -1.152480          1.231728       1554.271297             -0.240838                -1.394683              1.153845           479.095116   C10
298      C10          0.079248            -1.216810          1.296058       1635.446738             -0.240838                -1.470326              1.229487           510.503249   C10


2024-07-02 15:10:43,083 - INFO R2 [mean] conjunto de predição CARBONO:
2024-07-02 15:10:43,083 - INFO ====================================================
2024-07-02 15:10:43,083 - INFO ====>>>>> R2 [mean]: 0.32746409094215256 <<<<<====
2024-07-02 15:10:43,084 - INFO ====>>>>> MAE [mean]: 0.6405752381790767 <<<<<====
2024-07-02 15:10:43,084 - INFO ====>>>>> MSE [mean]: 0.6061571705182429 <<<<<====
2024-07-02 15:10:43,084 - INFO ====================================================
2024-07-02 15:10:43,084 - INFO 

2024-07-02 15:10:43,087 - INFO R2 [median] conjunto de predição CARBONO:
2024-07-02 15:10:43,087 - INFO ====================================================
2024-07-02 15:10:43,087 - INFO ====>>>>> R2 [median]: 0.34674209047875315 <<<<<====
2024-07-02 15:10:43,087 - INFO ====>>>>> MAE [median]: 0.6296162276423287 <<<<<====
2024-07-02 15:10:43,087 - INFO ====>>>>> MSE [median]: 0.5887818936074114 <<<<<====
2024-07-02 15:10:43,087 - INFO ====================================================
2024-07-02 15:10:43,087 - INFO 

2024-07-02 15:10:43,090 - INFO R2 [mean] conjunto de predição NITROGENIO:
2024-07-02 15:10:43,090 - INFO ====================================================
2024-07-02 15:10:43,090 - INFO ====>>>>> R2 [mean]: 0.37094819793261413 <<<<<====
2024-07-02 15:10:43,090 - INFO ====>>>>> MAE [mean]: 0.6051978323563498 <<<<<====
2024-07-02 15:10:43,090 - INFO ====>>>>> MSE [mean]: 0.5629959161107612 <<<<<====
2024-07-02 15:10:43,090 - INFO ====================================================
2024-07-02 15:10:43,091 - INFO 

2024-07-02 15:10:43,093 - INFO R2 [median] conjunto de predição NITROGENIO:
2024-07-02 15:10:43,093 - INFO ====================================================
2024-07-02 15:10:43,094 - INFO ====>>>>> R2 [median]: 0.39256964216988743 <<<<<====
2024-07-02 15:10:43,094 - INFO ====>>>>> MAE [median]: 0.5910964227397572 <<<<<====
2024-07-02 15:10:43,094 - INFO ====>>>>> MSE [median]: 0.5436449107309252 <<<<<====
2024-07-02 15:10:43,094 - INFO ====================================================
2024-07-02 15:10:43,094 - INFO 

2024-07-02 15:10:43,095 - INFO #######################
2024-07-02 15:10:43,095 - INFO Info parameters: 
2024-07-02 15:10:43,095 - INFO  -e (--epochs): 100
2024-07-02 15:10:43,095 - INFO  -G (--grid_search_trials): 0
2024-07-02 15:10:43,095 - INFO  -i (--amount_image_train): 8930
2024-07-02 15:10:43,095 - INFO  -I (--amount_image_test): 3843
2024-07-02 15:10:43,096 - INFO  -L (--log_level): 0
2024-07-02 15:10:43,096 - INFO  -m (--model): 40 - DenseNet169
2024-07-02 15:10:43,096 - INFO  -M (--show_model): False
2024-07-02 15:10:43,096 - INFO  -n (--name): DenseNet169_40_Normalize4_Epochs100_Patience10_Separed_Preprocess
2024-07-02 15:10:43,096 - INFO  -N (--normalize): NormalizeEnum.StandardScaler
2024-07-02 15:10:43,096 - INFO  -p (--preprocess): False
2024-07-02 15:10:43,096 - INFO  -P (--patience): 10
2024-07-02 15:10:43,096 - INFO  -S (--separed): False
2024-07-02 15:10:43,096 - INFO  -t (--trainable): False
2024-07-02 15:10:43,096 - INFO  -T (--Test): False
2024-07-02 15:10:43,096 - INFO #######################
