2024-07-02 00:49:43,459 - INFO Parâmetros:
2024-07-02 00:49:43,459 - INFO Namespace(epochs=100, grid_search_trials=0, amount_image_train=8930, amount_image_test=3843, log_level=0, model=0, show_model=False, name='ResNet50_Normalize4_Epochs100_Patience10_Separed_Preprocess', normalize=3, preprocess=True, patience=10, separed=False, trainable=False, Test=False)
2024-07-02 00:49:49,907 - DEBUG Quantidade de GPU disponíveis: [PhysicalDevice(name='/physical_device:GPU:0', device_type='GPU'), PhysicalDevice(name='/physical_device:GPU:1', device_type='GPU')]
2024-07-02 00:49:50,699 - INFO Modelo: ResNet50
2024-07-02 00:49:50,708 - INFO Embaralhamento de dados->random_state: 64
2024-07-02 00:49:50,713 - INFO Embaralhamento de dados->random_state: 71
2024-07-02 00:49:50,714 - INFO Informações básicas do Dataset com normalização StandardScaler ...
2024-07-02 00:49:50,723 - DEBUG Load df_train: 8930
  amostra      arquivo  teor_carbono  teor_nitrogenio
0     L36  L36A-76.png      0.224485         0.281811
1     L19  L19A-55.png      1.299236         1.501327
2     C36  C36A-56.png     -1.743472        -1.547462
3     C33  C33B-58.png     -1.409427        -1.199029
4      L4  L4A-167.png     -1.373118        -1.286137
2024-07-02 00:49:50,726 - DEBUG Load df_test: 3843
  amostra       arquivo  teor_carbono  teor_nitrogenio
0      L7    L7A-72.png     -0.988241        -1.547462
1     C37  C37B-119.png     -1.242405        -1.111921
2     C51   C51B-93.png     -1.808828        -1.634570
3     C12  C12A-108.png      0.282579        -0.066622
4     C26  C26B-154.png     -0.625150        -0.153730
2024-07-02 00:49:50,727 - INFO Iniciando o Treinamento...

2024-07-02 00:49:50,727 - INFO Separando Treino e Validação...

2024-07-02 00:49:50,737 - INFO Quantidade de Imagens para Treino e Validação: 7115, 1786

2024-07-02 00:49:50,737 - INFO Carregando imagens ...

2024-07-02 00:50:16,099 - DEBUG Limitando Dados:

2024-07-02 00:50:16,099 - DEBUG 
Train X: 7115
Validate X: 1786
Train Y: (7115, 2)
Validate Y: (1786, 2)
2024-07-02 00:50:16,104 - INFO DataFrame Info Treino:
       teor_carbono  teor_nitrogenio
count   7115.000000      7115.000000
mean      -0.076007        -0.088426
std        0.959302         0.955197
min       -1.743472        -1.547462
25%       -0.937408        -0.850596
50%       -0.000632         0.020486
75%        0.696504         0.456028
max        2.766125         2.895059

2024-07-02 00:50:16,108 - INFO DataFrame Info Validate:
       teor_carbono  teor_nitrogenio
count   1786.000000      1786.000000
mean       0.106693         0.127299
std        1.224308         1.222121
min       -1.794304        -1.460354
25%       -0.951932        -1.024813
50%        0.231746         0.194703
75%        1.117690         1.327110
max        2.773387         2.982167

2024-07-02 00:50:16,108 - INFO Iniciando o treino
2024-07-02 00:50:16,108 - INFO Modelo Selecionado: ResNet50
2024-07-02 00:50:18,903 - INFO Executando sem o GridSearch

2024-07-02 00:58:48,754 - INFO Modelo Salvo!!!
2024-07-02 00:58:48,767 - INFO Iniciando o Test...

2024-07-02 01:01:59,074 - DEBUG 
Test X: 3843
Test Y: (3843, 2)
2024-07-02 01:01:59,078 - INFO DataFrame Info:
       teor_carbono  teor_nitrogenio
count   3843.000000      3843.000000
mean       0.090007         0.103832
std        0.941941         0.945817
min       -1.808828        -1.634570
25%       -0.741339        -0.676380
50%        0.282579         0.194703
75%        0.986977         1.065785
max        1.560661         1.501327

2024-07-02 01:01:59,078 - INFO 
Iniciando predição completa para o R2...

2024-07-02 01:02:10,113 - INFO 
2024-07-02 01:02:10,113 - INFO ====================================================
2024-07-02 01:02:10,113 - INFO ********** R2 Modelo: 0.34887025696099067 **********
2024-07-02 01:02:10,113 - INFO ********** MAE [mean]: 0.5933045582610821 **********
2024-07-02 01:02:10,113 - INFO ********** MSE [mean]: 0.5798262819949391 **********
2024-07-02 01:02:10,113 - INFO ====================================================
2024-07-02 01:02:10,113 - INFO 

2024-07-02 01:02:10,114 - INFO Alguns exemplos de predições ...
2024-07-02 01:02:10,311 - INFO 
Melhores resultados ...


2024-07-02 01:02:10,317 - INFO 
     amostra  teor_cabono_real  teor_cabono_predict  teor_cabono_diff  error_carbono(%)  teor_nitrogenio_real  teor_nitrogenio_predict  teor_nitrogenio_diff  error_nitrogenio(%) grupo
3027     L29          1.444472             1.442913          0.001559          0.107913              1.501327                 1.471070              0.030256             2.015307   L29
2264     L20          0.347936             0.348436          0.000501          0.143896              0.368919                 0.303206              0.065714            17.812484   L20
1527      L2         -0.291105            -0.290593          0.000512          0.176026             -0.850596                -0.369959              0.480637            56.505915    L2
1573     L29          1.444472             1.447823          0.003351          0.231986              1.501327                 1.617064              0.115738             7.709022   L29
351      C39         -0.813957            -0.818699          0.004742          0.582594             -0.676380                -0.752172              0.075792            11.205565   C39

2024-07-02 01:02:10,317 - INFO 
Piores resultados ...


2024-07-02 01:02:10,324 - INFO 
     amostra  teor_cabono_real  teor_cabono_predict  teor_cabono_diff  error_carbono(%)  teor_nitrogenio_real  teor_nitrogenio_predict  teor_nitrogenio_diff  error_nitrogenio(%) grupo
2260     L40          0.035677             0.635798          0.600121       1682.098150              0.281811                 0.596686              0.314875           111.732543   L40
24       L40          0.035677             0.690921          0.655244       1836.601984              0.281811                 0.676149              0.394338           139.929771   L40
1301     L40          0.035677             0.816037          0.780360       2187.294034              0.281811                 0.741009              0.459198           162.945112   L40
2803     L40          0.035677             0.846767          0.811090       2273.427768              0.281811                 0.836700              0.554888           196.900750   L40
3008     L40          0.035677             0.907949          0.872272       2444.918206              0.281811                 0.891683              0.609872           216.411464   L40


2024-07-02 01:02:10,326 - INFO R2 [mean] conjunto de predição CARBONO:
2024-07-02 01:02:10,326 - INFO ====================================================
2024-07-02 01:02:10,326 - INFO ====>>>>> R2 [mean]: 0.3853340791086971 <<<<<====
2024-07-02 01:02:10,327 - INFO ====>>>>> MAE [mean]: 0.5877944046106944 <<<<<====
2024-07-02 01:02:10,327 - INFO ====>>>>> MSE [mean]: 0.55399890236852 <<<<<====
2024-07-02 01:02:10,327 - INFO ====================================================
2024-07-02 01:02:10,327 - INFO 

2024-07-02 01:02:10,329 - INFO R2 [median] conjunto de predição CARBONO:
2024-07-02 01:02:10,330 - INFO ====================================================
2024-07-02 01:02:10,330 - INFO ====>>>>> R2 [median]: 0.41453449840714074 <<<<<====
2024-07-02 01:02:10,330 - INFO ====>>>>> MAE [median]: 0.5751366860177315 <<<<<====
2024-07-02 01:02:10,330 - INFO ====>>>>> MSE [median]: 0.5276805403279163 <<<<<====
2024-07-02 01:02:10,330 - INFO ====================================================
2024-07-02 01:02:10,330 - INFO 

2024-07-02 01:02:10,332 - INFO R2 [mean] conjunto de predição NITROGENIO:
2024-07-02 01:02:10,332 - INFO ====================================================
2024-07-02 01:02:10,333 - INFO ====>>>>> R2 [mean]: 0.4677261525091341 <<<<<====
2024-07-02 01:02:10,333 - INFO ====>>>>> MAE [mean]: 0.556297968365749 <<<<<====
2024-07-02 01:02:10,333 - INFO ====>>>>> MSE [mean]: 0.47638048473123723 <<<<<====
2024-07-02 01:02:10,333 - INFO ====================================================
2024-07-02 01:02:10,333 - INFO 

2024-07-02 01:02:10,335 - INFO R2 [median] conjunto de predição NITROGENIO:
2024-07-02 01:02:10,335 - INFO ====================================================
2024-07-02 01:02:10,335 - INFO ====>>>>> R2 [median]: 0.4863498334625086 <<<<<====
2024-07-02 01:02:10,335 - INFO ====>>>>> MAE [median]: 0.5543297185473741 <<<<<====
2024-07-02 01:02:10,336 - INFO ====>>>>> MSE [median]: 0.45971245153390694 <<<<<====
2024-07-02 01:02:10,336 - INFO ====================================================
2024-07-02 01:02:10,336 - INFO 

2024-07-02 01:02:10,336 - INFO #######################
2024-07-02 01:02:10,337 - INFO Info parameters: 
2024-07-02 01:02:10,337 - INFO  -e (--epochs): 100
2024-07-02 01:02:10,337 - INFO  -G (--grid_search_trials): 0
2024-07-02 01:02:10,337 - INFO  -i (--amount_image_train): 8930
2024-07-02 01:02:10,337 - INFO  -I (--amount_image_test): 3843
2024-07-02 01:02:10,337 - INFO  -L (--log_level): 0
2024-07-02 01:02:10,337 - INFO  -m (--model): 0 - ResNet50
2024-07-02 01:02:10,337 - INFO  -M (--show_model): False
2024-07-02 01:02:10,337 - INFO  -n (--name): ResNet50_Normalize4_Epochs100_Patience10_Separed_Preprocess
2024-07-02 01:02:10,337 - INFO  -N (--normalize): NormalizeEnum.StandardScaler
2024-07-02 01:02:10,337 - INFO  -p (--preprocess): True
2024-07-02 01:02:10,337 - INFO  -P (--patience): 10
2024-07-02 01:02:10,337 - INFO  -S (--separed): False
2024-07-02 01:02:10,338 - INFO  -t (--trainable): False
2024-07-02 01:02:10,338 - INFO  -T (--Test): False
2024-07-02 01:02:10,338 - INFO #######################
