2024-07-02 14:38:20,259 - INFO Parâmetros:
2024-07-02 14:38:20,260 - INFO Namespace(epochs=100, grid_search_trials=0, amount_image_train=8930, amount_image_test=3843, log_level=0, model=40, show_model=False, name='DenseNet169_40_Normalize3_Epochs100_Patience10_Separed_Preprocess', normalize=3, preprocess=False, patience=10, separed=False, trainable=False, Test=False)
2024-07-02 14:38:29,581 - DEBUG Quantidade de GPU disponíveis: [PhysicalDevice(name='/physical_device:GPU:0', device_type='GPU'), PhysicalDevice(name='/physical_device:GPU:1', device_type='GPU')]
2024-07-02 14:38:30,639 - INFO Modelo: DenseNet169
2024-07-02 14:38:30,650 - INFO Embaralhamento de dados->random_state: 31
2024-07-02 14:38:30,656 - INFO Embaralhamento de dados->random_state: 73
2024-07-02 14:38:30,657 - INFO Informações básicas do Dataset com normalização StandardScaler ...
2024-07-02 14:38:30,667 - DEBUG Load df_train: 8930
  amostra       arquivo  teor_carbono  teor_nitrogenio
0      C2    C2B-89.png      0.362459        -0.153730
1     L19  L19B-182.png      1.299236         1.501327
2      C2    C2A-92.png      0.362459        -0.153730
3     L30  L30A-166.png      0.500434         0.456028
4     L22  L22A-156.png      0.231746         0.194703
2024-07-02 14:38:30,670 - DEBUG Load df_test: 3843
  amostra       arquivo  teor_carbono  teor_nitrogenio
0     L37   L37B-74.png      1.233879         1.240002
1     C16  C16A-137.png     -0.872052        -0.850596
2      L2   L2A-121.png     -0.291105        -0.850596
3     C24  C24B-105.png      1.270188         1.501327
4     C41  C41A-121.png     -0.741339        -0.589271
2024-07-02 14:38:30,671 - INFO Iniciando o Treinamento...

2024-07-02 14:38:30,671 - INFO Separando Treino e Validação...

2024-07-02 14:38:30,683 - INFO Quantidade de Imagens para Treino e Validação: 7115, 1786

2024-07-02 14:38:30,684 - INFO Carregando imagens ...

2024-07-02 14:38:58,647 - DEBUG Limitando Dados:

2024-07-02 14:38:58,648 - DEBUG 
Train X: 7115
Validate X: 1786
Train Y: (7115, 2)
Validate Y: (1786, 2)
2024-07-02 14:38:58,653 - INFO DataFrame Info Treino:
       teor_carbono  teor_nitrogenio
count   7115.000000      7115.000000
mean      -0.076007        -0.088426
std        0.959302         0.955197
min       -1.743472        -1.547462
25%       -0.937408        -0.850596
50%       -0.000632         0.020486
75%        0.696504         0.456028
max        2.766125         2.895059

2024-07-02 14:38:58,658 - INFO DataFrame Info Validate:
       teor_carbono  teor_nitrogenio
count   1786.000000      1786.000000
mean       0.113459         0.133688
std        1.226223         1.224509
min       -1.794304        -1.460354
25%       -0.951932        -1.024813
50%        0.231746         0.194703
75%        1.117690         1.327110
max        2.773387         2.982167

2024-07-02 14:38:58,658 - INFO Iniciando o treino
2024-07-02 14:38:58,658 - INFO Modelo Selecionado: DenseNet169
2024-07-02 14:39:07,593 - INFO Executando sem o GridSearch

2024-07-02 14:54:18,712 - INFO Modelo Salvo!!!
2024-07-02 14:54:18,750 - INFO Iniciando o Test...

2024-07-02 14:57:59,427 - DEBUG 
Test X: 3843
Test Y: (3843, 2)
2024-07-02 14:57:59,451 - INFO DataFrame Info:
       teor_carbono  teor_nitrogenio
count   3843.000000      3843.000000
mean       0.090007         0.103832
std        0.941941         0.945817
min       -1.808828        -1.634570
25%       -0.741339        -0.676380
50%        0.282579         0.194703
75%        0.986977         1.065785
max        1.560661         1.501327

2024-07-02 14:57:59,451 - INFO 
Iniciando predição completa para o R2...

2024-07-02 14:58:17,000 - INFO 
2024-07-02 14:58:17,001 - INFO ====================================================
2024-07-02 14:58:17,001 - INFO ********** R2 Modelo: 0.33123857241684196 **********
2024-07-02 14:58:17,001 - INFO ********** MAE [mean]: 0.6324556358360198 **********
2024-07-02 14:58:17,001 - INFO ********** MSE [mean]: 0.5955438253478047 **********
2024-07-02 14:58:17,001 - INFO ====================================================
2024-07-02 14:58:17,001 - INFO 

2024-07-02 14:58:17,001 - INFO Alguns exemplos de predições ...
2024-07-02 14:58:17,204 - INFO 
Melhores resultados ...


2024-07-02 14:58:17,211 - INFO 
     amostra  teor_cabono_real  teor_cabono_predict  teor_cabono_diff  error_carbono(%)  teor_nitrogenio_real  teor_nitrogenio_predict  teor_nitrogenio_diff  error_nitrogenio(%) grupo
1719      L7         -0.988241            -0.986596          0.001645          0.166459             -1.547462                -1.018145              0.529317            34.205493    L7
7         L5         -1.467522            -1.471709          0.004187          0.285289             -1.373246                -1.441069              0.067823             4.938920    L5
2311     C39         -0.813957            -0.811390          0.002567          0.315374             -0.676380                -0.559655              0.116724            17.257199   C39
2114      L7         -0.988241            -0.984750          0.003491          0.353239             -1.547462                -0.988964              0.558498            36.091234    L7
1068     L20          0.347936             0.346685          0.001251          0.359565              0.368919                 0.375609              0.006690             1.813310   L20

2024-07-02 14:58:17,211 - INFO 
Piores resultados ...


2024-07-02 14:58:17,218 - INFO 
     amostra  teor_cabono_real  teor_cabono_predict  teor_cabono_diff  error_carbono(%)  teor_nitrogenio_real  teor_nitrogenio_predict  teor_nitrogenio_diff  error_nitrogenio(%) grupo
3357     C10          0.079248            -1.349166          1.428414       1802.462322             -0.240838                -1.297711              1.056873           438.830865   C10
925      L40          0.035677             0.680210          0.644533       1806.581096              0.281811                 0.712370              0.430559           152.782649   L40
3056     C10          0.079248            -1.374062          1.453310       1833.877382             -0.240838                -1.274951              1.034112           429.380330   C10
2767     C10          0.079248            -1.430478          1.509726       1905.066209             -0.240838                -1.292989              1.052150           436.869966   C10
3693     C10          0.079248            -1.487610          1.566858       1977.159246             -0.240838                -1.368051              1.127213           468.037046   C10


2024-07-02 14:58:17,221 - INFO R2 [mean] conjunto de predição CARBONO:
2024-07-02 14:58:17,221 - INFO ====================================================
2024-07-02 14:58:17,221 - INFO ====>>>>> R2 [mean]: 0.351606382655518 <<<<<====
2024-07-02 14:58:17,221 - INFO ====>>>>> MAE [mean]: 0.6285891076409905 <<<<<====
2024-07-02 14:58:17,222 - INFO ====>>>>> MSE [mean]: 0.5843977030493602 <<<<<====
2024-07-02 14:58:17,222 - INFO ====================================================
2024-07-02 14:58:17,222 - INFO 

2024-07-02 14:58:17,225 - INFO R2 [median] conjunto de predição CARBONO:
2024-07-02 14:58:17,225 - INFO ====================================================
2024-07-02 14:58:17,225 - INFO ====>>>>> R2 [median]: 0.3688996705593691 <<<<<====
2024-07-02 14:58:17,225 - INFO ====>>>>> MAE [median]: 0.6113712545689256 <<<<<====
2024-07-02 14:58:17,225 - INFO ====>>>>> MSE [median]: 0.5688112483729987 <<<<<====
2024-07-02 14:58:17,225 - INFO ====================================================
2024-07-02 14:58:17,225 - INFO 

2024-07-02 14:58:17,228 - INFO R2 [mean] conjunto de predição NITROGENIO:
2024-07-02 14:58:17,228 - INFO ====================================================
2024-07-02 14:58:17,228 - INFO ====>>>>> R2 [mean]: 0.4167865855059647 <<<<<====
2024-07-02 14:58:17,228 - INFO ====>>>>> MAE [mean]: 0.5977917837073922 <<<<<====
2024-07-02 14:58:17,228 - INFO ====>>>>> MSE [mean]: 0.5219709561311787 <<<<<====
2024-07-02 14:58:17,228 - INFO ====================================================
2024-07-02 14:58:17,228 - INFO 

2024-07-02 14:58:17,231 - INFO R2 [median] conjunto de predição NITROGENIO:
2024-07-02 14:58:17,231 - INFO ====================================================
2024-07-02 14:58:17,231 - INFO ====>>>>> R2 [median]: 0.44843984009356064 <<<<<====
2024-07-02 14:58:17,231 - INFO ====>>>>> MAE [median]: 0.5815920576479112 <<<<<====
2024-07-02 14:58:17,231 - INFO ====>>>>> MSE [median]: 0.49364156734974146 <<<<<====
2024-07-02 14:58:17,231 - INFO ====================================================
2024-07-02 14:58:17,232 - INFO 

2024-07-02 14:58:17,233 - INFO #######################
2024-07-02 14:58:17,233 - INFO Info parameters: 
2024-07-02 14:58:17,233 - INFO  -e (--epochs): 100
2024-07-02 14:58:17,233 - INFO  -G (--grid_search_trials): 0
2024-07-02 14:58:17,233 - INFO  -i (--amount_image_train): 8930
2024-07-02 14:58:17,233 - INFO  -I (--amount_image_test): 3843
2024-07-02 14:58:17,233 - INFO  -L (--log_level): 0
2024-07-02 14:58:17,233 - INFO  -m (--model): 40 - DenseNet169
2024-07-02 14:58:17,233 - INFO  -M (--show_model): False
2024-07-02 14:58:17,233 - INFO  -n (--name): DenseNet169_40_Normalize3_Epochs100_Patience10_Separed_Preprocess
2024-07-02 14:58:17,233 - INFO  -N (--normalize): NormalizeEnum.StandardScaler
2024-07-02 14:58:17,233 - INFO  -p (--preprocess): False
2024-07-02 14:58:17,234 - INFO  -P (--patience): 10
2024-07-02 14:58:17,234 - INFO  -S (--separed): False
2024-07-02 14:58:17,234 - INFO  -t (--trainable): False
2024-07-02 14:58:17,234 - INFO  -T (--Test): False
2024-07-02 14:58:17,234 - INFO #######################
