2024-07-02 21:19:53,747 - INFO Parâmetros:
2024-07-02 21:19:53,747 - INFO Namespace(epochs=100, grid_search_trials=0, amount_image_train=8930, amount_image_test=3843, log_level=0, model=1, show_model=False, name='ResNet101_1_Normalize3_Epochs100_Patience10_Separed_Preprocess', normalize=3, preprocess=True, patience=10, separed=False, trainable=False, Test=False)
2024-07-02 21:20:03,085 - DEBUG Quantidade de GPU disponíveis: [PhysicalDevice(name='/physical_device:GPU:0', device_type='GPU'), PhysicalDevice(name='/physical_device:GPU:1', device_type='GPU')]
2024-07-02 21:20:04,155 - INFO Modelo: ResNet101
2024-07-02 21:20:04,166 - INFO Embaralhamento de dados->random_state: 0
2024-07-02 21:20:04,172 - INFO Embaralhamento de dados->random_state: 69
2024-07-02 21:20:04,173 - INFO Informações básicas do Dataset com normalização StandardScaler ...
2024-07-02 21:20:04,183 - DEBUG Load df_train: 8930
  amostra       arquivo  teor_carbono  teor_nitrogenio
0     C33  C33B-117.png     -1.409427        -1.199029
1     L27  L27A-104.png      0.827217         1.414218
2      C6    C6B-76.png      1.168523         0.194703
3     C13  C13B-151.png     -0.661459        -0.763488
4     C38  C38A-151.png     -0.843005        -0.676380
2024-07-02 21:20:04,187 - DEBUG Load df_test: 3843
  amostra       arquivo  teor_carbono  teor_nitrogenio
0     C46  C46A-105.png     -0.247534         0.804461
1      C4   C4A-156.png      0.522220        -0.066622
2     C24  C24B-139.png      1.270188         1.501327
3     L40   L40A-24.png      0.035677         0.281811
4     L33  L33A-123.png      0.986977         1.327110
2024-07-02 21:20:04,187 - INFO Iniciando o Treinamento...

2024-07-02 21:20:04,187 - INFO Separando Treino e Validação...

2024-07-02 21:20:04,199 - INFO Quantidade de Imagens para Treino e Validação: 7115, 1786

2024-07-02 21:20:04,199 - INFO Carregando imagens ...

2024-07-02 21:20:35,712 - DEBUG Limitando Dados:

2024-07-02 21:20:35,712 - DEBUG 
Train X: 7115
Validate X: 1786
Train Y: (7115, 2)
Validate Y: (1786, 2)
2024-07-02 21:20:35,718 - INFO DataFrame Info Treino:
       teor_carbono  teor_nitrogenio
count   7115.000000      7115.000000
mean      -0.076007        -0.088426
std        0.959302         0.955197
min       -1.743472        -1.547462
25%       -0.937408        -0.850596
50%       -0.000632         0.020486
75%        0.696504         0.456028
max        2.766125         2.895059

2024-07-02 21:20:35,722 - INFO DataFrame Info Validate:
       teor_carbono  teor_nitrogenio
count   1786.000000      1786.000000
mean       0.108869         0.128469
std        1.225309         1.223843
min       -1.794304        -1.460354
25%       -0.951932        -1.024813
50%        0.231746         0.194703
75%        1.117690         1.327110
max        2.773387         2.982167

2024-07-02 21:20:35,723 - INFO Iniciando o treino
2024-07-02 21:20:35,723 - INFO Modelo Selecionado: ResNet101
2024-07-02 21:20:41,826 - INFO Executando sem o GridSearch

2024-07-02 21:26:41,421 - INFO Modelo Salvo!!!
2024-07-02 21:26:41,453 - INFO Iniciando o Test...

2024-07-02 21:30:22,010 - DEBUG 
Test X: 3843
Test Y: (3843, 2)
2024-07-02 21:30:22,016 - INFO DataFrame Info:
       teor_carbono  teor_nitrogenio
count   3843.000000      3843.000000
mean       0.090007         0.103832
std        0.941941         0.945817
min       -1.808828        -1.634570
25%       -0.741339        -0.676380
50%        0.282579         0.194703
75%        0.986977         1.065785
max        1.560661         1.501327

2024-07-02 21:30:22,016 - INFO 
Iniciando predição completa para o R2...

2024-07-02 21:30:40,775 - INFO 
2024-07-02 21:30:40,775 - INFO ====================================================
2024-07-02 21:30:40,776 - INFO ********** R2 Modelo: 0.352635626005473 **********
2024-07-02 21:30:40,776 - INFO ********** MAE: 0.5994261793347051 **********
2024-07-02 21:30:40,776 - INFO ********** MSE: 0.5763672391306375 **********
2024-07-02 21:30:40,776 - INFO ====================================================
2024-07-02 21:30:40,776 - INFO 

2024-07-02 21:30:40,776 - INFO Alguns exemplos de predições ...
2024-07-02 21:30:40,979 - INFO 
Melhores resultados ...


2024-07-02 21:30:40,987 - INFO 
     amostra  teor_cabono_real  teor_cabono_predict  teor_cabono_diff  error_carbono(%)  teor_nitrogenio_real  teor_nitrogenio_predict  teor_nitrogenio_diff  error_nitrogenio(%) grupo
2509     C24          1.270188             1.267580          0.002608          0.205331              1.501327                 1.307759              0.193567            12.893086   C24
1382      L7         -0.988241            -0.985848          0.002393          0.242128             -1.547462                -1.211433              0.336030            21.714881    L7
2661     L33          0.986977             0.989432          0.002455          0.248706              1.327110                 1.093307              0.233803            17.617459   L33
1479      L7         -0.988241            -0.985601          0.002640          0.267141             -1.547462                -1.188821              0.358641            23.176080    L7
817      L20          0.347936             0.346826          0.001110          0.319067              0.368919                 0.401137              0.032218             8.732997   L20

2024-07-02 21:30:40,987 - INFO 
Piores resultados ...


2024-07-02 21:30:40,994 - INFO 
     amostra  teor_cabono_real  teor_cabono_predict  teor_cabono_diff  error_carbono(%)  teor_nitrogenio_real  teor_nitrogenio_predict  teor_nitrogenio_diff  error_nitrogenio(%) grupo
551      L40          0.035677             0.644056          0.608379       1705.244706              0.281811                 0.792539              0.510728           181.230448   L40
3401     L40          0.035677             0.657544          0.621867       1743.050613              0.281811                 0.521046              0.239235            84.891954   L40
2239     L40          0.035677             0.672233          0.636556       1784.221262              0.281811                 0.740404              0.458593           162.730688   L40
139      C10          0.079248            -1.357267          1.436515       1812.684352             -0.240838                -1.573815              1.332976           553.473487   C10
3378     L40          0.035677             0.682597          0.646920       1813.272489              0.281811                 0.585615              0.303804           107.804059   L40


2024-07-02 21:30:40,997 - INFO R2 [mean] conjunto de predição CARBONO:
2024-07-02 21:30:40,997 - INFO ====================================================
2024-07-02 21:30:40,997 - INFO ====>>>>> R2 [mean]: 0.32830864590540554 <<<<<====
2024-07-02 21:30:40,998 - INFO ====>>>>> MAE [mean]: 0.623264615961874 <<<<<====
2024-07-02 21:30:40,998 - INFO ====>>>>> MSE [mean]: 0.6053959724320473 <<<<<====
2024-07-02 21:30:40,998 - INFO ====================================================
2024-07-02 21:30:40,998 - INFO 

2024-07-02 21:30:41,001 - INFO R2 [median] conjunto de predição CARBONO:
2024-07-02 21:30:41,001 - INFO ====================================================
2024-07-02 21:30:41,001 - INFO ====>>>>> R2 [median]: 0.3246946700135739 <<<<<====
2024-07-02 21:30:41,001 - INFO ====>>>>> MAE [median]: 0.6167600053670981 <<<<<====
2024-07-02 21:30:41,001 - INFO ====>>>>> MSE [median]: 0.6086532518894116 <<<<<====
2024-07-02 21:30:41,001 - INFO ====================================================
2024-07-02 21:30:41,001 - INFO 

2024-07-02 21:30:41,004 - INFO R2 [mean] conjunto de predição NITROGENIO:
2024-07-02 21:30:41,004 - INFO ====================================================
2024-07-02 21:30:41,004 - INFO ====>>>>> R2 [mean]: 0.4663254814490674 <<<<<====
2024-07-02 21:30:41,004 - INFO ====>>>>> MAE [mean]: 0.5574921054780252 <<<<<====
2024-07-02 21:30:41,004 - INFO ====>>>>> MSE [mean]: 0.4776340732020761 <<<<<====
2024-07-02 21:30:41,004 - INFO ====================================================
2024-07-02 21:30:41,004 - INFO 

2024-07-02 21:30:41,007 - INFO R2 [median] conjunto de predição NITROGENIO:
2024-07-02 21:30:41,007 - INFO ====================================================
2024-07-02 21:30:41,007 - INFO ====>>>>> R2 [median]: 0.45474025749810953 <<<<<====
2024-07-02 21:30:41,007 - INFO ====>>>>> MAE [median]: 0.5629917137408467 <<<<<====
2024-07-02 21:30:41,008 - INFO ====>>>>> MSE [median]: 0.488002748325781 <<<<<====
2024-07-02 21:30:41,008 - INFO ====================================================
2024-07-02 21:30:41,008 - INFO 

2024-07-02 21:30:41,009 - INFO #######################
2024-07-02 21:30:41,009 - INFO Info parameters: 
2024-07-02 21:30:41,009 - INFO  -e (--epochs): 100
2024-07-02 21:30:41,009 - INFO  -G (--grid_search_trials): 0
2024-07-02 21:30:41,009 - INFO  -i (--amount_image_train): 8930
2024-07-02 21:30:41,009 - INFO  -I (--amount_image_test): 3843
2024-07-02 21:30:41,009 - INFO  -L (--log_level): 0
2024-07-02 21:30:41,009 - INFO  -m (--model): 1 - ResNet101
2024-07-02 21:30:41,009 - INFO  -M (--show_model): False
2024-07-02 21:30:41,009 - INFO  -n (--name): ResNet101_1_Normalize3_Epochs100_Patience10_Separed_Preprocess
2024-07-02 21:30:41,009 - INFO  -N (--normalize): NormalizeEnum.StandardScaler
2024-07-02 21:30:41,010 - INFO  -p (--preprocess): True
2024-07-02 21:30:41,010 - INFO  -P (--patience): 10
2024-07-02 21:30:41,010 - INFO  -S (--separed): False
2024-07-02 21:30:41,010 - INFO  -t (--trainable): False
2024-07-02 21:30:41,010 - INFO  -T (--Test): False
2024-07-02 21:30:41,010 - INFO #######################
