2024-07-03 02:37:28,985 - INFO Parâmetros:
2024-07-03 02:37:28,985 - INFO Namespace(epochs=100, grid_search_trials=0, amount_image_train=8930, amount_image_test=3843, log_level=0, model=2, show_model=False, name='ResNet152_2_Normalize2_Epochs100_Patience10_Separed_Preprocess', normalize=2, preprocess=False, patience=10, separed=False, trainable=False, Test=False)
2024-07-03 02:37:36,191 - DEBUG Quantidade de GPU disponíveis: [PhysicalDevice(name='/physical_device:GPU:0', device_type='GPU'), PhysicalDevice(name='/physical_device:GPU:1', device_type='GPU')]
2024-07-03 02:37:37,249 - INFO Modelo: ResNet152
2024-07-03 02:37:37,258 - INFO Embaralhamento de dados->random_state: 35
2024-07-03 02:37:37,264 - INFO Embaralhamento de dados->random_state: 28
2024-07-03 02:37:37,265 - INFO Informações básicas do Dataset com normalização RobustScaler ...
2024-07-03 02:37:37,276 - DEBUG Load df_train: 8930
  amostra       arquivo  teor_carbono  teor_nitrogenio
0     L30  L30A-102.png      0.225806         0.277778
1      C1   C1B-125.png      0.506912         0.222222
2     C11  C11B-123.png      0.267281         0.166667
3     C29  C29B-154.png     -0.262673         0.000000
4     L31  L31A-151.png      0.847926         0.944444
2024-07-03 02:37:37,279 - DEBUG Load df_test: 3843
  amostra       arquivo  teor_carbono  teor_nitrogenio
0     C24   C24A-71.png      0.714286         0.944444
1      C3    C3B-55.png      0.898618         0.666667
2      L2   L2A-139.png     -0.276498        -0.555556
3     L40  L40A-121.png     -0.069124         0.166667
4     L33   L33A-84.png      0.534562         0.833333
2024-07-03 02:37:37,280 - INFO Iniciando o Treinamento...

2024-07-03 02:37:37,280 - INFO Separando Treino e Validação...

2024-07-03 02:37:37,292 - INFO Quantidade de Imagens para Treino e Validação: 7115, 1786

2024-07-03 02:37:37,292 - INFO Carregando imagens ...

2024-07-03 02:38:05,037 - DEBUG Limitando Dados:

2024-07-03 02:38:05,037 - DEBUG 
Train X: 7115
Validate X: 1786
Train Y: (7115, 2)
Validate Y: (1786, 2)
2024-07-03 02:38:05,043 - INFO DataFrame Info Treino:
       teor_carbono  teor_nitrogenio
count   7115.000000      7115.000000
mean      -0.139998        -0.069462
std        0.608764         0.609202
min       -1.198157        -1.000000
25%       -0.686636        -0.555556
50%       -0.092166         0.000000
75%        0.350230         0.277778
max        1.663594         1.833333

2024-07-03 02:38:05,047 - INFO DataFrame Info Validate:
       teor_carbono  teor_nitrogenio
count   1786.000000      1786.000000
mean      -0.026677         0.065043
std        0.777276         0.779906
min       -1.230415        -0.944444
25%       -0.695853        -0.666667
50%        0.055300         0.111111
75%        0.617512         0.833333
max        1.668203         1.888889

2024-07-03 02:38:05,047 - INFO Iniciando o treino
2024-07-03 02:38:05,048 - INFO Modelo Selecionado: ResNet152
2024-07-03 02:38:14,117 - INFO Executando sem o GridSearch

2024-07-03 02:45:40,760 - INFO Modelo Salvo!!!
2024-07-03 02:45:40,779 - INFO Iniciando o Test...

2024-07-03 02:49:22,373 - DEBUG 
Test X: 3843
Test Y: (3843, 2)
2024-07-03 02:49:22,380 - INFO DataFrame Info:
       teor_carbono  teor_nitrogenio
count   3843.000000      3843.000000
mean      -0.034647         0.053156
std        0.597747         0.603219
min       -1.239631        -1.055556
25%       -0.562212        -0.444444
50%        0.087558         0.111111
75%        0.534562         0.666667
max        0.898618         0.944444

2024-07-03 02:49:22,380 - INFO 
Iniciando predição completa para o R2...

2024-07-03 02:49:44,605 - INFO 
2024-07-03 02:49:44,606 - INFO ====================================================
2024-07-03 02:49:44,606 - INFO ********** R2 Modelo: 0.4389268953181584 **********
2024-07-03 02:49:44,606 - INFO ********** MAE: 0.3596237145498069 **********
2024-07-03 02:49:44,606 - INFO ********** MSE: 0.20227904627309265 **********
2024-07-03 02:49:44,606 - INFO ====================================================
2024-07-03 02:49:44,606 - INFO 

2024-07-03 02:49:44,606 - INFO Alguns exemplos de predições ...
2024-07-03 02:49:44,813 - INFO 
Melhores resultados ...


2024-07-03 02:49:44,820 - INFO 
     amostra  teor_cabono_real  teor_cabono_predict  teor_cabono_diff  error_carbono(%)  teor_nitrogenio_real  teor_nitrogenio_predict  teor_nitrogenio_diff  error_nitrogenio(%) grupo
1285     C41         -0.562212            -0.561273          0.000939          0.166988             -0.388889                -0.505876              0.116988            30.082524   C41
671      C39         -0.608295            -0.609595          0.001300          0.213704             -0.444444                -0.571099              0.126654            28.497191   C39
1401      L7         -0.718894            -0.716758          0.002136          0.297114             -1.000000                -0.840811              0.159189            15.918928    L7
3246     C39         -0.608295            -0.606356          0.001939          0.318686             -0.444444                -0.553337              0.108893            24.500914   C39
19       C26         -0.488479            -0.486839          0.001641          0.335857             -0.111111                -0.362455              0.251344           226.209295   C26

2024-07-03 02:49:44,820 - INFO 
Piores resultados ...


2024-07-03 02:49:44,827 - INFO 
     amostra  teor_cabono_real  teor_cabono_predict  teor_cabono_diff  error_carbono(%)  teor_nitrogenio_real  teor_nitrogenio_predict  teor_nitrogenio_diff  error_nitrogenio(%) grupo
207      C10         -0.041475            -0.854850          0.813376       1961.138894             -0.166667                -1.063812              0.897145           538.286996   C10
2828     C10         -0.041475            -0.883494          0.842019       2030.202391             -0.166667                -1.131260              0.964593           578.756094   C10
2707     C10         -0.041475            -0.884981          0.843507       2033.788615             -0.166667                -1.081430              0.914764           548.858261   C10
3190     C10         -0.041475            -0.897953          0.856478       2065.064249             -0.166667                -1.136319              0.969652           581.791496   C10
3693     C10         -0.041475            -0.905539          0.864064       2083.354081             -0.166667                -1.168833              1.002166           601.299667   C10


2024-07-03 02:49:44,830 - INFO R2 [mean] conjunto de predição CARBONO:
2024-07-03 02:49:44,830 - INFO ====================================================
2024-07-03 02:49:44,830 - INFO ====>>>>> R2 [mean]: 0.539742492660636 <<<<<====
2024-07-03 02:49:44,830 - INFO ====>>>>> MAE [mean]: 0.3349787021142607 <<<<<====
2024-07-03 02:49:44,830 - INFO ====>>>>> MSE [mean]: 0.16705477408118288 <<<<<====
2024-07-03 02:49:44,830 - INFO ====================================================
2024-07-03 02:49:44,831 - INFO 

2024-07-03 02:49:44,834 - INFO R2 [median] conjunto de predição CARBONO:
2024-07-03 02:49:44,834 - INFO ====================================================
2024-07-03 02:49:44,834 - INFO ====>>>>> R2 [median]: 0.5618735703575863 <<<<<====
2024-07-03 02:49:44,834 - INFO ====>>>>> MAE [median]: 0.32449808311309286 <<<<<====
2024-07-03 02:49:44,834 - INFO ====>>>>> MSE [median]: 0.15902209210232895 <<<<<====
2024-07-03 02:49:44,834 - INFO ====================================================
2024-07-03 02:49:44,834 - INFO 

2024-07-03 02:49:44,837 - INFO R2 [mean] conjunto de predição NITROGENIO:
2024-07-03 02:49:44,837 - INFO ====================================================
2024-07-03 02:49:44,837 - INFO ====>>>>> R2 [mean]: 0.5701841642679519 <<<<<====
2024-07-03 02:49:44,837 - INFO ====>>>>> MAE [mean]: 0.3002194874448541 <<<<<====
2024-07-03 02:49:44,837 - INFO ====>>>>> MSE [mean]: 0.1564723553796673 <<<<<====
2024-07-03 02:49:44,837 - INFO ====================================================
2024-07-03 02:49:44,837 - INFO 

2024-07-03 02:49:44,840 - INFO R2 [median] conjunto de predição NITROGENIO:
2024-07-03 02:49:44,840 - INFO ====================================================
2024-07-03 02:49:44,840 - INFO ====>>>>> R2 [median]: 0.5706678281869209 <<<<<====
2024-07-03 02:49:44,840 - INFO ====>>>>> MAE [median]: 0.2984332659668883 <<<<<====
2024-07-03 02:49:44,840 - INFO ====>>>>> MSE [median]: 0.15629627989262915 <<<<<====
2024-07-03 02:49:44,840 - INFO ====================================================
2024-07-03 02:49:44,840 - INFO 

2024-07-03 02:49:44,842 - INFO #######################
2024-07-03 02:49:44,842 - INFO Info parameters: 
2024-07-03 02:49:44,842 - INFO  -e (--epochs): 100
2024-07-03 02:49:44,842 - INFO  -G (--grid_search_trials): 0
2024-07-03 02:49:44,842 - INFO  -i (--amount_image_train): 8930
2024-07-03 02:49:44,842 - INFO  -I (--amount_image_test): 3843
2024-07-03 02:49:44,842 - INFO  -L (--log_level): 0
2024-07-03 02:49:44,842 - INFO  -m (--model): 2 - ResNet152
2024-07-03 02:49:44,842 - INFO  -M (--show_model): False
2024-07-03 02:49:44,842 - INFO  -n (--name): ResNet152_2_Normalize2_Epochs100_Patience10_Separed_Preprocess
2024-07-03 02:49:44,842 - INFO  -N (--normalize): NormalizeEnum.RobustScaler
2024-07-03 02:49:44,842 - INFO  -p (--preprocess): False
2024-07-03 02:49:44,842 - INFO  -P (--patience): 10
2024-07-03 02:49:44,842 - INFO  -S (--separed): False
2024-07-03 02:49:44,842 - INFO  -t (--trainable): False
2024-07-03 02:49:44,843 - INFO  -T (--Test): False
2024-07-03 02:49:44,843 - INFO #######################
