2024-07-02 13:33:41,353 - INFO Parâmetros:
2024-07-02 13:33:41,353 - INFO Namespace(epochs=100, grid_search_trials=0, amount_image_train=8930, amount_image_test=3843, log_level=0, model=40, show_model=False, name='DenseNet169_40_Normalize3_Epochs100_Patience10_Separed_Preprocess', normalize=3, preprocess=True, patience=10, separed=False, trainable=False, Test=False)
2024-07-02 13:33:50,596 - DEBUG Quantidade de GPU disponíveis: [PhysicalDevice(name='/physical_device:GPU:0', device_type='GPU'), PhysicalDevice(name='/physical_device:GPU:1', device_type='GPU')]
2024-07-02 13:33:51,662 - INFO Modelo: DenseNet169
2024-07-02 13:33:51,673 - INFO Embaralhamento de dados->random_state: 77
2024-07-02 13:33:51,687 - INFO Embaralhamento de dados->random_state: 18
2024-07-02 13:33:51,689 - INFO Informações básicas do Dataset com normalização StandardScaler ...
2024-07-02 13:33:51,702 - DEBUG Load df_train: 8930
  amostra       arquivo  teor_carbono  teor_nitrogenio
0     C30  C30A-125.png     -0.741339        -0.415055
1     C43  C43A-118.png      0.260794        -0.240838
2     L27  L27B-121.png      0.827217         1.414218
3     L27   L27A-40.png      0.827217         1.414218
4     C19  C19B-151.png     -0.327415        -0.240838
2024-07-02 13:33:51,706 - DEBUG Load df_test: 3843
  amostra       arquivo  teor_carbono  teor_nitrogenio
0      L5   L5A-154.png     -1.467522        -1.373246
1     C41   C41A-56.png     -0.741339        -0.589271
2     L40   L40B-43.png      0.035677         0.281811
3      C8   C8A-106.png      0.406030        -0.153730
4     L40  L40A-107.png      0.035677         0.281811
2024-07-02 13:33:51,707 - INFO Iniciando o Treinamento...

2024-07-02 13:33:51,707 - INFO Separando Treino e Validação...

2024-07-02 13:33:51,719 - INFO Quantidade de Imagens para Treino e Validação: 7115, 1786

2024-07-02 13:33:51,719 - INFO Carregando imagens ...

2024-07-02 13:34:24,639 - DEBUG Limitando Dados:

2024-07-02 13:34:24,640 - DEBUG 
Train X: 7115
Validate X: 1786
Train Y: (7115, 2)
Validate Y: (1786, 2)
2024-07-02 13:34:24,645 - INFO DataFrame Info Treino:
       teor_carbono  teor_nitrogenio
count   7115.000000      7115.000000
mean      -0.076007        -0.088426
std        0.959302         0.955197
min       -1.743472        -1.547462
25%       -0.937408        -0.850596
50%       -0.000632         0.020486
75%        0.696504         0.456028
max        2.766125         2.895059

2024-07-02 13:34:24,650 - INFO DataFrame Info Validate:
       teor_carbono  teor_nitrogenio
count   1786.000000      1786.000000
mean       0.105888         0.124616
std        1.221420         1.219987
min       -1.794304        -1.460354
25%       -0.951932        -1.024813
50%        0.231746         0.194703
75%        1.117690         1.327110
max        2.773387         2.982167

2024-07-02 13:34:24,650 - INFO Iniciando o treino
2024-07-02 13:34:24,650 - INFO Modelo Selecionado: DenseNet169
2024-07-02 13:34:33,676 - INFO Executando sem o GridSearch

2024-07-02 13:40:17,176 - INFO Modelo Salvo!!!
2024-07-02 13:40:17,192 - INFO Iniciando o Test...

2024-07-02 13:43:59,270 - DEBUG 
Test X: 3843
Test Y: (3843, 2)
2024-07-02 13:43:59,295 - INFO DataFrame Info:
       teor_carbono  teor_nitrogenio
count   3843.000000      3843.000000
mean       0.090007         0.103832
std        0.941941         0.945817
min       -1.808828        -1.634570
25%       -0.741339        -0.676380
50%        0.282579         0.194703
75%        0.986977         1.065785
max        1.560661         1.501327

2024-07-02 13:43:59,295 - INFO 
Iniciando predição completa para o R2...

2024-07-02 13:44:18,923 - INFO 
2024-07-02 13:44:18,924 - INFO ====================================================
2024-07-02 13:44:18,924 - INFO ********** R2 Modelo: 0.4754109090596935 **********
2024-07-02 13:44:18,924 - INFO ********** MAE [mean]: 0.5598630819512509 **********
2024-07-02 13:44:18,924 - INFO ********** MSE [mean]: 0.4671130018857288 **********
2024-07-02 13:44:18,924 - INFO ====================================================
2024-07-02 13:44:18,924 - INFO 

2024-07-02 13:44:18,924 - INFO Alguns exemplos de predições ...
2024-07-02 13:44:19,464 - INFO 
Melhores resultados ...


2024-07-02 13:44:19,471 - INFO 
     amostra  teor_cabono_real  teor_cabono_predict  teor_cabono_diff  error_carbono(%)  teor_nitrogenio_real  teor_nitrogenio_predict  teor_nitrogenio_diff  error_nitrogenio(%) grupo
860      C39         -0.813957            -0.813110          0.000847          0.104052             -0.676380                -0.661159              0.015221             2.250360   C39
212       C8          0.406030             0.406497          0.000467          0.114904             -0.153730                 0.380932              0.534662           347.792628    C8
219      C23          0.362459             0.362896          0.000437          0.120566              0.456028                 0.342312              0.113716            24.936183   C23
3757      C8          0.406030             0.405397          0.000633          0.155903             -0.153730                 0.294524              0.448254           291.584871    C8
2113      C8          0.406030             0.404666          0.001364          0.336010             -0.153730                 0.169632              0.323362           210.344009    C8

2024-07-02 13:44:19,471 - INFO 
Piores resultados ...


2024-07-02 13:44:19,478 - INFO 
     amostra  teor_cabono_real  teor_cabono_predict  teor_cabono_diff  error_carbono(%)  teor_nitrogenio_real  teor_nitrogenio_predict  teor_nitrogenio_diff  error_nitrogenio(%) grupo
845      L40          0.035677             0.667610          0.631933       1771.263328              0.281811                 0.721066              0.439255           155.868389   L40
1602     L40          0.035677             0.690953          0.655276       1836.693704              0.281811                 0.839644              0.557833           197.945482   L40
3796     L40          0.035677             0.705746          0.670069       1878.157891              0.281811                 0.760778              0.478967           169.960288   L40
2913     L40          0.035677             0.831547          0.795870       2230.768379              0.281811                 0.954327              0.672515           238.640449   L40
3818     L40          0.035677             0.857571          0.821894       2303.712623              0.281811                 0.894029              0.612218           217.243971   L40


2024-07-02 13:44:19,482 - INFO R2 [mean] conjunto de predição CARBONO:
2024-07-02 13:44:19,483 - INFO ====================================================
2024-07-02 13:44:19,483 - INFO ====>>>>> R2 [mean]: 0.49574074806630963 <<<<<====
2024-07-02 13:44:19,483 - INFO ====>>>>> MAE [mean]: 0.5557271423703026 <<<<<====
2024-07-02 13:44:19,483 - INFO ====>>>>> MSE [mean]: 0.4544892804132492 <<<<<====
2024-07-02 13:44:19,483 - INFO ====================================================
2024-07-02 13:44:19,483 - INFO 

2024-07-02 13:44:19,486 - INFO R2 [median] conjunto de predição CARBONO:
2024-07-02 13:44:19,487 - INFO ====================================================
2024-07-02 13:44:19,487 - INFO ====>>>>> R2 [median]: 0.5219274858399832 <<<<<====
2024-07-02 13:44:19,487 - INFO ====>>>>> MAE [median]: 0.5393461302422993 <<<<<====
2024-07-02 13:44:19,487 - INFO ====>>>>> MSE [median]: 0.4308871520209826 <<<<<====
2024-07-02 13:44:19,487 - INFO ====================================================
2024-07-02 13:44:19,487 - INFO 

2024-07-02 13:44:19,490 - INFO R2 [mean] conjunto de predição NITROGENIO:
2024-07-02 13:44:19,490 - INFO ====================================================
2024-07-02 13:44:19,490 - INFO ====>>>>> R2 [mean]: 0.5690711666230303 <<<<<====
2024-07-02 13:44:19,490 - INFO ====>>>>> MAE [mean]: 0.5209882015368122 <<<<<====
2024-07-02 13:44:19,490 - INFO ====>>>>> MSE [mean]: 0.385677574610333 <<<<<====
2024-07-02 13:44:19,490 - INFO ====================================================
2024-07-02 13:44:19,491 - INFO 

2024-07-02 13:44:19,493 - INFO R2 [median] conjunto de predição NITROGENIO:
2024-07-02 13:44:19,494 - INFO ====================================================
2024-07-02 13:44:19,494 - INFO ====>>>>> R2 [median]: 0.5990019368912562 <<<<<====
2024-07-02 13:44:19,494 - INFO ====>>>>> MAE [median]: 0.5050913927263453 <<<<<====
2024-07-02 13:44:19,494 - INFO ====>>>>> MSE [median]: 0.35888979438034246 <<<<<====
2024-07-02 13:44:19,494 - INFO ====================================================
2024-07-02 13:44:19,494 - INFO 

2024-07-02 13:44:19,552 - INFO #######################
2024-07-02 13:44:19,553 - INFO Info parameters: 
2024-07-02 13:44:19,553 - INFO  -e (--epochs): 100
2024-07-02 13:44:19,553 - INFO  -G (--grid_search_trials): 0
2024-07-02 13:44:19,553 - INFO  -i (--amount_image_train): 8930
2024-07-02 13:44:19,553 - INFO  -I (--amount_image_test): 3843
2024-07-02 13:44:19,553 - INFO  -L (--log_level): 0
2024-07-02 13:44:19,553 - INFO  -m (--model): 40 - DenseNet169
2024-07-02 13:44:19,553 - INFO  -M (--show_model): False
2024-07-02 13:44:19,553 - INFO  -n (--name): DenseNet169_40_Normalize3_Epochs100_Patience10_Separed_Preprocess
2024-07-02 13:44:19,553 - INFO  -N (--normalize): NormalizeEnum.StandardScaler
2024-07-02 13:44:19,553 - INFO  -p (--preprocess): True
2024-07-02 13:44:19,553 - INFO  -P (--patience): 10
2024-07-02 13:44:19,553 - INFO  -S (--separed): False
2024-07-02 13:44:19,554 - INFO  -t (--trainable): False
2024-07-02 13:44:19,554 - INFO  -T (--Test): False
2024-07-02 13:44:19,554 - INFO #######################
