2024-07-02 12:59:17,896 - INFO Parâmetros:
2024-07-02 12:59:17,896 - INFO Namespace(epochs=100, grid_search_trials=0, amount_image_train=8930, amount_image_test=3843, log_level=0, model=30, show_model=False, name='InceptionResNetV2_30_Normalize4_Epochs100_Patience10_Separed_Preprocess', normalize=3, preprocess=True, patience=10, separed=False, trainable=False, Test=False)
2024-07-02 12:59:25,866 - DEBUG Quantidade de GPU disponíveis: [PhysicalDevice(name='/physical_device:GPU:0', device_type='GPU'), PhysicalDevice(name='/physical_device:GPU:1', device_type='GPU')]
2024-07-02 12:59:26,665 - INFO Modelo: InceptionResNetV2
2024-07-02 12:59:26,683 - INFO Embaralhamento de dados->random_state: 42
2024-07-02 12:59:26,691 - INFO Embaralhamento de dados->random_state: 88
2024-07-02 12:59:26,692 - INFO Informações básicas do Dataset com normalização StandardScaler ...
2024-07-02 12:59:26,704 - DEBUG Load df_train: 8930
  amostra       arquivo  teor_carbono  teor_nitrogenio
0      L4    L4B-86.png     -1.373118        -1.286137
1     C33   C33A-57.png     -1.409427        -1.199029
2     C33  C33B-155.png     -1.409427        -1.199029
3     L36  L36A-156.png      0.224485         0.281811
4     L27  L27B-136.png      0.827217         1.414218
2024-07-02 12:59:26,707 - DEBUG Load df_test: 3843
  amostra       arquivo  teor_carbono  teor_nitrogenio
0      L7   L7B-107.png     -0.988241        -1.547462
1     L40   L40A-69.png      0.035677         0.281811
2     C46   C46A-55.png     -0.247534         0.804461
3     L17   L17A-40.png      0.856264         0.891569
4     C16  C16A-169.png     -0.872052        -0.850596
2024-07-02 12:59:26,707 - INFO Iniciando o Treinamento...

2024-07-02 12:59:26,707 - INFO Separando Treino e Validação...

2024-07-02 12:59:26,718 - INFO Quantidade de Imagens para Treino e Validação: 7115, 1786

2024-07-02 12:59:26,718 - INFO Carregando imagens ...

2024-07-02 12:59:52,837 - DEBUG Limitando Dados:

2024-07-02 12:59:52,838 - DEBUG 
Train X: 7115
Validate X: 1786
Train Y: (7115, 2)
Validate Y: (1786, 2)
2024-07-02 12:59:52,842 - INFO DataFrame Info Treino:
       teor_carbono  teor_nitrogenio
count   7115.000000      7115.000000
mean      -0.076007        -0.088426
std        0.959302         0.955197
min       -1.743472        -1.547462
25%       -0.937408        -0.850596
50%       -0.000632         0.020486
75%        0.696504         0.456028
max        2.766125         2.895059

2024-07-02 12:59:52,847 - INFO DataFrame Info Validate:
       teor_carbono  teor_nitrogenio
count   1786.000000      1786.000000
mean       0.109478         0.129299
std        1.224467         1.223688
min       -1.794304        -1.460354
25%       -0.951932        -1.024813
50%        0.231746         0.194703
75%        1.117690         1.327110
max        2.773387         2.982167

2024-07-02 12:59:52,847 - INFO Iniciando o treino
2024-07-02 12:59:52,847 - INFO Modelo Selecionado: InceptionResNetV2
2024-07-02 13:00:01,673 - INFO Executando sem o GridSearch

2024-07-02 13:05:58,216 - INFO Modelo Salvo!!!
2024-07-02 13:05:58,228 - INFO Iniciando o Test...

2024-07-02 13:09:13,490 - DEBUG 
Test X: 3843
Test Y: (3843, 2)
2024-07-02 13:09:13,494 - INFO DataFrame Info:
       teor_carbono  teor_nitrogenio
count   3843.000000      3843.000000
mean       0.090007         0.103832
std        0.941941         0.945817
min       -1.808828        -1.634570
25%       -0.741339        -0.676380
50%        0.282579         0.194703
75%        0.986977         1.065785
max        1.560661         1.501327

2024-07-02 13:09:13,495 - INFO 
Iniciando predição completa para o R2...

2024-07-02 13:09:30,783 - INFO 
2024-07-02 13:09:30,783 - INFO ====================================================
2024-07-02 13:09:30,784 - INFO ********** R2 Modelo: 0.4316225199478939 **********
2024-07-02 13:09:30,784 - INFO ********** MAE [mean]: 0.5810669859177676 **********
2024-07-02 13:09:30,784 - INFO ********** MSE [mean]: 0.5061632994180122 **********
2024-07-02 13:09:30,784 - INFO ====================================================
2024-07-02 13:09:30,784 - INFO 

2024-07-02 13:09:30,784 - INFO Alguns exemplos de predições ...
2024-07-02 13:09:30,985 - INFO 
Melhores resultados ...


2024-07-02 13:09:30,991 - INFO 
     amostra  teor_cabono_real  teor_cabono_predict  teor_cabono_diff  error_carbono(%)  teor_nitrogenio_real  teor_nitrogenio_predict  teor_nitrogenio_diff  error_nitrogenio(%) grupo
3706     C12          0.282579             0.282456          0.000124          0.043756             -0.066622                 0.252086              0.318708           478.383861   C12
1620     L40          0.035677             0.035659          0.000018          0.050397              0.281811                 0.047895              0.233916            83.004465   L40
941      C46         -0.247534            -0.247787          0.000252          0.101828              0.804461                -0.337606              1.142067           141.966731   C46
2529     C23          0.362459             0.362049          0.000410          0.113251              0.456028                 0.380700              0.075328            16.518224   C23
3261      L7         -0.988241            -0.989378          0.001137          0.115014             -1.547462                -1.309940              0.237522            15.349126    L7

2024-07-02 13:09:30,991 - INFO 
Piores resultados ...


2024-07-02 13:09:30,998 - INFO 
     amostra  teor_cabono_real  teor_cabono_predict  teor_cabono_diff  error_carbono(%)  teor_nitrogenio_real  teor_nitrogenio_predict  teor_nitrogenio_diff  error_nitrogenio(%) grupo
91       L40          0.035677             0.699371          0.663694       1860.288001              0.281811                 0.731479              0.449668           159.563540   L40
442      L40          0.035677             0.744547          0.708870       1986.912085              0.281811                 0.806261              0.524450           186.099836   L40
1799     L40          0.035677            -0.713089          0.748766       2098.738956              0.281811                -0.821774              1.103586           391.604628   L40
3755     L40          0.035677             0.807172          0.771495       2162.446897              0.281811                 0.873467              0.591656           209.947726   L40
2739     L40          0.035677             0.852073          0.816396       2288.300298              0.281811                 0.955066              0.673255           238.902694   L40


2024-07-02 13:09:31,000 - INFO R2 [mean] conjunto de predição CARBONO:
2024-07-02 13:09:31,000 - INFO ====================================================
2024-07-02 13:09:31,000 - INFO ====>>>>> R2 [mean]: 0.5077172819269032 <<<<<====
2024-07-02 13:09:31,001 - INFO ====>>>>> MAE [mean]: 0.545731911914471 <<<<<====
2024-07-02 13:09:31,001 - INFO ====>>>>> MSE [mean]: 0.4436948205490565 <<<<<====
2024-07-02 13:09:31,001 - INFO ====================================================
2024-07-02 13:09:31,001 - INFO 

2024-07-02 13:09:31,003 - INFO R2 [median] conjunto de predição CARBONO:
2024-07-02 13:09:31,003 - INFO ====================================================
2024-07-02 13:09:31,004 - INFO ====>>>>> R2 [median]: 0.5261288374870977 <<<<<====
2024-07-02 13:09:31,004 - INFO ====>>>>> MAE [median]: 0.5290496556986486 <<<<<====
2024-07-02 13:09:31,004 - INFO ====>>>>> MSE [median]: 0.4271004703100613 <<<<<====
2024-07-02 13:09:31,004 - INFO ====================================================
2024-07-02 13:09:31,004 - INFO 

2024-07-02 13:09:31,006 - INFO R2 [mean] conjunto de predição NITROGENIO:
2024-07-02 13:09:31,006 - INFO ====================================================
2024-07-02 13:09:31,006 - INFO ====>>>>> R2 [mean]: 0.5960010601095731 <<<<<====
2024-07-02 13:09:31,006 - INFO ====>>>>> MAE [mean]: 0.49763673957754856 <<<<<====
2024-07-02 13:09:31,007 - INFO ====>>>>> MSE [mean]: 0.3615755531164063 <<<<<====
2024-07-02 13:09:31,007 - INFO ====================================================
2024-07-02 13:09:31,007 - INFO 

2024-07-02 13:09:31,009 - INFO R2 [median] conjunto de predição NITROGENIO:
2024-07-02 13:09:31,009 - INFO ====================================================
2024-07-02 13:09:31,009 - INFO ====>>>>> R2 [median]: 0.6128295091831244 <<<<<====
2024-07-02 13:09:31,009 - INFO ====>>>>> MAE [median]: 0.4868056692320286 <<<<<====
2024-07-02 13:09:31,009 - INFO ====>>>>> MSE [median]: 0.3465142369072329 <<<<<====
2024-07-02 13:09:31,009 - INFO ====================================================
2024-07-02 13:09:31,010 - INFO 

2024-07-02 13:09:31,010 - INFO #######################
2024-07-02 13:09:31,010 - INFO Info parameters: 
2024-07-02 13:09:31,011 - INFO  -e (--epochs): 100
2024-07-02 13:09:31,011 - INFO  -G (--grid_search_trials): 0
2024-07-02 13:09:31,011 - INFO  -i (--amount_image_train): 8930
2024-07-02 13:09:31,011 - INFO  -I (--amount_image_test): 3843
2024-07-02 13:09:31,011 - INFO  -L (--log_level): 0
2024-07-02 13:09:31,011 - INFO  -m (--model): 30 - InceptionResNetV2
2024-07-02 13:09:31,011 - INFO  -M (--show_model): False
2024-07-02 13:09:31,011 - INFO  -n (--name): InceptionResNetV2_30_Normalize4_Epochs100_Patience10_Separed_Preprocess
2024-07-02 13:09:31,011 - INFO  -N (--normalize): NormalizeEnum.StandardScaler
2024-07-02 13:09:31,011 - INFO  -p (--preprocess): True
2024-07-02 13:09:31,011 - INFO  -P (--patience): 10
2024-07-02 13:09:31,011 - INFO  -S (--separed): False
2024-07-02 13:09:31,011 - INFO  -t (--trainable): False
2024-07-02 13:09:31,011 - INFO  -T (--Test): False
2024-07-02 13:09:31,011 - INFO #######################
