2024-07-02 13:42:37,243 - INFO Parâmetros:
2024-07-02 13:42:37,243 - INFO Namespace(epochs=100, grid_search_trials=0, amount_image_train=8930, amount_image_test=3843, log_level=0, model=30, show_model=False, name='InceptionResNetV2_30_Normalize3_Epochs100_Patience10_Separed_Preprocess', normalize=3, preprocess=False, patience=10, separed=False, trainable=False, Test=False)
2024-07-02 13:42:45,578 - DEBUG Quantidade de GPU disponíveis: [PhysicalDevice(name='/physical_device:GPU:0', device_type='GPU'), PhysicalDevice(name='/physical_device:GPU:1', device_type='GPU')]
2024-07-02 13:42:46,387 - INFO Modelo: InceptionResNetV2
2024-07-02 13:42:46,396 - INFO Embaralhamento de dados->random_state: 5
2024-07-02 13:42:46,402 - INFO Embaralhamento de dados->random_state: 27
2024-07-02 13:42:46,403 - INFO Informações básicas do Dataset com normalização StandardScaler ...
2024-07-02 13:42:46,412 - DEBUG Load df_train: 8930
  amostra       arquivo  teor_carbono  teor_nitrogenio
0     L19   L19B-56.png      1.299236         1.501327
1     C15   C15A-92.png     -0.436342        -0.415055
2     C38   C38B-54.png     -0.843005        -0.676380
3     L39   L39B-70.png      1.117690         1.327110
4     L31  L31A-116.png      1.480781         1.501327
2024-07-02 13:42:46,415 - DEBUG Load df_test: 3843
  amostra       arquivo  teor_carbono  teor_nitrogenio
0      C8   C8A-155.png      0.406030        -0.153730
1     L23  L23B-184.png      1.066857         1.152894
2      C9   C9B-133.png      0.362459         0.020486
3      L5    L5A-90.png     -1.467522        -1.373246
4     L12  L12A-134.png     -1.569188        -1.199029
2024-07-02 13:42:46,415 - INFO Iniciando o Treinamento...

2024-07-02 13:42:46,415 - INFO Separando Treino e Validação...

2024-07-02 13:42:46,426 - INFO Quantidade de Imagens para Treino e Validação: 7115, 1786

2024-07-02 13:42:46,426 - INFO Carregando imagens ...

2024-07-02 13:43:11,624 - DEBUG Limitando Dados:

2024-07-02 13:43:11,624 - DEBUG 
Train X: 7115
Validate X: 1786
Train Y: (7115, 2)
Validate Y: (1786, 2)
2024-07-02 13:43:11,629 - INFO DataFrame Info Treino:
       teor_carbono  teor_nitrogenio
count   7115.000000      7115.000000
mean      -0.076007        -0.088426
std        0.959302         0.955197
min       -1.743472        -1.547462
25%       -0.937408        -0.850596
50%       -0.000632         0.020486
75%        0.696504         0.456028
max        2.766125         2.895059

2024-07-02 13:43:11,633 - INFO DataFrame Info Validate:
       teor_carbono  teor_nitrogenio
count   1786.000000      1786.000000
mean       0.106941         0.125836
std        1.225088         1.223600
min       -1.794304        -1.460354
25%       -0.951932        -1.024813
50%        0.231746         0.194703
75%        1.117690         1.327110
max        2.773387         2.982167

2024-07-02 13:43:11,633 - INFO Iniciando o treino
2024-07-02 13:43:11,633 - INFO Modelo Selecionado: InceptionResNetV2
2024-07-02 13:43:20,455 - INFO Executando sem o GridSearch

2024-07-02 13:48:23,600 - INFO Modelo Salvo!!!
2024-07-02 13:48:23,613 - INFO Iniciando o Test...

2024-07-02 13:51:34,860 - DEBUG 
Test X: 3843
Test Y: (3843, 2)
2024-07-02 13:51:34,864 - INFO DataFrame Info:
       teor_carbono  teor_nitrogenio
count   3843.000000      3843.000000
mean       0.090007         0.103832
std        0.941941         0.945817
min       -1.808828        -1.634570
25%       -0.741339        -0.676380
50%        0.282579         0.194703
75%        0.986977         1.065785
max        1.560661         1.501327

2024-07-02 13:51:34,864 - INFO 
Iniciando predição completa para o R2...

2024-07-02 13:51:53,196 - INFO 
2024-07-02 13:51:53,196 - INFO ====================================================
2024-07-02 13:51:53,196 - INFO ********** R2 Modelo: -0.02169489892375398 **********
2024-07-02 13:51:53,196 - INFO ********** MAE [mean]: 0.8031462658498119 **********
2024-07-02 13:51:53,196 - INFO ********** MSE [mean]: 0.9100180023443263 **********
2024-07-02 13:51:53,196 - INFO ====================================================
2024-07-02 13:51:53,196 - INFO 

2024-07-02 13:51:53,196 - INFO Alguns exemplos de predições ...
2024-07-02 13:51:53,390 - INFO 
Melhores resultados ...


2024-07-02 13:51:53,396 - INFO 
     amostra  teor_cabono_real  teor_cabono_predict  teor_cabono_diff  error_carbono(%)  teor_nitrogenio_real  teor_nitrogenio_predict  teor_nitrogenio_diff  error_nitrogenio(%) grupo
2227     C46         -0.247534            -0.078061          0.169473         68.464548              0.804461                -0.090083              0.894543           111.197904   C46
3375     C46         -0.247534            -0.033727          0.213807         86.374781              0.804461                -0.048231              0.852691           105.995417   C46
1074     C46         -0.247534            -0.033727          0.213807         86.374781              0.804461                -0.048231              0.852691           105.995417   C46
514      C46         -0.247534            -0.033727          0.213807         86.374781              0.804461                -0.048231              0.852691           105.995417   C46
2775     C46         -0.247534            -0.033727          0.213807         86.374781              0.804461                -0.048231              0.852691           105.995417   C46

2024-07-02 13:51:53,396 - INFO 
Piores resultados ...


2024-07-02 13:51:53,402 - INFO 
     amostra  teor_cabono_real  teor_cabono_predict  teor_cabono_diff  error_carbono(%)  teor_nitrogenio_real  teor_nitrogenio_predict  teor_nitrogenio_diff  error_nitrogenio(%) grupo
944      L40          0.035677            -0.033727          0.069404        194.534742              0.281811                -0.048231              0.330042           117.114569   L40
2151     L40          0.035677            -0.033727          0.069404        194.534742              0.281811                -0.048231              0.330042           117.114569   L40
938      L40          0.035677            -0.033727          0.069404        194.534742              0.281811                -0.048231              0.330042           117.114569   L40
160      L40          0.035677            -0.033727          0.069404        194.534742              0.281811                -0.048231              0.330042           117.114569   L40
2980     L40          0.035677            -0.033727          0.069404        194.534742              0.281811                -0.048231              0.330042           117.114569   L40


2024-07-02 13:51:53,405 - INFO R2 [mean] conjunto de predição CARBONO:
2024-07-02 13:51:53,405 - INFO ====================================================
2024-07-02 13:51:53,405 - INFO ====>>>>> R2 [mean]: -0.0020330207796608324 <<<<<====
2024-07-02 13:51:53,405 - INFO ====>>>>> MAE [mean]: 0.805223305593268 <<<<<====
2024-07-02 13:51:53,405 - INFO ====>>>>> MSE [mean]: 0.903133189560891 <<<<<====
2024-07-02 13:51:53,405 - INFO ====================================================
2024-07-02 13:51:53,405 - INFO 

2024-07-02 13:51:53,408 - INFO R2 [median] conjunto de predição CARBONO:
2024-07-02 13:51:53,408 - INFO ====================================================
2024-07-02 13:51:53,408 - INFO ====>>>>> R2 [median]: -0.0020048394583780382 <<<<<====
2024-07-02 13:51:53,408 - INFO ====>>>>> MAE [median]: 0.8051990680267439 <<<<<====
2024-07-02 13:51:53,408 - INFO ====>>>>> MSE [median]: 0.9031077897127339 <<<<<====
2024-07-02 13:51:53,408 - INFO ====================================================
2024-07-02 13:51:53,408 - INFO 

2024-07-02 13:51:53,410 - INFO R2 [mean] conjunto de predição NITROGENIO:
2024-07-02 13:51:53,410 - INFO ====================================================
2024-07-02 13:51:53,410 - INFO ====>>>>> R2 [mean]: -0.0039940876346713505 <<<<<====
2024-07-02 13:51:53,411 - INFO ====>>>>> MAE [mean]: 0.787916735480408 <<<<<====
2024-07-02 13:51:53,411 - INFO ====>>>>> MSE [mean]: 0.8985660151993633 <<<<<====
2024-07-02 13:51:53,411 - INFO ====================================================
2024-07-02 13:51:53,411 - INFO 

2024-07-02 13:51:53,413 - INFO R2 [median] conjunto de predição NITROGENIO:
2024-07-02 13:51:53,413 - INFO ====================================================
2024-07-02 13:51:53,413 - INFO ====>>>>> R2 [median]: -0.0038945018399958453 <<<<<====
2024-07-02 13:51:53,413 - INFO ====>>>>> MAE [median]: 0.7878816658734856 <<<<<====
2024-07-02 13:51:53,413 - INFO ====>>>>> MSE [median]: 0.8984768867754073 <<<<<====
2024-07-02 13:51:53,413 - INFO ====================================================
2024-07-02 13:51:53,413 - INFO 

2024-07-02 13:51:53,414 - INFO #######################
2024-07-02 13:51:53,414 - INFO Info parameters: 
2024-07-02 13:51:53,414 - INFO  -e (--epochs): 100
2024-07-02 13:51:53,414 - INFO  -G (--grid_search_trials): 0
2024-07-02 13:51:53,414 - INFO  -i (--amount_image_train): 8930
2024-07-02 13:51:53,415 - INFO  -I (--amount_image_test): 3843
2024-07-02 13:51:53,415 - INFO  -L (--log_level): 0
2024-07-02 13:51:53,415 - INFO  -m (--model): 30 - InceptionResNetV2
2024-07-02 13:51:53,415 - INFO  -M (--show_model): False
2024-07-02 13:51:53,415 - INFO  -n (--name): InceptionResNetV2_30_Normalize3_Epochs100_Patience10_Separed_Preprocess
2024-07-02 13:51:53,415 - INFO  -N (--normalize): NormalizeEnum.StandardScaler
2024-07-02 13:51:53,415 - INFO  -p (--preprocess): False
2024-07-02 13:51:53,415 - INFO  -P (--patience): 10
2024-07-02 13:51:53,415 - INFO  -S (--separed): False
2024-07-02 13:51:53,415 - INFO  -t (--trainable): False
2024-07-02 13:51:53,415 - INFO  -T (--Test): False
2024-07-02 13:51:53,415 - INFO #######################
