2024-07-02 01:33:57,496 - 
2024-07-02 01:33:57,496 - ====================================================
2024-07-02 01:33:57,496 - ********** R2 Modelo: 0.4429650313220327 **********
2024-07-02 01:33:57,496 - ********** MAE [mean]: 0.3642899721494165 **********
2024-07-02 01:33:57,496 - ********** MSE [mean]: 0.20069365954609036 **********
2024-07-02 01:33:57,496 - ====================================================
2024-07-02 01:33:57,497 - 

2024-07-02 01:33:57,497 - Alguns exemplos de predições ...
2024-07-02 01:33:57,694 - 
Melhores resultados ...


2024-07-02 01:33:57,700 - 
     amostra  teor_cabono_real  teor_cabono_predict  teor_cabono_diff  error_carbono(%)  teor_nitrogenio_real  teor_nitrogenio_predict  teor_nitrogenio_diff  error_nitrogenio(%) grupo
1759     C39         -0.608295            -0.607909          0.000386          0.063480             -0.444444                -0.481380              0.036936             8.310530   C39
1534     L40         -0.069124            -0.069273          0.000149          0.215407              0.166667                -0.058294              0.224960           134.976200   L40
466       C8          0.165899             0.166667          0.000768          0.463199             -0.111111                 0.208131              0.319242           287.318088    C8
2302     C41         -0.562212            -0.564926          0.002714          0.482734             -0.388889                -0.361213              0.027676             7.116765   C41
2493     C41         -0.562212            -0.565010          0.002798          0.497746             -0.388889                -0.413046              0.024157             6.211860   C41

2024-07-02 01:33:57,700 - 
Piores resultados ...


2024-07-02 01:33:57,706 - 
     amostra  teor_cabono_real  teor_cabono_predict  teor_cabono_diff  error_carbono(%)  teor_nitrogenio_real  teor_nitrogenio_predict  teor_nitrogenio_diff  error_nitrogenio(%) grupo
1275     C10         -0.041475            -0.832265          0.790790       1906.682286             -0.166667                -0.696169              0.529502           317.701161   C10
787      C10         -0.041475            -0.835813          0.794339       1915.238408             -0.166667                -0.729505              0.562839           337.703180   C10
2674     C10         -0.041475            -0.844953          0.803478       1937.274849             -0.166667                -0.690009              0.523342           314.005113   C10
3756     C10         -0.041475            -0.847201          0.805726       1942.695576             -0.166667                -0.700978              0.534311           320.586610   C10
3171     C10         -0.041475            -0.919339          0.877864       2116.628768             -0.166667                -0.748239              0.581572           348.943353   C10


2024-07-02 01:33:57,709 - R2 [mean] conjunto de predição CARBONO:
2024-07-02 01:33:57,709 - ====================================================
2024-07-02 01:33:57,709 - ====>>>>> R2 [mean]: 0.49082298876085173 <<<<<====
2024-07-02 01:33:57,709 - ====>>>>> MAE [mean]: 0.354155629515625 <<<<<====
2024-07-02 01:33:57,709 - ====>>>>> MSE [mean]: 0.18481056631015425 <<<<<====
2024-07-02 01:33:57,709 - ====================================================
2024-07-02 01:33:57,709 - 

2024-07-02 01:33:57,712 - R2 [median] conjunto de predição CARBONO:
2024-07-02 01:33:57,712 - ====================================================
2024-07-02 01:33:57,712 - ====>>>>> R2 [median]: 0.510399931607008 <<<<<====
2024-07-02 01:33:57,712 - ====>>>>> MAE [median]: 0.35318065461017384 <<<<<====
2024-07-02 01:33:57,712 - ====>>>>> MSE [median]: 0.1777049315030864 <<<<<====
2024-07-02 01:33:57,712 - ====================================================
2024-07-02 01:33:57,712 - 

2024-07-02 01:33:57,715 - R2 [mean] conjunto de predição NITROGENIO:
2024-07-02 01:33:57,715 - ====================================================
2024-07-02 01:33:57,715 - ====>>>>> R2 [mean]: 0.5686396132758935 <<<<<====
2024-07-02 01:33:57,715 - ====>>>>> MAE [mean]: 0.3312847910912654 <<<<<====
2024-07-02 01:33:57,715 - ====>>>>> MSE [mean]: 0.1570346416233087 <<<<<====
2024-07-02 01:33:57,715 - ====================================================
2024-07-02 01:33:57,715 - 

2024-07-02 01:33:57,718 - R2 [median] conjunto de predição NITROGENIO:
2024-07-02 01:33:57,718 - ====================================================
2024-07-02 01:33:57,718 - ====>>>>> R2 [median]: 0.5954579316869186 <<<<<====
2024-07-02 01:33:57,718 - ====>>>>> MAE [median]: 0.31956560376249715 <<<<<====
2024-07-02 01:33:57,718 - ====>>>>> MSE [median]: 0.14727156381127798 <<<<<====
2024-07-02 01:33:57,718 - ====================================================
2024-07-02 01:33:57,718 - 

2024-07-02 01:33:57,719 - #######################
2024-07-02 01:33:57,719 - Info parameters: 
2024-07-02 01:33:57,719 -  -e (--epochs): 100
2024-07-02 01:33:57,719 -  -G (--grid_search_trials): 0
2024-07-02 01:33:57,719 -  -i (--amount_image_train): 8930
2024-07-02 01:33:57,719 -  -I (--amount_image_test): 3843
2024-07-02 01:33:57,719 -  -L (--log_level): 0
2024-07-02 01:33:57,719 -  -m (--model): 0 - ResNet50
2024-07-02 01:33:57,719 -  -M (--show_model): False
2024-07-02 01:33:57,719 -  -n (--name): ResNet50_Normalize2_Epochs100_Patience10_Separed_Preprocess
2024-07-02 01:33:57,719 -  -N (--normalize): NormalizeEnum.RobustScaler
2024-07-02 01:33:57,719 -  -p (--preprocess): False
2024-07-02 01:33:57,719 -  -P (--patience): 10
2024-07-02 01:33:57,719 -  -S (--separed): False
2024-07-02 01:33:57,720 -  -t (--trainable): False
2024-07-02 01:33:57,720 -  -T (--Test): False
2024-07-02 01:33:57,720 - #######################
