2024-07-02 13:33:10,189 - 
2024-07-02 13:33:10,189 - ====================================================
2024-07-02 13:33:10,189 - ********** R2 Modelo: -0.01708655954292715 **********
2024-07-02 13:33:10,189 - ********** MAE [mean]: 0.17365826335527823 **********
2024-07-02 13:33:10,189 - ********** MSE [mean]: 0.04282098619094157 **********
2024-07-02 13:33:10,189 - ====================================================
2024-07-02 13:33:10,189 - 

2024-07-02 13:33:10,190 - Alguns exemplos de predições ...
2024-07-02 13:33:10,386 - 
Melhores resultados ...


2024-07-02 13:33:10,392 - 
     amostra  teor_cabono_real  teor_cabono_predict  teor_cabono_diff  error_carbono(%)  teor_nitrogenio_real  teor_nitrogenio_predict  teor_nitrogenio_diff  error_nitrogenio(%) grupo
0        L40          0.402536             0.394047          0.008488          2.108695              0.415094                 0.344515              0.070579            17.003162   L40
2916     L40          0.402536             0.394047          0.008488          2.108695              0.415094                 0.344515              0.070579            17.003162   L40
470      L40          0.402536             0.394047          0.008488          2.108695              0.415094                 0.344515              0.070579            17.003162   L40
2938     L40          0.402536             0.394047          0.008488          2.108695              0.415094                 0.344515              0.070579            17.003162   L40
465      L40          0.402536             0.394047          0.008488          2.108695              0.415094                 0.344515              0.070579            17.003162   L40

2024-07-02 13:33:10,392 - 
Piores resultados ...


2024-07-02 13:33:10,398 - 
     amostra  teor_cabono_real  teor_cabono_predict  teor_cabono_diff  error_carbono(%)  teor_nitrogenio_real  teor_nitrogenio_predict  teor_nitrogenio_diff  error_nitrogenio(%) grupo
3340     C51               0.0             0.394047          0.394047               inf                   0.0                 0.344515              0.344515                  inf   C51
534      C51               0.0             0.394047          0.394047               inf                   0.0                 0.344515              0.344515                  inf   C51
1275     C51               0.0             0.394047          0.394047               inf                   0.0                 0.344515              0.344515                  inf   C51
2941     C51               0.0             0.394047          0.394047               inf                   0.0                 0.344515              0.344515                  inf   C51
585      C51               0.0             0.394047          0.394047               inf                   0.0                 0.344515              0.344515                  inf   C51


2024-07-02 13:33:10,401 - R2 [mean] conjunto de predição CARBONO:
2024-07-02 13:33:10,401 - ====================================================
2024-07-02 13:33:10,401 - ====>>>>> R2 [mean]: -9.172239328059106e-05 <<<<<====
2024-07-02 13:33:10,401 - ====>>>>> MAE [mean]: 0.1744843547302365 <<<<<====
2024-07-02 13:33:10,401 - ====>>>>> MSE [mean]: 0.04292977301523761 <<<<<====
2024-07-02 13:33:10,402 - ====================================================
2024-07-02 13:33:10,402 - 

2024-07-02 13:33:10,404 - R2 [median] conjunto de predição CARBONO:
2024-07-02 13:33:10,404 - ====================================================
2024-07-02 13:33:10,404 - ====>>>>> R2 [median]: -0.0001597507564028433 <<<<<====
2024-07-02 13:33:10,404 - ====>>>>> MAE [median]: 0.1744896650625701 <<<<<====
2024-07-02 13:33:10,404 - ====>>>>> MSE [median]: 0.042932693189579665 <<<<<====
2024-07-02 13:33:10,405 - ====================================================
2024-07-02 13:33:10,405 - 

2024-07-02 13:33:10,407 - R2 [mean] conjunto de predição NITROGENIO:
2024-07-02 13:33:10,407 - ====================================================
2024-07-02 13:33:10,407 - ====>>>>> R2 [mean]: -0.003361126930490288 <<<<<====
2024-07-02 13:33:10,407 - ====>>>>> MAE [mean]: 0.1706913134212014 <<<<<====
2024-07-02 13:33:10,407 - ====>>>>> MSE [mean]: 0.042131386358195674 <<<<<====
2024-07-02 13:33:10,407 - ====================================================
2024-07-02 13:33:10,407 - 

2024-07-02 13:33:10,410 - R2 [median] conjunto de predição NITROGENIO:
2024-07-02 13:33:10,410 - ====================================================
2024-07-02 13:33:10,410 - ====>>>>> R2 [median]: -0.0033605318907623527 <<<<<====
2024-07-02 13:33:10,410 - ====>>>>> MAE [median]: 0.17069133770457517 <<<<<====
2024-07-02 13:33:10,410 - ====>>>>> MSE [median]: 0.042131361372327675 <<<<<====
2024-07-02 13:33:10,410 - ====================================================
2024-07-02 13:33:10,410 - 

2024-07-02 13:33:10,411 - #######################
2024-07-02 13:33:10,411 - Info parameters: 
2024-07-02 13:33:10,411 -  -e (--epochs): 100
2024-07-02 13:33:10,411 -  -G (--grid_search_trials): 0
2024-07-02 13:33:10,411 -  -i (--amount_image_train): 8930
2024-07-02 13:33:10,411 -  -I (--amount_image_test): 3843
2024-07-02 13:33:10,411 -  -L (--log_level): 0
2024-07-02 13:33:10,411 -  -m (--model): 30 - InceptionResNetV2
2024-07-02 13:33:10,411 -  -M (--show_model): False
2024-07-02 13:33:10,411 -  -n (--name): InceptionResNetV2_30_Normalize1_Epochs100_Patience10_Separed_Preprocess
2024-07-02 13:33:10,411 -  -N (--normalize): NormalizeEnum.MinMaxScaler
2024-07-02 13:33:10,412 -  -p (--preprocess): False
2024-07-02 13:33:10,412 -  -P (--patience): 10
2024-07-02 13:33:10,412 -  -S (--separed): False
2024-07-02 13:33:10,412 -  -t (--trainable): False
2024-07-02 13:33:10,412 -  -T (--Test): False
2024-07-02 13:33:10,412 - #######################
