2024-07-02 13:21:48,161 - 
2024-07-02 13:21:48,161 - ====================================================
2024-07-02 13:21:48,161 - ********** R2 Modelo: -0.0036442892462821286 **********
2024-07-02 13:21:48,161 - ********** MAE [mean]: 0.5907870485247985 **********
2024-07-02 13:21:48,161 - ********** MSE [mean]: 0.8526971905257771 **********
2024-07-02 13:21:48,162 - ====================================================
2024-07-02 13:21:48,162 - 

2024-07-02 13:21:48,162 - Alguns exemplos de predições ...
2024-07-02 13:21:48,363 - 
Melhores resultados ...


2024-07-02 13:21:48,370 - 
     amostra  teor_cabono_real  teor_cabono_predict  teor_cabono_diff  error_carbono(%)  teor_nitrogenio_real  teor_nitrogenio_predict  teor_nitrogenio_diff  error_nitrogenio(%) grupo
1132     L40              2.85             2.815942          0.034058          1.195007                  0.25                 0.231598              0.018402             7.360625   L40
1933     L40              2.85             2.815942          0.034058          1.195007                  0.25                 0.231598              0.018402             7.360625   L40
2739     L40              2.85             2.815942          0.034058          1.195007                  0.25                 0.231598              0.018402             7.360625   L40
356      L40              2.85             2.815942          0.034058          1.195007                  0.25                 0.231598              0.018402             7.360625   L40
1288     L40              2.85             2.815942          0.034058          1.195007                  0.25                 0.231598              0.018402             7.360625   L40

2024-07-02 13:21:48,370 - 
Piores resultados ...


2024-07-02 13:21:48,376 - 
     amostra  teor_cabono_real  teor_cabono_predict  teor_cabono_diff  error_carbono(%)  teor_nitrogenio_real  teor_nitrogenio_predict  teor_nitrogenio_diff  error_nitrogenio(%) grupo
1956     C51              0.31             2.815942          2.505942         808.36848                  0.03                 0.231598              0.201598           671.994789   C51
1928     C51              0.31             2.815942          2.505942         808.36848                  0.03                 0.231598              0.201598           671.994789   C51
1917     C51              0.31             2.815942          2.505942         808.36848                  0.03                 0.231598              0.201598           671.994789   C51
1897     C51              0.31             2.815942          2.505942         808.36848                  0.03                 0.231598              0.201598           671.994789   C51
3715     C51              0.31             2.815942          2.505942         808.36848                  0.03                 0.231598              0.201598           671.994789   C51


2024-07-02 13:21:48,379 - R2 [mean] conjunto de predição CARBONO:
2024-07-02 13:21:48,379 - ====================================================
2024-07-02 13:21:48,379 - ====>>>>> R2 [mean]: 0.0002195669012912127 <<<<<====
2024-07-02 13:21:48,379 - ====>>>>> MAE [mean]: 1.0972670346719247 <<<<<====
2024-07-02 13:21:48,379 - ====>>>>> MSE [mean]: 1.7087640985635022 <<<<<====
2024-07-02 13:21:48,379 - ====================================================
2024-07-02 13:21:48,379 - 

2024-07-02 13:21:48,382 - R2 [median] conjunto de predição CARBONO:
2024-07-02 13:21:48,382 - ====================================================
2024-07-02 13:21:48,382 - ====>>>>> R2 [median]: -5.193476044551559e-06 <<<<<====
2024-07-02 13:21:48,382 - ====>>>>> MAE [median]: 1.0974180949175798 <<<<<====
2024-07-02 13:21:48,382 - ====>>>>> MSE [median]: 1.7091482453729978 <<<<<====
2024-07-02 13:21:48,382 - ====================================================
2024-07-02 13:21:48,382 - 

2024-07-02 13:21:48,385 - R2 [mean] conjunto de predição NITROGENIO:
2024-07-02 13:21:48,385 - ====================================================
2024-07-02 13:21:48,385 - ====>>>>> R2 [mean]: -0.013684388117054969 <<<<<====
2024-07-02 13:21:48,385 - ====>>>>> MAE [mean]: 0.09202899124887255 <<<<<====
2024-07-02 13:21:48,385 - ====>>>>> MSE [mean]: 0.011956469930951041 <<<<<====
2024-07-02 13:21:48,385 - ====================================================
2024-07-02 13:21:48,385 - 

2024-07-02 13:21:48,388 - R2 [median] conjunto de predição NITROGENIO:
2024-07-02 13:21:48,388 - ====================================================
2024-07-02 13:21:48,388 - ====>>>>> R2 [median]: -0.013694935444063638 <<<<<====
2024-07-02 13:21:48,388 - ====>>>>> MAE [median]: 0.09202945594434385 <<<<<====
2024-07-02 13:21:48,388 - ====>>>>> MSE [median]: 0.011956594337324178 <<<<<====
2024-07-02 13:21:48,388 - ====================================================
2024-07-02 13:21:48,388 - 

2024-07-02 13:21:48,389 - #######################
2024-07-02 13:21:48,389 - Info parameters: 
2024-07-02 13:21:48,389 -  -e (--epochs): 100
2024-07-02 13:21:48,389 -  -G (--grid_search_trials): 0
2024-07-02 13:21:48,389 -  -i (--amount_image_train): 8930
2024-07-02 13:21:48,389 -  -I (--amount_image_test): 3843
2024-07-02 13:21:48,389 -  -L (--log_level): 0
2024-07-02 13:21:48,389 -  -m (--model): 30 - InceptionResNetV2
2024-07-02 13:21:48,390 -  -M (--show_model): False
2024-07-02 13:21:48,390 -  -n (--name): InceptionResNetV2_30_Normalize0_Epochs100_Patience10_Separed_Preprocess
2024-07-02 13:21:48,390 -  -N (--normalize): NormalizeEnum.NONE
2024-07-02 13:21:48,390 -  -p (--preprocess): False
2024-07-02 13:21:48,390 -  -P (--patience): 10
2024-07-02 13:21:48,390 -  -S (--separed): False
2024-07-02 13:21:48,390 -  -t (--trainable): False
2024-07-02 13:21:48,390 -  -T (--Test): False
2024-07-02 13:21:48,390 - #######################
