2024-07-02 16:06:37,488 - 
2024-07-02 16:06:37,488 - ====================================================
2024-07-02 16:06:37,488 - ********** R2 Modelo: 0.1545489042353917 **********
2024-07-02 16:06:37,488 - ********** MAE [mean]: 0.5954784088171893 **********
2024-07-02 16:06:37,488 - ********** MSE [mean]: 0.9030703023731665 **********
2024-07-02 16:06:37,489 - ====================================================
2024-07-02 16:06:37,489 - 

2024-07-02 16:06:37,489 - Alguns exemplos de predições ...
2024-07-02 16:06:37,691 - 
Melhores resultados ...


2024-07-02 16:06:37,698 - 
     amostra  teor_cabono_real  teor_cabono_predict  teor_cabono_diff  error_carbono(%)  teor_nitrogenio_real  teor_nitrogenio_predict  teor_nitrogenio_diff  error_nitrogenio(%) grupo
629       L7              1.44             1.440187          0.000187          0.013001                  0.04                 0.111850              0.071850           179.624183    L7
2376     C16              1.60             1.599576          0.000424          0.026500                  0.12                 0.131877              0.011877             9.897256   C16
1609     C16              1.60             1.598542          0.001458          0.091134                  0.12                 0.151090              0.031090            25.908380   C16
1317     C16              1.60             1.602300          0.002300          0.143723                  0.12                 0.116907              0.003093             2.577295   C16
242      C26              1.94             1.943219          0.003219          0.165931                  0.20                 0.227094              0.027094            13.546968   C26

2024-07-02 16:06:37,698 - 
Piores resultados ...


2024-07-02 16:06:37,705 - 
     amostra  teor_cabono_real  teor_cabono_predict  teor_cabono_diff  error_carbono(%)  teor_nitrogenio_real  teor_nitrogenio_predict  teor_nitrogenio_diff  error_nitrogenio(%) grupo
2625     C51              0.31             2.959322          2.649322        854.620146                  0.03                 0.291800              0.261800           872.665548   C51
740      C51              0.31             3.002025          2.692025        868.395279                  0.03                 0.268710              0.238710           795.701647   C51
3488     C51              0.31             3.053253          2.743253        884.920456                  0.03                 0.327151              0.297151           990.502739   C51
2762     C51              0.31             3.078440          2.768440        893.045222                  0.03                 0.266203              0.236203           787.343884   C51
2650     C51              0.31             3.435547          3.125547       1008.240851                  0.03                 0.269758              0.239758           799.191697   C51


2024-07-02 16:06:37,708 - R2 [mean] conjunto de predição CARBONO:
2024-07-02 16:06:37,709 - ====================================================
2024-07-02 16:06:37,709 - ====>>>>> R2 [mean]: 0.01425722241016325 <<<<<====
2024-07-02 16:06:37,709 - ====>>>>> MAE [mean]: 1.0726796515782675 <<<<<====
2024-07-02 16:06:37,709 - ====>>>>> MSE [mean]: 1.6847717888848488 <<<<<====
2024-07-02 16:06:37,709 - ====================================================
2024-07-02 16:06:37,709 - 

2024-07-02 16:06:37,712 - R2 [median] conjunto de predição CARBONO:
2024-07-02 16:06:37,712 - ====================================================
2024-07-02 16:06:37,712 - ====>>>>> R2 [median]: 0.009396685065379828 <<<<<====
2024-07-02 16:06:37,712 - ====>>>>> MAE [median]: 1.0801393734967266 <<<<<====
2024-07-02 16:06:37,712 - ====>>>>> MSE [median]: 1.693079124615306 <<<<<====
2024-07-02 16:06:37,713 - ====================================================
2024-07-02 16:06:37,713 - 

2024-07-02 16:06:37,715 - R2 [mean] conjunto de predição NITROGENIO:
2024-07-02 16:06:37,715 - ====================================================
2024-07-02 16:06:37,716 - ====>>>>> R2 [mean]: 0.6278931216603796 <<<<<====
2024-07-02 16:06:37,716 - ====>>>>> MAE [mean]: 0.05278583029905955 <<<<<====
2024-07-02 16:06:37,716 - ====>>>>> MSE [mean]: 0.004389023599576214 <<<<<====
2024-07-02 16:06:37,716 - ====================================================
2024-07-02 16:06:37,716 - 

2024-07-02 16:06:37,719 - R2 [median] conjunto de predição NITROGENIO:
2024-07-02 16:06:37,719 - ====================================================
2024-07-02 16:06:37,719 - ====>>>>> R2 [median]: 0.6088457201704117 <<<<<====
2024-07-02 16:06:37,719 - ====>>>>> MAE [median]: 0.053849946227338574 <<<<<====
2024-07-02 16:06:37,719 - ====>>>>> MSE [median]: 0.00461368887591591 <<<<<====
2024-07-02 16:06:37,719 - ====================================================
2024-07-02 16:06:37,719 - 

2024-07-02 16:06:37,720 - #######################
2024-07-02 16:06:37,720 - Info parameters: 
2024-07-02 16:06:37,720 -  -e (--epochs): 100
2024-07-02 16:06:37,720 -  -G (--grid_search_trials): 0
2024-07-02 16:06:37,720 -  -i (--amount_image_train): 8930
2024-07-02 16:06:37,721 -  -I (--amount_image_test): 3843
2024-07-02 16:06:37,721 -  -L (--log_level): 0
2024-07-02 16:06:37,721 -  -m (--model): 10 - ConvNeXtBase
2024-07-02 16:06:37,721 -  -M (--show_model): False
2024-07-02 16:06:37,721 -  -n (--name): ConvNeXtBase_10_Normalize0_Epochs100_Patience10_Separed_Preprocess
2024-07-02 16:06:37,721 -  -N (--normalize): NormalizeEnum.NONE
2024-07-02 16:06:37,721 -  -p (--preprocess): True
2024-07-02 16:06:37,721 -  -P (--patience): 10
2024-07-02 16:06:37,721 -  -S (--separed): False
2024-07-02 16:06:37,721 -  -t (--trainable): False
2024-07-02 16:06:37,721 -  -T (--Test): False
2024-07-02 16:06:37,721 - #######################
