2024-07-03 08:29:08,582 - 
2024-07-03 08:29:08,582 - ====================================================
2024-07-03 08:29:08,582 - ********** R2 Modelo: 0.20514612325508852 **********
2024-07-03 08:29:08,582 - ********** MAE: 0.5239853707714734 **********
2024-07-03 08:29:08,582 - ********** MSE: 0.7717019143928956 **********
2024-07-03 08:29:08,582 - ====================================================
2024-07-03 08:29:08,583 - 

2024-07-03 08:29:08,583 - Alguns exemplos de predições ...
2024-07-03 08:29:08,982 - 
Melhores resultados ...


2024-07-03 08:29:08,988 - 
     amostra  teor_cabono_real  teor_cabono_predict  teor_cabono_diff  error_carbono(%)  teor_nitrogenio_real  teor_nitrogenio_predict  teor_nitrogenio_diff  error_nitrogenio(%) grupo
474       L2              2.40             2.399938          0.000062          0.002579                  0.12                 0.172567              0.052567            43.805991    L2
3271     C39              1.68             1.679864          0.000136          0.008107                  0.14                 0.132165              0.007835             5.596120   C39
152      L26              2.92             2.920368          0.000368          0.012593                  0.24                 0.258822              0.018822             7.842634   L26
2095     L20              3.28             3.279494          0.000506          0.015418                  0.26                 0.302116              0.042116            16.198636   L20
1022     C46              2.46             2.459488          0.000512          0.020816                  0.31                 0.212957              0.097043            31.304205   C46

2024-07-03 08:29:08,988 - 
Piores resultados ...


2024-07-03 08:29:08,995 - 
     amostra  teor_cabono_real  teor_cabono_predict  teor_cabono_diff  error_carbono(%)  teor_nitrogenio_real  teor_nitrogenio_predict  teor_nitrogenio_diff  error_nitrogenio(%) grupo
362      C51              0.31             4.355894          4.045894       1305.127125                  0.03                 0.400173              0.370173          1233.909631   C51
2552     C51              0.31             4.418605          4.108605       1325.356557                  0.03                 0.416007              0.386007          1286.688550   C51
2715     C51              0.31             4.720479          4.410479       1422.735319                  0.03                 0.422356              0.392356          1307.853166   C51
1330     C51              0.31             4.812254          4.502254       1452.340138                  0.03                 0.449849              0.419849          1399.497692   C51
1359     C51              0.31             4.900725          4.590725       1480.878996                  0.03                 0.445581              0.415581          1385.271454   C51


2024-07-03 08:29:08,998 - R2 [mean] conjunto de predição CARBONO:
2024-07-03 08:29:08,998 - ====================================================
2024-07-03 08:29:08,998 - ====>>>>> R2 [mean]: 0.20492148659401133 <<<<<====
2024-07-03 08:29:08,998 - ====>>>>> MAE [mean]: 0.9111750940040305 <<<<<====
2024-07-03 08:29:08,998 - ====>>>>> MSE [mean]: 1.3588999887070787 <<<<<====
2024-07-03 08:29:08,998 - ====================================================
2024-07-03 08:29:08,998 - 

2024-07-03 08:29:09,001 - R2 [median] conjunto de predição CARBONO:
2024-07-03 08:29:09,001 - ====================================================
2024-07-03 08:29:09,001 - ====>>>>> R2 [median]: 0.1809235997498304 <<<<<====
2024-07-03 08:29:09,001 - ====>>>>> MAE [median]: 0.9181532776797258 <<<<<====
2024-07-03 08:29:09,001 - ====>>>>> MSE [median]: 1.3999157218852427 <<<<<====
2024-07-03 08:29:09,001 - ====================================================
2024-07-03 08:29:09,001 - 

2024-07-03 08:29:09,003 - R2 [mean] conjunto de predição NITROGENIO:
2024-07-03 08:29:09,003 - ====================================================
2024-07-03 08:29:09,004 - ====>>>>> R2 [mean]: 0.4509653037152913 <<<<<====
2024-07-03 08:29:09,004 - ====>>>>> MAE [mean]: 0.06377572611526207 <<<<<====
2024-07-03 08:29:09,004 - ====>>>>> MSE [mean]: 0.006475898133708774 <<<<<====
2024-07-03 08:29:09,004 - ====================================================
2024-07-03 08:29:09,004 - 

2024-07-03 08:29:09,006 - R2 [median] conjunto de predição NITROGENIO:
2024-07-03 08:29:09,006 - ====================================================
2024-07-03 08:29:09,006 - ====>>>>> R2 [median]: 0.44575837603495694 <<<<<====
2024-07-03 08:29:09,006 - ====>>>>> MAE [median]: 0.06503139879968431 <<<<<====
2024-07-03 08:29:09,006 - ====>>>>> MSE [median]: 0.006537314167113607 <<<<<====
2024-07-03 08:29:09,007 - ====================================================
2024-07-03 08:29:09,007 - 

2024-07-03 08:29:09,007 - #######################
2024-07-03 08:29:09,008 - Info parameters: 
2024-07-03 08:29:09,008 -  -e (--epochs): 100
2024-07-03 08:29:09,008 -  -G (--grid_search_trials): 0
2024-07-03 08:29:09,008 -  -i (--amount_image_train): 8930
2024-07-03 08:29:09,008 -  -I (--amount_image_test): 3843
2024-07-03 08:29:09,008 -  -L (--log_level): 0
2024-07-03 08:29:09,008 -  -m (--model): 50 - VGG19
2024-07-03 08:29:09,008 -  -M (--show_model): False
2024-07-03 08:29:09,008 -  -n (--name): VGG19_50_Normalize0_Epochs100_Patience10_Separed_Preprocess
2024-07-03 08:29:09,008 -  -N (--normalize): NormalizeEnum.NONE
2024-07-03 08:29:09,008 -  -p (--preprocess): True
2024-07-03 08:29:09,008 -  -P (--patience): 10
2024-07-03 08:29:09,008 -  -S (--separed): False
2024-07-03 08:29:09,008 -  -t (--trainable): False
2024-07-03 08:29:09,008 -  -T (--Test): False
2024-07-03 08:29:09,008 - #######################
