2024-07-03 01:31:52,317 - 
2024-07-03 01:31:52,317 - ====================================================
2024-07-03 01:31:52,317 - ********** R2 Modelo: 0.31495239994880136 **********
2024-07-03 01:31:52,317 - ********** MAE: 0.1281934368640539 **********
2024-07-03 01:31:52,317 - ********** MSE: 0.028852185226334637 **********
2024-07-03 01:31:52,317 - ====================================================
2024-07-03 01:31:52,317 - 

2024-07-03 01:31:52,318 - Alguns exemplos de predições ...
2024-07-03 01:31:52,853 - 
Melhores resultados ...


2024-07-03 01:31:52,859 - 
     amostra  teor_cabono_real  teor_cabono_predict  teor_cabono_diff  error_carbono(%)  teor_nitrogenio_real  teor_nitrogenio_predict  teor_nitrogenio_diff  error_nitrogenio(%) grupo
2202     L20          0.470681             0.470660          0.000021          0.004527              0.433962                 0.451072              0.017110             3.942749   L20
2176     L26          0.413629             0.413415          0.000214          0.051787              0.396226                 0.403438              0.007211             1.819992   L26
1697     C39          0.217116             0.217281          0.000165          0.075995              0.207547                 0.211924              0.004376             2.108615   C39
2518     L26          0.413629             0.413967          0.000338          0.081680              0.396226                 0.385857              0.010369             2.616979   L26
1840     L20          0.470681             0.471072          0.000391          0.083054              0.433962                 0.452832              0.018870             4.348205   L20

2024-07-03 01:31:52,859 - 
Piores resultados ...


2024-07-03 01:31:52,866 - 
     amostra  teor_cabono_real  teor_cabono_predict  teor_cabono_diff  error_carbono(%)  teor_nitrogenio_real  teor_nitrogenio_predict  teor_nitrogenio_diff  error_nitrogenio(%) grupo
2467     C51               0.0             0.678108          0.678108               inf                   0.0                 0.668247              0.668247                  inf   C51
153      C51               0.0             0.311146          0.311146               inf                   0.0                 0.269112              0.269112                  inf   C51
1360     C51               0.0             0.425755          0.425755               inf                   0.0                 0.402499              0.402499                  inf   C51
145      C51               0.0             0.396232          0.396232               inf                   0.0                 0.366473              0.366473                  inf   C51
1217     C51               0.0             0.432203          0.432203               inf                   0.0                 0.397087              0.397087                  inf   C51


2024-07-03 01:31:52,869 - R2 [mean] conjunto de predição CARBONO:
2024-07-03 01:31:52,869 - ====================================================
2024-07-03 01:31:52,869 - ====>>>>> R2 [mean]: 0.36126547052963565 <<<<<====
2024-07-03 01:31:52,869 - ====>>>>> MAE [mean]: 0.13097361416584963 <<<<<====
2024-07-03 01:31:52,869 - ====>>>>> MSE [mean]: 0.027418213502995364 <<<<<====
2024-07-03 01:31:52,869 - ====================================================
2024-07-03 01:31:52,869 - 

2024-07-03 01:31:52,872 - R2 [median] conjunto de predição CARBONO:
2024-07-03 01:31:52,872 - ====================================================
2024-07-03 01:31:52,872 - ====>>>>> R2 [median]: 0.35666091026969304 <<<<<====
2024-07-03 01:31:52,872 - ====>>>>> MAE [median]: 0.12945814434824435 <<<<<====
2024-07-03 01:31:52,872 - ====>>>>> MSE [median]: 0.027615868100436966 <<<<<====
2024-07-03 01:31:52,872 - ====================================================
2024-07-03 01:31:52,872 - 

2024-07-03 01:31:52,875 - R2 [mean] conjunto de predição NITROGENIO:
2024-07-03 01:31:52,875 - ====================================================
2024-07-03 01:31:52,875 - ====>>>>> R2 [mean]: 0.5257390071233886 <<<<<====
2024-07-03 01:31:52,875 - ====>>>>> MAE [mean]: 0.10726668087441464 <<<<<====
2024-07-03 01:31:52,875 - ====>>>>> MSE [mean]: 0.019914338506050417 <<<<<====
2024-07-03 01:31:52,875 - ====================================================
2024-07-03 01:31:52,875 - 

2024-07-03 01:31:52,877 - R2 [median] conjunto de predição NITROGENIO:
2024-07-03 01:31:52,878 - ====================================================
2024-07-03 01:31:52,878 - ====>>>>> R2 [median]: 0.519395498152819 <<<<<====
2024-07-03 01:31:52,878 - ====>>>>> MAE [median]: 0.10908027107818902 <<<<<====
2024-07-03 01:31:52,878 - ====>>>>> MSE [median]: 0.02018070404496994 <<<<<====
2024-07-03 01:31:52,878 - ====================================================
2024-07-03 01:31:52,878 - 

2024-07-03 01:31:52,879 - #######################
2024-07-03 01:31:52,879 - Info parameters: 
2024-07-03 01:31:52,879 -  -e (--epochs): 100
2024-07-03 01:31:52,879 -  -G (--grid_search_trials): 0
2024-07-03 01:31:52,879 -  -i (--amount_image_train): 8930
2024-07-03 01:31:52,879 -  -I (--amount_image_test): 3843
2024-07-03 01:31:52,879 -  -L (--log_level): 0
2024-07-03 01:31:52,879 -  -m (--model): 21 - EfficientNetV2S
2024-07-03 01:31:52,879 -  -M (--show_model): False
2024-07-03 01:31:52,879 -  -n (--name): EfficientNetV2S_21_Normalize1_Epochs100_Patience10_Separed_Preprocess
2024-07-03 01:31:52,879 -  -N (--normalize): NormalizeEnum.MinMaxScaler
2024-07-03 01:31:52,880 -  -p (--preprocess): False
2024-07-03 01:31:52,880 -  -P (--patience): 10
2024-07-03 01:31:52,880 -  -S (--separed): False
2024-07-03 01:31:52,880 -  -t (--trainable): False
2024-07-03 01:31:52,880 -  -T (--Test): False
2024-07-03 01:31:52,880 - #######################
