2024-07-02 00:16:41,374 - 
2024-07-02 00:16:41,374 - ====================================================
2024-07-02 00:16:41,374 - ********** R2 Modelo: -0.6441651359148108 **********
2024-07-02 00:16:41,374 - ********** MAE [mean]: 0.5524930200379835 **********
2024-07-02 00:16:41,374 - ********** MSE [mean]: 0.7286065099984044 **********
2024-07-02 00:16:41,374 - ====================================================
2024-07-02 00:16:41,374 - 

2024-07-02 00:16:41,374 - Alguns exemplos de predições ...
2024-07-02 00:16:41,574 - 
Melhores resultados ...


2024-07-02 00:16:41,581 - 
     amostra  teor_cabono_real  teor_cabono_predict  teor_cabono_diff  error_carbono(%)  teor_nitrogenio_real  teor_nitrogenio_predict  teor_nitrogenio_diff  error_nitrogenio(%) grupo
845      C41              1.78             1.780081          0.000081          0.004546                  0.15                 0.187797              0.037797            25.198195   C41
3509     C46              2.46             2.460663          0.000663          0.026945                  0.31                 0.247757              0.062243            20.078232   C46
1802     L20              3.28             3.278962          0.001038          0.031635                  0.26                 0.242611              0.017389             6.688241   L20
2615     C39              1.68             1.680619          0.000619          0.036874                  0.14                 0.172472              0.032472            23.194360   C39
2943     L40              2.85             2.851767          0.001767          0.062011                  0.25                 0.196407              0.053593            21.437353   L40

2024-07-02 00:16:41,581 - 
Piores resultados ...


2024-07-02 00:16:41,587 - 
     amostra  teor_cabono_real  teor_cabono_predict  teor_cabono_diff  error_carbono(%)  teor_nitrogenio_real  teor_nitrogenio_predict  teor_nitrogenio_diff  error_nitrogenio(%) grupo
2010     C51              0.31             3.210127          2.900127        935.524799                  0.03                 0.313060              0.283060           943.532391   C51
515      C51              0.31             3.212689          2.902689        936.351419                  0.03                 0.198881              0.168881           562.937562   C51
3139     C51              0.31             3.244102          2.934102        946.484517                  0.03                 0.174179              0.144179           480.597719   C51
2489     C51              0.31             3.283821          2.973821        959.297131                  0.03                 0.220255              0.190255           634.184335   C51
303      C51              0.31             3.367486          3.057486        986.285806                  0.03                 0.198577              0.168577           561.924630   C51


2024-07-02 00:16:41,590 - R2 [mean] conjunto de predição CARBONO:
2024-07-02 00:16:41,590 - ====================================================
2024-07-02 00:16:41,590 - ====>>>>> R2 [mean]: 0.2595295991500617 <<<<<====
2024-07-02 00:16:41,590 - ====>>>>> MAE [mean]: 0.917814439314383 <<<<<====
2024-07-02 00:16:41,591 - ====>>>>> MSE [mean]: 1.2655671136708249 <<<<<====
2024-07-02 00:16:41,591 - ====================================================
2024-07-02 00:16:41,591 - 

2024-07-02 00:16:41,593 - R2 [median] conjunto de predição CARBONO:
2024-07-02 00:16:41,593 - ====================================================
2024-07-02 00:16:41,593 - ====>>>>> R2 [median]: 0.22439360625318205 <<<<<====
2024-07-02 00:16:41,593 - ====>>>>> MAE [median]: 0.9384145727864017 <<<<<====
2024-07-02 00:16:41,594 - ====>>>>> MSE [median]: 1.325619422399738 <<<<<====
2024-07-02 00:16:41,594 - ====================================================
2024-07-02 00:16:41,594 - 

2024-07-02 00:16:41,596 - R2 [mean] conjunto de predição NITROGENIO:
2024-07-02 00:16:41,596 - ====================================================
2024-07-02 00:16:41,596 - ====>>>>> R2 [mean]: -0.8539923765523445 <<<<<====
2024-07-02 00:16:41,596 - ====>>>>> MAE [mean]: 0.12040489238721352 <<<<<====
2024-07-02 00:16:41,596 - ====>>>>> MSE [mean]: 0.021867954525408767 <<<<<====
2024-07-02 00:16:41,596 - ====================================================
2024-07-02 00:16:41,597 - 

2024-07-02 00:16:41,599 - R2 [median] conjunto de predição NITROGENIO:
2024-07-02 00:16:41,599 - ====================================================
2024-07-02 00:16:41,599 - ====>>>>> R2 [median]: -0.7442230681814834 <<<<<====
2024-07-02 00:16:41,599 - ====>>>>> MAE [median]: 0.11672091362652955 <<<<<====
2024-07-02 00:16:41,599 - ====>>>>> MSE [median]: 0.020573218757291227 <<<<<====
2024-07-02 00:16:41,599 - ====================================================
2024-07-02 00:16:41,599 - 

2024-07-02 00:16:41,600 - #######################
2024-07-02 00:16:41,600 - Info parameters: 
2024-07-02 00:16:41,600 -  -e (--epochs): 100
2024-07-02 00:16:41,600 -  -G (--grid_search_trials): 0
2024-07-02 00:16:41,600 -  -i (--amount_image_train): 8930
2024-07-02 00:16:41,601 -  -I (--amount_image_test): 3843
2024-07-02 00:16:41,601 -  -L (--log_level): 0
2024-07-02 00:16:41,601 -  -m (--model): 0 - ResNet50
2024-07-02 00:16:41,601 -  -M (--show_model): False
2024-07-02 00:16:41,601 -  -n (--name): ResNet50_Normalize0_Epochs100_Patience10_Separed_Preprocess
2024-07-02 00:16:41,601 -  -N (--normalize): NormalizeEnum.NONE
2024-07-02 00:16:41,601 -  -p (--preprocess): True
2024-07-02 00:16:41,601 -  -P (--patience): 10
2024-07-02 00:16:41,601 -  -S (--separed): False
2024-07-02 00:16:41,601 -  -t (--trainable): False
2024-07-02 00:16:41,601 -  -T (--Test): False
2024-07-02 00:16:41,601 - #######################
