2024-07-03 10:10:01,599 - 
2024-07-03 10:10:01,600 - ====================================================
2024-07-03 10:10:01,600 - ********** R2 Modelo: 0.37792630339452915 **********
2024-07-03 10:10:01,600 - ********** MAE: 0.39007062288537586 **********
2024-07-03 10:10:01,600 - ********** MSE: 0.22413689127089131 **********
2024-07-03 10:10:01,600 - ====================================================
2024-07-03 10:10:01,600 - 

2024-07-03 10:10:01,600 - Alguns exemplos de predições ...
2024-07-03 10:10:01,998 - 
Melhores resultados ...


2024-07-03 10:10:02,004 - 
     amostra  teor_cabono_real  teor_cabono_predict  teor_cabono_diff  error_carbono(%)  teor_nitrogenio_real  teor_nitrogenio_predict  teor_nitrogenio_diff  error_nitrogenio(%) grupo
881      C41         -0.562212            -0.562653          0.000441          0.078466             -0.388889                -0.498762              0.109873            28.253073   C41
330       L2         -0.276498            -0.277503          0.001005          0.363644             -0.555556                -0.258216              0.297339            53.521084    L2
3495     C41         -0.562212            -0.560158          0.002054          0.365400             -0.388889                -0.480793              0.091904            23.632386   C41
1451      L7         -0.718894            -0.721719          0.002825          0.392934             -1.000000                -0.760540              0.239460            23.946041    L7
3721     C39         -0.608295            -0.610704          0.002409          0.396106             -0.444444                -0.446561              0.002117             0.476321   C39

2024-07-03 10:10:02,004 - 
Piores resultados ...


2024-07-03 10:10:02,010 - 
     amostra  teor_cabono_real  teor_cabono_predict  teor_cabono_diff  error_carbono(%)  teor_nitrogenio_real  teor_nitrogenio_predict  teor_nitrogenio_diff  error_nitrogenio(%) grupo
256      C10         -0.041475            -0.681257          0.639782       1542.586345             -0.166667                -0.695691              0.529024           317.414308   C10
348      C10         -0.041475            -0.708480          0.667005       1608.224001             -0.166667                -0.726707              0.560040           336.024189   C10
2278     C10         -0.041475            -0.714482          0.673008       1622.696230             -0.166667                -0.723261              0.556594           333.956313   C10
2874     C10         -0.041475            -0.727200          0.685726       1653.361081             -0.166667                -0.740639              0.573972           344.383347   C10
2044     C10         -0.041475            -0.755189          0.713714       1720.844162             -0.166667                -0.651106              0.484439           290.663671   C10


2024-07-03 10:10:02,013 - R2 [mean] conjunto de predição CARBONO:
2024-07-03 10:10:02,013 - ====================================================
2024-07-03 10:10:02,013 - ====>>>>> R2 [mean]: 0.425673643730475 <<<<<====
2024-07-03 10:10:02,013 - ====>>>>> MAE [mean]: 0.37323350218805174 <<<<<====
2024-07-03 10:10:02,013 - ====>>>>> MSE [mean]: 0.20845713142215325 <<<<<====
2024-07-03 10:10:02,013 - ====================================================
2024-07-03 10:10:02,013 - 

2024-07-03 10:10:02,016 - R2 [median] conjunto de predição CARBONO:
2024-07-03 10:10:02,016 - ====================================================
2024-07-03 10:10:02,016 - ====>>>>> R2 [median]: 0.4544224280898638 <<<<<====
2024-07-03 10:10:02,016 - ====>>>>> MAE [median]: 0.36228689301888073 <<<<<====
2024-07-03 10:10:02,016 - ====>>>>> MSE [median]: 0.198022490814053 <<<<<====
2024-07-03 10:10:02,016 - ====================================================
2024-07-03 10:10:02,016 - 

2024-07-03 10:10:02,019 - R2 [mean] conjunto de predição NITROGENIO:
2024-07-03 10:10:02,019 - ====================================================
2024-07-03 10:10:02,019 - ====>>>>> R2 [mean]: 0.503476135352495 <<<<<====
2024-07-03 10:10:02,019 - ====>>>>> MAE [mean]: 0.3607781715384482 <<<<<====
2024-07-03 10:10:02,019 - ====>>>>> MSE [mean]: 0.18075708744254926 <<<<<====
2024-07-03 10:10:02,019 - ====================================================
2024-07-03 10:10:02,019 - 

2024-07-03 10:10:02,021 - R2 [median] conjunto de predição NITROGENIO:
2024-07-03 10:10:02,021 - ====================================================
2024-07-03 10:10:02,021 - ====>>>>> R2 [median]: 0.5262738446694089 <<<<<====
2024-07-03 10:10:02,021 - ====>>>>> MAE [median]: 0.3558245479002779 <<<<<====
2024-07-03 10:10:02,021 - ====>>>>> MSE [median]: 0.17245769273085157 <<<<<====
2024-07-03 10:10:02,022 - ====================================================
2024-07-03 10:10:02,022 - 

2024-07-03 10:10:02,022 - #######################
2024-07-03 10:10:02,022 - Info parameters: 
2024-07-03 10:10:02,023 -  -e (--epochs): 100
2024-07-03 10:10:02,023 -  -G (--grid_search_trials): 0
2024-07-03 10:10:02,023 -  -i (--amount_image_train): 8930
2024-07-03 10:10:02,023 -  -I (--amount_image_test): 3843
2024-07-03 10:10:02,023 -  -L (--log_level): 0
2024-07-03 10:10:02,023 -  -m (--model): 50 - VGG19
2024-07-03 10:10:02,023 -  -M (--show_model): False
2024-07-03 10:10:02,023 -  -n (--name): VGG19_50_Normalize2_Epochs100_Patience10_Separed
2024-07-03 10:10:02,023 -  -N (--normalize): NormalizeEnum.RobustScaler
2024-07-03 10:10:02,023 -  -p (--preprocess): False
2024-07-03 10:10:02,023 -  -P (--patience): 10
2024-07-03 10:10:02,023 -  -S (--separed): False
2024-07-03 10:10:02,023 -  -t (--trainable): False
2024-07-03 10:10:02,023 -  -T (--Test): False
2024-07-03 10:10:02,023 - #######################
