2024-07-02 01:41:32,534 - 
2024-07-02 01:41:32,534 - ====================================================
2024-07-02 01:41:32,534 - ********** R2 Modelo: 0.5010716345937771 **********
2024-07-02 01:41:32,534 - ********** MAE [mean]: 0.5369744994728387 **********
2024-07-02 01:41:32,534 - ********** MSE [mean]: 0.4442391671873814 **********
2024-07-02 01:41:32,534 - ====================================================
2024-07-02 01:41:32,534 - 

2024-07-02 01:41:32,534 - Alguns exemplos de predições ...
2024-07-02 01:41:32,728 - 
Melhores resultados ...


2024-07-02 01:41:32,735 - 
     amostra  teor_cabono_real  teor_cabono_predict  teor_cabono_diff  error_carbono(%)  teor_nitrogenio_real  teor_nitrogenio_predict  teor_nitrogenio_diff  error_nitrogenio(%) grupo
3749     L33          0.986977             0.987168          0.000191          0.019329              1.327110                 0.952157              0.374954            28.253390   L33
2423     L33          0.986977             0.987298          0.000321          0.032500              1.327110                 0.917468              0.409643            30.867261   L33
878      C37         -1.242405            -1.243806          0.001401          0.112729             -1.111921                -1.100622              0.011299             1.016152   C37
2536      L7         -0.988241            -0.989357          0.001116          0.112915             -1.547462                -1.075712              0.471750            30.485425    L7
561      C23          0.362459             0.361905          0.000554          0.152956              0.456028                 0.365301              0.090726            19.894910   C23

2024-07-02 01:41:32,735 - 
Piores resultados ...


2024-07-02 01:41:32,741 - 
     amostra  teor_cabono_real  teor_cabono_predict  teor_cabono_diff  error_carbono(%)  teor_nitrogenio_real  teor_nitrogenio_predict  teor_nitrogenio_diff  error_nitrogenio(%) grupo
1725     L40          0.035677             0.637713          0.602036       1687.465533              0.281811                 0.680060              0.398249           141.317607   L40
3697     L40          0.035677             0.640404          0.604728       1695.008972              0.281811                 0.663806              0.381994           135.549786   L40
2203     L40          0.035677             0.640906          0.605229       1696.414345              0.281811                 0.626466              0.344655           122.299997   L40
1489     L40          0.035677             0.650473          0.614796       1723.229372              0.281811                 0.647398              0.365587           129.727545   L40
418      L40          0.035677             0.759927          0.724250       2030.021054              0.281811                 0.856467              0.574656           203.915269   L40


2024-07-02 01:41:32,744 - R2 [mean] conjunto de predição CARBONO:
2024-07-02 01:41:32,744 - ====================================================
2024-07-02 01:41:32,744 - ====>>>>> R2 [mean]: 0.5391393492411923 <<<<<====
2024-07-02 01:41:32,744 - ====>>>>> MAE [mean]: 0.5214296918907164 <<<<<====
2024-07-02 01:41:32,744 - ====>>>>> MSE [mean]: 0.4153740853161294 <<<<<====
2024-07-02 01:41:32,744 - ====================================================
2024-07-02 01:41:32,744 - 

2024-07-02 01:41:32,747 - R2 [median] conjunto de predição CARBONO:
2024-07-02 01:41:32,747 - ====================================================
2024-07-02 01:41:32,747 - ====>>>>> R2 [median]: 0.5442530523829473 <<<<<====
2024-07-02 01:41:32,747 - ====>>>>> MAE [median]: 0.5176076103502028 <<<<<====
2024-07-02 01:41:32,747 - ====>>>>> MSE [median]: 0.4107651004492561 <<<<<====
2024-07-02 01:41:32,747 - ====================================================
2024-07-02 01:41:32,747 - 

2024-07-02 01:41:32,749 - R2 [mean] conjunto de predição NITROGENIO:
2024-07-02 01:41:32,749 - ====================================================
2024-07-02 01:41:32,749 - ====>>>>> R2 [mean]: 0.6305875522837178 <<<<<====
2024-07-02 01:41:32,750 - ====>>>>> MAE [mean]: 0.47375595417163124 <<<<<====
2024-07-02 01:41:32,750 - ====>>>>> MSE [mean]: 0.3306209420928863 <<<<<====
2024-07-02 01:41:32,750 - ====================================================
2024-07-02 01:41:32,750 - 

2024-07-02 01:41:32,752 - R2 [median] conjunto de predição NITROGENIO:
2024-07-02 01:41:32,752 - ====================================================
2024-07-02 01:41:32,752 - ====>>>>> R2 [median]: 0.644919439530433 <<<<<====
2024-07-02 01:41:32,752 - ====>>>>> MAE [median]: 0.4661173694853993 <<<<<====
2024-07-02 01:41:32,752 - ====>>>>> MSE [median]: 0.3177940271018755 <<<<<====
2024-07-02 01:41:32,752 - ====================================================
2024-07-02 01:41:32,752 - 

2024-07-02 01:41:32,753 - #######################
2024-07-02 01:41:32,753 - Info parameters: 
2024-07-02 01:41:32,753 -  -e (--epochs): 100
2024-07-02 01:41:32,753 -  -G (--grid_search_trials): 0
2024-07-02 01:41:32,754 -  -i (--amount_image_train): 8930
2024-07-02 01:41:32,754 -  -I (--amount_image_test): 3843
2024-07-02 01:41:32,754 -  -L (--log_level): 0
2024-07-02 01:41:32,754 -  -m (--model): 0 - ResNet50
2024-07-02 01:41:32,754 -  -M (--show_model): False
2024-07-02 01:41:32,754 -  -n (--name): ResNet50_Normalize3_Epochs100_Patience10_Separed_Preprocess
2024-07-02 01:41:32,754 -  -N (--normalize): NormalizeEnum.StandardScaler
2024-07-02 01:41:32,754 -  -p (--preprocess): False
2024-07-02 01:41:32,754 -  -P (--patience): 10
2024-07-02 01:41:32,754 -  -S (--separed): False
2024-07-02 01:41:32,754 -  -t (--trainable): False
2024-07-02 01:41:32,754 -  -T (--Test): False
2024-07-02 01:41:32,754 - #######################
