2024-07-03 03:04:01,067 - 
2024-07-03 03:04:01,067 - ====================================================
2024-07-03 03:04:01,068 - ********** R2 Modelo: 0.44405576517577294 **********
2024-07-03 03:04:01,068 - ********** MAE: 0.5707860512713546 **********
2024-07-03 03:04:01,068 - ********** MSE: 0.49512468716333186 **********
2024-07-03 03:04:01,068 - ====================================================
2024-07-03 03:04:01,068 - 

2024-07-03 03:04:01,068 - Alguns exemplos de predições ...
2024-07-03 03:04:01,608 - 
Melhores resultados ...


2024-07-03 03:04:01,616 - 
     amostra  teor_cabono_real  teor_cabono_predict  teor_cabono_diff  error_carbono(%)  teor_nitrogenio_real  teor_nitrogenio_predict  teor_nitrogenio_diff  error_nitrogenio(%) grupo
1814     C46         -0.247534            -0.247571          0.000037          0.014841              0.804461                -0.297574              1.102035           136.990471   C46
2398     C39         -0.813957            -0.814137          0.000180          0.022127             -0.676380                -0.762889              0.086510            12.790106   C39
264      C39         -0.813957            -0.814630          0.000672          0.082592             -0.676380                -0.734313              0.057934             8.565248   C39
501      L40          0.035677             0.035638          0.000039          0.109142              0.281811                 0.059818              0.221993            78.773592   L40
323      C41         -0.741339            -0.740114          0.001225          0.165283             -0.589271                -0.756371              0.167100            28.356980   C41

2024-07-03 03:04:01,616 - 
Piores resultados ...


2024-07-03 03:04:01,623 - 
     amostra  teor_cabono_real  teor_cabono_predict  teor_cabono_diff  error_carbono(%)  teor_nitrogenio_real  teor_nitrogenio_predict  teor_nitrogenio_diff  error_nitrogenio(%) grupo
1180     C10          0.079248            -1.160136          1.239384       1563.931638             -0.240838                -1.200797              0.959959           398.590521   C10
2373     L40          0.035677             0.616008          0.580331       1626.626008              0.281811                 0.652570              0.370759           131.562800   L40
3535     C10          0.079248            -1.210595          1.289843       1627.604744             -0.240838                -1.303075              1.062237           441.058060   C10
1950     L40          0.035677             0.662309          0.626632       1756.405333              0.281811                 0.549598              0.267786            95.023368   L40
2288     L40          0.035677             0.787588          0.751911       2107.553477              0.281811                 0.768653              0.486842           172.754700   L40


2024-07-03 03:04:01,626 - R2 [mean] conjunto de predição CARBONO:
2024-07-03 03:04:01,626 - ====================================================
2024-07-03 03:04:01,626 - ====>>>>> R2 [mean]: 0.5299055662484309 <<<<<====
2024-07-03 03:04:01,626 - ====>>>>> MAE [mean]: 0.5271609530363159 <<<<<====
2024-07-03 03:04:01,626 - ====>>>>> MSE [mean]: 0.4236965015569406 <<<<<====
2024-07-03 03:04:01,626 - ====================================================
2024-07-03 03:04:01,626 - 

2024-07-03 03:04:01,629 - R2 [median] conjunto de predição CARBONO:
2024-07-03 03:04:01,630 - ====================================================
2024-07-03 03:04:01,630 - ====>>>>> R2 [median]: 0.5530316958655581 <<<<<====
2024-07-03 03:04:01,630 - ====>>>>> MAE [median]: 0.5139268728700681 <<<<<====
2024-07-03 03:04:01,630 - ====>>>>> MSE [median]: 0.4028529018250038 <<<<<====
2024-07-03 03:04:01,630 - ====================================================
2024-07-03 03:04:01,630 - 

2024-07-03 03:04:01,633 - R2 [mean] conjunto de predição NITROGENIO:
2024-07-03 03:04:01,633 - ====================================================
2024-07-03 03:04:01,633 - ====>>>>> R2 [mean]: 0.548851144973773 <<<<<====
2024-07-03 03:04:01,633 - ====>>>>> MAE [mean]: 0.5214766123285616 <<<<<====
2024-07-03 03:04:01,633 - ====>>>>> MSE [mean]: 0.4037743189083225 <<<<<====
2024-07-03 03:04:01,633 - ====================================================
2024-07-03 03:04:01,633 - 

2024-07-03 03:04:01,636 - R2 [median] conjunto de predição NITROGENIO:
2024-07-03 03:04:01,636 - ====================================================
2024-07-03 03:04:01,636 - ====>>>>> R2 [median]: 0.5721406846730865 <<<<<====
2024-07-03 03:04:01,636 - ====>>>>> MAE [median]: 0.5109184879243446 <<<<<====
2024-07-03 03:04:01,636 - ====>>>>> MSE [median]: 0.3829303825334158 <<<<<====
2024-07-03 03:04:01,636 - ====================================================
2024-07-03 03:04:01,637 - 

2024-07-03 03:04:01,638 - #######################
2024-07-03 03:04:01,638 - Info parameters: 
2024-07-03 03:04:01,638 -  -e (--epochs): 100
2024-07-03 03:04:01,638 -  -G (--grid_search_trials): 0
2024-07-03 03:04:01,638 -  -i (--amount_image_train): 8930
2024-07-03 03:04:01,638 -  -I (--amount_image_test): 3843
2024-07-03 03:04:01,638 -  -L (--log_level): 0
2024-07-03 03:04:01,638 -  -m (--model): 2 - ResNet152
2024-07-03 03:04:01,638 -  -M (--show_model): False
2024-07-03 03:04:01,638 -  -n (--name): ResNet152_2_Normalize3_Epochs100_Patience10_Separed_Preprocess
2024-07-03 03:04:01,638 -  -N (--normalize): NormalizeEnum.StandardScaler
2024-07-03 03:04:01,638 -  -p (--preprocess): False
2024-07-03 03:04:01,638 -  -P (--patience): 10
2024-07-03 03:04:01,638 -  -S (--separed): False
2024-07-03 03:04:01,639 -  -t (--trainable): False
2024-07-03 03:04:01,639 -  -T (--Test): False
2024-07-03 03:04:01,639 - #######################
