2024-07-03 10:20:51,100 - 
2024-07-03 10:20:51,100 - ====================================================
2024-07-03 10:20:51,100 - ********** R2 Modelo: 0.4251006374713087 **********
2024-07-03 10:20:51,101 - ********** MAE: 0.592229269886273 **********
2024-07-03 10:20:51,101 - ********** MSE: 0.5118989505419808 **********
2024-07-03 10:20:51,101 - ====================================================
2024-07-03 10:20:51,101 - 

2024-07-03 10:20:51,101 - Alguns exemplos de predições ...
2024-07-03 10:20:51,291 - 
Melhores resultados ...


2024-07-03 10:20:51,297 - 
     amostra  teor_cabono_real  teor_cabono_predict  teor_cabono_diff  error_carbono(%)  teor_nitrogenio_real  teor_nitrogenio_predict  teor_nitrogenio_diff  error_nitrogenio(%) grupo
692      C41         -0.741339            -0.741519          0.000180          0.024247             -0.589271                -0.560663              0.028608             4.854789   C41
2533      C8          0.406030             0.406303          0.000273          0.067246             -0.153730                 0.526945              0.680675           442.772639    C8
1496     C23          0.362459             0.362823          0.000364          0.100446              0.456028                 0.323821              0.132206            28.990837   C23
2591     C12          0.282579             0.282283          0.000296          0.104652             -0.066622                 0.356464              0.423086           635.055691   C12
1900     C23          0.362459             0.362969          0.000509          0.140562              0.456028                 0.590105              0.134077            29.401064   C23

2024-07-03 10:20:51,297 - 
Piores resultados ...


2024-07-03 10:20:51,303 - 
     amostra  teor_cabono_real  teor_cabono_predict  teor_cabono_diff  error_carbono(%)  teor_nitrogenio_real  teor_nitrogenio_predict  teor_nitrogenio_diff  error_nitrogenio(%) grupo
2291     L40          0.035677             0.654978          0.619301       1735.856345              0.281811                 0.823639              0.541828           192.266387   L40
2287     C10          0.079248            -1.349150          1.428398       1802.442316             -0.240838                -1.455074              1.214235           504.170274   C10
1284     L40          0.035677             0.712163          0.676486       1896.143560              0.281811                 0.719898              0.438087           155.453922   L40
1640     L40          0.035677             0.741119          0.705442       1977.304860              0.281811                 0.827365              0.545553           193.588297   L40
2855     L40          0.035677             0.861984          0.826307       2316.080642              0.281811                 0.935784              0.653972           232.060488   L40


2024-07-03 10:20:51,305 - R2 [mean] conjunto de predição CARBONO:
2024-07-03 10:20:51,306 - ====================================================
2024-07-03 10:20:51,306 - ====>>>>> R2 [mean]: 0.46861471663889065 <<<<<====
2024-07-03 10:20:51,306 - ====>>>>> MAE [mean]: 0.5749499364296292 <<<<<====
2024-07-03 10:20:51,306 - ====>>>>> MSE [mean]: 0.4789379949517304 <<<<<====
2024-07-03 10:20:51,306 - ====================================================
2024-07-03 10:20:51,306 - 

2024-07-03 10:20:51,308 - R2 [median] conjunto de predição CARBONO:
2024-07-03 10:20:51,308 - ====================================================
2024-07-03 10:20:51,308 - ====>>>>> R2 [median]: 0.48132668845344384 <<<<<====
2024-07-03 10:20:51,309 - ====>>>>> MAE [median]: 0.5660195540027568 <<<<<====
2024-07-03 10:20:51,309 - ====>>>>> MSE [median]: 0.4674806842519765 <<<<<====
2024-07-03 10:20:51,309 - ====================================================
2024-07-03 10:20:51,309 - 

2024-07-03 10:20:51,311 - R2 [mean] conjunto de predição NITROGENIO:
2024-07-03 10:20:51,311 - ====================================================
2024-07-03 10:20:51,311 - ====>>>>> R2 [mean]: 0.5586755442042339 <<<<<====
2024-07-03 10:20:51,311 - ====>>>>> MAE [mean]: 0.544121131490447 <<<<<====
2024-07-03 10:20:51,311 - ====>>>>> MSE [mean]: 0.3949815666630969 <<<<<====
2024-07-03 10:20:51,311 - ====================================================
2024-07-03 10:20:51,311 - 

2024-07-03 10:20:51,314 - R2 [median] conjunto de predição NITROGENIO:
2024-07-03 10:20:51,314 - ====================================================
2024-07-03 10:20:51,314 - ====>>>>> R2 [median]: 0.5820138972288185 <<<<<====
2024-07-03 10:20:51,314 - ====>>>>> MAE [median]: 0.5303001451924997 <<<<<====
2024-07-03 10:20:51,314 - ====>>>>> MSE [median]: 0.37409394278473024 <<<<<====
2024-07-03 10:20:51,314 - ====================================================
2024-07-03 10:20:51,314 - 

2024-07-03 10:20:51,315 - #######################
2024-07-03 10:20:51,315 - Info parameters: 
2024-07-03 10:20:51,315 -  -e (--epochs): 100
2024-07-03 10:20:51,315 -  -G (--grid_search_trials): 0
2024-07-03 10:20:51,315 -  -i (--amount_image_train): 8930
2024-07-03 10:20:51,315 -  -I (--amount_image_test): 3843
2024-07-03 10:20:51,315 -  -L (--log_level): 0
2024-07-03 10:20:51,315 -  -m (--model): 50 - VGG19
2024-07-03 10:20:51,315 -  -M (--show_model): False
2024-07-03 10:20:51,315 -  -n (--name): VGG19_50_Normalize3_Epochs100_Patience10_Separed
2024-07-03 10:20:51,315 -  -N (--normalize): NormalizeEnum.StandardScaler
2024-07-03 10:20:51,315 -  -p (--preprocess): False
2024-07-03 10:20:51,315 -  -P (--patience): 10
2024-07-03 10:20:51,316 -  -S (--separed): False
2024-07-03 10:20:51,316 -  -t (--trainable): False
2024-07-03 10:20:51,316 -  -T (--Test): False
2024-07-03 10:20:51,316 - #######################
