2024-07-03 23:03:07,592 - 
2024-07-03 23:03:07,593 - ====================================================
2024-07-03 23:03:07,593 - ********** R2 Modelo: 0.3081909479501513 **********
2024-07-03 23:03:07,593 - ********** MAE: 0.3745982706252263 **********
2024-07-03 23:03:07,593 - ********** MSE: 0.24936175793858234 **********
2024-07-03 23:03:07,593 - ====================================================
2024-07-03 23:03:07,594 - 

2024-07-03 23:03:07,594 - Alguns exemplos de predições ...
2024-07-03 23:03:07,813 - 
Melhores resultados ...


2024-07-03 23:03:07,820 - 
     amostra  teor_cabono_real  teor_cabono_predict  teor_cabono_diff  error_carbono(%)  teor_nitrogenio_real  teor_nitrogenio_predict  teor_nitrogenio_diff  error_nitrogenio(%) grupo
3473     C24          0.714286             0.714886          0.000601          0.084091              0.944444                 0.920217              0.024228             2.565299   C24
1887     L23          0.585253             0.585816          0.000562          0.096063              0.722222                 0.752468              0.030246             4.187925   L23
2901     L37          0.691244             0.690184          0.001060          0.153330              0.777778                 0.913244              0.135466            17.417087   L37
3390      L2         -0.276498            -0.276064          0.000434          0.157012             -0.555556                -0.255450              0.300105            54.018971    L2
891      L33          0.534562             0.535526          0.000964          0.180380              0.833333                 0.707497              0.125836            15.100324   L33

2024-07-03 23:03:07,820 - 
Piores resultados ...


2024-07-03 23:03:07,827 - 
     amostra  teor_cabono_real  teor_cabono_predict  teor_cabono_diff  error_carbono(%)  teor_nitrogenio_real  teor_nitrogenio_predict  teor_nitrogenio_diff  error_nitrogenio(%) grupo
3549     L26         -0.036866             0.436782          0.473649       1284.771586              0.111111                 0.652266              0.541155           487.039691   L26
1611     L26         -0.036866             0.539433          0.576300       1563.212504              0.111111                 0.712106              0.600995           540.895069   L26
2617     L26         -0.036866             0.601241          0.638107       1730.865061              0.111111                 0.796163              0.685051           616.546345   L26
422      L26         -0.036866             0.611764          0.648630       1759.410211              0.111111                 0.799531              0.688420           619.577938   L26
3422     L26         -0.036866             0.641156          0.678023       1839.136183              0.111111                 0.850311              0.739199           665.279508   L26


2024-07-03 23:03:07,853 - R2 [mean] conjunto de predição CARBONO:
2024-07-03 23:03:07,853 - ====================================================
2024-07-03 23:03:07,854 - ====>>>>> R2 [mean]: 0.35994368953194833 <<<<<====
2024-07-03 23:03:07,854 - ====>>>>> MAE [mean]: 0.3553129358452057 <<<<<====
2024-07-03 23:03:07,854 - ====>>>>> MSE [mean]: 0.23231443407100513 <<<<<====
2024-07-03 23:03:07,854 - ====================================================
2024-07-03 23:03:07,854 - 

2024-07-03 23:03:07,857 - R2 [median] conjunto de predição CARBONO:
2024-07-03 23:03:07,857 - ====================================================
2024-07-03 23:03:07,857 - ====>>>>> R2 [median]: 0.39079285348689685 <<<<<====
2024-07-03 23:03:07,857 - ====>>>>> MAE [median]: 0.3470514102063706 <<<<<====
2024-07-03 23:03:07,858 - ====>>>>> MSE [median]: 0.22111744101188388 <<<<<====
2024-07-03 23:03:07,858 - ====================================================
2024-07-03 23:03:07,858 - 

2024-07-03 23:03:07,860 - R2 [mean] conjunto de predição NITROGENIO:
2024-07-03 23:03:07,861 - ====================================================
2024-07-03 23:03:07,861 - ====>>>>> R2 [mean]: 0.41396341747179877 <<<<<====
2024-07-03 23:03:07,861 - ====>>>>> MAE [mean]: 0.3341963885834924 <<<<<====
2024-07-03 23:03:07,861 - ====>>>>> MSE [mean]: 0.21334375512400683 <<<<<====
2024-07-03 23:03:07,861 - ====================================================
2024-07-03 23:03:07,861 - 

2024-07-03 23:03:07,864 - R2 [median] conjunto de predição NITROGENIO:
2024-07-03 23:03:07,864 - ====================================================
2024-07-03 23:03:07,864 - ====>>>>> R2 [median]: 0.4492833651401126 <<<<<====
2024-07-03 23:03:07,864 - ====>>>>> MAE [median]: 0.32587520750584426 <<<<<====
2024-07-03 23:03:07,864 - ====>>>>> MSE [median]: 0.20048570071069066 <<<<<====
2024-07-03 23:03:07,864 - ====================================================
2024-07-03 23:03:07,864 - 

2024-07-03 23:03:07,865 - #######################
2024-07-03 23:03:07,865 - Info parameters: 
2024-07-03 23:03:07,865 -  -e (--epochs): 100
2024-07-03 23:03:07,865 -  -G (--grid_search_trials): 0
2024-07-03 23:03:07,866 -  -i (--amount_image_train): 8930
2024-07-03 23:03:07,866 -  -I (--amount_image_test): 3843
2024-07-03 23:03:07,866 -  -L (--log_level): 0
2024-07-03 23:03:07,866 -  -m (--model): 11 - ConvNeXtXLarge
2024-07-03 23:03:07,866 -  -M (--show_model): False
2024-07-03 23:03:07,866 -  -n (--name): ConvNeXtXLarge_11_Normalize2_Epochs100_Patience10_Separed_Preprocess
2024-07-03 23:03:07,866 -  -N (--normalize): NormalizeEnum.RobustScaler
2024-07-03 23:03:07,866 -  -p (--preprocess): True
2024-07-03 23:03:07,866 -  -P (--patience): 10
2024-07-03 23:03:07,866 -  -S (--separed): False
2024-07-03 23:03:07,866 -  -t (--trainable): False
2024-07-03 23:03:07,866 -  -T (--Test): False
2024-07-03 23:03:07,866 - #######################
