2024-07-02 12:21:49,085 - 
2024-07-02 12:21:49,085 - ====================================================
2024-07-02 12:21:49,085 - ********** R2 Modelo: 0.23386754215239908 **********
2024-07-02 12:21:49,085 - ********** MAE [mean]: 0.46668802389425584 **********
2024-07-02 12:21:49,085 - ********** MSE [mean]: 0.5657706930575706 **********
2024-07-02 12:21:49,086 - ====================================================
2024-07-02 12:21:49,086 - 

2024-07-02 12:21:49,086 - Alguns exemplos de predições ...
2024-07-02 12:21:49,288 - 
Melhores resultados ...


2024-07-02 12:21:49,294 - 
     amostra  teor_cabono_real  teor_cabono_predict  teor_cabono_diff  error_carbono(%)  teor_nitrogenio_real  teor_nitrogenio_predict  teor_nitrogenio_diff  error_nitrogenio(%) grupo
3460     L26              2.92             2.920045          0.000045          0.001538                  0.24                 0.258720              0.018720             7.800066   L26
688      C46              2.46             2.460041          0.000041          0.001659                  0.31                 0.245602              0.064398            20.773588   C46
2466      C8              3.36             3.360302          0.000302          0.008994                  0.20                 0.317328              0.117328            58.663988    C8
574      L40              2.85             2.851855          0.001855          0.065089                  0.25                 0.269728              0.019728             7.891154   L40
536      L37              4.50             4.496572          0.003428          0.076167                  0.36                 0.475524              0.115524            32.089903   L37

2024-07-02 12:21:49,294 - 
Piores resultados ...


2024-07-02 12:21:49,301 - 
     amostra  teor_cabono_real  teor_cabono_predict  teor_cabono_diff  error_carbono(%)  teor_nitrogenio_real  teor_nitrogenio_predict  teor_nitrogenio_diff  error_nitrogenio(%) grupo
3778     C51              0.31             3.212144          2.902144        936.175528                  0.03                 0.262514              0.232514           775.047644   C51
3302     C51              0.31             3.235194          2.925194        943.610880                  0.03                 0.316365              0.286365           954.551403   C51
142      C51              0.31             3.260898          2.950898        951.902617                  0.03                 0.309505              0.279505           931.682293   C51
1607     C51              0.31             3.304614          2.994614        966.004615                  0.03                 0.348526              0.318526          1061.753337   C51
2345     C51              0.31             3.541988          3.231988       1042.576818                  0.03                 0.222264              0.192264           640.879923   C51


2024-07-02 12:21:49,303 - R2 [mean] conjunto de predição CARBONO:
2024-07-02 12:21:49,304 - ====================================================
2024-07-02 12:21:49,304 - ====>>>>> R2 [mean]: 0.4272711410421963 <<<<<====
2024-07-02 12:21:49,304 - ====>>>>> MAE [mean]: 0.7899995130962794 <<<<<====
2024-07-02 12:21:49,304 - ====>>>>> MSE [mean]: 0.9788734406064449 <<<<<====
2024-07-02 12:21:49,304 - ====================================================
2024-07-02 12:21:49,304 - 

2024-07-02 12:21:49,306 - R2 [median] conjunto de predição CARBONO:
2024-07-02 12:21:49,306 - ====================================================
2024-07-02 12:21:49,307 - ====>>>>> R2 [median]: 0.42954818378701964 <<<<<====
2024-07-02 12:21:49,307 - ====>>>>> MAE [median]: 0.7810934797922768 <<<<<====
2024-07-02 12:21:49,307 - ====>>>>> MSE [median]: 0.9749816572063748 <<<<<====
2024-07-02 12:21:49,307 - ====================================================
2024-07-02 12:21:49,307 - 

2024-07-02 12:21:49,309 - R2 [mean] conjunto de predição NITROGENIO:
2024-07-02 12:21:49,309 - ====================================================
2024-07-02 12:21:49,309 - ====>>>>> R2 [mean]: 0.2845256335049634 <<<<<====
2024-07-02 12:21:49,309 - ====>>>>> MAE [mean]: 0.07262262867556678 <<<<<====
2024-07-02 12:21:49,309 - ====>>>>> MSE [mean]: 0.008439064317893308 <<<<<====
2024-07-02 12:21:49,309 - ====================================================
2024-07-02 12:21:49,310 - 

2024-07-02 12:21:49,312 - R2 [median] conjunto de predição NITROGENIO:
2024-07-02 12:21:49,312 - ====================================================
2024-07-02 12:21:49,312 - ====>>>>> R2 [median]: 0.30069775821142253 <<<<<====
2024-07-02 12:21:49,312 - ====>>>>> MAE [median]: 0.07218974718341122 <<<<<====
2024-07-02 12:21:49,312 - ====>>>>> MSE [median]: 0.00824831310870132 <<<<<====
2024-07-02 12:21:49,312 - ====================================================
2024-07-02 12:21:49,312 - 

2024-07-02 12:21:49,313 - #######################
2024-07-02 12:21:49,313 - Info parameters: 
2024-07-02 12:21:49,313 -  -e (--epochs): 100
2024-07-02 12:21:49,313 -  -G (--grid_search_trials): 0
2024-07-02 12:21:49,313 -  -i (--amount_image_train): 8930
2024-07-02 12:21:49,313 -  -I (--amount_image_test): 3843
2024-07-02 12:21:49,314 -  -L (--log_level): 0
2024-07-02 12:21:49,314 -  -m (--model): 30 - InceptionResNetV2
2024-07-02 12:21:49,314 -  -M (--show_model): False
2024-07-02 12:21:49,314 -  -n (--name): InceptionResNetV2_30_Normalize0_Epochs100_Patience10_Separed_Preprocess
2024-07-02 12:21:49,314 -  -N (--normalize): NormalizeEnum.NONE
2024-07-02 12:21:49,314 -  -p (--preprocess): True
2024-07-02 12:21:49,314 -  -P (--patience): 10
2024-07-02 12:21:49,314 -  -S (--separed): False
2024-07-02 12:21:49,314 -  -t (--trainable): False
2024-07-02 12:21:49,314 -  -T (--Test): False
2024-07-02 12:21:49,314 - #######################
