2024-07-02 21:41:45,514 - 
2024-07-02 21:41:45,514 - ====================================================
2024-07-02 21:41:45,514 - ********** R2 Modelo: 0.3515340193095409 **********
2024-07-02 21:41:45,515 - ********** MAE: 0.5848439233350609 **********
2024-07-02 21:41:45,515 - ********** MSE: 0.5773666381607649 **********
2024-07-02 21:41:45,515 - ====================================================
2024-07-02 21:41:45,515 - 

2024-07-02 21:41:45,515 - Alguns exemplos de predições ...
2024-07-02 21:41:45,718 - 
Melhores resultados ...


2024-07-02 21:41:45,725 - 
     amostra  teor_cabono_real  teor_cabono_predict  teor_cabono_diff  error_carbono(%)  teor_nitrogenio_real  teor_nitrogenio_predict  teor_nitrogenio_diff  error_nitrogenio(%) grupo
3230     L20          0.347936             0.347966          0.000031          0.008853              0.368919                 0.338795              0.030124             8.165588   L20
2447     L20          0.347936             0.348069          0.000133          0.038207              0.368919                 0.350249              0.018670             5.060849   L20
1241     C12          0.282579             0.282401          0.000178          0.063077             -0.066622                 0.100311              0.166932           250.567195   C12
611      L20          0.347936             0.347711          0.000224          0.064493              0.368919                 0.274023              0.094896            25.722778   L20
1729     C39         -0.813957            -0.814483          0.000526          0.064578             -0.676380                -0.668280              0.008099             1.197457   C39

2024-07-02 21:41:45,725 - 
Piores resultados ...


2024-07-02 21:41:45,732 - 
     amostra  teor_cabono_real  teor_cabono_predict  teor_cabono_diff  error_carbono(%)  teor_nitrogenio_real  teor_nitrogenio_predict  teor_nitrogenio_diff  error_nitrogenio(%) grupo
1534     L40          0.035677             0.679275          0.643598       1803.959303              0.281811                 0.702709              0.420898           149.354524   L40
2333     L40          0.035677             0.683026          0.647349       1814.473205              0.281811                 0.753844              0.472033           167.499589   L40
246      L40          0.035677             0.686334          0.650657       1823.747297              0.281811                 0.538035              0.256224            90.920371   L40
116      L40          0.035677             0.826825          0.791148       2217.531776              0.281811                 0.768029              0.486218           172.533338   L40
2912     L40          0.035677             1.007743          0.972066       2724.633901              0.281811                 0.913189              0.631378           224.042755   L40


2024-07-02 21:41:45,735 - R2 [mean] conjunto de predição CARBONO:
2024-07-02 21:41:45,735 - ====================================================
2024-07-02 21:41:45,735 - ====>>>>> R2 [mean]: 0.3252604487433862 <<<<<====
2024-07-02 21:41:45,735 - ====>>>>> MAE [mean]: 0.6137362917045236 <<<<<====
2024-07-02 21:41:45,736 - ====>>>>> MSE [mean]: 0.6081433150527557 <<<<<====
2024-07-02 21:41:45,736 - ====================================================
2024-07-02 21:41:45,736 - 

2024-07-02 21:41:45,739 - R2 [median] conjunto de predição CARBONO:
2024-07-02 21:41:45,739 - ====================================================
2024-07-02 21:41:45,739 - ====>>>>> R2 [median]: 0.32022458064850046 <<<<<====
2024-07-02 21:41:45,739 - ====>>>>> MAE [median]: 0.6108191148331356 <<<<<====
2024-07-02 21:41:45,739 - ====>>>>> MSE [median]: 0.6126821471275742 <<<<<====
2024-07-02 21:41:45,739 - ====================================================
2024-07-02 21:41:45,739 - 

2024-07-02 21:41:45,742 - R2 [mean] conjunto de predição NITROGENIO:
2024-07-02 21:41:45,742 - ====================================================
2024-07-02 21:41:45,742 - ====>>>>> R2 [mean]: 0.45467356660000835 <<<<<====
2024-07-02 21:41:45,742 - ====>>>>> MAE [mean]: 0.5506725269694892 <<<<<====
2024-07-02 21:41:45,742 - ====>>>>> MSE [mean]: 0.4880624361021284 <<<<<====
2024-07-02 21:41:45,742 - ====================================================
2024-07-02 21:41:45,743 - 

2024-07-02 21:41:45,745 - R2 [median] conjunto de predição NITROGENIO:
2024-07-02 21:41:45,745 - ====================================================
2024-07-02 21:41:45,746 - ====>>>>> R2 [median]: 0.43635201380558675 <<<<<====
2024-07-02 21:41:45,746 - ====>>>>> MAE [median]: 0.5547299692577788 <<<<<====
2024-07-02 21:41:45,746 - ====>>>>> MSE [median]: 0.5044600672132179 <<<<<====
2024-07-02 21:41:45,746 - ====================================================
2024-07-02 21:41:45,746 - 

2024-07-02 21:41:45,747 - #######################
2024-07-02 21:41:45,747 - Info parameters: 
2024-07-02 21:41:45,747 -  -e (--epochs): 100
2024-07-02 21:41:45,747 -  -G (--grid_search_trials): 0
2024-07-02 21:41:45,747 -  -i (--amount_image_train): 8930
2024-07-02 21:41:45,747 -  -I (--amount_image_test): 3843
2024-07-02 21:41:45,747 -  -L (--log_level): 0
2024-07-02 21:41:45,748 -  -m (--model): 1 - ResNet101
2024-07-02 21:41:45,748 -  -M (--show_model): False
2024-07-02 21:41:45,748 -  -n (--name): ResNet101_1_Normalize4_Epochs100_Patience10_Separed_Preprocess
2024-07-02 21:41:45,748 -  -N (--normalize): NormalizeEnum.StandardScaler
2024-07-02 21:41:45,748 -  -p (--preprocess): True
2024-07-02 21:41:45,748 -  -P (--patience): 10
2024-07-02 21:41:45,748 -  -S (--separed): False
2024-07-02 21:41:45,748 -  -t (--trainable): False
2024-07-02 21:41:45,748 -  -T (--Test): False
2024-07-02 21:41:45,748 - #######################
