2024-07-02 01:02:10,113 - 
2024-07-02 01:02:10,113 - ====================================================
2024-07-02 01:02:10,113 - ********** R2 Modelo: 0.34887025696099067 **********
2024-07-02 01:02:10,113 - ********** MAE [mean]: 0.5933045582610821 **********
2024-07-02 01:02:10,113 - ********** MSE [mean]: 0.5798262819949391 **********
2024-07-02 01:02:10,113 - ====================================================
2024-07-02 01:02:10,114 - 

2024-07-02 01:02:10,114 - Alguns exemplos de predições ...
2024-07-02 01:02:10,311 - 
Melhores resultados ...


2024-07-02 01:02:10,317 - 
     amostra  teor_cabono_real  teor_cabono_predict  teor_cabono_diff  error_carbono(%)  teor_nitrogenio_real  teor_nitrogenio_predict  teor_nitrogenio_diff  error_nitrogenio(%) grupo
3027     L29          1.444472             1.442913          0.001559          0.107913              1.501327                 1.471070              0.030256             2.015307   L29
2264     L20          0.347936             0.348436          0.000501          0.143896              0.368919                 0.303206              0.065714            17.812484   L20
1527      L2         -0.291105            -0.290593          0.000512          0.176026             -0.850596                -0.369959              0.480637            56.505915    L2
1573     L29          1.444472             1.447823          0.003351          0.231986              1.501327                 1.617064              0.115738             7.709022   L29
351      C39         -0.813957            -0.818699          0.004742          0.582594             -0.676380                -0.752172              0.075792            11.205565   C39

2024-07-02 01:02:10,317 - 
Piores resultados ...


2024-07-02 01:02:10,324 - 
     amostra  teor_cabono_real  teor_cabono_predict  teor_cabono_diff  error_carbono(%)  teor_nitrogenio_real  teor_nitrogenio_predict  teor_nitrogenio_diff  error_nitrogenio(%) grupo
2260     L40          0.035677             0.635798          0.600121       1682.098150              0.281811                 0.596686              0.314875           111.732543   L40
24       L40          0.035677             0.690921          0.655244       1836.601984              0.281811                 0.676149              0.394338           139.929771   L40
1301     L40          0.035677             0.816037          0.780360       2187.294034              0.281811                 0.741009              0.459198           162.945112   L40
2803     L40          0.035677             0.846767          0.811090       2273.427768              0.281811                 0.836700              0.554888           196.900750   L40
3008     L40          0.035677             0.907949          0.872272       2444.918206              0.281811                 0.891683              0.609872           216.411464   L40


2024-07-02 01:02:10,326 - R2 [mean] conjunto de predição CARBONO:
2024-07-02 01:02:10,326 - ====================================================
2024-07-02 01:02:10,327 - ====>>>>> R2 [mean]: 0.3853340791086971 <<<<<====
2024-07-02 01:02:10,327 - ====>>>>> MAE [mean]: 0.5877944046106944 <<<<<====
2024-07-02 01:02:10,327 - ====>>>>> MSE [mean]: 0.55399890236852 <<<<<====
2024-07-02 01:02:10,327 - ====================================================
2024-07-02 01:02:10,327 - 

2024-07-02 01:02:10,329 - R2 [median] conjunto de predição CARBONO:
2024-07-02 01:02:10,330 - ====================================================
2024-07-02 01:02:10,330 - ====>>>>> R2 [median]: 0.41453449840714074 <<<<<====
2024-07-02 01:02:10,330 - ====>>>>> MAE [median]: 0.5751366860177315 <<<<<====
2024-07-02 01:02:10,330 - ====>>>>> MSE [median]: 0.5276805403279163 <<<<<====
2024-07-02 01:02:10,330 - ====================================================
2024-07-02 01:02:10,330 - 

2024-07-02 01:02:10,332 - R2 [mean] conjunto de predição NITROGENIO:
2024-07-02 01:02:10,332 - ====================================================
2024-07-02 01:02:10,333 - ====>>>>> R2 [mean]: 0.4677261525091341 <<<<<====
2024-07-02 01:02:10,333 - ====>>>>> MAE [mean]: 0.556297968365749 <<<<<====
2024-07-02 01:02:10,333 - ====>>>>> MSE [mean]: 0.47638048473123723 <<<<<====
2024-07-02 01:02:10,333 - ====================================================
2024-07-02 01:02:10,333 - 

2024-07-02 01:02:10,335 - R2 [median] conjunto de predição NITROGENIO:
2024-07-02 01:02:10,335 - ====================================================
2024-07-02 01:02:10,335 - ====>>>>> R2 [median]: 0.4863498334625086 <<<<<====
2024-07-02 01:02:10,336 - ====>>>>> MAE [median]: 0.5543297185473741 <<<<<====
2024-07-02 01:02:10,336 - ====>>>>> MSE [median]: 0.45971245153390694 <<<<<====
2024-07-02 01:02:10,336 - ====================================================
2024-07-02 01:02:10,336 - 

2024-07-02 01:02:10,337 - #######################
2024-07-02 01:02:10,337 - Info parameters: 
2024-07-02 01:02:10,337 -  -e (--epochs): 100
2024-07-02 01:02:10,337 -  -G (--grid_search_trials): 0
2024-07-02 01:02:10,337 -  -i (--amount_image_train): 8930
2024-07-02 01:02:10,337 -  -I (--amount_image_test): 3843
2024-07-02 01:02:10,337 -  -L (--log_level): 0
2024-07-02 01:02:10,337 -  -m (--model): 0 - ResNet50
2024-07-02 01:02:10,337 -  -M (--show_model): False
2024-07-02 01:02:10,337 -  -n (--name): ResNet50_Normalize4_Epochs100_Patience10_Separed_Preprocess
2024-07-02 01:02:10,337 -  -N (--normalize): NormalizeEnum.StandardScaler
2024-07-02 01:02:10,337 -  -p (--preprocess): True
2024-07-02 01:02:10,337 -  -P (--patience): 10
2024-07-02 01:02:10,337 -  -S (--separed): False
2024-07-02 01:02:10,338 -  -t (--trainable): False
2024-07-02 01:02:10,338 -  -T (--Test): False
2024-07-02 01:02:10,338 - #######################
