2024-07-02 22:56:38,980 - 
2024-07-02 22:56:38,980 - ====================================================
2024-07-02 22:56:38,980 - ********** R2 Modelo: 0.45222822811915236 **********
2024-07-02 22:56:38,980 - ********** MAE: 0.5570144687655072 **********
2024-07-02 22:56:38,980 - ********** MSE: 0.4876769631307975 **********
2024-07-02 22:56:38,980 - ====================================================
2024-07-02 22:56:38,980 - 

2024-07-02 22:56:38,980 - Alguns exemplos de predições ...
2024-07-02 22:56:39,197 - 
Melhores resultados ...


2024-07-02 22:56:39,204 - 
     amostra  teor_cabono_real  teor_cabono_predict  teor_cabono_diff  error_carbono(%)  teor_nitrogenio_real  teor_nitrogenio_predict  teor_nitrogenio_diff  error_nitrogenio(%) grupo
1686      C8          0.406030             0.405907          0.000123          0.030258             -0.153730                 0.317399              0.471129           306.465010    C8
924      L17          0.856264             0.856783          0.000519          0.060610              0.891569                 0.817625              0.073944             8.293672   L17
3027     L17          0.856264             0.857072          0.000808          0.094378              0.891569                 1.086360              0.194791            21.848114   L17
462       L7         -0.988241            -0.987300          0.000941          0.095270             -1.547462                -1.312439              0.235023            15.187660    L7
331       L7         -0.988241            -0.987086          0.001155          0.116887             -1.547462                -1.290139              0.257323            16.628707    L7

2024-07-02 22:56:39,204 - 
Piores resultados ...


2024-07-02 22:56:39,211 - 
     amostra  teor_cabono_real  teor_cabono_predict  teor_cabono_diff  error_carbono(%)  teor_nitrogenio_real  teor_nitrogenio_predict  teor_nitrogenio_diff  error_nitrogenio(%) grupo
868      L40          0.035677             0.761329          0.725652       2033.952991              0.281811                 0.798618              0.516807           183.387530   L40
3388     L40          0.035677             0.857030          0.821353       2302.195649              0.281811                 0.916672              0.634861           225.278794   L40
1732     L40          0.035677             0.869443          0.833767       2336.989326              0.281811                 0.939394              0.657583           233.341726   L40
730      L40          0.035677             0.962529          0.926852       2597.901055              0.281811                 1.003411              0.721600           256.057998   L40
2262     L40          0.035677             0.989137          0.953460       2672.482563              0.281811                 1.014831              0.733020           260.110361   L40


2024-07-02 22:56:39,215 - R2 [mean] conjunto de predição CARBONO:
2024-07-02 22:56:39,215 - ====================================================
2024-07-02 22:56:39,215 - ====>>>>> R2 [mean]: 0.4947087847954298 <<<<<====
2024-07-02 22:56:39,215 - ====>>>>> MAE [mean]: 0.5681979775525142 <<<<<====
2024-07-02 22:56:39,215 - ====>>>>> MSE [mean]: 0.45541938976195545 <<<<<====
2024-07-02 22:56:39,215 - ====================================================
2024-07-02 22:56:39,215 - 

2024-07-02 22:56:39,218 - R2 [median] conjunto de predição CARBONO:
2024-07-02 22:56:39,218 - ====================================================
2024-07-02 22:56:39,219 - ====>>>>> R2 [median]: 0.5008698940267986 <<<<<====
2024-07-02 22:56:39,219 - ====>>>>> MAE [median]: 0.5603805892393722 <<<<<====
2024-07-02 22:56:39,219 - ====>>>>> MSE [median]: 0.4498663769210914 <<<<<====
2024-07-02 22:56:39,219 - ====================================================
2024-07-02 22:56:39,219 - 

2024-07-02 22:56:39,222 - R2 [mean] conjunto de predição NITROGENIO:
2024-07-02 22:56:39,222 - ====================================================
2024-07-02 22:56:39,222 - ====>>>>> R2 [mean]: 0.6350249814103419 <<<<<====
2024-07-02 22:56:39,222 - ====>>>>> MAE [mean]: 0.464682394019034 <<<<<====
2024-07-02 22:56:39,222 - ====>>>>> MSE [mean]: 0.32664948144670447 <<<<<====
2024-07-02 22:56:39,222 - ====================================================
2024-07-02 22:56:39,222 - 

2024-07-02 22:56:39,225 - R2 [median] conjunto de predição NITROGENIO:
2024-07-02 22:56:39,225 - ====================================================
2024-07-02 22:56:39,225 - ====>>>>> R2 [median]: 0.6363302365432661 <<<<<====
2024-07-02 22:56:39,225 - ====>>>>> MAE [median]: 0.4573262893348034 <<<<<====
2024-07-02 22:56:39,225 - ====>>>>> MSE [median]: 0.325481289404485 <<<<<====
2024-07-02 22:56:39,225 - ====================================================
2024-07-02 22:56:39,226 - 

2024-07-02 22:56:39,227 - #######################
2024-07-02 22:56:39,227 - Info parameters: 
2024-07-02 22:56:39,227 -  -e (--epochs): 100
2024-07-02 22:56:39,227 -  -G (--grid_search_trials): 0
2024-07-02 22:56:39,227 -  -i (--amount_image_train): 8930
2024-07-02 22:56:39,227 -  -I (--amount_image_test): 3843
2024-07-02 22:56:39,227 -  -L (--log_level): 0
2024-07-02 22:56:39,227 -  -m (--model): 1 - ResNet101
2024-07-02 22:56:39,227 -  -M (--show_model): False
2024-07-02 22:56:39,227 -  -n (--name): ResNet101_1_Normalize4_Epochs100_Patience10_Separed_Preprocess
2024-07-02 22:56:39,227 -  -N (--normalize): NormalizeEnum.StandardScaler
2024-07-02 22:56:39,227 -  -p (--preprocess): False
2024-07-02 22:56:39,227 -  -P (--patience): 10
2024-07-02 22:56:39,227 -  -S (--separed): False
2024-07-02 22:56:39,227 -  -t (--trainable): False
2024-07-02 22:56:39,228 -  -T (--Test): False
2024-07-02 22:56:39,228 - #######################
