2024-07-02 13:51:53,196 - 
2024-07-02 13:51:53,196 - ====================================================
2024-07-02 13:51:53,196 - ********** R2 Modelo: -0.02169489892375398 **********
2024-07-02 13:51:53,196 - ********** MAE [mean]: 0.8031462658498119 **********
2024-07-02 13:51:53,196 - ********** MSE [mean]: 0.9100180023443263 **********
2024-07-02 13:51:53,196 - ====================================================
2024-07-02 13:51:53,196 - 

2024-07-02 13:51:53,196 - Alguns exemplos de predições ...
2024-07-02 13:51:53,390 - 
Melhores resultados ...


2024-07-02 13:51:53,396 - 
     amostra  teor_cabono_real  teor_cabono_predict  teor_cabono_diff  error_carbono(%)  teor_nitrogenio_real  teor_nitrogenio_predict  teor_nitrogenio_diff  error_nitrogenio(%) grupo
2227     C46         -0.247534            -0.078061          0.169473         68.464548              0.804461                -0.090083              0.894543           111.197904   C46
3375     C46         -0.247534            -0.033727          0.213807         86.374781              0.804461                -0.048231              0.852691           105.995417   C46
1074     C46         -0.247534            -0.033727          0.213807         86.374781              0.804461                -0.048231              0.852691           105.995417   C46
514      C46         -0.247534            -0.033727          0.213807         86.374781              0.804461                -0.048231              0.852691           105.995417   C46
2775     C46         -0.247534            -0.033727          0.213807         86.374781              0.804461                -0.048231              0.852691           105.995417   C46

2024-07-02 13:51:53,396 - 
Piores resultados ...


2024-07-02 13:51:53,402 - 
     amostra  teor_cabono_real  teor_cabono_predict  teor_cabono_diff  error_carbono(%)  teor_nitrogenio_real  teor_nitrogenio_predict  teor_nitrogenio_diff  error_nitrogenio(%) grupo
944      L40          0.035677            -0.033727          0.069404        194.534742              0.281811                -0.048231              0.330042           117.114569   L40
2151     L40          0.035677            -0.033727          0.069404        194.534742              0.281811                -0.048231              0.330042           117.114569   L40
938      L40          0.035677            -0.033727          0.069404        194.534742              0.281811                -0.048231              0.330042           117.114569   L40
160      L40          0.035677            -0.033727          0.069404        194.534742              0.281811                -0.048231              0.330042           117.114569   L40
2980     L40          0.035677            -0.033727          0.069404        194.534742              0.281811                -0.048231              0.330042           117.114569   L40


2024-07-02 13:51:53,405 - R2 [mean] conjunto de predição CARBONO:
2024-07-02 13:51:53,405 - ====================================================
2024-07-02 13:51:53,405 - ====>>>>> R2 [mean]: -0.0020330207796608324 <<<<<====
2024-07-02 13:51:53,405 - ====>>>>> MAE [mean]: 0.805223305593268 <<<<<====
2024-07-02 13:51:53,405 - ====>>>>> MSE [mean]: 0.903133189560891 <<<<<====
2024-07-02 13:51:53,405 - ====================================================
2024-07-02 13:51:53,405 - 

2024-07-02 13:51:53,408 - R2 [median] conjunto de predição CARBONO:
2024-07-02 13:51:53,408 - ====================================================
2024-07-02 13:51:53,408 - ====>>>>> R2 [median]: -0.0020048394583780382 <<<<<====
2024-07-02 13:51:53,408 - ====>>>>> MAE [median]: 0.8051990680267439 <<<<<====
2024-07-02 13:51:53,408 - ====>>>>> MSE [median]: 0.9031077897127339 <<<<<====
2024-07-02 13:51:53,408 - ====================================================
2024-07-02 13:51:53,408 - 

2024-07-02 13:51:53,410 - R2 [mean] conjunto de predição NITROGENIO:
2024-07-02 13:51:53,410 - ====================================================
2024-07-02 13:51:53,411 - ====>>>>> R2 [mean]: -0.0039940876346713505 <<<<<====
2024-07-02 13:51:53,411 - ====>>>>> MAE [mean]: 0.787916735480408 <<<<<====
2024-07-02 13:51:53,411 - ====>>>>> MSE [mean]: 0.8985660151993633 <<<<<====
2024-07-02 13:51:53,411 - ====================================================
2024-07-02 13:51:53,411 - 

2024-07-02 13:51:53,413 - R2 [median] conjunto de predição NITROGENIO:
2024-07-02 13:51:53,413 - ====================================================
2024-07-02 13:51:53,413 - ====>>>>> R2 [median]: -0.0038945018399958453 <<<<<====
2024-07-02 13:51:53,413 - ====>>>>> MAE [median]: 0.7878816658734856 <<<<<====
2024-07-02 13:51:53,413 - ====>>>>> MSE [median]: 0.8984768867754073 <<<<<====
2024-07-02 13:51:53,413 - ====================================================
2024-07-02 13:51:53,413 - 

2024-07-02 13:51:53,414 - #######################
2024-07-02 13:51:53,414 - Info parameters: 
2024-07-02 13:51:53,414 -  -e (--epochs): 100
2024-07-02 13:51:53,414 -  -G (--grid_search_trials): 0
2024-07-02 13:51:53,415 -  -i (--amount_image_train): 8930
2024-07-02 13:51:53,415 -  -I (--amount_image_test): 3843
2024-07-02 13:51:53,415 -  -L (--log_level): 0
2024-07-02 13:51:53,415 -  -m (--model): 30 - InceptionResNetV2
2024-07-02 13:51:53,415 -  -M (--show_model): False
2024-07-02 13:51:53,415 -  -n (--name): InceptionResNetV2_30_Normalize3_Epochs100_Patience10_Separed_Preprocess
2024-07-02 13:51:53,415 -  -N (--normalize): NormalizeEnum.StandardScaler
2024-07-02 13:51:53,415 -  -p (--preprocess): False
2024-07-02 13:51:53,415 -  -P (--patience): 10
2024-07-02 13:51:53,415 -  -S (--separed): False
2024-07-02 13:51:53,415 -  -t (--trainable): False
2024-07-02 13:51:53,415 -  -T (--Test): False
2024-07-02 13:51:53,415 - #######################
