2024-07-03 01:50:52,736 - 
2024-07-03 01:50:52,736 - ====================================================
2024-07-03 01:50:52,736 - ********** R2 Modelo: 0.4595357953547758 **********
2024-07-03 01:50:52,736 - ********** MAE: 0.5291945471551359 **********
2024-07-03 01:50:52,737 - ********** MSE: 0.48114275523833405 **********
2024-07-03 01:50:52,737 - ====================================================
2024-07-03 01:50:52,737 - 

2024-07-03 01:50:52,737 - Alguns exemplos de predições ...
2024-07-03 01:50:52,935 - 
Melhores resultados ...


2024-07-03 01:50:52,941 - 
     amostra  teor_cabono_real  teor_cabono_predict  teor_cabono_diff  error_carbono(%)  teor_nitrogenio_real  teor_nitrogenio_predict  teor_nitrogenio_diff  error_nitrogenio(%) grupo
3318     C39         -0.813957            -0.814048          0.000091          0.011121             -0.676380                -0.704115              0.027735             4.100511   C39
2976     C39         -0.813957            -0.814170          0.000213          0.026148             -0.676380                -0.746748              0.070368            10.403654   C39
759      L33          0.986977             0.986677          0.000300          0.030398              1.327110                 0.755298              0.571812            43.087031   L33
3368     C24          1.270188             1.268957          0.001232          0.096970              1.501327                 1.162553              0.338773            22.564929   C24
423      L29          1.444472             1.443023          0.001449          0.100304              1.501327                 1.384335              0.116992             7.792547   L29

2024-07-03 01:50:52,941 - 
Piores resultados ...


2024-07-03 01:50:52,948 - 
     amostra  teor_cabono_real  teor_cabono_predict  teor_cabono_diff  error_carbono(%)  teor_nitrogenio_real  teor_nitrogenio_predict  teor_nitrogenio_diff  error_nitrogenio(%) grupo
3186     L40          0.035677             0.972701          0.937024       2626.413824              0.281811                 0.923957              0.642146           227.863773   L40
2429     L40          0.035677             1.013643          0.977966       2741.170591              0.281811                 0.983082              0.701271           248.844261   L40
1886     L40          0.035677             1.241437          1.205760       3379.661404              0.281811                 1.275422              0.993611           352.580354   L40
1509     L40          0.035677             1.254185          1.218508       3415.393165              0.281811                 1.191257              0.909446           322.714706   L40
1175     L40          0.035677             1.323908          1.288231       3610.820555              0.281811                 1.203065              0.921254           326.904674   L40


2024-07-03 01:50:52,950 - R2 [mean] conjunto de predição CARBONO:
2024-07-03 01:50:52,951 - ====================================================
2024-07-03 01:50:52,951 - ====>>>>> R2 [mean]: 0.530836252926491 <<<<<====
2024-07-03 01:50:52,951 - ====>>>>> MAE [mean]: 0.4935121926741727 <<<<<====
2024-07-03 01:50:52,951 - ====>>>>> MSE [mean]: 0.4228576728850229 <<<<<====
2024-07-03 01:50:52,951 - ====================================================
2024-07-03 01:50:52,951 - 

2024-07-03 01:50:52,954 - R2 [median] conjunto de predição CARBONO:
2024-07-03 01:50:52,954 - ====================================================
2024-07-03 01:50:52,954 - ====>>>>> R2 [median]: 0.5354283717124917 <<<<<====
2024-07-03 01:50:52,954 - ====>>>>> MAE [median]: 0.49339861898998805 <<<<<====
2024-07-03 01:50:52,954 - ====>>>>> MSE [median]: 0.4187187924289514 <<<<<====
2024-07-03 01:50:52,954 - ====================================================
2024-07-03 01:50:52,954 - 

2024-07-03 01:50:52,957 - R2 [mean] conjunto de predição NITROGENIO:
2024-07-03 01:50:52,957 - ====================================================
2024-07-03 01:50:52,957 - ====>>>>> R2 [mean]: 0.6616709508991265 <<<<<====
2024-07-03 01:50:52,957 - ====>>>>> MAE [mean]: 0.4328217537545363 <<<<<====
2024-07-03 01:50:52,957 - ====>>>>> MSE [mean]: 0.302801569472373 <<<<<====
2024-07-03 01:50:52,958 - ====================================================
2024-07-03 01:50:52,958 - 

2024-07-03 01:50:52,960 - R2 [median] conjunto de predição NITROGENIO:
2024-07-03 01:50:52,960 - ====================================================
2024-07-03 01:50:52,960 - ====>>>>> R2 [median]: 0.6621356032382126 <<<<<====
2024-07-03 01:50:52,961 - ====>>>>> MAE [median]: 0.43422591500910124 <<<<<====
2024-07-03 01:50:52,961 - ====>>>>> MSE [median]: 0.30238570965215306 <<<<<====
2024-07-03 01:50:52,961 - ====================================================
2024-07-03 01:50:52,961 - 

2024-07-03 01:50:52,962 - #######################
2024-07-03 01:50:52,962 - Info parameters: 
2024-07-03 01:50:52,962 -  -e (--epochs): 100
2024-07-03 01:50:52,962 -  -G (--grid_search_trials): 0
2024-07-03 01:50:52,962 -  -i (--amount_image_train): 8930
2024-07-03 01:50:52,962 -  -I (--amount_image_test): 3843
2024-07-03 01:50:52,962 -  -L (--log_level): 0
2024-07-03 01:50:52,962 -  -m (--model): 21 - EfficientNetV2S
2024-07-03 01:50:52,962 -  -M (--show_model): False
2024-07-03 01:50:52,962 -  -n (--name): EfficientNetV2S_21_Normalize3_Epochs100_Patience10_Separed_Preprocess
2024-07-03 01:50:52,962 -  -N (--normalize): NormalizeEnum.StandardScaler
2024-07-03 01:50:52,962 -  -p (--preprocess): False
2024-07-03 01:50:52,962 -  -P (--patience): 10
2024-07-03 01:50:52,962 -  -S (--separed): False
2024-07-03 01:50:52,963 -  -t (--trainable): False
2024-07-03 01:50:52,963 -  -T (--Test): False
2024-07-03 01:50:52,963 - #######################
