2024-07-02 17:17:15,704 - 
2024-07-02 17:17:15,704 - ====================================================
2024-07-02 17:17:15,705 - ********** R2 Modelo: 0.46529353290131864 **********
2024-07-02 17:17:15,705 - ********** MAE [mean]: 0.35482682917959774 **********
2024-07-02 17:17:15,705 - ********** MSE [mean]: 0.19279674200422725 **********
2024-07-02 17:17:15,705 - ====================================================
2024-07-02 17:17:15,705 - 

2024-07-02 17:17:15,705 - Alguns exemplos de predições ...
2024-07-02 17:17:15,914 - 
Melhores resultados ...


2024-07-02 17:17:15,921 - 
     amostra  teor_cabono_real  teor_cabono_predict  teor_cabono_diff  error_carbono(%)  teor_nitrogenio_real  teor_nitrogenio_predict  teor_nitrogenio_diff  error_nitrogenio(%) grupo
2710     C41         -0.562212            -0.561255          0.000957          0.170232             -0.388889                -0.490703              0.101814            26.180745   C41
3005     L33          0.534562             0.536032          0.001470          0.274978              0.833333                 0.507323              0.326010            39.121222   L33
2884     C39         -0.608295            -0.605942          0.002353          0.386835             -0.444444                -0.516803              0.072359            16.280694   C39
430      C23          0.138249             0.137707          0.000541          0.391649              0.277778                 0.238275              0.039503            14.221137   C23
2300      L2         -0.276498            -0.275114          0.001384          0.500383             -0.555556                -0.160467              0.395089            71.115994    L2

2024-07-02 17:17:15,921 - 
Piores resultados ...


2024-07-02 17:17:15,928 - 
     amostra  teor_cabono_real  teor_cabono_predict  teor_cabono_diff  error_carbono(%)  teor_nitrogenio_real  teor_nitrogenio_predict  teor_nitrogenio_diff  error_nitrogenio(%) grupo
1998     C10         -0.041475            -0.522956          0.481482       1160.905774             -0.166667                -0.441506              0.274840           164.903760   C10
743      C10         -0.041475            -0.523602          0.482128       1162.463627             -0.166667                -0.419999              0.253333           151.999563   C10
283      C10         -0.041475            -0.567025          0.525550       1267.160579             -0.166667                -0.452722              0.286056           171.633315   C10
172      C10         -0.041475            -0.572846          0.531371       1281.195488             -0.166667                -0.371359              0.204692           122.815466   C10
1373     C10         -0.041475            -0.626848          0.585373       1411.399417             -0.166667                -0.461224              0.294557           176.734108   C10


2024-07-02 17:17:15,931 - R2 [mean] conjunto de predição CARBONO:
2024-07-02 17:17:15,931 - ====================================================
2024-07-02 17:17:15,931 - ====>>>>> R2 [mean]: 0.5433687389532033 <<<<<====
2024-07-02 17:17:15,931 - ====>>>>> MAE [mean]: 0.3337178094829791 <<<<<====
2024-07-02 17:17:15,931 - ====>>>>> MSE [mean]: 0.16573859401783222 <<<<<====
2024-07-02 17:17:15,932 - ====================================================
2024-07-02 17:17:15,932 - 

2024-07-02 17:17:15,935 - R2 [median] conjunto de predição CARBONO:
2024-07-02 17:17:15,935 - ====================================================
2024-07-02 17:17:15,935 - ====>>>>> R2 [median]: 0.5527320222944477 <<<<<====
2024-07-02 17:17:15,935 - ====>>>>> MAE [median]: 0.3362024360681138 <<<<<====
2024-07-02 17:17:15,935 - ====>>>>> MSE [median]: 0.1623401026118542 <<<<<====
2024-07-02 17:17:15,935 - ====================================================
2024-07-02 17:17:15,935 - 

2024-07-02 17:17:15,938 - R2 [mean] conjunto de predição NITROGENIO:
2024-07-02 17:17:15,938 - ====================================================
2024-07-02 17:17:15,938 - ====>>>>> R2 [mean]: 0.49772803239558705 <<<<<====
2024-07-02 17:17:15,938 - ====>>>>> MAE [mean]: 0.3414557255007357 <<<<<====
2024-07-02 17:17:15,938 - ====>>>>> MSE [mean]: 0.18284965624495358 <<<<<====
2024-07-02 17:17:15,938 - ====================================================
2024-07-02 17:17:15,938 - 

2024-07-02 17:17:15,941 - R2 [median] conjunto de predição NITROGENIO:
2024-07-02 17:17:15,941 - ====================================================
2024-07-02 17:17:15,941 - ====>>>>> R2 [median]: 0.5135095990980885 <<<<<====
2024-07-02 17:17:15,942 - ====>>>>> MAE [median]: 0.33806389779113083 <<<<<====
2024-07-02 17:17:15,942 - ====>>>>> MSE [median]: 0.1771044539786947 <<<<<====
2024-07-02 17:17:15,942 - ====================================================
2024-07-02 17:17:15,942 - 

2024-07-02 17:17:15,943 - #######################
2024-07-02 17:17:15,943 - Info parameters: 
2024-07-02 17:17:15,943 -  -e (--epochs): 100
2024-07-02 17:17:15,943 -  -G (--grid_search_trials): 0
2024-07-02 17:17:15,943 -  -i (--amount_image_train): 8930
2024-07-02 17:17:15,943 -  -I (--amount_image_test): 3843
2024-07-02 17:17:15,943 -  -L (--log_level): 0
2024-07-02 17:17:15,943 -  -m (--model): 10 - ConvNeXtBase
2024-07-02 17:17:15,943 -  -M (--show_model): False
2024-07-02 17:17:15,944 -  -n (--name): ConvNeXtBase_10_Normalize2_Epochs100_Patience10_Separed_Preprocess
2024-07-02 17:17:15,944 -  -N (--normalize): NormalizeEnum.RobustScaler
2024-07-02 17:17:15,944 -  -p (--preprocess): True
2024-07-02 17:17:15,944 -  -P (--patience): 10
2024-07-02 17:17:15,944 -  -S (--separed): False
2024-07-02 17:17:15,944 -  -t (--trainable): False
2024-07-02 17:17:15,944 -  -T (--Test): False
2024-07-02 17:17:15,944 - #######################
