2024-07-03 01:41:04,131 - 
2024-07-03 01:41:04,131 - ====================================================
2024-07-03 01:41:04,131 - ********** R2 Modelo: 0.4712738488561489 **********
2024-07-03 01:41:04,131 - ********** MAE: 0.3422951234468752 **********
2024-07-03 01:41:04,131 - ********** MSE: 0.19045440828174331 **********
2024-07-03 01:41:04,131 - ====================================================
2024-07-03 01:41:04,131 - 

2024-07-03 01:41:04,131 - Alguns exemplos de predições ...
2024-07-03 01:41:04,335 - 
Melhores resultados ...


2024-07-03 01:41:04,341 - 
     amostra  teor_cabono_real  teor_cabono_predict  teor_cabono_diff  error_carbono(%)  teor_nitrogenio_real  teor_nitrogenio_predict  teor_nitrogenio_diff  error_nitrogenio(%) grupo
2827     L17          0.451613             0.451505          0.000108          0.023806              0.555556                 0.565050              0.009494             1.708990   L17
3323     L33          0.534562             0.535282          0.000720          0.134720              0.833333                 0.846700              0.013366             1.603966   L33
2487     C41         -0.562212            -0.562992          0.000780          0.138811             -0.388889                -0.520054              0.131165            33.728106   C41
2969     L33          0.534562             0.535403          0.000841          0.157310              0.833333                 0.726379              0.106954            12.834530   L33
1408     C24          0.714286             0.712949          0.001337          0.187201              0.944444                 0.973944              0.029499             3.123471   C24

2024-07-03 01:41:04,341 - 
Piores resultados ...


2024-07-03 01:41:04,347 - 
     amostra  teor_cabono_real  teor_cabono_predict  teor_cabono_diff  error_carbono(%)  teor_nitrogenio_real  teor_nitrogenio_predict  teor_nitrogenio_diff  error_nitrogenio(%) grupo
3755     C10         -0.041475            -0.564327          0.522852       1260.653954             -0.166667                -0.547210              0.380543           228.325880   C10
1493     C10         -0.041475            -0.611780          0.570306       1375.070245             -0.166667                -0.598786              0.432119           259.271669   C10
2823     C10         -0.041475            -0.663451          0.621976       1499.654404             -0.166667                -0.634666              0.467999           280.799437   C10
3270     L26         -0.036866             0.534914          0.571780       1550.953139              0.111111                 0.606701              0.495589           446.030486   L26
2427     C10         -0.041475            -0.848955          0.807481       1946.925493             -0.166667                -0.845859              0.679193           407.515609   C10


2024-07-03 01:41:04,350 - R2 [mean] conjunto de predição CARBONO:
2024-07-03 01:41:04,350 - ====================================================
2024-07-03 01:41:04,350 - ====>>>>> R2 [mean]: 0.49166339336495224 <<<<<====
2024-07-03 01:41:04,350 - ====>>>>> MAE [mean]: 0.33310196920116664 <<<<<====
2024-07-03 01:41:04,350 - ====>>>>> MSE [mean]: 0.184505533586003 <<<<<====
2024-07-03 01:41:04,351 - ====================================================
2024-07-03 01:41:04,351 - 

2024-07-03 01:41:04,353 - R2 [median] conjunto de predição CARBONO:
2024-07-03 01:41:04,353 - ====================================================
2024-07-03 01:41:04,353 - ====>>>>> R2 [median]: 0.4982962578373886 <<<<<====
2024-07-03 01:41:04,353 - ====>>>>> MAE [median]: 0.33411316142881164 <<<<<====
2024-07-03 01:41:04,354 - ====>>>>> MSE [median]: 0.18209807328761626 <<<<<====
2024-07-03 01:41:04,354 - ====================================================
2024-07-03 01:41:04,354 - 

2024-07-03 01:41:04,356 - R2 [mean] conjunto de predição NITROGENIO:
2024-07-03 01:41:04,356 - ====================================================
2024-07-03 01:41:04,356 - ====>>>>> R2 [mean]: 0.5997364774550906 <<<<<====
2024-07-03 01:41:04,356 - ====>>>>> MAE [mean]: 0.3124310257595508 <<<<<====
2024-07-03 01:41:04,356 - ====>>>>> MSE [mean]: 0.1457139801247548 <<<<<====
2024-07-03 01:41:04,356 - ====================================================
2024-07-03 01:41:04,357 - 

2024-07-03 01:41:04,359 - R2 [median] conjunto de predição NITROGENIO:
2024-07-03 01:41:04,359 - ====================================================
2024-07-03 01:41:04,359 - ====>>>>> R2 [median]: 0.6049955673462288 <<<<<====
2024-07-03 01:41:04,359 - ====>>>>> MAE [median]: 0.31124502895668216 <<<<<====
2024-07-03 01:41:04,359 - ====>>>>> MSE [median]: 0.14379943414015128 <<<<<====
2024-07-03 01:41:04,359 - ====================================================
2024-07-03 01:41:04,359 - 

2024-07-03 01:41:04,360 - #######################
2024-07-03 01:41:04,360 - Info parameters: 
2024-07-03 01:41:04,360 -  -e (--epochs): 100
2024-07-03 01:41:04,360 -  -G (--grid_search_trials): 0
2024-07-03 01:41:04,360 -  -i (--amount_image_train): 8930
2024-07-03 01:41:04,360 -  -I (--amount_image_test): 3843
2024-07-03 01:41:04,361 -  -L (--log_level): 0
2024-07-03 01:41:04,361 -  -m (--model): 21 - EfficientNetV2S
2024-07-03 01:41:04,361 -  -M (--show_model): False
2024-07-03 01:41:04,361 -  -n (--name): EfficientNetV2S_21_Normalize2_Epochs100_Patience10_Separed_Preprocess
2024-07-03 01:41:04,361 -  -N (--normalize): NormalizeEnum.RobustScaler
2024-07-03 01:41:04,361 -  -p (--preprocess): False
2024-07-03 01:41:04,361 -  -P (--patience): 10
2024-07-03 01:41:04,361 -  -S (--separed): False
2024-07-03 01:41:04,361 -  -t (--trainable): False
2024-07-03 01:41:04,361 -  -T (--Test): False
2024-07-03 01:41:04,361 - #######################
