2024-07-02 10:55:54,932 - 
2024-07-02 10:55:54,932 - ====================================================
2024-07-02 10:55:54,932 - ********** R2 Modelo: 0.4180018915808834 **********
2024-07-02 10:55:54,932 - ********** MAE [mean]: 0.12292676633638733 **********
2024-07-02 10:55:54,932 - ********** MSE [mean]: 0.024502986139357537 **********
2024-07-02 10:55:54,932 - ====================================================
2024-07-02 10:55:54,932 - 

2024-07-02 10:55:54,932 - Alguns exemplos de predições ...
2024-07-02 10:55:55,130 - 
Melhores resultados ...


2024-07-02 10:55:55,137 - 
     amostra  teor_cabono_real  teor_cabono_predict  teor_cabono_diff  error_carbono(%)  teor_nitrogenio_real  teor_nitrogenio_predict  teor_nitrogenio_diff  error_nitrogenio(%) grupo
999      C10          0.412044             0.412118          0.000074          0.017988              0.301887                 0.270289              0.031598            10.466708   C10
3523     C16          0.204437             0.204488          0.000050          0.024638              0.169811                 0.166070              0.003742             2.203468   C16
3300      C8          0.483360             0.483499          0.000139          0.028820              0.320755                 0.474521              0.153766            47.938792    C8
3444     L33          0.610143             0.610372          0.000230          0.037662              0.641509                 0.428321              0.213188            33.232291   L33
367      C39          0.217116             0.217247          0.000131          0.060546              0.207547                 0.193435              0.014112             6.799573   C39

2024-07-02 10:55:55,137 - 
Piores resultados ...


2024-07-02 10:55:55,143 - 
     amostra  teor_cabono_real  teor_cabono_predict  teor_cabono_diff  error_carbono(%)  teor_nitrogenio_real  teor_nitrogenio_predict  teor_nitrogenio_diff  error_nitrogenio(%) grupo
2912     C51               0.0             0.309950          0.309950               inf                   0.0                 0.233503              0.233503                  inf   C51
2915     C51               0.0             0.429628          0.429628               inf                   0.0                 0.356205              0.356205                  inf   C51
1223     C51               0.0             0.363509          0.363509               inf                   0.0                 0.305947              0.305947                  inf   C51
2894     C51               0.0             0.225613          0.225613               inf                   0.0                 0.186725              0.186725                  inf   C51
2791     C51               0.0             0.230157          0.230157               inf                   0.0                 0.204282              0.204282                  inf   C51


2024-07-02 10:55:55,146 - R2 [mean] conjunto de predição CARBONO:
2024-07-02 10:55:55,146 - ====================================================
2024-07-02 10:55:55,146 - ====>>>>> R2 [mean]: 0.5449632368868538 <<<<<====
2024-07-02 10:55:55,146 - ====>>>>> MAE [mean]: 0.11201766801092441 <<<<<====
2024-07-02 10:55:55,146 - ====>>>>> MSE [mean]: 0.019532833355812868 <<<<<====
2024-07-02 10:55:55,146 - ====================================================
2024-07-02 10:55:55,146 - 

2024-07-02 10:55:55,149 - R2 [median] conjunto de predição CARBONO:
2024-07-02 10:55:55,149 - ====================================================
2024-07-02 10:55:55,149 - ====>>>>> R2 [median]: 0.5467406488451358 <<<<<====
2024-07-02 10:55:55,149 - ====>>>>> MAE [median]: 0.11098669490522707 <<<<<====
2024-07-02 10:55:55,149 - ====>>>>> MSE [median]: 0.019456536462022944 <<<<<====
2024-07-02 10:55:55,149 - ====================================================
2024-07-02 10:55:55,149 - 

2024-07-02 10:55:55,152 - R2 [mean] conjunto de predição NITROGENIO:
2024-07-02 10:55:55,152 - ====================================================
2024-07-02 10:55:55,152 - ====>>>>> R2 [mean]: 0.5139669907673823 <<<<<====
2024-07-02 10:55:55,152 - ====>>>>> MAE [mean]: 0.1135116537953489 <<<<<====
2024-07-02 10:55:55,152 - ====>>>>> MSE [mean]: 0.020408648436939597 <<<<<====
2024-07-02 10:55:55,152 - ====================================================
2024-07-02 10:55:55,152 - 

2024-07-02 10:55:55,154 - R2 [median] conjunto de predição NITROGENIO:
2024-07-02 10:55:55,154 - ====================================================
2024-07-02 10:55:55,154 - ====>>>>> R2 [median]: 0.538006879023335 <<<<<====
2024-07-02 10:55:55,154 - ====>>>>> MAE [median]: 0.10966465641971569 <<<<<====
2024-07-02 10:55:55,155 - ====>>>>> MSE [median]: 0.01939920747601869 <<<<<====
2024-07-02 10:55:55,155 - ====================================================
2024-07-02 10:55:55,155 - 

2024-07-02 10:55:55,155 - #######################
2024-07-02 10:55:55,156 - Info parameters: 
2024-07-02 10:55:55,156 -  -e (--epochs): 100
2024-07-02 10:55:55,156 -  -G (--grid_search_trials): 0
2024-07-02 10:55:55,156 -  -i (--amount_image_train): 8930
2024-07-02 10:55:55,156 -  -I (--amount_image_test): 3843
2024-07-02 10:55:55,156 -  -L (--log_level): 0
2024-07-02 10:55:55,156 -  -m (--model): 22 - EfficientNetV2L
2024-07-02 10:55:55,156 -  -M (--show_model): False
2024-07-02 10:55:55,156 -  -n (--name): EfficientNetV2L_Normalize1_Epochs100_Patience10_Separed_Preprocess
2024-07-02 10:55:55,156 -  -N (--normalize): NormalizeEnum.MinMaxScaler
2024-07-02 10:55:55,156 -  -p (--preprocess): False
2024-07-02 10:55:55,156 -  -P (--patience): 10
2024-07-02 10:55:55,156 -  -S (--separed): False
2024-07-02 10:55:55,156 -  -t (--trainable): False
2024-07-02 10:55:55,156 -  -T (--Test): False
2024-07-02 10:55:55,156 - #######################
