2024-07-02 21:19:51,586 - 
2024-07-02 21:19:51,586 - ====================================================
2024-07-02 21:19:51,586 - ********** R2 Modelo: 0.2832277493001909 **********
2024-07-02 21:19:51,586 - ********** MAE: 0.39415753528840924 **********
2024-07-02 21:19:51,586 - ********** MSE: 0.25825961560816985 **********
2024-07-02 21:19:51,586 - ====================================================
2024-07-02 21:19:51,587 - 

2024-07-02 21:19:51,587 - Alguns exemplos de predições ...
2024-07-02 21:19:51,791 - 
Melhores resultados ...


2024-07-02 21:19:51,798 - 
     amostra  teor_cabono_real  teor_cabono_predict  teor_cabono_diff  error_carbono(%)  teor_nitrogenio_real  teor_nitrogenio_predict  teor_nitrogenio_diff  error_nitrogenio(%) grupo
1544      L7         -0.718894            -0.719300          0.000406          0.056437             -1.000000                -0.696933              0.303067            30.306685    L7
708      C41         -0.562212            -0.562784          0.000572          0.101747             -0.388889                -0.449740              0.060851            15.647511   C41
2892      L2         -0.276498            -0.275614          0.000883          0.319455             -0.555556                -0.280491              0.275065            49.511691    L2
2459      L7         -0.718894            -0.715644          0.003250          0.452142             -1.000000                -0.669825              0.330175            33.017451    L7
654      C12          0.087558             0.087965          0.000407          0.464741             -0.055556                 0.087737              0.143292           257.925838   C12

2024-07-02 21:19:51,798 - 
Piores resultados ...


2024-07-02 21:19:51,805 - 
     amostra  teor_cabono_real  teor_cabono_predict  teor_cabono_diff  error_carbono(%)  teor_nitrogenio_real  teor_nitrogenio_predict  teor_nitrogenio_diff  error_nitrogenio(%) grupo
2731     C10         -0.041475            -0.725927          0.684453       1650.291794             -0.166667                -0.646822              0.480155           288.093150   C10
272      C10         -0.041475            -0.746300          0.704825       1699.411317             -0.166667                -0.701821              0.535154           321.092331   C10
1502     C10         -0.041475            -0.746550          0.705075       1700.015057             -0.166667                -0.694797              0.528131           316.878331   C10
4        C10         -0.041475            -0.788412          0.746937       1800.949017             -0.166667                -0.712784              0.546117           327.670145   C10
1794     C10         -0.041475            -0.789654          0.748180       1803.944148             -0.166667                -0.710886              0.544219           326.531601   C10


2024-07-02 21:19:51,808 - R2 [mean] conjunto de predição CARBONO:
2024-07-02 21:19:51,809 - ====================================================
2024-07-02 21:19:51,809 - ====>>>>> R2 [mean]: 0.2903237961966556 <<<<<====
2024-07-02 21:19:51,809 - ====>>>>> MAE [mean]: 0.39286165476992363 <<<<<====
2024-07-02 21:19:51,809 - ====>>>>> MSE [mean]: 0.25758362657134154 <<<<<====
2024-07-02 21:19:51,809 - ====================================================
2024-07-02 21:19:51,809 - 

2024-07-02 21:19:51,812 - R2 [median] conjunto de predição CARBONO:
2024-07-02 21:19:51,812 - ====================================================
2024-07-02 21:19:51,812 - ====>>>>> R2 [median]: 0.306015051224767 <<<<<====
2024-07-02 21:19:51,812 - ====>>>>> MAE [median]: 0.3902262858995594 <<<<<====
2024-07-02 21:19:51,813 - ====>>>>> MSE [median]: 0.2518883385598011 <<<<<====
2024-07-02 21:19:51,813 - ====================================================
2024-07-02 21:19:51,813 - 

2024-07-02 21:19:51,815 - R2 [mean] conjunto de predição NITROGENIO:
2024-07-02 21:19:51,816 - ====================================================
2024-07-02 21:19:51,816 - ====>>>>> R2 [mean]: 0.383561428865964 <<<<<====
2024-07-02 21:19:51,816 - ====>>>>> MAE [mean]: 0.3758151245153981 <<<<<====
2024-07-02 21:19:51,816 - ====>>>>> MSE [mean]: 0.22441145056449402 <<<<<====
2024-07-02 21:19:51,816 - ====================================================
2024-07-02 21:19:51,816 - 

2024-07-02 21:19:51,819 - R2 [median] conjunto de predição NITROGENIO:
2024-07-02 21:19:51,819 - ====================================================
2024-07-02 21:19:51,819 - ====>>>>> R2 [median]: 0.36757362441179364 <<<<<====
2024-07-02 21:19:51,819 - ====>>>>> MAE [median]: 0.380567820765722 <<<<<====
2024-07-02 21:19:51,819 - ====>>>>> MSE [median]: 0.2302317326767918 <<<<<====
2024-07-02 21:19:51,819 - ====================================================
2024-07-02 21:19:51,819 - 

2024-07-02 21:19:51,820 - #######################
2024-07-02 21:19:51,820 - Info parameters: 
2024-07-02 21:19:51,821 -  -e (--epochs): 100
2024-07-02 21:19:51,821 -  -G (--grid_search_trials): 0
2024-07-02 21:19:51,821 -  -i (--amount_image_train): 8930
2024-07-02 21:19:51,821 -  -I (--amount_image_test): 3843
2024-07-02 21:19:51,821 -  -L (--log_level): 0
2024-07-02 21:19:51,821 -  -m (--model): 1 - ResNet101
2024-07-02 21:19:51,821 -  -M (--show_model): False
2024-07-02 21:19:51,821 -  -n (--name): ResNet101_1_Normalize2_Epochs100_Patience10_Separed_Preprocess
2024-07-02 21:19:51,821 -  -N (--normalize): NormalizeEnum.RobustScaler
2024-07-02 21:19:51,821 -  -p (--preprocess): True
2024-07-02 21:19:51,821 -  -P (--patience): 10
2024-07-02 21:19:51,821 -  -S (--separed): False
2024-07-02 21:19:51,821 -  -t (--trainable): False
2024-07-02 21:19:51,821 -  -T (--Test): False
2024-07-02 21:19:51,821 - #######################
