2024-07-04 03:50:41,094 - 
2024-07-04 03:50:41,094 - ====================================================
2024-07-04 03:50:41,094 - ********** R2 Modelo: 0.17589310104067724 **********
2024-07-04 03:50:41,094 - ********** MAE: 0.1539293208660648 **********
2024-07-04 03:50:41,094 - ********** MSE: 0.03469872203173166 **********
2024-07-04 03:50:41,095 - ====================================================
2024-07-04 03:50:41,095 - 

2024-07-04 03:50:41,095 - Alguns exemplos de predições ...
2024-07-04 03:50:41,341 - 
Melhores resultados ...


2024-07-04 03:50:41,348 - 
     amostra  teor_cabono_real  teor_cabono_predict  teor_cabono_diff  error_carbono(%)  teor_nitrogenio_real  teor_nitrogenio_predict  teor_nitrogenio_diff  error_nitrogenio(%) grupo
1829      L7          0.179081             0.179117          0.000036          0.020297              0.018868                 0.128174              0.109306           579.321763    L7
3579     C39          0.217116             0.217011          0.000105          0.048319              0.207547                 0.171347              0.036200            17.441696   C39
3233      L7          0.179081             0.178985          0.000096          0.053351              0.018868                 0.133760              0.114892           608.928186    L7
1005     L26          0.413629             0.413898          0.000269          0.064957              0.396226                 0.359657              0.036569             9.229374   L26
1458     C16          0.204437             0.204149          0.000288          0.141008              0.169811                 0.181006              0.011194             6.592273   C16

2024-07-04 03:50:41,348 - 
Piores resultados ...


2024-07-04 03:50:41,355 - 
     amostra  teor_cabono_real  teor_cabono_predict  teor_cabono_diff  error_carbono(%)  teor_nitrogenio_real  teor_nitrogenio_predict  teor_nitrogenio_diff  error_nitrogenio(%) grupo
3433     C51               0.0             0.385445          0.385445               inf                   0.0                 0.331089              0.331089                  inf   C51
1191     C51               0.0             0.391378          0.391378               inf                   0.0                 0.334365              0.334365                  inf   C51
1184     C51               0.0             0.270977          0.270977               inf                   0.0                 0.217033              0.217033                  inf   C51
1727     C51               0.0             0.401603          0.401603               inf                   0.0                 0.346051              0.346051                  inf   C51
1459     C51               0.0             0.284682          0.284682               inf                   0.0                 0.259868              0.259868                  inf   C51


2024-07-04 03:50:41,375 - R2 [mean] conjunto de predição CARBONO:
2024-07-04 03:50:41,375 - ====================================================
2024-07-04 03:50:41,375 - ====>>>>> R2 [mean]: 0.22521405739801093 <<<<<====
2024-07-04 03:50:41,376 - ====>>>>> MAE [mean]: 0.15138859885056027 <<<<<====
2024-07-04 03:50:41,376 - ====>>>>> MSE [mean]: 0.03325833411729854 <<<<<====
2024-07-04 03:50:41,376 - ====================================================
2024-07-04 03:50:41,376 - 

2024-07-04 03:50:41,379 - R2 [median] conjunto de predição CARBONO:
2024-07-04 03:50:41,379 - ====================================================
2024-07-04 03:50:41,379 - ====>>>>> R2 [median]: 0.215674596162991 <<<<<====
2024-07-04 03:50:41,379 - ====>>>>> MAE [median]: 0.15142534401027458 <<<<<====
2024-07-04 03:50:41,379 - ====>>>>> MSE [median]: 0.033667823463462754 <<<<<====
2024-07-04 03:50:41,380 - ====================================================
2024-07-04 03:50:41,380 - 

2024-07-04 03:50:41,382 - R2 [mean] conjunto de predição NITROGENIO:
2024-07-04 03:50:41,382 - ====================================================
2024-07-04 03:50:41,383 - ====>>>>> R2 [mean]: 0.2625343633153303 <<<<<====
2024-07-04 03:50:41,383 - ====>>>>> MAE [mean]: 0.1471293318175836 <<<<<====
2024-07-04 03:50:41,383 - ====>>>>> MSE [mean]: 0.030966367772395316 <<<<<====
2024-07-04 03:50:41,383 - ====================================================
2024-07-04 03:50:41,383 - 

2024-07-04 03:50:41,386 - R2 [median] conjunto de predição NITROGENIO:
2024-07-04 03:50:41,386 - ====================================================
2024-07-04 03:50:41,386 - ====>>>>> R2 [median]: 0.25716973777744345 <<<<<====
2024-07-04 03:50:41,386 - ====>>>>> MAE [median]: 0.1471107577961029 <<<<<====
2024-07-04 03:50:41,386 - ====>>>>> MSE [median]: 0.031191629749501404 <<<<<====
2024-07-04 03:50:41,386 - ====================================================
2024-07-04 03:50:41,386 - 

2024-07-04 03:50:41,387 - #######################
2024-07-04 03:50:41,387 - Info parameters: 
2024-07-04 03:50:41,387 -  -e (--epochs): 100
2024-07-04 03:50:41,387 -  -G (--grid_search_trials): 0
2024-07-04 03:50:41,388 -  -i (--amount_image_train): 8930
2024-07-04 03:50:41,388 -  -I (--amount_image_test): 3843
2024-07-04 03:50:41,388 -  -L (--log_level): 0
2024-07-04 03:50:41,388 -  -m (--model): 11 - ConvNeXtXLarge
2024-07-04 03:50:41,388 -  -M (--show_model): False
2024-07-04 03:50:41,388 -  -n (--name): ConvNeXtXLarge_11_Normalize1_Epochs100_Patience10_Separed
2024-07-04 03:50:41,388 -  -N (--normalize): NormalizeEnum.MinMaxScaler
2024-07-04 03:50:41,388 -  -p (--preprocess): False
2024-07-04 03:50:41,388 -  -P (--patience): 10
2024-07-04 03:50:41,388 -  -S (--separed): False
2024-07-04 03:50:41,388 -  -t (--trainable): False
2024-07-04 03:50:41,388 -  -T (--Test): False
2024-07-04 03:50:41,388 - #######################
