2024-07-02 19:07:41,911 - 
2024-07-02 19:07:41,911 - ====================================================
2024-07-02 19:07:41,911 - ********** R2 Modelo: 0.5098134687218223 **********
2024-07-02 19:07:41,911 - ********** MAE: 0.11062453505052294 **********
2024-07-02 19:07:41,911 - ********** MSE: 0.02064002786925208 **********
2024-07-02 19:07:41,911 - ====================================================
2024-07-02 19:07:41,911 - 

2024-07-02 19:07:41,911 - Alguns exemplos de predições ...
2024-07-02 19:07:42,124 - 
Melhores resultados ...


2024-07-02 19:07:42,131 - 
     amostra  teor_cabono_real  teor_cabono_predict  teor_cabono_diff  error_carbono(%)  teor_nitrogenio_real  teor_nitrogenio_predict  teor_nitrogenio_diff  error_nitrogenio(%) grupo
216      C46          0.340729             0.340734          0.000005          0.001416              0.528302                 0.323112              0.205189            38.839428   C46
1079     L33          0.610143             0.610270          0.000127          0.020869              0.641509                 0.561176              0.080333            12.522574   L33
1078     L17          0.581616             0.581738          0.000121          0.020882              0.547170                 0.568073              0.020903             3.820277   L17
3184      C8          0.483360             0.483250          0.000110          0.022676              0.320755                 0.440185              0.119430            37.234132    C8
1959     L17          0.581616             0.581480          0.000136          0.023461              0.547170                 0.587986              0.040816             7.459465   L17

2024-07-02 19:07:42,131 - 
Piores resultados ...


2024-07-02 19:07:42,138 - 
     amostra  teor_cabono_real  teor_cabono_predict  teor_cabono_diff  error_carbono(%)  teor_nitrogenio_real  teor_nitrogenio_predict  teor_nitrogenio_diff  error_nitrogenio(%) grupo
2911     C51               0.0             0.336765          0.336765               inf                   0.0                 0.311785              0.311785                  inf   C51
246      C51               0.0             0.321454          0.321454               inf                   0.0                 0.293567              0.293567                  inf   C51
2260     C51               0.0             0.501294          0.501294               inf                   0.0                 0.531845              0.531845                  inf   C51
3676     C51               0.0             0.294205          0.294205               inf                   0.0                 0.267039              0.267039                  inf   C51
1920     C51               0.0             0.265739          0.265739               inf                   0.0                 0.213215              0.213215                  inf   C51


2024-07-02 19:07:42,142 - R2 [mean] conjunto de predição CARBONO:
2024-07-02 19:07:42,142 - ====================================================
2024-07-02 19:07:42,142 - ====>>>>> R2 [mean]: 0.583139850915781 <<<<<====
2024-07-02 19:07:42,142 - ====>>>>> MAE [mean]: 0.10525157773915242 <<<<<====
2024-07-02 19:07:42,142 - ====>>>>> MSE [mean]: 0.01789407029233089 <<<<<====
2024-07-02 19:07:42,142 - ====================================================
2024-07-02 19:07:42,142 - 

2024-07-02 19:07:42,145 - R2 [median] conjunto de predição CARBONO:
2024-07-02 19:07:42,145 - ====================================================
2024-07-02 19:07:42,145 - ====>>>>> R2 [median]: 0.5824462958391119 <<<<<====
2024-07-02 19:07:42,145 - ====>>>>> MAE [median]: 0.10211785124621284 <<<<<====
2024-07-02 19:07:42,145 - ====>>>>> MSE [median]: 0.017923841723638926 <<<<<====
2024-07-02 19:07:42,146 - ====================================================
2024-07-02 19:07:42,146 - 

2024-07-02 19:07:42,148 - R2 [mean] conjunto de predição NITROGENIO:
2024-07-02 19:07:42,148 - ====================================================
2024-07-02 19:07:42,149 - ====>>>>> R2 [mean]: 0.62140851156762 <<<<<====
2024-07-02 19:07:42,149 - ====>>>>> MAE [mean]: 0.09849638400754251 <<<<<====
2024-07-02 19:07:42,149 - ====>>>>> MSE [mean]: 0.0158971519256137 <<<<<====
2024-07-02 19:07:42,149 - ====================================================
2024-07-02 19:07:42,149 - 

2024-07-02 19:07:42,152 - R2 [median] conjunto de predição NITROGENIO:
2024-07-02 19:07:42,152 - ====================================================
2024-07-02 19:07:42,152 - ====>>>>> R2 [median]: 0.622994083293761 <<<<<====
2024-07-02 19:07:42,152 - ====>>>>> MAE [median]: 0.09991080498753684 <<<<<====
2024-07-02 19:07:42,152 - ====>>>>> MSE [median]: 0.015830573369598634 <<<<<====
2024-07-02 19:07:42,152 - ====================================================
2024-07-02 19:07:42,152 - 

2024-07-02 19:07:42,153 - #######################
2024-07-02 19:07:42,153 - Info parameters: 
2024-07-02 19:07:42,154 -  -e (--epochs): 100
2024-07-02 19:07:42,154 -  -G (--grid_search_trials): 0
2024-07-02 19:07:42,154 -  -i (--amount_image_train): 8930
2024-07-02 19:07:42,154 -  -I (--amount_image_test): 3843
2024-07-02 19:07:42,154 -  -L (--log_level): 0
2024-07-02 19:07:42,154 -  -m (--model): 10 - ConvNeXtBase
2024-07-02 19:07:42,154 -  -M (--show_model): False
2024-07-02 19:07:42,154 -  -n (--name): ConvNeXtBase_10_Normalize1_Epochs100_Patience10_Separed_Preprocess
2024-07-02 19:07:42,154 -  -N (--normalize): NormalizeEnum.MinMaxScaler
2024-07-02 19:07:42,154 -  -p (--preprocess): False
2024-07-02 19:07:42,154 -  -P (--patience): 10
2024-07-02 19:07:42,154 -  -S (--separed): False
2024-07-02 19:07:42,155 -  -t (--trainable): False
2024-07-02 19:07:42,155 -  -T (--Test): False
2024-07-02 19:07:42,155 - #######################
