2024-07-02 14:58:17,001 - 
2024-07-02 14:58:17,001 - ====================================================
2024-07-02 14:58:17,001 - ********** R2 Modelo: 0.33123857241684196 **********
2024-07-02 14:58:17,001 - ********** MAE [mean]: 0.6324556358360198 **********
2024-07-02 14:58:17,001 - ********** MSE [mean]: 0.5955438253478047 **********
2024-07-02 14:58:17,001 - ====================================================
2024-07-02 14:58:17,001 - 

2024-07-02 14:58:17,001 - Alguns exemplos de predições ...
2024-07-02 14:58:17,204 - 
Melhores resultados ...


2024-07-02 14:58:17,211 - 
     amostra  teor_cabono_real  teor_cabono_predict  teor_cabono_diff  error_carbono(%)  teor_nitrogenio_real  teor_nitrogenio_predict  teor_nitrogenio_diff  error_nitrogenio(%) grupo
1719      L7         -0.988241            -0.986596          0.001645          0.166459             -1.547462                -1.018145              0.529317            34.205493    L7
7         L5         -1.467522            -1.471709          0.004187          0.285289             -1.373246                -1.441069              0.067823             4.938920    L5
2311     C39         -0.813957            -0.811390          0.002567          0.315374             -0.676380                -0.559655              0.116724            17.257199   C39
2114      L7         -0.988241            -0.984750          0.003491          0.353239             -1.547462                -0.988964              0.558498            36.091234    L7
1068     L20          0.347936             0.346685          0.001251          0.359565              0.368919                 0.375609              0.006690             1.813310   L20

2024-07-02 14:58:17,211 - 
Piores resultados ...


2024-07-02 14:58:17,218 - 
     amostra  teor_cabono_real  teor_cabono_predict  teor_cabono_diff  error_carbono(%)  teor_nitrogenio_real  teor_nitrogenio_predict  teor_nitrogenio_diff  error_nitrogenio(%) grupo
3357     C10          0.079248            -1.349166          1.428414       1802.462322             -0.240838                -1.297711              1.056873           438.830865   C10
925      L40          0.035677             0.680210          0.644533       1806.581096              0.281811                 0.712370              0.430559           152.782649   L40
3056     C10          0.079248            -1.374062          1.453310       1833.877382             -0.240838                -1.274951              1.034112           429.380330   C10
2767     C10          0.079248            -1.430478          1.509726       1905.066209             -0.240838                -1.292989              1.052150           436.869966   C10
3693     C10          0.079248            -1.487610          1.566858       1977.159246             -0.240838                -1.368051              1.127213           468.037046   C10


2024-07-02 14:58:17,221 - R2 [mean] conjunto de predição CARBONO:
2024-07-02 14:58:17,221 - ====================================================
2024-07-02 14:58:17,221 - ====>>>>> R2 [mean]: 0.351606382655518 <<<<<====
2024-07-02 14:58:17,222 - ====>>>>> MAE [mean]: 0.6285891076409905 <<<<<====
2024-07-02 14:58:17,222 - ====>>>>> MSE [mean]: 0.5843977030493602 <<<<<====
2024-07-02 14:58:17,222 - ====================================================
2024-07-02 14:58:17,222 - 

2024-07-02 14:58:17,225 - R2 [median] conjunto de predição CARBONO:
2024-07-02 14:58:17,225 - ====================================================
2024-07-02 14:58:17,225 - ====>>>>> R2 [median]: 0.3688996705593691 <<<<<====
2024-07-02 14:58:17,225 - ====>>>>> MAE [median]: 0.6113712545689256 <<<<<====
2024-07-02 14:58:17,225 - ====>>>>> MSE [median]: 0.5688112483729987 <<<<<====
2024-07-02 14:58:17,225 - ====================================================
2024-07-02 14:58:17,225 - 

2024-07-02 14:58:17,228 - R2 [mean] conjunto de predição NITROGENIO:
2024-07-02 14:58:17,228 - ====================================================
2024-07-02 14:58:17,228 - ====>>>>> R2 [mean]: 0.4167865855059647 <<<<<====
2024-07-02 14:58:17,228 - ====>>>>> MAE [mean]: 0.5977917837073922 <<<<<====
2024-07-02 14:58:17,228 - ====>>>>> MSE [mean]: 0.5219709561311787 <<<<<====
2024-07-02 14:58:17,228 - ====================================================
2024-07-02 14:58:17,228 - 

2024-07-02 14:58:17,231 - R2 [median] conjunto de predição NITROGENIO:
2024-07-02 14:58:17,231 - ====================================================
2024-07-02 14:58:17,231 - ====>>>>> R2 [median]: 0.44843984009356064 <<<<<====
2024-07-02 14:58:17,231 - ====>>>>> MAE [median]: 0.5815920576479112 <<<<<====
2024-07-02 14:58:17,231 - ====>>>>> MSE [median]: 0.49364156734974146 <<<<<====
2024-07-02 14:58:17,232 - ====================================================
2024-07-02 14:58:17,232 - 

2024-07-02 14:58:17,233 - #######################
2024-07-02 14:58:17,233 - Info parameters: 
2024-07-02 14:58:17,233 -  -e (--epochs): 100
2024-07-02 14:58:17,233 -  -G (--grid_search_trials): 0
2024-07-02 14:58:17,233 -  -i (--amount_image_train): 8930
2024-07-02 14:58:17,233 -  -I (--amount_image_test): 3843
2024-07-02 14:58:17,233 -  -L (--log_level): 0
2024-07-02 14:58:17,233 -  -m (--model): 40 - DenseNet169
2024-07-02 14:58:17,233 -  -M (--show_model): False
2024-07-02 14:58:17,233 -  -n (--name): DenseNet169_40_Normalize3_Epochs100_Patience10_Separed_Preprocess
2024-07-02 14:58:17,233 -  -N (--normalize): NormalizeEnum.StandardScaler
2024-07-02 14:58:17,234 -  -p (--preprocess): False
2024-07-02 14:58:17,234 -  -P (--patience): 10
2024-07-02 14:58:17,234 -  -S (--separed): False
2024-07-02 14:58:17,234 -  -t (--trainable): False
2024-07-02 14:58:17,234 -  -T (--Test): False
2024-07-02 14:58:17,234 - #######################
