2024-07-03 08:52:43,336 - 
2024-07-03 08:52:43,336 - ====================================================
2024-07-03 08:52:43,336 - ********** R2 Modelo: 0.3797292989001005 **********
2024-07-03 08:52:43,336 - ********** MAE: 0.12895318649225213 **********
2024-07-03 08:52:43,336 - ********** MSE: 0.026120886898518315 **********
2024-07-03 08:52:43,336 - ====================================================
2024-07-03 08:52:43,336 - 

2024-07-03 08:52:43,336 - Alguns exemplos de predições ...
2024-07-03 08:52:43,542 - 
Melhores resultados ...


2024-07-03 08:52:43,548 - 
     amostra  teor_cabono_real  teor_cabono_predict  teor_cabono_diff  error_carbono(%)  teor_nitrogenio_real  teor_nitrogenio_predict  teor_nitrogenio_diff  error_nitrogenio(%) grupo
3738      L7          0.179081             0.179104          0.000023          0.012734              0.018868                 0.119411              0.100543           532.875887    L7
89       C12          0.456418             0.456525          0.000107          0.023385              0.339623                 0.407622              0.068000            20.022098   C12
2636     C23          0.473851             0.474160          0.000309          0.065107              0.452830                 0.423729              0.029102             6.426591   C23
1366      L7          0.179081             0.179248          0.000167          0.093522              0.018868                 0.109449              0.090581           480.080643    L7
327       L7          0.179081             0.179256          0.000176          0.098040              0.018868                 0.115616              0.096748           512.765715    L7

2024-07-03 08:52:43,548 - 
Piores resultados ...


2024-07-03 08:52:43,555 - 
     amostra  teor_cabono_real  teor_cabono_predict  teor_cabono_diff  error_carbono(%)  teor_nitrogenio_real  teor_nitrogenio_predict  teor_nitrogenio_diff  error_nitrogenio(%) grupo
741      C51               0.0             0.210822          0.210822               inf                   0.0                 0.205061              0.205061                  inf   C51
3121     C51               0.0             0.294068          0.294068               inf                   0.0                 0.272514              0.272514                  inf   C51
1385     C51               0.0             0.344968          0.344968               inf                   0.0                 0.261542              0.261542                  inf   C51
3277     C51               0.0             0.235537          0.235537               inf                   0.0                 0.173571              0.173571                  inf   C51
2491     C51               0.0             0.285069          0.285069               inf                   0.0                 0.210817              0.210817                  inf   C51


2024-07-03 08:52:43,557 - R2 [mean] conjunto de predição CARBONO:
2024-07-03 08:52:43,557 - ====================================================
2024-07-03 08:52:43,558 - ====>>>>> R2 [mean]: 0.43823858956903317 <<<<<====
2024-07-03 08:52:43,558 - ====>>>>> MAE [mean]: 0.12445570097749356 <<<<<====
2024-07-03 08:52:43,558 - ====>>>>> MSE [mean]: 0.024114078037571776 <<<<<====
2024-07-03 08:52:43,558 - ====================================================
2024-07-03 08:52:43,558 - 

2024-07-03 08:52:43,560 - R2 [median] conjunto de predição CARBONO:
2024-07-03 08:52:43,560 - ====================================================
2024-07-03 08:52:43,560 - ====>>>>> R2 [median]: 0.4586009608181002 <<<<<====
2024-07-03 08:52:43,560 - ====>>>>> MAE [median]: 0.12324853528149074 <<<<<====
2024-07-03 08:52:43,560 - ====>>>>> MSE [median]: 0.02324000623375508 <<<<<====
2024-07-03 08:52:43,561 - ====================================================
2024-07-03 08:52:43,561 - 

2024-07-03 08:52:43,563 - R2 [mean] conjunto de predição NITROGENIO:
2024-07-03 08:52:43,563 - ====================================================
2024-07-03 08:52:43,563 - ====>>>>> R2 [mean]: 0.5299250154206064 <<<<<====
2024-07-03 08:52:43,563 - ====>>>>> MAE [mean]: 0.11272814899037382 <<<<<====
2024-07-03 08:52:43,563 - ====>>>>> MSE [mean]: 0.019738566963646505 <<<<<====
2024-07-03 08:52:43,563 - ====================================================
2024-07-03 08:52:43,563 - 

2024-07-03 08:52:43,566 - R2 [median] conjunto de predição NITROGENIO:
2024-07-03 08:52:43,566 - ====================================================
2024-07-03 08:52:43,566 - ====>>>>> R2 [median]: 0.5545235302946128 <<<<<====
2024-07-03 08:52:43,566 - ====>>>>> MAE [median]: 0.11293273285333295 <<<<<====
2024-07-03 08:52:43,566 - ====>>>>> MSE [median]: 0.018705669130375774 <<<<<====
2024-07-03 08:52:43,566 - ====================================================
2024-07-03 08:52:43,566 - 

2024-07-03 08:52:43,567 - #######################
2024-07-03 08:52:43,567 - Info parameters: 
2024-07-03 08:52:43,567 -  -e (--epochs): 100
2024-07-03 08:52:43,567 -  -G (--grid_search_trials): 0
2024-07-03 08:52:43,567 -  -i (--amount_image_train): 8930
2024-07-03 08:52:43,567 -  -I (--amount_image_test): 3843
2024-07-03 08:52:43,567 -  -L (--log_level): 0
2024-07-03 08:52:43,567 -  -m (--model): 50 - VGG19
2024-07-03 08:52:43,567 -  -M (--show_model): False
2024-07-03 08:52:43,567 -  -n (--name): VGG19_50_Normalize1_Epochs100_Patience10_Separed_Preprocess
2024-07-03 08:52:43,567 -  -N (--normalize): NormalizeEnum.MinMaxScaler
2024-07-03 08:52:43,568 -  -p (--preprocess): True
2024-07-03 08:52:43,568 -  -P (--patience): 10
2024-07-03 08:52:43,568 -  -S (--separed): False
2024-07-03 08:52:43,568 -  -t (--trainable): False
2024-07-03 08:52:43,568 -  -T (--Test): False
2024-07-03 08:52:43,568 - #######################
