2024-07-02 09:25:44,032 - 
2024-07-02 09:25:44,033 - ====================================================
2024-07-02 09:25:44,033 - ********** R2 Modelo: 0.10546931427354189 **********
2024-07-02 09:25:44,033 - ********** MAE [mean]: 0.15764181295299964 **********
2024-07-02 09:25:44,033 - ********** MSE [mean]: 0.037659403971524036 **********
2024-07-02 09:25:44,033 - ====================================================
2024-07-02 09:25:44,033 - 

2024-07-02 09:25:44,033 - Alguns exemplos de predições ...
2024-07-02 09:25:44,228 - 
Melhores resultados ...


2024-07-02 09:25:44,234 - 
     amostra  teor_cabono_real  teor_cabono_predict  teor_cabono_diff  error_carbono(%)  teor_nitrogenio_real  teor_nitrogenio_predict  teor_nitrogenio_diff  error_nitrogenio(%) grupo
437      L29          0.709984             0.709843          0.000141          0.019825              0.679245                 0.600758              0.078488            11.555131   L29
2827     L26          0.413629             0.413498          0.000132          0.031807              0.396226                 0.341611              0.054615            13.783861   L26
1724     L37          0.664025             0.664519          0.000494          0.074352              0.622642                 0.553014              0.069628            11.182651   L37
181      L17          0.581616             0.581010          0.000606          0.104257              0.547170                 0.481488              0.065682            12.003968   L17
1380     L33          0.610143             0.609432          0.000710          0.116414              0.641509                 0.484274              0.157235            24.510229   L33

2024-07-02 09:25:44,234 - 
Piores resultados ...


2024-07-02 09:25:44,241 - 
     amostra  teor_cabono_real  teor_cabono_predict  teor_cabono_diff  error_carbono(%)  teor_nitrogenio_real  teor_nitrogenio_predict  teor_nitrogenio_diff  error_nitrogenio(%) grupo
2970     C51               0.0             0.377061          0.377061               inf                   0.0                 0.179952              0.179952                  inf   C51
1236     C51               0.0             0.375576          0.375576               inf                   0.0                 0.180768              0.180768                  inf   C51
2032     C51               0.0             0.643958          0.643958               inf                   0.0                 0.516617              0.516617                  inf   C51
2986     C51               0.0             0.239121          0.239121               inf                   0.0                 0.142489              0.142489                  inf   C51
3405     C51               0.0             0.348530          0.348530               inf                   0.0                 0.275588              0.275588                  inf   C51


2024-07-02 09:25:44,243 - R2 [mean] conjunto de predição CARBONO:
2024-07-02 09:25:44,243 - ====================================================
2024-07-02 09:25:44,243 - ====>>>>> R2 [mean]: 0.28175428899744315 <<<<<====
2024-07-02 09:25:44,244 - ====>>>>> MAE [mean]: 0.14681301964307505 <<<<<====
2024-07-02 09:25:44,244 - ====>>>>> MSE [mean]: 0.030831297422120214 <<<<<====
2024-07-02 09:25:44,244 - ====================================================
2024-07-02 09:25:44,244 - 

2024-07-02 09:25:44,246 - R2 [median] conjunto de predição CARBONO:
2024-07-02 09:25:44,246 - ====================================================
2024-07-02 09:25:44,246 - ====>>>>> R2 [median]: 0.26530944311993865 <<<<<====
2024-07-02 09:25:44,246 - ====>>>>> MAE [median]: 0.14900950785638187 <<<<<====
2024-07-02 09:25:44,246 - ====>>>>> MSE [median]: 0.031537206175271774 <<<<<====
2024-07-02 09:25:44,246 - ====================================================
2024-07-02 09:25:44,247 - 

2024-07-02 09:25:44,249 - R2 [mean] conjunto de predição NITROGENIO:
2024-07-02 09:25:44,249 - ====================================================
2024-07-02 09:25:44,249 - ====>>>>> R2 [mean]: 0.25995466983318316 <<<<<====
2024-07-02 09:25:44,249 - ====>>>>> MAE [mean]: 0.14891278538605615 <<<<<====
2024-07-02 09:25:44,249 - ====>>>>> MSE [mean]: 0.031074689751257063 <<<<<====
2024-07-02 09:25:44,249 - ====================================================
2024-07-02 09:25:44,249 - 

2024-07-02 09:25:44,252 - R2 [median] conjunto de predição NITROGENIO:
2024-07-02 09:25:44,252 - ====================================================
2024-07-02 09:25:44,252 - ====>>>>> R2 [median]: 0.21535375551755787 <<<<<====
2024-07-02 09:25:44,252 - ====>>>>> MAE [median]: 0.1522564390097607 <<<<<====
2024-07-02 09:25:44,252 - ====>>>>> MSE [median]: 0.03294749337352712 <<<<<====
2024-07-02 09:25:44,252 - ====================================================
2024-07-02 09:25:44,252 - 

2024-07-02 09:25:44,253 - #######################
2024-07-02 09:25:44,253 - Info parameters: 
2024-07-02 09:25:44,253 -  -e (--epochs): 100
2024-07-02 09:25:44,253 -  -G (--grid_search_trials): 0
2024-07-02 09:25:44,253 -  -i (--amount_image_train): 8930
2024-07-02 09:25:44,253 -  -I (--amount_image_test): 3843
2024-07-02 09:25:44,253 -  -L (--log_level): 0
2024-07-02 09:25:44,253 -  -m (--model): 22 - EfficientNetV2L
2024-07-02 09:25:44,253 -  -M (--show_model): False
2024-07-02 09:25:44,254 -  -n (--name): EfficientNetV2L_Normalize1_Epochs100_Patience10_Separed_Preprocess
2024-07-02 09:25:44,254 -  -N (--normalize): NormalizeEnum.MinMaxScaler
2024-07-02 09:25:44,254 -  -p (--preprocess): True
2024-07-02 09:25:44,254 -  -P (--patience): 10
2024-07-02 09:25:44,254 -  -S (--separed): False
2024-07-02 09:25:44,254 -  -t (--trainable): False
2024-07-02 09:25:44,254 -  -T (--Test): False
2024-07-02 09:25:44,254 - #######################
