2024-07-04 05:47:33,406 - 
2024-07-04 05:47:33,406 - ====================================================
2024-07-04 05:47:33,406 - ********** R2 Modelo: 0.42824634488205165 **********
2024-07-04 05:47:33,406 - ********** MAE: 0.5715656860421903 **********
2024-07-04 05:47:33,406 - ********** MSE: 0.5091174345928478 **********
2024-07-04 05:47:33,407 - ====================================================
2024-07-04 05:47:33,407 - 

2024-07-04 05:47:33,407 - Alguns exemplos de predições ...
2024-07-04 05:47:33,627 - 
Melhores resultados ...


2024-07-04 05:47:33,634 - 
     amostra  teor_cabono_real  teor_cabono_predict  teor_cabono_diff  error_carbono(%)  teor_nitrogenio_real  teor_nitrogenio_predict  teor_nitrogenio_diff  error_nitrogenio(%) grupo
638       L2         -0.291105            -0.291266          0.000160          0.055119             -0.850596                -0.364140              0.486456            57.189970    L2
2989     L17          0.856264             0.857276          0.001012          0.118213              0.891569                 0.750173              0.141396            15.859179   L17
3536      C9          0.362459             0.361893          0.000567          0.156376              0.020486                 0.095900              0.075413           368.113682    C9
2587      C4          0.522220             0.521177          0.001042          0.199565             -0.066622                -0.003291              0.063331            95.059808    C4
3766      L2         -0.291105            -0.290323          0.000783          0.268851             -0.850596                -0.487562              0.363034            42.679928    L2

2024-07-04 05:47:33,634 - 
Piores resultados ...


2024-07-04 05:47:33,641 - 
     amostra  teor_cabono_real  teor_cabono_predict  teor_cabono_diff  error_carbono(%)  teor_nitrogenio_real  teor_nitrogenio_predict  teor_nitrogenio_diff  error_nitrogenio(%) grupo
2236     L40          0.035677             0.678834          0.643157       1802.723002              0.281811                 0.611225              0.329414           116.891841   L40
288      L40          0.035677             0.680101          0.644424       1806.276698              0.281811                 0.547340              0.265529            94.222206   L40
3454     L40          0.035677             0.681953          0.646276       1811.465820              0.281811                 0.568189              0.286378           101.620460   L40
3691     L40          0.035677             0.692972          0.657295       1842.352119              0.281811                 0.738549              0.456738           162.072271   L40
3277     L40          0.035677             0.766125          0.730448       2047.395756              0.281811                 0.760081              0.478270           169.712868   L40


2024-07-04 05:47:33,661 - R2 [mean] conjunto de predição CARBONO:
2024-07-04 05:47:33,661 - ====================================================
2024-07-04 05:47:33,661 - ====>>>>> R2 [mean]: 0.4279077399894946 <<<<<====
2024-07-04 05:47:33,661 - ====>>>>> MAE [mean]: 0.5882399417022457 <<<<<====
2024-07-04 05:47:33,661 - ====>>>>> MSE [mean]: 0.515627226640068 <<<<<====
2024-07-04 05:47:33,662 - ====================================================
2024-07-04 05:47:33,662 - 

2024-07-04 05:47:33,665 - R2 [median] conjunto de predição CARBONO:
2024-07-04 05:47:33,665 - ====================================================
2024-07-04 05:47:33,665 - ====>>>>> R2 [median]: 0.43397134628296274 <<<<<====
2024-07-04 05:47:33,665 - ====>>>>> MAE [median]: 0.5895042242562198 <<<<<====
2024-07-04 05:47:33,665 - ====>>>>> MSE [median]: 0.5101620932776959 <<<<<====
2024-07-04 05:47:33,665 - ====================================================
2024-07-04 05:47:33,665 - 

2024-07-04 05:47:33,668 - R2 [mean] conjunto de predição NITROGENIO:
2024-07-04 05:47:33,668 - ====================================================
2024-07-04 05:47:33,668 - ====>>>>> R2 [mean]: 0.5147282970520751 <<<<<====
2024-07-04 05:47:33,668 - ====>>>>> MAE [mean]: 0.5376683559223325 <<<<<====
2024-07-04 05:47:33,668 - ====>>>>> MSE [mean]: 0.43431397234043595 <<<<<====
2024-07-04 05:47:33,668 - ====================================================
2024-07-04 05:47:33,668 - 

2024-07-04 05:47:33,671 - R2 [median] conjunto de predição NITROGENIO:
2024-07-04 05:47:33,671 - ====================================================
2024-07-04 05:47:33,671 - ====>>>>> R2 [median]: 0.5088828867509241 <<<<<====
2024-07-04 05:47:33,671 - ====>>>>> MAE [median]: 0.5486031015392674 <<<<<====
2024-07-04 05:47:33,672 - ====>>>>> MSE [median]: 0.43954556394660277 <<<<<====
2024-07-04 05:47:33,672 - ====================================================
2024-07-04 05:47:33,672 - 

2024-07-04 05:47:33,673 - #######################
2024-07-04 05:47:33,673 - Info parameters: 
2024-07-04 05:47:33,673 -  -e (--epochs): 100
2024-07-04 05:47:33,673 -  -G (--grid_search_trials): 0
2024-07-04 05:47:33,673 -  -i (--amount_image_train): 8930
2024-07-04 05:47:33,673 -  -I (--amount_image_test): 3843
2024-07-04 05:47:33,673 -  -L (--log_level): 0
2024-07-04 05:47:33,673 -  -m (--model): 11 - ConvNeXtXLarge
2024-07-04 05:47:33,673 -  -M (--show_model): False
2024-07-04 05:47:33,673 -  -n (--name): ConvNeXtXLarge_11_Normalize3_Epochs100_Patience10_Separed
2024-07-04 05:47:33,673 -  -N (--normalize): NormalizeEnum.StandardScaler
2024-07-04 05:47:33,673 -  -p (--preprocess): False
2024-07-04 05:47:33,673 -  -P (--patience): 10
2024-07-04 05:47:33,674 -  -S (--separed): False
2024-07-04 05:47:33,674 -  -t (--trainable): False
2024-07-04 05:47:33,674 -  -T (--Test): False
2024-07-04 05:47:33,674 - #######################
