2024-07-04 02:35:14,632 - 
2024-07-04 02:35:14,632 - ====================================================
2024-07-04 02:35:14,632 - ********** R2 Modelo: 0.05045202806145471 **********
2024-07-04 02:35:14,632 - ********** MAE: 0.5899369954179211 **********
2024-07-04 02:35:14,632 - ********** MSE: 0.8606142086937356 **********
2024-07-04 02:35:14,633 - ====================================================
2024-07-04 02:35:14,633 - 

2024-07-04 02:35:14,633 - Alguns exemplos de predições ...
2024-07-04 02:35:14,833 - 
Melhores resultados ...


2024-07-04 02:35:14,840 - 
     amostra  teor_cabono_real  teor_cabono_predict  teor_cabono_diff  error_carbono(%)  teor_nitrogenio_real  teor_nitrogenio_predict  teor_nitrogenio_diff  error_nitrogenio(%) grupo
100      C16              1.60             1.600296          0.000296          0.018501                  0.12                 0.134727              0.014727            12.272128   C16
3135     C16              1.60             1.598565          0.001435          0.089659                  0.12                 0.145544              0.025544            21.286809   C16
1161     C46              2.46             2.462394          0.002394          0.097327                  0.31                 0.209369              0.100631            32.461583   C46
2207     C46              2.46             2.457440          0.002560          0.104050                  0.31                 0.197094              0.112906            36.421350   C46
1966     C46              2.46             2.457421          0.002579          0.104835                  0.31                 0.198353              0.111647            36.015019   C46

2024-07-04 02:35:14,840 - 
Piores resultados ...


2024-07-04 02:35:14,847 - 
     amostra  teor_cabono_real  teor_cabono_predict  teor_cabono_diff  error_carbono(%)  teor_nitrogenio_real  teor_nitrogenio_predict  teor_nitrogenio_diff  error_nitrogenio(%) grupo
2313     C51              0.31             3.214598          2.904598        936.967078                  0.03                 0.282991              0.252991           843.304996   C51
1881     C51              0.31             3.265062          2.955062        953.245837                  0.03                 0.280650              0.250650           835.498377   C51
436      C51              0.31             3.295843          2.985843        963.175125                  0.03                 0.296704              0.266704           889.014606   C51
1054     C51              0.31             3.354986          3.044986        982.253610                  0.03                 0.275493              0.245493           818.310583   C51
2315     C51              0.31             3.411550          3.101550       1000.499861                  0.03                 0.297624              0.267624           892.079079   C51


2024-07-04 02:35:14,868 - R2 [mean] conjunto de predição CARBONO:
2024-07-04 02:35:14,868 - ====================================================
2024-07-04 02:35:14,868 - ====>>>>> R2 [mean]: 0.11438403599760061 <<<<<====
2024-07-04 02:35:14,868 - ====>>>>> MAE [mean]: 1.0196821551852755 <<<<<====
2024-07-04 02:35:14,868 - ====>>>>> MSE [mean]: 1.5136411098901728 <<<<<====
2024-07-04 02:35:14,868 - ====================================================
2024-07-04 02:35:14,868 - 

2024-07-04 02:35:14,871 - R2 [median] conjunto de predição CARBONO:
2024-07-04 02:35:14,871 - ====================================================
2024-07-04 02:35:14,871 - ====>>>>> R2 [median]: 0.10759860711426528 <<<<<====
2024-07-04 02:35:14,872 - ====>>>>> MAE [median]: 1.023955918594643 <<<<<====
2024-07-04 02:35:14,872 - ====>>>>> MSE [median]: 1.5252383535302214 <<<<<====
2024-07-04 02:35:14,872 - ====================================================
2024-07-04 02:35:14,872 - 

2024-07-04 02:35:14,875 - R2 [mean] conjunto de predição NITROGENIO:
2024-07-04 02:35:14,875 - ====================================================
2024-07-04 02:35:14,875 - ====>>>>> R2 [mean]: 0.2412873229431206 <<<<<====
2024-07-04 02:35:14,875 - ====>>>>> MAE [mean]: 0.07943197540662908 <<<<<====
2024-07-04 02:35:14,875 - ====>>>>> MSE [mean]: 0.00894906286000176 <<<<<====
2024-07-04 02:35:14,875 - ====================================================
2024-07-04 02:35:14,875 - 

2024-07-04 02:35:14,878 - R2 [median] conjunto de predição NITROGENIO:
2024-07-04 02:35:14,878 - ====================================================
2024-07-04 02:35:14,878 - ====>>>>> R2 [median]: 0.24237531078892538 <<<<<====
2024-07-04 02:35:14,878 - ====>>>>> MAE [median]: 0.07955574831476919 <<<<<====
2024-07-04 02:35:14,878 - ====>>>>> MSE [median]: 0.00893622997620075 <<<<<====
2024-07-04 02:35:14,878 - ====================================================
2024-07-04 02:35:14,878 - 

2024-07-04 02:35:14,880 - #######################
2024-07-04 02:35:14,880 - Info parameters: 
2024-07-04 02:35:14,880 -  -e (--epochs): 100
2024-07-04 02:35:14,880 -  -G (--grid_search_trials): 0
2024-07-04 02:35:14,880 -  -i (--amount_image_train): 8930
2024-07-04 02:35:14,880 -  -I (--amount_image_test): 3843
2024-07-04 02:35:14,880 -  -L (--log_level): 0
2024-07-04 02:35:14,880 -  -m (--model): 11 - ConvNeXtXLarge
2024-07-04 02:35:14,880 -  -M (--show_model): False
2024-07-04 02:35:14,880 -  -n (--name): ConvNeXtXLarge_11_Normalize0_Epochs100_Patience10_Separed
2024-07-04 02:35:14,880 -  -N (--normalize): NormalizeEnum.NONE
2024-07-04 02:35:14,880 -  -p (--preprocess): False
2024-07-04 02:35:14,880 -  -P (--patience): 10
2024-07-04 02:35:14,880 -  -S (--separed): False
2024-07-04 02:35:14,880 -  -t (--trainable): False
2024-07-04 02:35:14,881 -  -T (--Test): False
2024-07-04 02:35:14,881 - #######################
