2024-07-02 01:25:41,964 - 
2024-07-02 01:25:41,964 - ====================================================
2024-07-02 01:25:41,964 - ********** R2 Modelo: 0.32582356974191273 **********
2024-07-02 01:25:41,964 - ********** MAE [mean]: 0.13556921902449742 **********
2024-07-02 01:25:41,964 - ********** MSE [mean]: 0.028386877530783866 **********
2024-07-02 01:25:41,964 - ====================================================
2024-07-02 01:25:41,964 - 

2024-07-02 01:25:41,965 - Alguns exemplos de predições ...
2024-07-02 01:25:42,168 - 
Melhores resultados ...


2024-07-02 01:25:42,174 - 
     amostra  teor_cabono_real  teor_cabono_predict  teor_cabono_diff  error_carbono(%)  teor_nitrogenio_real  teor_nitrogenio_predict  teor_nitrogenio_diff  error_nitrogenio(%) grupo
1615     L20          0.470681             0.470723          0.000042          0.008871              0.433962                 0.433251              0.000711             0.163943   L20
1845     C16          0.204437             0.204502          0.000065          0.031723              0.169811                 0.153055              0.016757             9.867727   C16
127       L7          0.179081             0.179153          0.000072          0.040168              0.018868                 0.142529              0.123661           655.402809    L7
526       L2          0.331220             0.331406          0.000186          0.056078              0.169811                 0.271026              0.101214            59.604033    L2
797      L40          0.402536             0.402309          0.000226          0.056196              0.415094                 0.335333              0.079762            19.215335   L40

2024-07-02 01:25:42,174 - 
Piores resultados ...


2024-07-02 01:25:42,180 - 
     amostra  teor_cabono_real  teor_cabono_predict  teor_cabono_diff  error_carbono(%)  teor_nitrogenio_real  teor_nitrogenio_predict  teor_nitrogenio_diff  error_nitrogenio(%) grupo
3028     C51               0.0             0.380549          0.380549               inf                   0.0                 0.310106              0.310106                  inf   C51
1851     C51               0.0             0.453394          0.453394               inf                   0.0                 0.379875              0.379875                  inf   C51
3069     C51               0.0             0.280231          0.280231               inf                   0.0                 0.216095              0.216095                  inf   C51
3431     C51               0.0             0.258535          0.258535               inf                   0.0                 0.194416              0.194416                  inf   C51
1655     C51               0.0             0.277949          0.277949               inf                   0.0                 0.215007              0.215007                  inf   C51


2024-07-02 01:25:42,183 - R2 [mean] conjunto de predição CARBONO:
2024-07-02 01:25:42,183 - ====================================================
2024-07-02 01:25:42,183 - ====>>>>> R2 [mean]: 0.3839562758318059 <<<<<====
2024-07-02 01:25:42,183 - ====>>>>> MAE [mean]: 0.1363272822012733 <<<<<====
2024-07-02 01:25:42,184 - ====>>>>> MSE [mean]: 0.02644419172144916 <<<<<====
2024-07-02 01:25:42,184 - ====================================================
2024-07-02 01:25:42,184 - 

2024-07-02 01:25:42,186 - R2 [median] conjunto de predição CARBONO:
2024-07-02 01:25:42,186 - ====================================================
2024-07-02 01:25:42,186 - ====>>>>> R2 [median]: 0.41971044823687054 <<<<<====
2024-07-02 01:25:42,187 - ====>>>>> MAE [median]: 0.13242353394066927 <<<<<====
2024-07-02 01:25:42,187 - ====>>>>> MSE [median]: 0.024909413989238818 <<<<<====
2024-07-02 01:25:42,187 - ====================================================
2024-07-02 01:25:42,187 - 

2024-07-02 01:25:42,189 - R2 [mean] conjunto de predição NITROGENIO:
2024-07-02 01:25:42,189 - ====================================================
2024-07-02 01:25:42,189 - ====>>>>> R2 [mean]: 0.41781382498205377 <<<<<====
2024-07-02 01:25:42,189 - ====>>>>> MAE [mean]: 0.12442627710574658 <<<<<====
2024-07-02 01:25:42,189 - ====>>>>> MSE [mean]: 0.024446144078871083 <<<<<====
2024-07-02 01:25:42,189 - ====================================================
2024-07-02 01:25:42,189 - 

2024-07-02 01:25:42,192 - R2 [median] conjunto de predição NITROGENIO:
2024-07-02 01:25:42,192 - ====================================================
2024-07-02 01:25:42,192 - ====>>>>> R2 [median]: 0.44962400627590415 <<<<<====
2024-07-02 01:25:42,192 - ====>>>>> MAE [median]: 0.12020730391238467 <<<<<====
2024-07-02 01:25:42,192 - ====>>>>> MSE [median]: 0.023110426556790614 <<<<<====
2024-07-02 01:25:42,192 - ====================================================
2024-07-02 01:25:42,192 - 

2024-07-02 01:25:42,193 - #######################
2024-07-02 01:25:42,193 - Info parameters: 
2024-07-02 01:25:42,193 -  -e (--epochs): 100
2024-07-02 01:25:42,193 -  -G (--grid_search_trials): 0
2024-07-02 01:25:42,193 -  -i (--amount_image_train): 8930
2024-07-02 01:25:42,193 -  -I (--amount_image_test): 3843
2024-07-02 01:25:42,193 -  -L (--log_level): 0
2024-07-02 01:25:42,193 -  -m (--model): 0 - ResNet50
2024-07-02 01:25:42,194 -  -M (--show_model): False
2024-07-02 01:25:42,194 -  -n (--name): ResNet50_Normalize1_Epochs100_Patience10_Separed_Preprocess
2024-07-02 01:25:42,194 -  -N (--normalize): NormalizeEnum.MinMaxScaler
2024-07-02 01:25:42,194 -  -p (--preprocess): False
2024-07-02 01:25:42,194 -  -P (--patience): 10
2024-07-02 01:25:42,194 -  -S (--separed): False
2024-07-02 01:25:42,194 -  -t (--trainable): False
2024-07-02 01:25:42,194 -  -T (--Test): False
2024-07-02 01:25:42,194 - #######################
