2024-07-07 21:07:44,244 - 
2024-07-07 21:07:44,245 - ====================================================
2024-07-07 21:07:44,245 - ********** R2 Modelo: 0.5106585246690347 **********
2024-07-07 21:07:44,245 - ********** MAE: 0.3701584796626677 **********
2024-07-07 21:07:44,245 - ********** MSE: 0.4223500538991368 **********
2024-07-07 21:07:44,245 - ====================================================
2024-07-07 21:07:44,245 - 

2024-07-07 21:07:44,245 - Alguns exemplos de predições ...
2024-07-07 21:07:44,441 - 
Melhores resultados ...


2024-07-07 21:07:44,448 - 
     amostra  teor_cabono_real  teor_cabono_predict  teor_cabono_diff  error_carbono(%)  teor_nitrogenio_real  teor_nitrogenio_predict  teor_nitrogenio_diff  error_nitrogenio(%) grupo
3362     C26              1.94             1.939964          0.000036          0.001834                  0.20                 0.154387              0.045613            22.806576   C26
2213      C8              3.36             3.359373          0.000627          0.018672                  0.20                 0.242845              0.042845            21.422566    C8
1337      C9              3.30             3.299033          0.000967          0.029312                  0.22                 0.252355              0.032355            14.706728    C9
318       C4              3.52             3.521498          0.001498          0.042549                  0.21                 0.268676              0.058676            27.940717    C4
3247     L33              4.16             4.157893          0.002107          0.050656                  0.37                 0.335735              0.034265             9.260925   L33

2024-07-07 21:07:44,448 - 
Piores resultados ...


2024-07-07 21:07:44,454 - 
     amostra  teor_cabono_real  teor_cabono_predict  teor_cabono_diff  error_carbono(%)  teor_nitrogenio_real  teor_nitrogenio_predict  teor_nitrogenio_diff  error_nitrogenio(%) grupo
3614     C51              0.31             4.220881          3.910881       1261.574358                  0.03                 0.367685              0.337685          1125.615740   C51
3624     C51              0.31             4.273980          3.963980       1278.703117                  0.03                 0.372290              0.342290          1140.967214   C51
3298     C51              0.31             4.376911          4.066911       1311.906673                  0.03                 0.396929              0.366929          1223.097050   C51
2780     C51              0.31             5.372499          5.062499       1633.064344                  0.03                 0.488777              0.458777          1529.255811   C51
3659     C51              0.31             6.140870          5.830870       1880.925683                  0.03                 0.628214              0.598214          1994.047070   C51


2024-07-07 21:07:44,457 - R2 [mean] conjunto de predição CARBONO:
2024-07-07 21:07:44,457 - ====================================================
2024-07-07 21:07:44,457 - ====>>>>> R2 [mean]: 0.7053695501051583 <<<<<====
2024-07-07 21:07:44,457 - ====>>>>> MAE [mean]: 0.5985792472627428 <<<<<====
2024-07-07 21:07:44,457 - ====>>>>> MSE [mean]: 0.5035645012210517 <<<<<====
2024-07-07 21:07:44,457 - ====================================================
2024-07-07 21:07:44,457 - 

2024-07-07 21:07:44,460 - R2 [median] conjunto de predição CARBONO:
2024-07-07 21:07:44,460 - ====================================================
2024-07-07 21:07:44,460 - ====>>>>> R2 [median]: 0.7425106721717252 <<<<<====
2024-07-07 21:07:44,460 - ====>>>>> MAE [median]: 0.5567741079683658 <<<<<====
2024-07-07 21:07:44,460 - ====>>>>> MSE [median]: 0.4400851472882986 <<<<<====
2024-07-07 21:07:44,460 - ====================================================
2024-07-07 21:07:44,460 - 

2024-07-07 21:07:44,463 - R2 [mean] conjunto de predição NITROGENIO:
2024-07-07 21:07:44,463 - ====================================================
2024-07-07 21:07:44,463 - ====>>>>> R2 [mean]: 0.7787748827089863 <<<<<====
2024-07-07 21:07:44,463 - ====>>>>> MAE [mean]: 0.04301948771432594 <<<<<====
2024-07-07 21:07:44,463 - ====>>>>> MSE [mean]: 0.002609363914318944 <<<<<====
2024-07-07 21:07:44,463 - ====================================================
2024-07-07 21:07:44,463 - 

2024-07-07 21:07:44,465 - R2 [median] conjunto de predição NITROGENIO:
2024-07-07 21:07:44,465 - ====================================================
2024-07-07 21:07:44,465 - ====>>>>> R2 [median]: 0.7773621845932218 <<<<<====
2024-07-07 21:07:44,465 - ====>>>>> MAE [median]: 0.04325676930171472 <<<<<====
2024-07-07 21:07:44,466 - ====>>>>> MSE [median]: 0.0026260267757979737 <<<<<====
2024-07-07 21:07:44,466 - ====================================================
2024-07-07 21:07:44,466 - 

2024-07-07 21:07:44,466 - #######################
2024-07-07 21:07:44,467 - Info parameters: 
2024-07-07 21:07:44,467 -  -e (--epochs): 300
2024-07-07 21:07:44,467 -  -G (--grid_search_trials): 0
2024-07-07 21:07:44,467 -  -i (--amount_image_train): 8930
2024-07-07 21:07:44,467 -  -I (--amount_image_test): 3843
2024-07-07 21:07:44,467 -  -L (--log_level): 0
2024-07-07 21:07:44,467 -  -m (--model): 21 - EfficientNetV2S
2024-07-07 21:07:44,467 -  -M (--show_model): False
2024-07-07 21:07:44,467 -  -n (--name): EfficientNetV2S_21_Normalize0_Epochs300_Patience20
2024-07-07 21:07:44,467 -  -N (--normalize): NormalizeEnum.NONE
2024-07-07 21:07:44,467 -  -p (--preprocess): False
2024-07-07 21:07:44,467 -  -P (--patience): 20
2024-07-07 21:07:44,467 -  -S (--separed): False
2024-07-07 21:07:44,467 -  -t (--trainable): False
2024-07-07 21:07:44,467 -  -T (--Test): False
2024-07-07 21:07:44,467 - #######################
