2024-07-02 12:59:15,293 - 
2024-07-02 12:59:15,293 - ====================================================
2024-07-02 12:59:15,293 - ********** R2 Modelo: 0.4420525011761336 **********
2024-07-02 12:59:15,293 - ********** MAE [mean]: 0.5761554743445104 **********
2024-07-02 12:59:15,293 - ********** MSE [mean]: 0.49693692487285523 **********
2024-07-02 12:59:15,294 - ====================================================
2024-07-02 12:59:15,294 - 

2024-07-02 12:59:15,294 - Alguns exemplos de predições ...
2024-07-02 12:59:15,491 - 
Melhores resultados ...


2024-07-02 12:59:15,497 - 
     amostra  teor_cabono_real  teor_cabono_predict  teor_cabono_diff  error_carbono(%)  teor_nitrogenio_real  teor_nitrogenio_predict  teor_nitrogenio_diff  error_nitrogenio(%) grupo
3330      L7         -0.988241            -0.988320          0.000079          0.007975             -1.547462                -1.059064              0.488398            31.561208    L7
403       C9          0.362459             0.362547          0.000087          0.024045              0.020486                -0.024594              0.045081           220.052186    C9
2374     L20          0.347936             0.347745          0.000191          0.054925              0.368919                 0.156935              0.211984            57.460797   L20
1439     C39         -0.813957            -0.813433          0.000524          0.064421             -0.676380                -0.743673              0.067294             9.949080   C39
283       C9          0.362459             0.362760          0.000300          0.082834              0.020486                 0.203791              0.183304           894.759485    C9

2024-07-02 12:59:15,498 - 
Piores resultados ...


2024-07-02 12:59:15,504 - 
     amostra  teor_cabono_real  teor_cabono_predict  teor_cabono_diff  error_carbono(%)  teor_nitrogenio_real  teor_nitrogenio_predict  teor_nitrogenio_diff  error_nitrogenio(%) grupo
2394     L40          0.035677             0.669638          0.633961       1776.949141              0.281811                 0.519334              0.237523            84.284552   L40
2043     L40          0.035677             0.690756          0.655079       1836.140710              0.281811                 0.499751              0.217940            77.335504   L40
2400     L40          0.035677            -0.660935          0.696611       1952.553254              0.281811                -0.634902              0.916713           325.293436   L40
3582     L40          0.035677             0.765149          0.729472       2044.658018              0.281811                 0.486585              0.204774            72.663578   L40
974      L40          0.035677             0.777788          0.742111       2080.086552              0.281811                 0.396897              0.115086            40.837982   L40


2024-07-02 12:59:15,506 - R2 [mean] conjunto de predição CARBONO:
2024-07-02 12:59:15,507 - ====================================================
2024-07-02 12:59:15,507 - ====>>>>> R2 [mean]: 0.5292900738189273 <<<<<====
2024-07-02 12:59:15,507 - ====>>>>> MAE [mean]: 0.533545643634339 <<<<<====
2024-07-02 12:59:15,507 - ====>>>>> MSE [mean]: 0.4242512453922042 <<<<<====
2024-07-02 12:59:15,507 - ====================================================
2024-07-02 12:59:15,507 - 

2024-07-02 12:59:15,509 - R2 [median] conjunto de predição CARBONO:
2024-07-02 12:59:15,509 - ====================================================
2024-07-02 12:59:15,509 - ====>>>>> R2 [median]: 0.5548341652479618 <<<<<====
2024-07-02 12:59:15,510 - ====>>>>> MAE [median]: 0.5167997989184244 <<<<<====
2024-07-02 12:59:15,510 - ====>>>>> MSE [median]: 0.40122833468134866 <<<<<====
2024-07-02 12:59:15,510 - ====================================================
2024-07-02 12:59:15,510 - 

2024-07-02 12:59:15,512 - R2 [mean] conjunto de predição NITROGENIO:
2024-07-02 12:59:15,512 - ====================================================
2024-07-02 12:59:15,512 - ====>>>>> R2 [mean]: 0.5379259433384753 <<<<<====
2024-07-02 12:59:15,512 - ====>>>>> MAE [mean]: 0.536057870630699 <<<<<====
2024-07-02 12:59:15,512 - ====>>>>> MSE [mean]: 0.41355227977441394 <<<<<====
2024-07-02 12:59:15,512 - ====================================================
2024-07-02 12:59:15,512 - 

2024-07-02 12:59:15,515 - R2 [median] conjunto de predição NITROGENIO:
2024-07-02 12:59:15,515 - ====================================================
2024-07-02 12:59:15,515 - ====>>>>> R2 [median]: 0.5551826635489323 <<<<<====
2024-07-02 12:59:15,515 - ====>>>>> MAE [median]: 0.5256501694474962 <<<<<====
2024-07-02 12:59:15,515 - ====>>>>> MSE [median]: 0.39810766460595987 <<<<<====
2024-07-02 12:59:15,515 - ====================================================
2024-07-02 12:59:15,515 - 

2024-07-02 12:59:15,516 - #######################
2024-07-02 12:59:15,516 - Info parameters: 
2024-07-02 12:59:15,516 -  -e (--epochs): 100
2024-07-02 12:59:15,516 -  -G (--grid_search_trials): 0
2024-07-02 12:59:15,516 -  -i (--amount_image_train): 8930
2024-07-02 12:59:15,516 -  -I (--amount_image_test): 3843
2024-07-02 12:59:15,516 -  -L (--log_level): 0
2024-07-02 12:59:15,516 -  -m (--model): 30 - InceptionResNetV2
2024-07-02 12:59:15,516 -  -M (--show_model): False
2024-07-02 12:59:15,517 -  -n (--name): InceptionResNetV2_30_Normalize3_Epochs100_Patience10_Separed_Preprocess
2024-07-02 12:59:15,517 -  -N (--normalize): NormalizeEnum.StandardScaler
2024-07-02 12:59:15,517 -  -p (--preprocess): True
2024-07-02 12:59:15,517 -  -P (--patience): 10
2024-07-02 12:59:15,517 -  -S (--separed): False
2024-07-02 12:59:15,517 -  -t (--trainable): False
2024-07-02 12:59:15,517 -  -T (--Test): False
2024-07-02 12:59:15,517 - #######################
