2024-07-02 11:38:45,523 - 
2024-07-02 11:38:45,523 - ====================================================
2024-07-02 11:38:45,523 - ********** R2 Modelo: 0.4709233361021381 **********
2024-07-02 11:38:45,523 - ********** MAE [mean]: 0.5508039763346462 **********
2024-07-02 11:38:45,524 - ********** MSE [mean]: 0.47117269770755976 **********
2024-07-02 11:38:45,524 - ====================================================
2024-07-02 11:38:45,524 - 

2024-07-02 11:38:45,524 - Alguns exemplos de predições ...
2024-07-02 11:38:45,723 - 
Melhores resultados ...


2024-07-02 11:38:45,729 - 
     amostra  teor_cabono_real  teor_cabono_predict  teor_cabono_diff  error_carbono(%)  teor_nitrogenio_real  teor_nitrogenio_predict  teor_nitrogenio_diff  error_nitrogenio(%) grupo
1850     C39         -0.813957            -0.814096          0.000139          0.017097             -0.676380                -0.750363              0.073984            10.938173   C39
2682     L23          1.066857             1.066643          0.000213          0.020012              1.152894                 1.035979              0.116915            10.140968   L23
870      C23          0.362459             0.362987          0.000527          0.145504              0.456028                 0.195498              0.260529            57.130189   C23
590      C39         -0.813957            -0.815457          0.001500          0.184255             -0.676380                -0.714129              0.037749             5.581057   C39
1149      C8          0.406030             0.406829          0.000799          0.196781             -0.153730                 0.126874              0.280604           182.530583    C8

2024-07-02 11:38:45,729 - 
Piores resultados ...


2024-07-02 11:38:45,735 - 
     amostra  teor_cabono_real  teor_cabono_predict  teor_cabono_diff  error_carbono(%)  teor_nitrogenio_real  teor_nitrogenio_predict  teor_nitrogenio_diff  error_nitrogenio(%) grupo
858      L40          0.035677             0.680580          0.644903       1807.618085              0.281811                 0.659955              0.378144           134.183333   L40
2401     L40          0.035677             0.706226          0.670549       1879.501617              0.281811                 0.598310              0.316499           112.308917   L40
1316     L40          0.035677             0.712318          0.676641       1896.577435              0.281811                 0.798088              0.516277           183.199586   L40
482      L40          0.035677             0.735892          0.700215       1962.653193              0.281811                 0.768276              0.486465           172.620943   L40
1376     L40          0.035677             0.794306          0.758629       2126.383505              0.281811                 0.674173              0.392362           139.228757   L40


2024-07-02 11:38:45,738 - R2 [mean] conjunto de predição CARBONO:
2024-07-02 11:38:45,738 - ====================================================
2024-07-02 11:38:45,738 - ====>>>>> R2 [mean]: 0.5456399622340518 <<<<<====
2024-07-02 11:38:45,738 - ====>>>>> MAE [mean]: 0.5259859428953805 <<<<<====
2024-07-02 11:38:45,738 - ====>>>>> MSE [mean]: 0.4095150774545181 <<<<<====
2024-07-02 11:38:45,738 - ====================================================
2024-07-02 11:38:45,738 - 

2024-07-02 11:38:45,741 - R2 [median] conjunto de predição CARBONO:
2024-07-02 11:38:45,741 - ====================================================
2024-07-02 11:38:45,741 - ====>>>>> R2 [median]: 0.5565453793489321 <<<<<====
2024-07-02 11:38:45,741 - ====>>>>> MAE [median]: 0.5239771319800516 <<<<<====
2024-07-02 11:38:45,741 - ====>>>>> MSE [median]: 0.39968601599824954 <<<<<====
2024-07-02 11:38:45,741 - ====================================================
2024-07-02 11:38:45,741 - 

2024-07-02 11:38:45,743 - R2 [mean] conjunto de predição NITROGENIO:
2024-07-02 11:38:45,743 - ====================================================
2024-07-02 11:38:45,743 - ====>>>>> R2 [mean]: 0.5768126647060076 <<<<<====
2024-07-02 11:38:45,743 - ====>>>>> MAE [mean]: 0.4939216574343917 <<<<<====
2024-07-02 11:38:45,744 - ====>>>>> MSE [mean]: 0.37874900085699265 <<<<<====
2024-07-02 11:38:45,744 - ====================================================
2024-07-02 11:38:45,744 - 

2024-07-02 11:38:45,746 - R2 [median] conjunto de predição NITROGENIO:
2024-07-02 11:38:45,746 - ====================================================
2024-07-02 11:38:45,746 - ====>>>>> R2 [median]: 0.5868991856804325 <<<<<====
2024-07-02 11:38:45,746 - ====>>>>> MAE [median]: 0.4876062194247353 <<<<<====
2024-07-02 11:38:45,746 - ====>>>>> MSE [median]: 0.36972165192053974 <<<<<====
2024-07-02 11:38:45,746 - ====================================================
2024-07-02 11:38:45,746 - 

2024-07-02 11:38:45,747 - #######################
2024-07-02 11:38:45,747 - Info parameters: 
2024-07-02 11:38:45,747 -  -e (--epochs): 100
2024-07-02 11:38:45,747 -  -G (--grid_search_trials): 0
2024-07-02 11:38:45,747 -  -i (--amount_image_train): 8930
2024-07-02 11:38:45,747 -  -I (--amount_image_test): 3843
2024-07-02 11:38:45,748 -  -L (--log_level): 0
2024-07-02 11:38:45,748 -  -m (--model): 22 - EfficientNetV2L
2024-07-02 11:38:45,748 -  -M (--show_model): False
2024-07-02 11:38:45,748 -  -n (--name): EfficientNetV2L_Normalize3_Epochs100_Patience10_Separed_Preprocess
2024-07-02 11:38:45,748 -  -N (--normalize): NormalizeEnum.StandardScaler
2024-07-02 11:38:45,748 -  -p (--preprocess): False
2024-07-02 11:38:45,748 -  -P (--patience): 10
2024-07-02 11:38:45,748 -  -S (--separed): False
2024-07-02 11:38:45,748 -  -t (--trainable): False
2024-07-02 11:38:45,748 -  -T (--Test): False
2024-07-02 11:38:45,748 - #######################
