2024-07-03 09:26:05,047 - 
2024-07-03 09:26:05,047 - ====================================================
2024-07-03 09:26:05,047 - ********** R2 Modelo: 0.3688549331998275 **********
2024-07-03 09:26:05,047 - ********** MAE: 0.6043506971366011 **********
2024-07-03 09:26:05,047 - ********** MSE: 0.5619910604176903 **********
2024-07-03 09:26:05,047 - ====================================================
2024-07-03 09:26:05,047 - 

2024-07-03 09:26:05,047 - Alguns exemplos de predições ...
2024-07-03 09:26:05,261 - 
Melhores resultados ...


2024-07-03 09:26:05,268 - 
     amostra  teor_cabono_real  teor_cabono_predict  teor_cabono_diff  error_carbono(%)  teor_nitrogenio_real  teor_nitrogenio_predict  teor_nitrogenio_diff  error_nitrogenio(%) grupo
2675     C12          0.282579             0.282497          0.000083          0.029212             -0.066622                 0.380170              0.446792           670.639326   C12
3157     C41         -0.741339            -0.740648          0.000691          0.093163             -0.589271                -0.626947              0.037676             6.393669   C41
937       L7         -0.988241            -0.989244          0.001002          0.101437             -1.547462                -0.930311              0.617151            39.881496    L7
1730      C4          0.522220             0.523644          0.001424          0.272689             -0.066622                 0.397576              0.464198           696.765478    C4
2155     L33          0.986977             0.990024          0.003047          0.308705              1.327110                 1.045079              0.282032            21.251558   L33

2024-07-03 09:26:05,268 - 
Piores resultados ...


2024-07-03 09:26:05,274 - 
     amostra  teor_cabono_real  teor_cabono_predict  teor_cabono_diff  error_carbono(%)  teor_nitrogenio_real  teor_nitrogenio_predict  teor_nitrogenio_diff  error_nitrogenio(%) grupo
2115     L40          0.035677             0.934569          0.898892       2519.532291              0.281811                 0.967623              0.685812           243.358610   L40
1559     L40          0.035677             0.948940          0.913263       2559.812804              0.281811                 0.975436              0.693625           246.131152   L40
112      L40          0.035677             0.972701          0.937024       2626.412320              0.281811                 0.909000              0.627189           222.556357   L40
2209     L40          0.035677             1.243364          1.207687       3385.062033              0.281811                 1.283124              1.001313           355.313472   L40
773      L40          0.035677             1.617922          1.582245       4434.921862              0.281811                 1.708209              1.426398           506.153849   L40


2024-07-03 09:26:05,277 - R2 [mean] conjunto de predição CARBONO:
2024-07-03 09:26:05,277 - ====================================================
2024-07-03 09:26:05,277 - ====>>>>> R2 [mean]: 0.4105616544896037 <<<<<====
2024-07-03 09:26:05,277 - ====>>>>> MAE [mean]: 0.5938846304961871 <<<<<====
2024-07-03 09:26:05,277 - ====>>>>> MSE [mean]: 0.5312612678333644 <<<<<====
2024-07-03 09:26:05,277 - ====================================================
2024-07-03 09:26:05,277 - 

2024-07-03 09:26:05,280 - R2 [median] conjunto de predição CARBONO:
2024-07-03 09:26:05,280 - ====================================================
2024-07-03 09:26:05,280 - ====>>>>> R2 [median]: 0.42979094777026083 <<<<<====
2024-07-03 09:26:05,280 - ====>>>>> MAE [median]: 0.582352782173725 <<<<<====
2024-07-03 09:26:05,280 - ====>>>>> MSE [median]: 0.5139298899112584 <<<<<====
2024-07-03 09:26:05,280 - ====================================================
2024-07-03 09:26:05,280 - 

2024-07-03 09:26:05,282 - R2 [mean] conjunto de predição NITROGENIO:
2024-07-03 09:26:05,282 - ====================================================
2024-07-03 09:26:05,283 - ====>>>>> R2 [mean]: 0.4835976383037426 <<<<<====
2024-07-03 09:26:05,283 - ====>>>>> MAE [mean]: 0.5686728897553672 <<<<<====
2024-07-03 09:26:05,283 - ====>>>>> MSE [mean]: 0.46217564237070724 <<<<<====
2024-07-03 09:26:05,283 - ====================================================
2024-07-03 09:26:05,283 - 

2024-07-03 09:26:05,285 - R2 [median] conjunto de predição NITROGENIO:
2024-07-03 09:26:05,285 - ====================================================
2024-07-03 09:26:05,285 - ====>>>>> R2 [median]: 0.5084985547846728 <<<<<====
2024-07-03 09:26:05,285 - ====>>>>> MAE [median]: 0.563919208786641 <<<<<====
2024-07-03 09:26:05,285 - ====>>>>> MSE [median]: 0.4398895377286017 <<<<<====
2024-07-03 09:26:05,285 - ====================================================
2024-07-03 09:26:05,286 - 

2024-07-03 09:26:05,286 - #######################
2024-07-03 09:26:05,286 - Info parameters: 
2024-07-03 09:26:05,286 -  -e (--epochs): 100
2024-07-03 09:26:05,286 -  -G (--grid_search_trials): 0
2024-07-03 09:26:05,287 -  -i (--amount_image_train): 8930
2024-07-03 09:26:05,287 -  -I (--amount_image_test): 3843
2024-07-03 09:26:05,287 -  -L (--log_level): 0
2024-07-03 09:26:05,287 -  -m (--model): 50 - VGG19
2024-07-03 09:26:05,287 -  -M (--show_model): False
2024-07-03 09:26:05,287 -  -n (--name): VGG19_50_Normalize4_Epochs100_Patience10_Separed_Preprocess
2024-07-03 09:26:05,287 -  -N (--normalize): NormalizeEnum.StandardScaler
2024-07-03 09:26:05,287 -  -p (--preprocess): True
2024-07-03 09:26:05,287 -  -P (--patience): 10
2024-07-03 09:26:05,287 -  -S (--separed): False
2024-07-03 09:26:05,287 -  -t (--trainable): False
2024-07-03 09:26:05,287 -  -T (--Test): False
2024-07-03 09:26:05,287 - #######################
