2024-07-02 09:42:13,111 - 
2024-07-02 09:42:13,111 - ====================================================
2024-07-02 09:42:13,111 - ********** R2 Modelo: 0.4978628497939344 **********
2024-07-02 09:42:13,112 - ********** MAE [mean]: 0.34534678018924636 **********
2024-07-02 09:42:13,112 - ********** MSE [mean]: 0.18088252431624646 **********
2024-07-02 09:42:13,112 - ====================================================
2024-07-02 09:42:13,112 - 

2024-07-02 09:42:13,112 - Alguns exemplos de predições ...
2024-07-02 09:42:13,309 - 
Melhores resultados ...


2024-07-02 09:42:13,315 - 
     amostra  teor_cabono_real  teor_cabono_predict  teor_cabono_diff  error_carbono(%)  teor_nitrogenio_real  teor_nitrogenio_predict  teor_nitrogenio_diff  error_nitrogenio(%) grupo
3532     C46         -0.248848            -0.248757          0.000091          0.036423              0.500000                -0.192708              0.692708           138.541502   C46
3803     C39         -0.608295            -0.607574          0.000720          0.118441             -0.444444                -0.485814              0.041369             9.308044   C39
1102     C41         -0.562212            -0.560820          0.001392          0.247519             -0.388889                -0.464984              0.076095            19.567253   C41
3152      C8          0.165899             0.165443          0.000455          0.274446             -0.111111                 0.206902              0.318013           286.211757    C8
1821     C39         -0.608295            -0.610459          0.002164          0.355775             -0.444444                -0.453623              0.009178             2.065147   C39

2024-07-02 09:42:13,315 - 
Piores resultados ...


2024-07-02 09:42:13,321 - 
     amostra  teor_cabono_real  teor_cabono_predict  teor_cabono_diff  error_carbono(%)  teor_nitrogenio_real  teor_nitrogenio_predict  teor_nitrogenio_diff  error_nitrogenio(%) grupo
2053     C10         -0.041475            -0.694494          0.653019       1574.501791             -0.166667                -0.706972              0.540305           324.182987   C10
3128     C10         -0.041475            -0.708606          0.667131       1608.527668             -0.166667                -0.815254              0.648588           389.152598   C10
2402     C10         -0.041475            -0.725658          0.684183       1649.641778             -0.166667                -0.787993              0.621326           372.795773   C10
535      C10         -0.041475            -0.739124          0.697650       1682.110951             -0.166667                -0.721285              0.554618           332.771063   C10
2469     C10         -0.041475            -0.757788          0.716313       1727.111073             -0.166667                -0.761949              0.595282           357.169187   C10


2024-07-02 09:42:13,324 - R2 [mean] conjunto de predição CARBONO:
2024-07-02 09:42:13,324 - ====================================================
2024-07-02 09:42:13,324 - ====>>>>> R2 [mean]: 0.5390434703993384 <<<<<====
2024-07-02 09:42:13,324 - ====>>>>> MAE [mean]: 0.33538804353771307 <<<<<====
2024-07-02 09:42:13,324 - ====>>>>> MSE [mean]: 0.16730849075951332 <<<<<====
2024-07-02 09:42:13,324 - ====================================================
2024-07-02 09:42:13,324 - 

2024-07-02 09:42:13,327 - R2 [median] conjunto de predição CARBONO:
2024-07-02 09:42:13,327 - ====================================================
2024-07-02 09:42:13,327 - ====>>>>> R2 [median]: 0.5618163205991364 <<<<<====
2024-07-02 09:42:13,327 - ====>>>>> MAE [median]: 0.3297078566472163 <<<<<====
2024-07-02 09:42:13,327 - ====>>>>> MSE [median]: 0.15904287143848655 <<<<<====
2024-07-02 09:42:13,327 - ====================================================
2024-07-02 09:42:13,327 - 

2024-07-02 09:42:13,329 - R2 [mean] conjunto de predição NITROGENIO:
2024-07-02 09:42:13,329 - ====================================================
2024-07-02 09:42:13,330 - ====>>>>> R2 [mean]: 0.62901044217303 <<<<<====
2024-07-02 09:42:13,330 - ====>>>>> MAE [mean]: 0.30444665204105065 <<<<<====
2024-07-02 09:42:13,330 - ====>>>>> MSE [mean]: 0.13505693627034263 <<<<<====
2024-07-02 09:42:13,330 - ====================================================
2024-07-02 09:42:13,330 - 

2024-07-02 09:42:13,332 - R2 [median] conjunto de predição NITROGENIO:
2024-07-02 09:42:13,332 - ====================================================
2024-07-02 09:42:13,332 - ====>>>>> R2 [median]: 0.6463783325093048 <<<<<====
2024-07-02 09:42:13,332 - ====>>>>> MAE [median]: 0.2992742238834562 <<<<<====
2024-07-02 09:42:13,332 - ====>>>>> MSE [median]: 0.12873424063428224 <<<<<====
2024-07-02 09:42:13,332 - ====================================================
2024-07-02 09:42:13,332 - 

2024-07-02 09:42:13,333 - #######################
2024-07-02 09:42:13,333 - Info parameters: 
2024-07-02 09:42:13,333 -  -e (--epochs): 100
2024-07-02 09:42:13,333 -  -G (--grid_search_trials): 0
2024-07-02 09:42:13,333 -  -i (--amount_image_train): 8930
2024-07-02 09:42:13,334 -  -I (--amount_image_test): 3843
2024-07-02 09:42:13,334 -  -L (--log_level): 0
2024-07-02 09:42:13,334 -  -m (--model): 22 - EfficientNetV2L
2024-07-02 09:42:13,334 -  -M (--show_model): False
2024-07-02 09:42:13,334 -  -n (--name): EfficientNetV2L_Normalize2_Epochs100_Patience10_Separed_Preprocess
2024-07-02 09:42:13,334 -  -N (--normalize): NormalizeEnum.RobustScaler
2024-07-02 09:42:13,334 -  -p (--preprocess): True
2024-07-02 09:42:13,334 -  -P (--patience): 10
2024-07-02 09:42:13,334 -  -S (--separed): False
2024-07-02 09:42:13,334 -  -t (--trainable): False
2024-07-02 09:42:13,334 -  -T (--Test): False
2024-07-02 09:42:13,334 - #######################
