2024-07-02 16:47:01,611 - 
2024-07-02 16:47:01,612 - ====================================================
2024-07-02 16:47:01,612 - ********** R2 Modelo: 0.48463802510770504 **********
2024-07-02 16:47:01,612 - ********** MAE [mean]: 0.11536510630187051 **********
2024-07-02 16:47:01,612 - ********** MSE [mean]: 0.021697296941385454 **********
2024-07-02 16:47:01,612 - ====================================================
2024-07-02 16:47:01,612 - 

2024-07-02 16:47:01,612 - Alguns exemplos de predições ...
2024-07-02 16:47:01,815 - 
Melhores resultados ...


2024-07-02 16:47:01,822 - 
     amostra  teor_cabono_real  teor_cabono_predict  teor_cabono_diff  error_carbono(%)  teor_nitrogenio_real  teor_nitrogenio_predict  teor_nitrogenio_diff  error_nitrogenio(%) grupo
1017     L17          0.581616             0.581715          0.000098          0.016926              0.547170                 0.475412              0.071757            13.114269   L17
1110      C8          0.483360             0.483108          0.000251          0.052018              0.320755                 0.414336              0.093581            29.175247    C8
1814     L20          0.470681             0.470937          0.000255          0.054225              0.433962                 0.393333              0.040630             9.362501   L20
370      C12          0.456418             0.455999          0.000420          0.091947              0.339623                 0.374553              0.034931            10.285171   C12
1229     L20          0.470681             0.471293          0.000612          0.129934              0.433962                 0.396945              0.037018             8.530127   L20

2024-07-02 16:47:01,822 - 
Piores resultados ...


2024-07-02 16:47:01,829 - 
     amostra  teor_cabono_real  teor_cabono_predict  teor_cabono_diff  error_carbono(%)  teor_nitrogenio_real  teor_nitrogenio_predict  teor_nitrogenio_diff  error_nitrogenio(%) grupo
3726     C51               0.0             0.440305          0.440305               inf                   0.0                 0.388815              0.388815                  inf   C51
2156     C51               0.0             0.410248          0.410248               inf                   0.0                 0.357282              0.357282                  inf   C51
2204     C51               0.0             0.383285          0.383285               inf                   0.0                 0.305953              0.305953                  inf   C51
665      C51               0.0             0.404377          0.404377               inf                   0.0                 0.361688              0.361688                  inf   C51
3842     C51               0.0             0.356705          0.356705               inf                   0.0                 0.288899              0.288899                  inf   C51


2024-07-02 16:47:01,832 - R2 [mean] conjunto de predição CARBONO:
2024-07-02 16:47:01,832 - ====================================================
2024-07-02 16:47:01,832 - ====>>>>> R2 [mean]: 0.5679758096360996 <<<<<====
2024-07-02 16:47:01,832 - ====>>>>> MAE [mean]: 0.10637502792439646 <<<<<====
2024-07-02 16:47:01,833 - ====>>>>> MSE [mean]: 0.018544999437682237 <<<<<====
2024-07-02 16:47:01,833 - ====================================================
2024-07-02 16:47:01,833 - 

2024-07-02 16:47:01,836 - R2 [median] conjunto de predição CARBONO:
2024-07-02 16:47:01,836 - ====================================================
2024-07-02 16:47:01,836 - ====>>>>> R2 [median]: 0.5747510378202545 <<<<<====
2024-07-02 16:47:01,836 - ====>>>>> MAE [median]: 0.102451054880182 <<<<<====
2024-07-02 16:47:01,836 - ====>>>>> MSE [median]: 0.01825416710544758 <<<<<====
2024-07-02 16:47:01,836 - ====================================================
2024-07-02 16:47:01,836 - 

2024-07-02 16:47:01,839 - R2 [mean] conjunto de predição NITROGENIO:
2024-07-02 16:47:01,839 - ====================================================
2024-07-02 16:47:01,839 - ====>>>>> R2 [mean]: 0.5543585144961602 <<<<<====
2024-07-02 16:47:01,839 - ====>>>>> MAE [mean]: 0.10569654557148446 <<<<<====
2024-07-02 16:47:01,839 - ====>>>>> MSE [mean]: 0.018712598185302468 <<<<<====
2024-07-02 16:47:01,839 - ====================================================
2024-07-02 16:47:01,839 - 

2024-07-02 16:47:01,842 - R2 [median] conjunto de predição NITROGENIO:
2024-07-02 16:47:01,842 - ====================================================
2024-07-02 16:47:01,842 - ====>>>>> R2 [median]: 0.5543495611216855 <<<<<====
2024-07-02 16:47:01,842 - ====>>>>> MAE [median]: 0.10746476681060842 <<<<<====
2024-07-02 16:47:01,842 - ====>>>>> MSE [median]: 0.018712974139751044 <<<<<====
2024-07-02 16:47:01,842 - ====================================================
2024-07-02 16:47:01,842 - 

2024-07-02 16:47:01,843 - #######################
2024-07-02 16:47:01,843 - Info parameters: 
2024-07-02 16:47:01,843 -  -e (--epochs): 100
2024-07-02 16:47:01,843 -  -G (--grid_search_trials): 0
2024-07-02 16:47:01,843 -  -i (--amount_image_train): 8930
2024-07-02 16:47:01,843 -  -I (--amount_image_test): 3843
2024-07-02 16:47:01,844 -  -L (--log_level): 0
2024-07-02 16:47:01,844 -  -m (--model): 10 - ConvNeXtBase
2024-07-02 16:47:01,844 -  -M (--show_model): False
2024-07-02 16:47:01,844 -  -n (--name): ConvNeXtBase_10_Normalize1_Epochs100_Patience10_Separed_Preprocess
2024-07-02 16:47:01,844 -  -N (--normalize): NormalizeEnum.MinMaxScaler
2024-07-02 16:47:01,844 -  -p (--preprocess): True
2024-07-02 16:47:01,844 -  -P (--patience): 10
2024-07-02 16:47:01,844 -  -S (--separed): False
2024-07-02 16:47:01,844 -  -t (--trainable): False
2024-07-02 16:47:01,844 -  -T (--Test): False
2024-07-02 16:47:01,844 - #######################
