2024-07-03 02:12:10,359 - 
2024-07-03 02:12:10,360 - ====================================================
2024-07-03 02:12:10,360 - ********** R2 Modelo: 0.2342410940541586 **********
2024-07-03 02:12:10,360 - ********** MAE: 0.5476831834705351 **********
2024-07-03 02:12:10,360 - ********** MSE: 0.7642125525174264 **********
2024-07-03 02:12:10,360 - ====================================================
2024-07-03 02:12:10,360 - 

2024-07-03 02:12:10,360 - Alguns exemplos de predições ...
2024-07-03 02:12:10,561 - 
Melhores resultados ...


2024-07-03 02:12:10,569 - 
     amostra  teor_cabono_real  teor_cabono_predict  teor_cabono_diff  error_carbono(%)  teor_nitrogenio_real  teor_nitrogenio_predict  teor_nitrogenio_diff  error_nitrogenio(%) grupo
2554     C16              1.60             1.600678          0.000678          0.042365                  0.12                 0.155911              0.035911            29.925832   C16
1636     L26              2.92             2.921398          0.001398          0.047882                  0.24                 0.255443              0.015443             6.434561   L26
1127     C37              1.09             1.089405          0.000595          0.054571                  0.09                 0.096592              0.006592             7.324984   C37
3581     C16              1.60             1.600902          0.000902          0.056387                  0.12                 0.164255              0.044255            36.879049   C16
585      C46              2.46             2.458194          0.001806          0.073414                  0.31                 0.211190              0.098810            31.874093   C46

2024-07-03 02:12:10,569 - 
Piores resultados ...


2024-07-03 02:12:10,577 - 
     amostra  teor_cabono_real  teor_cabono_predict  teor_cabono_diff  error_carbono(%)  teor_nitrogenio_real  teor_nitrogenio_predict  teor_nitrogenio_diff  error_nitrogenio(%) grupo
2848     C51              0.31             3.780905          3.470905       1119.646931                  0.03                 0.337367              0.307367          1024.557952   C51
515      C51              0.31             3.852948          3.542948       1142.886436                  0.03                 0.357739              0.327739          1092.462742   C51
2834     C51              0.31             3.920901          3.610901       1164.806640                  0.03                 0.340115              0.310115          1033.716007   C51
1891     C51              0.31             3.927532          3.617532       1166.945716                  0.03                 0.381452              0.351452          1171.507243   C51
66       C51              0.31             4.189704          3.879704       1251.517554                  0.03                 0.404962              0.374962          1249.871755   C51


2024-07-03 02:12:10,580 - R2 [mean] conjunto de predição CARBONO:
2024-07-03 02:12:10,580 - ====================================================
2024-07-03 02:12:10,580 - ====>>>>> R2 [mean]: 0.2108003893902014 <<<<<====
2024-07-03 02:12:10,580 - ====>>>>> MAE [mean]: 0.9752270357697099 <<<<<====
2024-07-03 02:12:10,580 - ====>>>>> MSE [mean]: 1.3488521244915943 <<<<<====
2024-07-03 02:12:10,580 - ====================================================
2024-07-03 02:12:10,581 - 

2024-07-03 02:12:10,584 - R2 [median] conjunto de predição CARBONO:
2024-07-03 02:12:10,584 - ====================================================
2024-07-03 02:12:10,584 - ====>>>>> R2 [median]: 0.18874147589312118 <<<<<====
2024-07-03 02:12:10,584 - ====>>>>> MAE [median]: 0.9878528934054905 <<<<<====
2024-07-03 02:12:10,584 - ====>>>>> MSE [median]: 1.3865538819867893 <<<<<====
2024-07-03 02:12:10,584 - ====================================================
2024-07-03 02:12:10,584 - 

2024-07-03 02:12:10,587 - R2 [mean] conjunto de predição NITROGENIO:
2024-07-03 02:12:10,587 - ====================================================
2024-07-03 02:12:10,587 - ====>>>>> R2 [mean]: 0.5084470264515406 <<<<<====
2024-07-03 02:12:10,587 - ====>>>>> MAE [mean]: 0.060954251532201416 <<<<<====
2024-07-03 02:12:10,587 - ====>>>>> MSE [mean]: 0.005797897665780225 <<<<<====
2024-07-03 02:12:10,587 - ====================================================
2024-07-03 02:12:10,587 - 

2024-07-03 02:12:10,590 - R2 [median] conjunto de predição NITROGENIO:
2024-07-03 02:12:10,590 - ====================================================
2024-07-03 02:12:10,590 - ====>>>>> R2 [median]: 0.5063483974742997 <<<<<====
2024-07-03 02:12:10,590 - ====>>>>> MAE [median]: 0.062021552997606776 <<<<<====
2024-07-03 02:12:10,590 - ====>>>>> MSE [median]: 0.005822651124111779 <<<<<====
2024-07-03 02:12:10,590 - ====================================================
2024-07-03 02:12:10,590 - 

2024-07-03 02:12:10,591 - #######################
2024-07-03 02:12:10,592 - Info parameters: 
2024-07-03 02:12:10,592 -  -e (--epochs): 100
2024-07-03 02:12:10,592 -  -G (--grid_search_trials): 0
2024-07-03 02:12:10,592 -  -i (--amount_image_train): 8930
2024-07-03 02:12:10,592 -  -I (--amount_image_test): 3843
2024-07-03 02:12:10,592 -  -L (--log_level): 0
2024-07-03 02:12:10,592 -  -m (--model): 2 - ResNet152
2024-07-03 02:12:10,592 -  -M (--show_model): False
2024-07-03 02:12:10,592 -  -n (--name): ResNet152_2_Normalize0_Epochs100_Patience10_Separed_Preprocess
2024-07-03 02:12:10,592 -  -N (--normalize): NormalizeEnum.NONE
2024-07-03 02:12:10,592 -  -p (--preprocess): False
2024-07-03 02:12:10,592 -  -P (--patience): 10
2024-07-03 02:12:10,592 -  -S (--separed): False
2024-07-03 02:12:10,592 -  -t (--trainable): False
2024-07-03 02:12:10,592 -  -T (--Test): False
2024-07-03 02:12:10,592 - #######################
