2024-07-03 01:57:55,534 - 
2024-07-03 01:57:55,534 - ====================================================
2024-07-03 01:57:55,534 - ********** R2 Modelo: 0.24439241803990214 **********
2024-07-03 01:57:55,535 - ********** MAE: 0.6035609155683168 **********
2024-07-03 01:57:55,535 - ********** MSE: 0.6728282346251093 **********
2024-07-03 01:57:55,535 - ====================================================
2024-07-03 01:57:55,535 - 

2024-07-03 01:57:55,535 - Alguns exemplos de predições ...
2024-07-03 01:57:56,098 - 
Melhores resultados ...


2024-07-03 01:57:56,106 - 
     amostra  teor_cabono_real  teor_cabono_predict  teor_cabono_diff  error_carbono(%)  teor_nitrogenio_real  teor_nitrogenio_predict  teor_nitrogenio_diff  error_nitrogenio(%) grupo
1709      L2         -0.291105            -0.291141          0.000036          0.012234             -0.850596                -0.412859              0.437738            51.462439    L2
3397      L2         -0.291105            -0.290794          0.000312          0.107148             -0.850596                -0.424262              0.426335            50.121861    L2
446       C4          0.522220             0.522889          0.000669          0.128169             -0.066622                 0.065337              0.131959           198.071742    C4
1043     C39         -0.813957            -0.815644          0.001686          0.207168             -0.676380                -0.684906              0.008526             1.260604   C39
3535     L23          1.066857             1.063613          0.003244          0.304085              1.152894                 1.091601              0.061292             5.316403   L23

2024-07-03 01:57:56,107 - 
Piores resultados ...


2024-07-03 01:57:56,114 - 
     amostra  teor_cabono_real  teor_cabono_predict  teor_cabono_diff  error_carbono(%)  teor_nitrogenio_real  teor_nitrogenio_predict  teor_nitrogenio_diff  error_nitrogenio(%) grupo
1289     L40          0.035677             0.690599          0.654922       1835.699652              0.281811                 0.659773              0.377962           134.118930   L40
1294     L40          0.035677             0.693688          0.658012       1844.360272              0.281811                 0.661438              0.379627           134.709750   L40
2125     L40          0.035677             0.807845          0.772168       2164.331921              0.281811                 0.755495              0.473684           168.085523   L40
74       L40          0.035677             0.859645          0.823968       2309.524239              0.281811                 0.856477              0.574665           203.918569   L40
646      L40          0.035677             0.995114          0.959437       2689.235606              0.281811                 1.004734              0.722922           256.527244   L40


2024-07-03 01:57:56,131 - R2 [mean] conjunto de predição CARBONO:
2024-07-03 01:57:56,131 - ====================================================
2024-07-03 01:57:56,132 - ====>>>>> R2 [mean]: 0.2791197457072382 <<<<<====
2024-07-03 01:57:56,132 - ====>>>>> MAE [mean]: 0.6136722547921352 <<<<<====
2024-07-03 01:57:56,132 - ====>>>>> MSE [mean]: 0.6497299688231022 <<<<<====
2024-07-03 01:57:56,132 - ====================================================
2024-07-03 01:57:56,132 - 

2024-07-03 01:57:56,135 - R2 [median] conjunto de predição CARBONO:
2024-07-03 01:57:56,135 - ====================================================
2024-07-03 01:57:56,135 - ====>>>>> R2 [median]: 0.2963159038956472 <<<<<====
2024-07-03 01:57:56,135 - ====>>>>> MAE [median]: 0.6055609365591165 <<<<<====
2024-07-03 01:57:56,135 - ====>>>>> MSE [median]: 0.6342310572395222 <<<<<====
2024-07-03 01:57:56,135 - ====================================================
2024-07-03 01:57:56,135 - 

2024-07-03 01:57:56,138 - R2 [mean] conjunto de predição NITROGENIO:
2024-07-03 01:57:56,138 - ====================================================
2024-07-03 01:57:56,138 - ====>>>>> R2 [mean]: 0.3810766899299334 <<<<<====
2024-07-03 01:57:56,139 - ====>>>>> MAE [mean]: 0.5569870249624375 <<<<<====
2024-07-03 01:57:56,139 - ====>>>>> MSE [mean]: 0.5539310034722302 <<<<<====
2024-07-03 01:57:56,139 - ====================================================
2024-07-03 01:57:56,139 - 

2024-07-03 01:57:56,142 - R2 [median] conjunto de predição NITROGENIO:
2024-07-03 01:57:56,142 - ====================================================
2024-07-03 01:57:56,142 - ====>>>>> R2 [median]: 0.39736338797062287 <<<<<====
2024-07-03 01:57:56,142 - ====>>>>> MAE [median]: 0.551435624678465 <<<<<====
2024-07-03 01:57:56,142 - ====>>>>> MSE [median]: 0.5393545497466353 <<<<<====
2024-07-03 01:57:56,142 - ====================================================
2024-07-03 01:57:56,142 - 

2024-07-03 01:57:56,202 - #######################
2024-07-03 01:57:56,203 - Info parameters: 
2024-07-03 01:57:56,203 -  -e (--epochs): 100
2024-07-03 01:57:56,203 -  -G (--grid_search_trials): 0
2024-07-03 01:57:56,203 -  -i (--amount_image_train): 8930
2024-07-03 01:57:56,203 -  -I (--amount_image_test): 3843
2024-07-03 01:57:56,203 -  -L (--log_level): 0
2024-07-03 01:57:56,203 -  -m (--model): 2 - ResNet152
2024-07-03 01:57:56,203 -  -M (--show_model): False
2024-07-03 01:57:56,203 -  -n (--name): ResNet152_2_Normalize4_Epochs100_Patience10_Separed_Preprocess
2024-07-03 01:57:56,203 -  -N (--normalize): NormalizeEnum.StandardScaler
2024-07-03 01:57:56,203 -  -p (--preprocess): True
2024-07-03 01:57:56,203 -  -P (--patience): 10
2024-07-03 01:57:56,204 -  -S (--separed): False
2024-07-03 01:57:56,204 -  -t (--trainable): False
2024-07-03 01:57:56,204 -  -T (--Test): False
2024-07-03 01:57:56,204 - #######################
