2024-07-02 18:31:47,183 - 
2024-07-02 18:31:47,183 - ====================================================
2024-07-02 18:31:47,183 - ********** R2 Modelo: -0.7140350138791769 **********
2024-07-02 18:31:47,183 - ********** MAE [mean]: 0.5491720754866571 **********
2024-07-02 18:31:47,183 - ********** MSE [mean]: 0.661977377664481 **********
2024-07-02 18:31:47,183 - ====================================================
2024-07-02 18:31:47,183 - 

2024-07-02 18:31:47,184 - Alguns exemplos de predições ...
2024-07-02 18:31:47,391 - 
Melhores resultados ...


2024-07-02 18:31:47,398 - 
     amostra  teor_cabono_real  teor_cabono_predict  teor_cabono_diff  error_carbono(%)  teor_nitrogenio_real  teor_nitrogenio_predict  teor_nitrogenio_diff  error_nitrogenio(%) grupo
115      L26              2.92             2.920110          0.000110          0.003767                  0.24                -0.006938              0.246938           102.890837   L26
950      C16              1.60             1.599502          0.000498          0.031097                  0.12                 0.089388              0.030612            25.510312   C16
602      C46              2.46             2.461178          0.001178          0.047879                  0.31                 0.154167              0.155833            50.268826   C46
3451     C46              2.46             2.457946          0.002054          0.083503                  0.31                 0.087403              0.222597            71.805638   C46
1219      L7              1.44             1.441380          0.001380          0.095835                  0.04                 0.026348              0.013652            34.130828    L7

2024-07-02 18:31:47,398 - 
Piores resultados ...


2024-07-02 18:31:47,405 - 
     amostra  teor_cabono_real  teor_cabono_predict  teor_cabono_diff  error_carbono(%)  teor_nitrogenio_real  teor_nitrogenio_predict  teor_nitrogenio_diff  error_nitrogenio(%) grupo
3614     C51              0.31             2.980560          2.670560        861.471065                  0.03                 0.279645              0.249645           832.149092   C51
260      C51              0.31             2.989983          2.679983        864.510748                  0.03                 0.197430              0.167430           558.098757   C51
1690     C51              0.31             3.113696          2.803696        904.418096                  0.03                 0.070391              0.040391           134.636863   C51
361      C51              0.31             3.187196          2.877196        928.127824                  0.03                 0.321457              0.291457           971.523726   C51
2023     C51              0.31             3.492709          3.182709       1026.680297                  0.03                 0.206496              0.176496           588.320398   C51


2024-07-02 18:31:47,408 - R2 [mean] conjunto de predição CARBONO:
2024-07-02 18:31:47,409 - ====================================================
2024-07-02 18:31:47,409 - ====>>>>> R2 [mean]: 0.33964778646751836 <<<<<====
2024-07-02 18:31:47,409 - ====>>>>> MAE [mean]: 0.890485606546755 <<<<<====
2024-07-02 18:31:47,409 - ====>>>>> MSE [mean]: 1.128633965553753 <<<<<====
2024-07-02 18:31:47,409 - ====================================================
2024-07-02 18:31:47,409 - 

2024-07-02 18:31:47,412 - R2 [median] conjunto de predição CARBONO:
2024-07-02 18:31:47,412 - ====================================================
2024-07-02 18:31:47,412 - ====>>>>> R2 [median]: 0.33661134975662044 <<<<<====
2024-07-02 18:31:47,412 - ====>>>>> MAE [median]: 0.8947857814364961 <<<<<====
2024-07-02 18:31:47,412 - ====>>>>> MSE [median]: 1.1338236590778215 <<<<<====
2024-07-02 18:31:47,412 - ====================================================
2024-07-02 18:31:47,413 - 

2024-07-02 18:31:47,415 - R2 [mean] conjunto de predição NITROGENIO:
2024-07-02 18:31:47,415 - ====================================================
2024-07-02 18:31:47,415 - ====>>>>> R2 [mean]: -0.7417970387711152 <<<<<====
2024-07-02 18:31:47,416 - ====>>>>> MAE [mean]: 0.12735330624833566 <<<<<====
2024-07-02 18:31:47,416 - ====>>>>> MSE [mean]: 0.02054460359064103 <<<<<====
2024-07-02 18:31:47,416 - ====================================================
2024-07-02 18:31:47,416 - 

2024-07-02 18:31:47,419 - R2 [median] conjunto de predição NITROGENIO:
2024-07-02 18:31:47,419 - ====================================================
2024-07-02 18:31:47,419 - ====>>>>> R2 [median]: -0.8375319895114934 <<<<<====
2024-07-02 18:31:47,419 - ====>>>>> MAE [median]: 0.13089694599793467 <<<<<====
2024-07-02 18:31:47,419 - ====>>>>> MSE [median]: 0.021673803244188654 <<<<<====
2024-07-02 18:31:47,419 - ====================================================
2024-07-02 18:31:47,419 - 

2024-07-02 18:31:47,420 - #######################
2024-07-02 18:31:47,420 - Info parameters: 
2024-07-02 18:31:47,420 -  -e (--epochs): 100
2024-07-02 18:31:47,420 -  -G (--grid_search_trials): 0
2024-07-02 18:31:47,420 -  -i (--amount_image_train): 8930
2024-07-02 18:31:47,420 -  -I (--amount_image_test): 3843
2024-07-02 18:31:47,421 -  -L (--log_level): 0
2024-07-02 18:31:47,421 -  -m (--model): 10 - ConvNeXtBase
2024-07-02 18:31:47,421 -  -M (--show_model): False
2024-07-02 18:31:47,421 -  -n (--name): ConvNeXtBase_10_Normalize0_Epochs100_Patience10_Separed_Preprocess
2024-07-02 18:31:47,421 -  -N (--normalize): NormalizeEnum.NONE
2024-07-02 18:31:47,421 -  -p (--preprocess): False
2024-07-02 18:31:47,421 -  -P (--patience): 10
2024-07-02 18:31:47,421 -  -S (--separed): False
2024-07-02 18:31:47,421 -  -t (--trainable): False
2024-07-02 18:31:47,421 -  -T (--Test): False
2024-07-02 18:31:47,421 - #######################
