2024-07-03 00:36:04,740 - 
2024-07-03 00:36:04,740 - ====================================================
2024-07-03 00:36:04,740 - ********** R2 Modelo: 0.35434408766400716 **********
2024-07-03 00:36:04,740 - ********** MAE: 0.1335365186665372 **********
2024-07-03 00:36:04,740 - ********** MSE: 0.02718543056059566 **********
2024-07-03 00:36:04,740 - ====================================================
2024-07-03 00:36:04,740 - 

2024-07-03 00:36:04,740 - Alguns exemplos de predições ...
2024-07-03 00:36:04,941 - 
Melhores resultados ...


2024-07-03 00:36:04,947 - 
     amostra  teor_cabono_real  teor_cabono_predict  teor_cabono_diff  error_carbono(%)  teor_nitrogenio_real  teor_nitrogenio_predict  teor_nitrogenio_diff  error_nitrogenio(%) grupo
178      C24          0.671949             0.672163          0.000213          0.031744              0.679245                 0.467666              0.211579            31.149146   C24
919      L40          0.402536             0.402171          0.000364          0.090534              0.415094                 0.409038              0.006056             1.458911   L40
630       L2          0.331220             0.330857          0.000363          0.109687              0.169811                 0.234908              0.065097            38.335000    L2
1720     C41          0.232964             0.232671          0.000293          0.125562              0.226415                 0.223999              0.002416             1.066960   C41
1675     C46          0.340729             0.340277          0.000452          0.132591              0.528302                 0.252626              0.275676            52.181535   C46

2024-07-03 00:36:04,947 - 
Piores resultados ...


2024-07-03 00:36:04,953 - 
     amostra  teor_cabono_real  teor_cabono_predict  teor_cabono_diff  error_carbono(%)  teor_nitrogenio_real  teor_nitrogenio_predict  teor_nitrogenio_diff  error_nitrogenio(%) grupo
3746     C51               0.0             0.360375          0.360375               inf                   0.0                 0.290090              0.290090                  inf   C51
69       C51               0.0             0.329205          0.329205               inf                   0.0                 0.234707              0.234707                  inf   C51
282      C51               0.0             0.263390          0.263390               inf                   0.0                 0.189272              0.189272                  inf   C51
3678     C51               0.0             0.444536          0.444536               inf                   0.0                 0.344590              0.344590                  inf   C51
1820     C51               0.0             0.321881          0.321881               inf                   0.0                 0.233847              0.233847                  inf   C51


2024-07-03 00:36:04,956 - R2 [mean] conjunto de predição CARBONO:
2024-07-03 00:36:04,956 - ====================================================
2024-07-03 00:36:04,956 - ====>>>>> R2 [mean]: 0.41879582135438453 <<<<<====
2024-07-03 00:36:04,956 - ====>>>>> MAE [mean]: 0.12940787278693444 <<<<<====
2024-07-03 00:36:04,956 - ====>>>>> MSE [mean]: 0.024948675112573374 <<<<<====
2024-07-03 00:36:04,956 - ====================================================
2024-07-03 00:36:04,956 - 

2024-07-03 00:36:04,959 - R2 [median] conjunto de predição CARBONO:
2024-07-03 00:36:04,959 - ====================================================
2024-07-03 00:36:04,959 - ====>>>>> R2 [median]: 0.421371309471237 <<<<<====
2024-07-03 00:36:04,959 - ====>>>>> MAE [median]: 0.12827928753664508 <<<<<====
2024-07-03 00:36:04,959 - ====>>>>> MSE [median]: 0.024838120132680802 <<<<<====
2024-07-03 00:36:04,959 - ====================================================
2024-07-03 00:36:04,959 - 

2024-07-03 00:36:04,961 - R2 [mean] conjunto de predição NITROGENIO:
2024-07-03 00:36:04,962 - ====================================================
2024-07-03 00:36:04,962 - ====>>>>> R2 [mean]: 0.4439263658893813 <<<<<====
2024-07-03 00:36:04,962 - ====>>>>> MAE [mean]: 0.11960399098782834 <<<<<====
2024-07-03 00:36:04,962 - ====>>>>> MSE [mean]: 0.02334967191124143 <<<<<====
2024-07-03 00:36:04,962 - ====================================================
2024-07-03 00:36:04,962 - 

2024-07-03 00:36:04,964 - R2 [median] conjunto de predição NITROGENIO:
2024-07-03 00:36:04,964 - ====================================================
2024-07-03 00:36:04,964 - ====>>>>> R2 [median]: 0.45272793171615355 <<<<<====
2024-07-03 00:36:04,964 - ====>>>>> MAE [median]: 0.11875661806698694 <<<<<====
2024-07-03 00:36:04,965 - ====>>>>> MSE [median]: 0.022980091946010698 <<<<<====
2024-07-03 00:36:04,965 - ====================================================
2024-07-03 00:36:04,965 - 

2024-07-03 00:36:04,965 - #######################
2024-07-03 00:36:04,965 - Info parameters: 
2024-07-03 00:36:04,966 -  -e (--epochs): 100
2024-07-03 00:36:04,966 -  -G (--grid_search_trials): 0
2024-07-03 00:36:04,966 -  -i (--amount_image_train): 8930
2024-07-03 00:36:04,966 -  -I (--amount_image_test): 3843
2024-07-03 00:36:04,966 -  -L (--log_level): 0
2024-07-03 00:36:04,966 -  -m (--model): 21 - EfficientNetV2S
2024-07-03 00:36:04,966 -  -M (--show_model): False
2024-07-03 00:36:04,966 -  -n (--name): EfficientNetV2S_21_Normalize1_Epochs100_Patience10_Separed_Preprocess
2024-07-03 00:36:04,966 -  -N (--normalize): NormalizeEnum.MinMaxScaler
2024-07-03 00:36:04,966 -  -p (--preprocess): True
2024-07-03 00:36:04,966 -  -P (--patience): 10
2024-07-03 00:36:04,966 -  -S (--separed): False
2024-07-03 00:36:04,966 -  -t (--trainable): False
2024-07-03 00:36:04,966 -  -T (--Test): False
2024-07-03 00:36:04,966 - #######################
