2024-07-02 14:38:17,726 - 
2024-07-02 14:38:17,726 - ====================================================
2024-07-02 14:38:17,726 - ********** R2 Modelo: 0.22716064387565543 **********
2024-07-02 14:38:17,726 - ********** MAE [mean]: 0.4337263212373086 **********
2024-07-02 14:38:17,726 - ********** MSE [mean]: 0.27854480185983715 **********
2024-07-02 14:38:17,726 - ====================================================
2024-07-02 14:38:17,726 - 

2024-07-02 14:38:17,727 - Alguns exemplos de predições ...
2024-07-02 14:38:18,263 - 
Melhores resultados ...


2024-07-02 14:38:18,271 - 
     amostra  teor_cabono_real  teor_cabono_predict  teor_cabono_diff  error_carbono(%)  teor_nitrogenio_real  teor_nitrogenio_predict  teor_nitrogenio_diff  error_nitrogenio(%) grupo
1829      L2         -0.276498            -0.276233          0.000265          0.095865             -0.555556                -0.282587              0.272969            49.134417    L2
1907     C41         -0.562212            -0.563006          0.000794          0.141249             -0.388889                -0.366477              0.022412             5.763054   C41
1740     C39         -0.608295            -0.606801          0.001494          0.245598             -0.444444                -0.410141              0.034304             7.718371   C39
3351     C39         -0.608295            -0.605683          0.002612          0.429342             -0.444444                -0.495522              0.051077            11.492388   C39
894      C41         -0.562212            -0.559514          0.002698          0.479911             -0.388889                -0.353312              0.035577             9.148278   C41

2024-07-02 14:38:18,271 - 
Piores resultados ...


2024-07-02 14:38:18,278 - 
     amostra  teor_cabono_real  teor_cabono_predict  teor_cabono_diff  error_carbono(%)  teor_nitrogenio_real  teor_nitrogenio_predict  teor_nitrogenio_diff  error_nitrogenio(%) grupo
1320     C10         -0.041475            -0.673300          0.631825       1523.400460             -0.166667                -0.765505              0.598839           359.303153   C10
646      C10         -0.041475            -0.683048          0.641573       1546.904790             -0.166667                -0.811180              0.644513           386.707962   C10
2412     C10         -0.041475            -0.684110          0.642635       1549.464469             -0.166667                -0.805723              0.639056           383.433592   C10
267      C10         -0.041475            -0.707906          0.666431       1606.839754             -0.166667                -0.816442              0.649776           389.865494   C10
768      C10         -0.041475            -0.710901          0.669427       1614.061784             -0.166667                -0.820117              0.653451           392.070305   C10


2024-07-02 14:38:18,281 - R2 [mean] conjunto de predição CARBONO:
2024-07-02 14:38:18,281 - ====================================================
2024-07-02 14:38:18,281 - ====>>>>> R2 [mean]: 0.2629548252386643 <<<<<====
2024-07-02 14:38:18,281 - ====>>>>> MAE [mean]: 0.4221216017549803 <<<<<====
2024-07-02 14:38:18,281 - ====>>>>> MSE [mean]: 0.26751745097901275 <<<<<====
2024-07-02 14:38:18,282 - ====================================================
2024-07-02 14:38:18,282 - 

2024-07-02 14:38:18,285 - R2 [median] conjunto de predição CARBONO:
2024-07-02 14:38:18,285 - ====================================================
2024-07-02 14:38:18,285 - ====>>>>> R2 [median]: 0.2636667551997378 <<<<<====
2024-07-02 14:38:18,285 - ====>>>>> MAE [median]: 0.4233560722076797 <<<<<====
2024-07-02 14:38:18,285 - ====>>>>> MSE [median]: 0.2672590493301265 <<<<<====
2024-07-02 14:38:18,285 - ====================================================
2024-07-02 14:38:18,285 - 

2024-07-02 14:38:18,288 - R2 [mean] conjunto de predição NITROGENIO:
2024-07-02 14:38:18,288 - ====================================================
2024-07-02 14:38:18,288 - ====>>>>> R2 [mean]: 0.32150640554375887 <<<<<====
2024-07-02 14:38:18,288 - ====>>>>> MAE [mean]: 0.40285465482013005 <<<<<====
2024-07-02 14:38:18,288 - ====>>>>> MSE [mean]: 0.2470022786707411 <<<<<====
2024-07-02 14:38:18,288 - ====================================================
2024-07-02 14:38:18,288 - 

2024-07-02 14:38:18,291 - R2 [median] conjunto de predição NITROGENIO:
2024-07-02 14:38:18,291 - ====================================================
2024-07-02 14:38:18,291 - ====>>>>> R2 [median]: 0.32852383993891954 <<<<<====
2024-07-02 14:38:18,291 - ====>>>>> MAE [median]: 0.39970790851217364 <<<<<====
2024-07-02 14:38:18,292 - ====>>>>> MSE [median]: 0.2444476159588311 <<<<<====
2024-07-02 14:38:18,292 - ====================================================
2024-07-02 14:38:18,292 - 

2024-07-02 14:38:18,293 - #######################
2024-07-02 14:38:18,293 - Info parameters: 
2024-07-02 14:38:18,293 -  -e (--epochs): 100
2024-07-02 14:38:18,293 -  -G (--grid_search_trials): 0
2024-07-02 14:38:18,293 -  -i (--amount_image_train): 8930
2024-07-02 14:38:18,293 -  -I (--amount_image_test): 3843
2024-07-02 14:38:18,293 -  -L (--log_level): 0
2024-07-02 14:38:18,293 -  -m (--model): 40 - DenseNet169
2024-07-02 14:38:18,293 -  -M (--show_model): False
2024-07-02 14:38:18,293 -  -n (--name): DenseNet169_40_Normalize2_Epochs100_Patience10_Separed_Preprocess
2024-07-02 14:38:18,293 -  -N (--normalize): NormalizeEnum.RobustScaler
2024-07-02 14:38:18,294 -  -p (--preprocess): False
2024-07-02 14:38:18,294 -  -P (--patience): 10
2024-07-02 14:38:18,294 -  -S (--separed): False
2024-07-02 14:38:18,294 -  -t (--trainable): False
2024-07-02 14:38:18,294 -  -T (--Test): False
2024-07-02 14:38:18,294 - #######################
