2024-07-02 18:12:58,022 - 
2024-07-02 18:12:58,023 - ====================================================
2024-07-02 18:12:58,023 - ********** R2 Modelo: 0.4272682597387501 **********
2024-07-02 18:12:58,023 - ********** MAE [mean]: 0.5589422773567477 **********
2024-07-02 18:12:58,023 - ********** MSE [mean]: 0.5100599474455614 **********
2024-07-02 18:12:58,023 - ====================================================
2024-07-02 18:12:58,023 - 

2024-07-02 18:12:58,023 - Alguns exemplos de predições ...
2024-07-02 18:12:58,226 - 
Melhores resultados ...


2024-07-02 18:12:58,233 - 
     amostra  teor_cabono_real  teor_cabono_predict  teor_cabono_diff  error_carbono(%)  teor_nitrogenio_real  teor_nitrogenio_predict  teor_nitrogenio_diff  error_nitrogenio(%) grupo
198      L20          0.347936             0.347556          0.000380          0.109162              0.368919                 0.227698              0.141222            38.279780   L20
1104     C12          0.282579             0.282152          0.000427          0.151225             -0.066622                 0.077388              0.144010           216.160590   C12
1178      C8          0.406030             0.405186          0.000844          0.207906             -0.153730                 0.267084              0.420814           273.735861    C8
3424      C8          0.406030             0.406903          0.000873          0.214896             -0.153730                 0.193333              0.347063           225.761299    C8
2354     C41         -0.741339            -0.739326          0.002013          0.271469             -0.589271                -0.625568              0.036297             6.159608   C41

2024-07-02 18:12:58,234 - 
Piores resultados ...


2024-07-02 18:12:58,241 - 
     amostra  teor_cabono_real  teor_cabono_predict  teor_cabono_diff  error_carbono(%)  teor_nitrogenio_real  teor_nitrogenio_predict  teor_nitrogenio_diff  error_nitrogenio(%) grupo
2056     L40          0.035677             0.529869          0.494192       1385.186348              0.281811                 0.476767              0.194956            69.179721   L40
959      L40          0.035677             0.542804          0.507127       1421.440698              0.281811                 0.500682              0.218871            77.665717   L40
145      L40          0.035677             0.543858          0.508181       1424.395457              0.281811                 0.459264              0.177453            62.968754   L40
482      L40          0.035677             0.559590          0.523913       1468.491628              0.281811                 0.635972              0.354161           125.673046   L40
1377     L40          0.035677             0.596098          0.560421       1570.822070              0.281811                 0.521552              0.239741            85.071416   L40


2024-07-02 18:12:58,244 - R2 [mean] conjunto de predição CARBONO:
2024-07-02 18:12:58,244 - ====================================================
2024-07-02 18:12:58,244 - ====>>>>> R2 [mean]: 0.4484308717596186 <<<<<====
2024-07-02 18:12:58,244 - ====>>>>> MAE [mean]: 0.563704946746322 <<<<<====
2024-07-02 18:12:58,244 - ====>>>>> MSE [mean]: 0.49712971101836845 <<<<<====
2024-07-02 18:12:58,244 - ====================================================
2024-07-02 18:12:58,244 - 

2024-07-02 18:12:58,247 - R2 [median] conjunto de predição CARBONO:
2024-07-02 18:12:58,247 - ====================================================
2024-07-02 18:12:58,248 - ====>>>>> R2 [median]: 0.4492669880743062 <<<<<====
2024-07-02 18:12:58,248 - ====>>>>> MAE [median]: 0.5623633727488178 <<<<<====
2024-07-02 18:12:58,248 - ====>>>>> MSE [median]: 0.49637611869309745 <<<<<====
2024-07-02 18:12:58,248 - ====================================================
2024-07-02 18:12:58,248 - 

2024-07-02 18:12:58,251 - R2 [mean] conjunto de predição NITROGENIO:
2024-07-02 18:12:58,251 - ====================================================
2024-07-02 18:12:58,251 - ====>>>>> R2 [mean]: 0.48854929751412235 <<<<<====
2024-07-02 18:12:58,251 - ====>>>>> MAE [mean]: 0.5315004040918004 <<<<<====
2024-07-02 18:12:58,251 - ====>>>>> MSE [mean]: 0.4577439502521025 <<<<<====
2024-07-02 18:12:58,251 - ====================================================
2024-07-02 18:12:58,251 - 

2024-07-02 18:12:58,254 - R2 [median] conjunto de predição NITROGENIO:
2024-07-02 18:12:58,254 - ====================================================
2024-07-02 18:12:58,254 - ====>>>>> R2 [median]: 0.4977799393593987 <<<<<====
2024-07-02 18:12:58,254 - ====>>>>> MAE [median]: 0.5212649146799456 <<<<<====
2024-07-02 18:12:58,254 - ====>>>>> MSE [median]: 0.44948260572547966 <<<<<====
2024-07-02 18:12:58,254 - ====================================================
2024-07-02 18:12:58,254 - 

2024-07-02 18:12:58,255 - #######################
2024-07-02 18:12:58,256 - Info parameters: 
2024-07-02 18:12:58,256 -  -e (--epochs): 100
2024-07-02 18:12:58,256 -  -G (--grid_search_trials): 0
2024-07-02 18:12:58,256 -  -i (--amount_image_train): 8930
2024-07-02 18:12:58,256 -  -I (--amount_image_test): 3843
2024-07-02 18:12:58,256 -  -L (--log_level): 0
2024-07-02 18:12:58,256 -  -m (--model): 10 - ConvNeXtBase
2024-07-02 18:12:58,256 -  -M (--show_model): False
2024-07-02 18:12:58,256 -  -n (--name): ConvNeXtBase_10_Normalize4_Epochs100_Patience10_Separed_Preprocess
2024-07-02 18:12:58,256 -  -N (--normalize): NormalizeEnum.StandardScaler
2024-07-02 18:12:58,256 -  -p (--preprocess): True
2024-07-02 18:12:58,256 -  -P (--patience): 10
2024-07-02 18:12:58,256 -  -S (--separed): False
2024-07-02 18:12:58,257 -  -t (--trainable): False
2024-07-02 18:12:58,257 -  -T (--Test): False
2024-07-02 18:12:58,257 - #######################
