2024-07-02 11:54:32,510 - 
2024-07-02 11:54:32,510 - ====================================================
2024-07-02 11:54:32,511 - ********** R2 Modelo: 0.4955735058767833 **********
2024-07-02 11:54:32,511 - ********** MAE [mean]: 0.5391153138203455 **********
2024-07-02 11:54:32,511 - ********** MSE [mean]: 0.44925741237718536 **********
2024-07-02 11:54:32,511 - ====================================================
2024-07-02 11:54:32,511 - 

2024-07-02 11:54:32,511 - Alguns exemplos de predições ...
2024-07-02 11:54:32,705 - 
Melhores resultados ...


2024-07-02 11:54:32,711 - 
     amostra  teor_cabono_real  teor_cabono_predict  teor_cabono_diff  error_carbono(%)  teor_nitrogenio_real  teor_nitrogenio_predict  teor_nitrogenio_diff  error_nitrogenio(%) grupo
1759     C23          0.362459             0.362442          0.000017          0.004684              0.456028                 0.320955              0.135073            29.619464   C23
481      C39         -0.813957            -0.813762          0.000195          0.023999             -0.676380                -0.810691              0.134312            19.857453   C39
1828     C37         -1.242405            -1.241813          0.000592          0.047671             -1.111921                -1.255532              0.143611            12.915549   C37
2992      C8          0.406030             0.406237          0.000207          0.050922             -0.153730                 0.283204              0.436934           284.221338    C8
856       C8          0.406030             0.405684          0.000346          0.085234             -0.153730                 0.371320              0.525051           341.540560    C8

2024-07-02 11:54:32,711 - 
Piores resultados ...


2024-07-02 11:54:32,717 - 
     amostra  teor_cabono_real  teor_cabono_predict  teor_cabono_diff  error_carbono(%)  teor_nitrogenio_real  teor_nitrogenio_predict  teor_nitrogenio_diff  error_nitrogenio(%) grupo
3564     L40          0.035677             0.703811          0.668134       1872.734040              0.281811                 0.682258              0.400446           142.097386   L40
878      L40          0.035677             0.724476          0.688799       1930.654391              0.281811                 0.696660              0.414848           147.207911   L40
3505     L40          0.035677             0.740074          0.704397       1974.375495              0.281811                 0.726252              0.444441           157.708657   L40
3108     L40          0.035677             0.836896          0.801219       2245.760028              0.281811                 0.865453              0.583642           207.103864   L40
1547     L40          0.035677             0.876714          0.841037       2357.368740              0.281811                 0.707302              0.425491           150.984450   L40


2024-07-02 11:54:32,720 - R2 [mean] conjunto de predição CARBONO:
2024-07-02 11:54:32,720 - ====================================================
2024-07-02 11:54:32,720 - ====>>>>> R2 [mean]: 0.564102944690424 <<<<<====
2024-07-02 11:54:32,720 - ====>>>>> MAE [mean]: 0.499648996927193 <<<<<====
2024-07-02 11:54:32,720 - ====>>>>> MSE [mean]: 0.3928743761115064 <<<<<====
2024-07-02 11:54:32,720 - ====================================================
2024-07-02 11:54:32,720 - 

2024-07-02 11:54:32,723 - R2 [median] conjunto de predição CARBONO:
2024-07-02 11:54:32,723 - ====================================================
2024-07-02 11:54:32,723 - ====>>>>> R2 [median]: 0.586784910868099 <<<<<====
2024-07-02 11:54:32,723 - ====>>>>> MAE [median]: 0.4883533269391193 <<<<<====
2024-07-02 11:54:32,723 - ====>>>>> MSE [median]: 0.372431101254539 <<<<<====
2024-07-02 11:54:32,723 - ====================================================
2024-07-02 11:54:32,723 - 

2024-07-02 11:54:32,726 - R2 [mean] conjunto de predição NITROGENIO:
2024-07-02 11:54:32,726 - ====================================================
2024-07-02 11:54:32,726 - ====>>>>> R2 [mean]: 0.5905613015810218 <<<<<====
2024-07-02 11:54:32,726 - ====>>>>> MAE [mean]: 0.47666701987940563 <<<<<====
2024-07-02 11:54:32,726 - ====>>>>> MSE [mean]: 0.3664440898984931 <<<<<====
2024-07-02 11:54:32,726 - ====================================================
2024-07-02 11:54:32,726 - 

2024-07-02 11:54:32,728 - R2 [median] conjunto de predição NITROGENIO:
2024-07-02 11:54:32,728 - ====================================================
2024-07-02 11:54:32,729 - ====>>>>> R2 [median]: 0.6168646283660666 <<<<<====
2024-07-02 11:54:32,729 - ====>>>>> MAE [median]: 0.4661319453090169 <<<<<====
2024-07-02 11:54:32,729 - ====>>>>> MSE [median]: 0.3429028401771853 <<<<<====
2024-07-02 11:54:32,729 - ====================================================
2024-07-02 11:54:32,729 - 

2024-07-02 11:54:32,730 - #######################
2024-07-02 11:54:32,730 - Info parameters: 
2024-07-02 11:54:32,730 -  -e (--epochs): 100
2024-07-02 11:54:32,730 -  -G (--grid_search_trials): 0
2024-07-02 11:54:32,730 -  -i (--amount_image_train): 8930
2024-07-02 11:54:32,730 -  -I (--amount_image_test): 3843
2024-07-02 11:54:32,730 -  -L (--log_level): 0
2024-07-02 11:54:32,730 -  -m (--model): 22 - EfficientNetV2L
2024-07-02 11:54:32,730 -  -M (--show_model): False
2024-07-02 11:54:32,730 -  -n (--name): EfficientNetV2L_Normalize4_Epochs100_Patience10_Separed_Preprocess
2024-07-02 11:54:32,730 -  -N (--normalize): NormalizeEnum.StandardScaler
2024-07-02 11:54:32,730 -  -p (--preprocess): False
2024-07-02 11:54:32,730 -  -P (--patience): 10
2024-07-02 11:54:32,730 -  -S (--separed): False
2024-07-02 11:54:32,730 -  -t (--trainable): False
2024-07-02 11:54:32,730 -  -T (--Test): False
2024-07-02 11:54:32,731 - #######################
