2024-07-04 04:29:16,020 - 
2024-07-04 04:29:16,021 - ====================================================
2024-07-04 04:29:16,021 - ********** R2 Modelo: 0.45957925407932604 **********
2024-07-04 04:29:16,021 - ********** MAE: 0.3516802644351384 **********
2024-07-04 04:29:16,021 - ********** MSE: 0.19467846487976198 **********
2024-07-04 04:29:16,021 - ====================================================
2024-07-04 04:29:16,022 - 

2024-07-04 04:29:16,022 - Alguns exemplos de predições ...
2024-07-04 04:29:16,233 - 
Melhores resultados ...


2024-07-04 04:29:16,240 - 
     amostra  teor_cabono_real  teor_cabono_predict  teor_cabono_diff  error_carbono(%)  teor_nitrogenio_real  teor_nitrogenio_predict  teor_nitrogenio_diff  error_nitrogenio(%) grupo
3031      L7         -0.718894            -0.719250          0.000356          0.049514             -1.000000                -0.710727              0.289273            28.927296    L7
2679      L7         -0.718894            -0.719415          0.000521          0.072464             -1.000000                -0.664863              0.335137            33.513743    L7
2031      L7         -0.718894            -0.719673          0.000779          0.108390             -1.000000                -0.669285              0.330715            33.071458    L7
2244     C41         -0.562212            -0.561275          0.000937          0.166616             -0.388889                -0.444407              0.055518            14.276182   C41
836      C41         -0.562212            -0.560984          0.001228          0.218438             -0.388889                -0.412652              0.023763             6.110511   C41

2024-07-04 04:29:16,240 - 
Piores resultados ...


2024-07-04 04:29:16,247 - 
     amostra  teor_cabono_real  teor_cabono_predict  teor_cabono_diff  error_carbono(%)  teor_nitrogenio_real  teor_nitrogenio_predict  teor_nitrogenio_diff  error_nitrogenio(%) grupo
3463     C10         -0.041475            -0.757935          0.716460       1727.465039             -0.166667                -0.638837              0.472171           283.302367   C10
2110     C10         -0.041475            -0.771566          0.730091       1760.330286             -0.166667                -0.670932              0.504266           302.559412   C10
3750     C10         -0.041475            -0.774964          0.733490       1768.525400             -0.166667                -0.653723              0.487056           292.233801   C10
3699     C10         -0.041475            -0.778461          0.736986       1776.956205             -0.166667                -0.728639              0.561972           337.183440   C10
26       C10         -0.041475            -0.896138          0.854664       2060.689037             -0.166667                -0.784177              0.617510           370.505989   C10


2024-07-04 04:29:16,266 - R2 [mean] conjunto de predição CARBONO:
2024-07-04 04:29:16,266 - ====================================================
2024-07-04 04:29:16,267 - ====>>>>> R2 [mean]: 0.5043723338276251 <<<<<====
2024-07-04 04:29:16,267 - ====>>>>> MAE [mean]: 0.3399682494961609 <<<<<====
2024-07-04 04:29:16,267 - ====>>>>> MSE [mean]: 0.17989270458495946 <<<<<====
2024-07-04 04:29:16,267 - ====================================================
2024-07-04 04:29:16,267 - 

2024-07-04 04:29:16,270 - R2 [median] conjunto de predição CARBONO:
2024-07-04 04:29:16,270 - ====================================================
2024-07-04 04:29:16,270 - ====>>>>> R2 [median]: 0.5360283747658999 <<<<<====
2024-07-04 04:29:16,270 - ====>>>>> MAE [median]: 0.3250078120397476 <<<<<====
2024-07-04 04:29:16,270 - ====>>>>> MSE [median]: 0.16840284796574104 <<<<<====
2024-07-04 04:29:16,270 - ====================================================
2024-07-04 04:29:16,270 - 

2024-07-04 04:29:16,273 - R2 [mean] conjunto de predição NITROGENIO:
2024-07-04 04:29:16,273 - ====================================================
2024-07-04 04:29:16,273 - ====>>>>> R2 [mean]: 0.5686323992054522 <<<<<====
2024-07-04 04:29:16,273 - ====>>>>> MAE [mean]: 0.3187315110462131 <<<<<====
2024-07-04 04:29:16,273 - ====>>>>> MSE [mean]: 0.1570372678704127 <<<<<====
2024-07-04 04:29:16,273 - ====================================================
2024-07-04 04:29:16,273 - 

2024-07-04 04:29:16,276 - R2 [median] conjunto de predição NITROGENIO:
2024-07-04 04:29:16,276 - ====================================================
2024-07-04 04:29:16,276 - ====>>>>> R2 [median]: 0.5751265490027004 <<<<<====
2024-07-04 04:29:16,276 - ====>>>>> MAE [median]: 0.3151630658518385 <<<<<====
2024-07-04 04:29:16,276 - ====>>>>> MSE [median]: 0.15467310436016618 <<<<<====
2024-07-04 04:29:16,277 - ====================================================
2024-07-04 04:29:16,277 - 

2024-07-04 04:29:16,278 - #######################
2024-07-04 04:29:16,278 - Info parameters: 
2024-07-04 04:29:16,278 -  -e (--epochs): 100
2024-07-04 04:29:16,278 -  -G (--grid_search_trials): 0
2024-07-04 04:29:16,278 -  -i (--amount_image_train): 8930
2024-07-04 04:29:16,278 -  -I (--amount_image_test): 3843
2024-07-04 04:29:16,278 -  -L (--log_level): 0
2024-07-04 04:29:16,278 -  -m (--model): 11 - ConvNeXtXLarge
2024-07-04 04:29:16,278 -  -M (--show_model): False
2024-07-04 04:29:16,278 -  -n (--name): ConvNeXtXLarge_11_Normalize2_Epochs100_Patience10_Separed
2024-07-04 04:29:16,278 -  -N (--normalize): NormalizeEnum.RobustScaler
2024-07-04 04:29:16,278 -  -p (--preprocess): False
2024-07-04 04:29:16,278 -  -P (--patience): 10
2024-07-04 04:29:16,279 -  -S (--separed): False
2024-07-04 04:29:16,279 -  -t (--trainable): False
2024-07-04 04:29:16,279 -  -T (--Test): False
2024-07-04 04:29:16,279 - #######################
