2024-07-03 09:34:39,262 - 
2024-07-03 09:34:39,262 - ====================================================
2024-07-03 09:34:39,262 - ********** R2 Modelo: 0.0102245330592719 **********
2024-07-03 09:34:39,262 - ********** MAE: 0.522318237576667 **********
2024-07-03 09:34:39,262 - ********** MSE: 0.6781353269800204 **********
2024-07-03 09:34:39,262 - ====================================================
2024-07-03 09:34:39,262 - 

2024-07-03 09:34:39,262 - Alguns exemplos de predições ...
2024-07-03 09:34:39,458 - 
Melhores resultados ...


2024-07-03 09:34:39,464 - 
     amostra  teor_cabono_real  teor_cabono_predict  teor_cabono_diff  error_carbono(%)  teor_nitrogenio_real  teor_nitrogenio_predict  teor_nitrogenio_diff  error_nitrogenio(%) grupo
452      L40              2.85             2.851259          0.001259          0.044184                  0.25                 0.347737              0.097737            39.094794   L40
2553     C23              3.30             3.297499          0.002501          0.075797                  0.27                 0.341586              0.071586            26.513254   C23
2996     L26              2.92             2.917413          0.002587          0.088588                  0.24                 0.399853              0.159853            66.605624   L26
2044     L20              3.28             3.275450          0.004550          0.138705                  0.26                 0.290796              0.030796            11.844528   L20
665      L33              4.16             4.153872          0.006128          0.147296                  0.37                 0.612677              0.242677            65.588356   L33

2024-07-03 09:34:39,464 - 
Piores resultados ...


2024-07-03 09:34:39,471 - 
     amostra  teor_cabono_real  teor_cabono_predict  teor_cabono_diff  error_carbono(%)  teor_nitrogenio_real  teor_nitrogenio_predict  teor_nitrogenio_diff  error_nitrogenio(%) grupo
3306     C51              0.31             2.868918          2.558918        825.457554                  0.03                -0.045342              0.075342           251.139982   C51
2191     C51              0.31             2.956481          2.646481        853.703465                  0.03                 0.118480              0.088480           294.933919   C51
32       C51              0.31             3.024334          2.714334        875.591598                  0.03                 0.197918              0.167918           559.725765   C51
1934     C51              0.31             3.091849          2.781849        897.370751                  0.03                 0.305960              0.275960           919.867659   C51
1743     C51              0.31             3.283115          2.973115        959.069403                  0.03                 0.118597              0.088597           295.324727   C51


2024-07-03 09:34:39,473 - R2 [mean] conjunto de predição CARBONO:
2024-07-03 09:34:39,473 - ====================================================
2024-07-03 09:34:39,473 - ====>>>>> R2 [mean]: 0.3588794218212249 <<<<<====
2024-07-03 09:34:39,473 - ====>>>>> MAE [mean]: 0.8802106548238683 <<<<<====
2024-07-03 09:34:39,474 - ====>>>>> MSE [mean]: 1.0957644204405073 <<<<<====
2024-07-03 09:34:39,474 - ====================================================
2024-07-03 09:34:39,474 - 

2024-07-03 09:34:39,476 - R2 [median] conjunto de predição CARBONO:
2024-07-03 09:34:39,476 - ====================================================
2024-07-03 09:34:39,476 - ====>>>>> R2 [median]: 0.35323152043591544 <<<<<====
2024-07-03 09:34:39,476 - ====>>>>> MAE [median]: 0.8817796830777768 <<<<<====
2024-07-03 09:34:39,476 - ====>>>>> MSE [median]: 1.1054174710503615 <<<<<====
2024-07-03 09:34:39,477 - ====================================================
2024-07-03 09:34:39,477 - 

2024-07-03 09:34:39,479 - R2 [mean] conjunto de predição NITROGENIO:
2024-07-03 09:34:39,479 - ====================================================
2024-07-03 09:34:39,479 - ====>>>>> R2 [mean]: 0.6747301418685294 <<<<<====
2024-07-03 09:34:39,479 - ====>>>>> MAE [mean]: 0.052404417561160196 <<<<<====
2024-07-03 09:34:39,479 - ====>>>>> MSE [mean]: 0.0038365780550469997 <<<<<====
2024-07-03 09:34:39,479 - ====================================================
2024-07-03 09:34:39,479 - 

2024-07-03 09:34:39,482 - R2 [median] conjunto de predição NITROGENIO:
2024-07-03 09:34:39,482 - ====================================================
2024-07-03 09:34:39,482 - ====>>>>> R2 [median]: 0.6440679309882762 <<<<<====
2024-07-03 09:34:39,482 - ====>>>>> MAE [median]: 0.054913582978425204 <<<<<====
2024-07-03 09:34:39,482 - ====>>>>> MSE [median]: 0.0041982407251086535 <<<<<====
2024-07-03 09:34:39,482 - ====================================================
2024-07-03 09:34:39,482 - 

2024-07-03 09:34:39,483 - #######################
2024-07-03 09:34:39,483 - Info parameters: 
2024-07-03 09:34:39,483 -  -e (--epochs): 100
2024-07-03 09:34:39,483 -  -G (--grid_search_trials): 0
2024-07-03 09:34:39,483 -  -i (--amount_image_train): 8930
2024-07-03 09:34:39,483 -  -I (--amount_image_test): 3843
2024-07-03 09:34:39,483 -  -L (--log_level): 0
2024-07-03 09:34:39,483 -  -m (--model): 50 - VGG19
2024-07-03 09:34:39,483 -  -M (--show_model): False
2024-07-03 09:34:39,483 -  -n (--name): VGG19_50_Normalize0_Epochs100_Patience10_Separed
2024-07-03 09:34:39,483 -  -N (--normalize): NormalizeEnum.NONE
2024-07-03 09:34:39,483 -  -p (--preprocess): False
2024-07-03 09:34:39,483 -  -P (--patience): 10
2024-07-03 09:34:39,484 -  -S (--separed): False
2024-07-03 09:34:39,484 -  -t (--trainable): False
2024-07-03 09:34:39,484 -  -T (--Test): False
2024-07-03 09:34:39,484 - #######################
