2024-07-02 00:30:03,741 - 
2024-07-02 00:30:03,741 - ====================================================
2024-07-02 00:30:03,741 - ********** R2 Modelo: 0.4148384115379335 **********
2024-07-02 00:30:03,741 - ********** MAE [mean]: 0.12021300032719648 **********
2024-07-02 00:30:03,741 - ********** MSE [mean]: 0.02464356622038323 **********
2024-07-02 00:30:03,741 - ====================================================
2024-07-02 00:30:03,741 - 

2024-07-02 00:30:03,741 - Alguns exemplos de predições ...
2024-07-02 00:30:03,978 - 
Melhores resultados ...


2024-07-02 00:30:03,984 - 
     amostra  teor_cabono_real  teor_cabono_predict  teor_cabono_diff  error_carbono(%)  teor_nitrogenio_real  teor_nitrogenio_predict  teor_nitrogenio_diff  error_nitrogenio(%) grupo
284      L17          0.581616             0.581518          0.000099          0.017005              0.547170                 0.560662              0.013492             2.465732   L17
3388     L17          0.581616             0.581513          0.000104          0.017825              0.547170                 0.549434              0.002264             0.413834   L17
624      L17          0.581616             0.581411          0.000206          0.035349              0.547170                 0.542546              0.004623             0.844959   L17
3629     L23          0.627575             0.627836          0.000260          0.041467              0.603774                 0.607113              0.003340             0.553111   L23
2146     L33          0.610143             0.610397          0.000255          0.041746              0.641509                 0.581382              0.060128             9.372828   L33

2024-07-02 00:30:03,984 - 
Piores resultados ...


2024-07-02 00:30:03,990 - 
     amostra  teor_cabono_real  teor_cabono_predict  teor_cabono_diff  error_carbono(%)  teor_nitrogenio_real  teor_nitrogenio_predict  teor_nitrogenio_diff  error_nitrogenio(%) grupo
3739     C51               0.0             0.364022          0.364022               inf                   0.0                 0.291256              0.291256                  inf   C51
2830     C51               0.0             0.416013          0.416013               inf                   0.0                 0.343572              0.343572                  inf   C51
1685     C51               0.0             0.587208          0.587208               inf                   0.0                 0.534359              0.534359                  inf   C51
1750     C51               0.0             0.622789          0.622789               inf                   0.0                 0.569788              0.569788                  inf   C51
1694     C51               0.0             0.611197          0.611197               inf                   0.0                 0.541996              0.541996                  inf   C51


2024-07-02 00:30:03,993 - R2 [mean] conjunto de predição CARBONO:
2024-07-02 00:30:03,993 - ====================================================
2024-07-02 00:30:03,993 - ====>>>>> R2 [mean]: 0.45026473511285237 <<<<<====
2024-07-02 00:30:03,993 - ====>>>>> MAE [mean]: 0.11554553430461194 <<<<<====
2024-07-02 00:30:03,993 - ====>>>>> MSE [mean]: 0.023597845689193892 <<<<<====
2024-07-02 00:30:03,993 - ====================================================
2024-07-02 00:30:03,993 - 

2024-07-02 00:30:03,996 - R2 [median] conjunto de predição CARBONO:
2024-07-02 00:30:03,996 - ====================================================
2024-07-02 00:30:03,996 - ====>>>>> R2 [median]: 0.4526670925958436 <<<<<====
2024-07-02 00:30:03,996 - ====>>>>> MAE [median]: 0.1136085208569459 <<<<<====
2024-07-02 00:30:03,996 - ====>>>>> MSE [median]: 0.02349472248645458 <<<<<====
2024-07-02 00:30:03,996 - ====================================================
2024-07-02 00:30:03,996 - 

2024-07-02 00:30:03,998 - R2 [mean] conjunto de predição NITROGENIO:
2024-07-02 00:30:03,998 - ====================================================
2024-07-02 00:30:03,999 - ====>>>>> R2 [mean]: 0.5503081248361417 <<<<<====
2024-07-02 00:30:03,999 - ====>>>>> MAE [mean]: 0.11398470559001882 <<<<<====
2024-07-02 00:30:03,999 - ====>>>>> MSE [mean]: 0.018882675066982685 <<<<<====
2024-07-02 00:30:03,999 - ====================================================
2024-07-02 00:30:03,999 - 

2024-07-02 00:30:04,001 - R2 [median] conjunto de predição NITROGENIO:
2024-07-02 00:30:04,001 - ====================================================
2024-07-02 00:30:04,001 - ====>>>>> R2 [median]: 0.5571026835107367 <<<<<====
2024-07-02 00:30:04,001 - ====>>>>> MAE [median]: 0.11260167197444734 <<<<<====
2024-07-02 00:30:04,001 - ====>>>>> MSE [median]: 0.01859736983742038 <<<<<====
2024-07-02 00:30:04,001 - ====================================================
2024-07-02 00:30:04,001 - 

2024-07-02 00:30:04,002 - #######################
2024-07-02 00:30:04,002 - Info parameters: 
2024-07-02 00:30:04,002 -  -e (--epochs): 100
2024-07-02 00:30:04,002 -  -G (--grid_search_trials): 0
2024-07-02 00:30:04,002 -  -i (--amount_image_train): 8930
2024-07-02 00:30:04,002 -  -I (--amount_image_test): 3843
2024-07-02 00:30:04,003 -  -L (--log_level): 0
2024-07-02 00:30:04,003 -  -m (--model): 0 - ResNet50
2024-07-02 00:30:04,003 -  -M (--show_model): False
2024-07-02 00:30:04,003 -  -n (--name): ResNet50_Normalize1_Epochs100_Patience10_Separed_Preprocess
2024-07-02 00:30:04,003 -  -N (--normalize): NormalizeEnum.MinMaxScaler
2024-07-02 00:30:04,003 -  -p (--preprocess): True
2024-07-02 00:30:04,003 -  -P (--patience): 10
2024-07-02 00:30:04,003 -  -S (--separed): False
2024-07-02 00:30:04,003 -  -t (--trainable): False
2024-07-02 00:30:04,003 -  -T (--Test): False
2024-07-02 00:30:04,003 - #######################
