2024-07-03 20:45:29,371 - 
2024-07-03 20:45:29,371 - ====================================================
2024-07-03 20:45:29,371 - ********** R2 Modelo: 0.06151294620332998 **********
2024-07-03 20:45:29,372 - ********** MAE: 0.6232434171727885 **********
2024-07-03 20:45:29,372 - ********** MSE: 0.9751702409584042 **********
2024-07-03 20:45:29,372 - ====================================================
2024-07-03 20:45:29,372 - 

2024-07-03 20:45:29,372 - Alguns exemplos de predições ...
2024-07-03 20:45:29,585 - 
Melhores resultados ...


2024-07-03 20:45:29,592 - 
     amostra  teor_cabono_real  teor_cabono_predict  teor_cabono_diff  error_carbono(%)  teor_nitrogenio_real  teor_nitrogenio_predict  teor_nitrogenio_diff  error_nitrogenio(%) grupo
1136     C46              2.46             2.460386          0.000386          0.015693                  0.31                 0.266735              0.043265            13.956340   C46
2600     C37              1.09             1.089495          0.000505          0.046346                  0.09                 0.087889              0.002111             2.345414   C37
3053     C16              1.60             1.598296          0.001704          0.106519                  0.12                 0.141634              0.021634            18.028509   C16
1082     C39              1.68             1.677921          0.002079          0.123732                  0.14                 0.136473              0.003527             2.519403   C39
3519     C46              2.46             2.463774          0.003774          0.153433                  0.31                 0.241616              0.068384            22.059222   C46

2024-07-03 20:45:29,593 - 
Piores resultados ...


2024-07-03 20:45:29,600 - 
     amostra  teor_cabono_real  teor_cabono_predict  teor_cabono_diff  error_carbono(%)  teor_nitrogenio_real  teor_nitrogenio_predict  teor_nitrogenio_diff  error_nitrogenio(%) grupo
416      C51              0.31             3.070021          2.760021        890.329327                  0.03                 0.365326              0.335326          1117.754583   C51
2970     C51              0.31             3.106245          2.796245        902.014529                  0.03                 0.383015              0.353015          1176.717683   C51
2018     C51              0.31             3.141800          2.831800        913.483924                  0.03                 0.415108              0.385108          1283.693715   C51
1590     C51              0.31             3.205464          2.895464        934.020608                  0.03                 0.418646              0.388646          1295.485302   C51
63       C51              0.31             3.579240          3.269240       1054.593652                  0.03                 0.475343              0.445343          1484.476531   C51


2024-07-03 20:45:29,620 - R2 [mean] conjunto de predição CARBONO:
2024-07-03 20:45:29,620 - ====================================================
2024-07-03 20:45:29,620 - ====>>>>> R2 [mean]: -0.057619546445874636 <<<<<====
2024-07-03 20:45:29,620 - ====>>>>> MAE [mean]: 1.1209332911173502 <<<<<====
2024-07-03 20:45:29,620 - ====>>>>> MSE [mean]: 1.8076192042531174 <<<<<====
2024-07-03 20:45:29,620 - ====================================================
2024-07-03 20:45:29,620 - 

2024-07-03 20:45:29,623 - R2 [median] conjunto de predição CARBONO:
2024-07-03 20:45:29,623 - ====================================================
2024-07-03 20:45:29,623 - ====>>>>> R2 [median]: -0.05586948516553769 <<<<<====
2024-07-03 20:45:29,624 - ====>>>>> MAE [median]: 1.1231281173670733 <<<<<====
2024-07-03 20:45:29,624 - ====>>>>> MSE [median]: 1.8046281056207334 <<<<<====
2024-07-03 20:45:29,624 - ====================================================
2024-07-03 20:45:29,624 - 

2024-07-03 20:45:29,627 - R2 [mean] conjunto de predição NITROGENIO:
2024-07-03 20:45:29,627 - ====================================================
2024-07-03 20:45:29,627 - ====>>>>> R2 [mean]: 0.38010767422065916 <<<<<====
2024-07-03 20:45:29,627 - ====>>>>> MAE [mean]: 0.06830092273376606 <<<<<====
2024-07-03 20:45:29,627 - ====>>>>> MSE [mean]: 0.007311668247525706 <<<<<====
2024-07-03 20:45:29,627 - ====================================================
2024-07-03 20:45:29,627 - 

2024-07-03 20:45:29,630 - R2 [median] conjunto de predição NITROGENIO:
2024-07-03 20:45:29,630 - ====================================================
2024-07-03 20:45:29,630 - ====>>>>> R2 [median]: 0.3929591872255903 <<<<<====
2024-07-03 20:45:29,630 - ====>>>>> MAE [median]: 0.06805790411101446 <<<<<====
2024-07-03 20:45:29,630 - ====>>>>> MSE [median]: 0.0071600838583292725 <<<<<====
2024-07-03 20:45:29,630 - ====================================================
2024-07-03 20:45:29,630 - 

2024-07-03 20:45:29,632 - #######################
2024-07-03 20:45:29,632 - Info parameters: 
2024-07-03 20:45:29,632 -  -e (--epochs): 100
2024-07-03 20:45:29,632 -  -G (--grid_search_trials): 0
2024-07-03 20:45:29,632 -  -i (--amount_image_train): 8930
2024-07-03 20:45:29,632 -  -I (--amount_image_test): 3843
2024-07-03 20:45:29,632 -  -L (--log_level): 0
2024-07-03 20:45:29,632 -  -m (--model): 11 - ConvNeXtXLarge
2024-07-03 20:45:29,632 -  -M (--show_model): False
2024-07-03 20:45:29,632 -  -n (--name): ConvNeXtXLarge_11_Normalize0_Epochs100_Patience10_Separed_Preprocess
2024-07-03 20:45:29,632 -  -N (--normalize): NormalizeEnum.NONE
2024-07-03 20:45:29,633 -  -p (--preprocess): True
2024-07-03 20:45:29,633 -  -P (--patience): 10
2024-07-03 20:45:29,633 -  -S (--separed): False
2024-07-03 20:45:29,633 -  -t (--trainable): False
2024-07-03 20:45:29,633 -  -T (--Test): False
2024-07-03 20:45:29,633 - #######################
