2024-07-02 21:00:17,480 - 
2024-07-02 21:00:17,480 - ====================================================
2024-07-02 21:00:17,480 - ********** R2 Modelo: 0.2817718228673475 **********
2024-07-02 21:00:17,480 - ********** MAE: 0.13847387758128535 **********
2024-07-02 21:00:17,480 - ********** MSE: 0.03022826973910248 **********
2024-07-02 21:00:17,480 - ====================================================
2024-07-02 21:00:17,480 - 

2024-07-02 21:00:17,480 - Alguns exemplos de predições ...
2024-07-02 21:00:17,685 - 
Melhores resultados ...


2024-07-02 21:00:17,693 - 
     amostra  teor_cabono_real  teor_cabono_predict  teor_cabono_diff  error_carbono(%)  teor_nitrogenio_real  teor_nitrogenio_predict  teor_nitrogenio_diff  error_nitrogenio(%) grupo
461      L20          0.470681             0.470961          0.000279          0.059310              0.433962                 0.404083              0.029879             6.885212   L20
1753     L20          0.470681             0.469939          0.000743          0.157755              0.433962                 0.393794              0.040168             9.256206   L20
1634      C8          0.483360             0.484172          0.000812          0.168053              0.320755                 0.384168              0.063413            19.769921    C8
2260     L20          0.470681             0.469845          0.000837          0.177801              0.433962                 0.413044              0.020918             4.820322   L20
3224     C12          0.456418             0.457301          0.000883          0.193462              0.339623                 0.261157              0.078466            23.103902   C12

2024-07-02 21:00:17,693 - 
Piores resultados ...


2024-07-02 21:00:17,700 - 
     amostra  teor_cabono_real  teor_cabono_predict  teor_cabono_diff  error_carbono(%)  teor_nitrogenio_real  teor_nitrogenio_predict  teor_nitrogenio_diff  error_nitrogenio(%) grupo
3687     C51               0.0             0.520597          0.520597               inf                   0.0                 0.354711              0.354711                  inf   C51
2242     C51               0.0             0.439990          0.439990               inf                   0.0                 0.306681              0.306681                  inf   C51
3744     C51               0.0             0.408520          0.408520               inf                   0.0                 0.269238              0.269238                  inf   C51
1345     C51               0.0             0.482991          0.482991               inf                   0.0                 0.349723              0.349723                  inf   C51
182      C51               0.0             0.397491          0.397491               inf                   0.0                 0.250081              0.250081                  inf   C51


2024-07-02 21:00:17,703 - R2 [mean] conjunto de predição CARBONO:
2024-07-02 21:00:17,703 - ====================================================
2024-07-02 21:00:17,703 - ====>>>>> R2 [mean]: 0.41833268798711454 <<<<<====
2024-07-02 21:00:17,703 - ====>>>>> MAE [mean]: 0.12459986275082188 <<<<<====
2024-07-02 21:00:17,703 - ====>>>>> MSE [mean]: 0.0249685554994294 <<<<<====
2024-07-02 21:00:17,703 - ====================================================
2024-07-02 21:00:17,704 - 

2024-07-02 21:00:17,706 - R2 [median] conjunto de predição CARBONO:
2024-07-02 21:00:17,707 - ====================================================
2024-07-02 21:00:17,707 - ====>>>>> R2 [median]: 0.4304562071775361 <<<<<====
2024-07-02 21:00:17,707 - ====>>>>> MAE [median]: 0.12299687551061063 <<<<<====
2024-07-02 21:00:17,707 - ====>>>>> MSE [median]: 0.024448143305890607 <<<<<====
2024-07-02 21:00:17,707 - ====================================================
2024-07-02 21:00:17,707 - 

2024-07-02 21:00:17,710 - R2 [mean] conjunto de predição NITROGENIO:
2024-07-02 21:00:17,710 - ====================================================
2024-07-02 21:00:17,710 - ====>>>>> R2 [mean]: 0.2739770561523087 <<<<<====
2024-07-02 21:00:17,710 - ====>>>>> MAE [mean]: 0.1410744223642149 <<<<<====
2024-07-02 21:00:17,710 - ====>>>>> MSE [mean]: 0.030485886218991173 <<<<<====
2024-07-02 21:00:17,710 - ====================================================
2024-07-02 21:00:17,710 - 

2024-07-02 21:00:17,713 - R2 [median] conjunto de predição NITROGENIO:
2024-07-02 21:00:17,713 - ====================================================
2024-07-02 21:00:17,713 - ====>>>>> R2 [median]: 0.2998662976872528 <<<<<====
2024-07-02 21:00:17,713 - ====>>>>> MAE [median]: 0.1388911036741975 <<<<<====
2024-07-02 21:00:17,713 - ====>>>>> MSE [median]: 0.02939879044823291 <<<<<====
2024-07-02 21:00:17,713 - ====================================================
2024-07-02 21:00:17,713 - 

2024-07-02 21:00:17,714 - #######################
2024-07-02 21:00:17,714 - Info parameters: 
2024-07-02 21:00:17,714 -  -e (--epochs): 100
2024-07-02 21:00:17,715 -  -G (--grid_search_trials): 0
2024-07-02 21:00:17,715 -  -i (--amount_image_train): 8930
2024-07-02 21:00:17,715 -  -I (--amount_image_test): 3843
2024-07-02 21:00:17,715 -  -L (--log_level): 0
2024-07-02 21:00:17,715 -  -m (--model): 1 - ResNet101
2024-07-02 21:00:17,715 -  -M (--show_model): False
2024-07-02 21:00:17,715 -  -n (--name): ResNet101_1_Normalize1_Epochs100_Patience10_Separed_Preprocess
2024-07-02 21:00:17,715 -  -N (--normalize): NormalizeEnum.MinMaxScaler
2024-07-02 21:00:17,715 -  -p (--preprocess): True
2024-07-02 21:00:17,715 -  -P (--patience): 10
2024-07-02 21:00:17,715 -  -S (--separed): False
2024-07-02 21:00:17,715 -  -t (--trainable): False
2024-07-02 21:00:17,715 -  -T (--Test): False
2024-07-02 21:00:17,715 - #######################
