2024-07-03 00:57:10,376 - 
2024-07-03 00:57:10,376 - ====================================================
2024-07-03 00:57:10,376 - ********** R2 Modelo: 0.45392915819042595 **********
2024-07-03 00:57:10,376 - ********** MAE: 0.5462191270902059 **********
2024-07-03 00:57:10,377 - ********** MSE: 0.4861668819175051 **********
2024-07-03 00:57:10,377 - ====================================================
2024-07-03 00:57:10,377 - 

2024-07-03 00:57:10,377 - Alguns exemplos de predições ...
2024-07-03 00:57:10,570 - 
Melhores resultados ...


2024-07-03 00:57:10,576 - 
     amostra  teor_cabono_real  teor_cabono_predict  teor_cabono_diff  error_carbono(%)  teor_nitrogenio_real  teor_nitrogenio_predict  teor_nitrogenio_diff  error_nitrogenio(%) grupo
30       C23          0.362459             0.362521          0.000061          0.016899              0.456028                 0.382198              0.073829            16.189654   C23
1393     L33          0.986977             0.988014          0.001037          0.105096              1.327110                 1.101952              0.225158            16.966039   L33
1060      L7         -0.988241            -0.986605          0.001637          0.165602             -1.547462                -1.073381              0.474081            30.636045    L7
3275      L7         -0.988241            -0.985047          0.003195          0.323257             -1.547462                -1.217121              0.330341            21.347276    L7
1036      C8          0.406030             0.407507          0.001477          0.363676             -0.153730                 0.389796              0.543527           353.558996    C8

2024-07-03 00:57:10,576 - 
Piores resultados ...


2024-07-03 00:57:10,582 - 
     amostra  teor_cabono_real  teor_cabono_predict  teor_cabono_diff  error_carbono(%)  teor_nitrogenio_real  teor_nitrogenio_predict  teor_nitrogenio_diff  error_nitrogenio(%) grupo
2863     L40          0.035677             0.686309          0.650632       1823.676628              0.281811                 0.651294              0.369483           131.110030   L40
558      L40          0.035677             0.729385          0.693708       1944.415086              0.281811                 0.480027              0.198215            70.336213   L40
1454     C10          0.079248            -1.465868          1.545116       1949.724149             -0.240838                -1.487974              1.247136           517.831029   C10
3681     L40          0.035677             0.770191          0.734514       2058.791273              0.281811                 0.769924              0.488113           173.205778   L40
3042     L40          0.035677            -0.755147          0.790824       2216.624567              0.281811                -0.801610              1.083421           384.449352   L40


2024-07-03 00:57:10,585 - R2 [mean] conjunto de predição CARBONO:
2024-07-03 00:57:10,585 - ====================================================
2024-07-03 00:57:10,585 - ====>>>>> R2 [mean]: 0.4868561162569993 <<<<<====
2024-07-03 00:57:10,585 - ====>>>>> MAE [mean]: 0.5349972729829904 <<<<<====
2024-07-03 00:57:10,585 - ====>>>>> MSE [mean]: 0.46249700640392893 <<<<<====
2024-07-03 00:57:10,585 - ====================================================
2024-07-03 00:57:10,585 - 

2024-07-03 00:57:10,588 - R2 [median] conjunto de predição CARBONO:
2024-07-03 00:57:10,588 - ====================================================
2024-07-03 00:57:10,588 - ====>>>>> R2 [median]: 0.50213595799576 <<<<<====
2024-07-03 00:57:10,588 - ====>>>>> MAE [median]: 0.5290150177601874 <<<<<====
2024-07-03 00:57:10,588 - ====>>>>> MSE [median]: 0.4487252724197781 <<<<<====
2024-07-03 00:57:10,588 - ====================================================
2024-07-03 00:57:10,588 - 

2024-07-03 00:57:10,590 - R2 [mean] conjunto de predição NITROGENIO:
2024-07-03 00:57:10,590 - ====================================================
2024-07-03 00:57:10,591 - ====>>>>> R2 [mean]: 0.6184082274570747 <<<<<====
2024-07-03 00:57:10,591 - ====>>>>> MAE [mean]: 0.47827420951089394 <<<<<====
2024-07-03 00:57:10,591 - ====>>>>> MSE [mean]: 0.3415213323562178 <<<<<====
2024-07-03 00:57:10,591 - ====================================================
2024-07-03 00:57:10,591 - 

2024-07-03 00:57:10,593 - R2 [median] conjunto de predição NITROGENIO:
2024-07-03 00:57:10,593 - ====================================================
2024-07-03 00:57:10,593 - ====>>>>> R2 [median]: 0.6219915110719125 <<<<<====
2024-07-03 00:57:10,593 - ====>>>>> MAE [median]: 0.4858768183407729 <<<<<====
2024-07-03 00:57:10,593 - ====>>>>> MSE [median]: 0.3383143245473375 <<<<<====
2024-07-03 00:57:10,593 - ====================================================
2024-07-03 00:57:10,594 - 

2024-07-03 00:57:10,594 - #######################
2024-07-03 00:57:10,594 - Info parameters: 
2024-07-03 00:57:10,594 -  -e (--epochs): 100
2024-07-03 00:57:10,594 -  -G (--grid_search_trials): 0
2024-07-03 00:57:10,595 -  -i (--amount_image_train): 8930
2024-07-03 00:57:10,595 -  -I (--amount_image_test): 3843
2024-07-03 00:57:10,595 -  -L (--log_level): 0
2024-07-03 00:57:10,595 -  -m (--model): 21 - EfficientNetV2S
2024-07-03 00:57:10,595 -  -M (--show_model): False
2024-07-03 00:57:10,595 -  -n (--name): EfficientNetV2S_21_Normalize3_Epochs100_Patience10_Separed_Preprocess
2024-07-03 00:57:10,595 -  -N (--normalize): NormalizeEnum.StandardScaler
2024-07-03 00:57:10,595 -  -p (--preprocess): True
2024-07-03 00:57:10,595 -  -P (--patience): 10
2024-07-03 00:57:10,595 -  -S (--separed): False
2024-07-03 00:57:10,595 -  -t (--trainable): False
2024-07-03 00:57:10,595 -  -T (--Test): False
2024-07-03 00:57:10,595 - #######################
