2024-07-02 14:28:14,484 - 
2024-07-02 14:28:14,485 - ====================================================
2024-07-02 14:28:14,485 - ********** R2 Modelo: 0.2839741407720763 **********
2024-07-02 14:28:14,485 - ********** MAE [mean]: 0.142793763971472 **********
2024-07-02 14:28:14,485 - ********** MSE [mean]: 0.030149509138765032 **********
2024-07-02 14:28:14,485 - ====================================================
2024-07-02 14:28:14,485 - 

2024-07-02 14:28:14,485 - Alguns exemplos de predições ...
2024-07-02 14:28:15,029 - 
Melhores resultados ...


2024-07-02 14:28:15,036 - 
     amostra  teor_cabono_real  teor_cabono_predict  teor_cabono_diff  error_carbono(%)  teor_nitrogenio_real  teor_nitrogenio_predict  teor_nitrogenio_diff  error_nitrogenio(%) grupo
2862     C39          0.217116             0.217109          0.000006          0.002981              0.207547                 0.210774              0.003227             1.554604   C39
1324     C46          0.340729             0.340633          0.000096          0.028235              0.528302                 0.273162              0.255140            48.294267   C46
3836     C41          0.232964             0.233084          0.000121          0.051816              0.226415                 0.222425              0.003990             1.762444   C41
162      C46          0.340729             0.340478          0.000251          0.073788              0.528302                 0.283656              0.244646            46.307983   C46
69       C39          0.217116             0.216837          0.000279          0.128488              0.207547                 0.211285              0.003737             1.800766   C39

2024-07-02 14:28:15,036 - 
Piores resultados ...


2024-07-02 14:28:15,043 - 
     amostra  teor_cabono_real  teor_cabono_predict  teor_cabono_diff  error_carbono(%)  teor_nitrogenio_real  teor_nitrogenio_predict  teor_nitrogenio_diff  error_nitrogenio(%) grupo
2077     C51               0.0             0.425426          0.425426               inf                   0.0                 0.386313              0.386313                  inf   C51
628      C51               0.0             0.431223          0.431223               inf                   0.0                 0.378982              0.378982                  inf   C51
3353     C51               0.0             0.357499          0.357499               inf                   0.0                 0.292272              0.292272                  inf   C51
2095     C51               0.0             0.328036          0.328036               inf                   0.0                 0.269327              0.269327                  inf   C51
1417     C51               0.0             0.304786          0.304786               inf                   0.0                 0.254504              0.254504                  inf   C51


2024-07-02 14:28:15,046 - R2 [mean] conjunto de predição CARBONO:
2024-07-02 14:28:15,046 - ====================================================
2024-07-02 14:28:15,046 - ====>>>>> R2 [mean]: 0.3192089207480652 <<<<<====
2024-07-02 14:28:15,047 - ====>>>>> MAE [mean]: 0.13989729798493644 <<<<<====
2024-07-02 14:28:15,047 - ====>>>>> MSE [mean]: 0.029223526051334676 <<<<<====
2024-07-02 14:28:15,047 - ====================================================
2024-07-02 14:28:15,047 - 

2024-07-02 14:28:15,050 - R2 [median] conjunto de predição CARBONO:
2024-07-02 14:28:15,050 - ====================================================
2024-07-02 14:28:15,050 - ====>>>>> R2 [median]: 0.33715340046984044 <<<<<====
2024-07-02 14:28:15,050 - ====>>>>> MAE [median]: 0.13837369950824396 <<<<<====
2024-07-02 14:28:15,050 - ====>>>>> MSE [median]: 0.028453244262091542 <<<<<====
2024-07-02 14:28:15,050 - ====================================================
2024-07-02 14:28:15,050 - 

2024-07-02 14:28:15,053 - R2 [mean] conjunto de predição NITROGENIO:
2024-07-02 14:28:15,053 - ====================================================
2024-07-02 14:28:15,053 - ====>>>>> R2 [mean]: 0.37800752896540435 <<<<<====
2024-07-02 14:28:15,053 - ====>>>>> MAE [mean]: 0.13166882755829684 <<<<<====
2024-07-02 14:28:15,053 - ====>>>>> MSE [mean]: 0.026117620471520234 <<<<<====
2024-07-02 14:28:15,053 - ====================================================
2024-07-02 14:28:15,054 - 

2024-07-02 14:28:15,056 - R2 [median] conjunto de predição NITROGENIO:
2024-07-02 14:28:15,056 - ====================================================
2024-07-02 14:28:15,057 - ====>>>>> R2 [median]: 0.3922765593804487 <<<<<====
2024-07-02 14:28:15,057 - ====>>>>> MAE [median]: 0.13034361295771713 <<<<<====
2024-07-02 14:28:15,057 - ====>>>>> MSE [median]: 0.025518460291563683 <<<<<====
2024-07-02 14:28:15,057 - ====================================================
2024-07-02 14:28:15,057 - 

2024-07-02 14:28:15,058 - #######################
2024-07-02 14:28:15,058 - Info parameters: 
2024-07-02 14:28:15,058 -  -e (--epochs): 100
2024-07-02 14:28:15,058 -  -G (--grid_search_trials): 0
2024-07-02 14:28:15,058 -  -i (--amount_image_train): 8930
2024-07-02 14:28:15,058 -  -I (--amount_image_test): 3843
2024-07-02 14:28:15,058 -  -L (--log_level): 0
2024-07-02 14:28:15,058 -  -m (--model): 40 - DenseNet169
2024-07-02 14:28:15,059 -  -M (--show_model): False
2024-07-02 14:28:15,059 -  -n (--name): DenseNet169_40_Normalize1_Epochs100_Patience10_Separed_Preprocess
2024-07-02 14:28:15,059 -  -N (--normalize): NormalizeEnum.MinMaxScaler
2024-07-02 14:28:15,059 -  -p (--preprocess): False
2024-07-02 14:28:15,059 -  -P (--patience): 10
2024-07-02 14:28:15,059 -  -S (--separed): False
2024-07-02 14:28:15,059 -  -t (--trainable): False
2024-07-02 14:28:15,059 -  -T (--Test): False
2024-07-02 14:28:15,059 - #######################
