2024-07-03 00:33:59,220 - 
2024-07-03 00:33:59,220 - ====================================================
2024-07-03 00:33:59,220 - ********** R2 Modelo: -0.4919498645403037 **********
2024-07-03 00:33:59,220 - ********** MAE: 0.5467091785601713 **********
2024-07-03 00:33:59,220 - ********** MSE: 0.7201939768844563 **********
2024-07-03 00:33:59,220 - ====================================================
2024-07-03 00:33:59,220 - 

2024-07-03 00:33:59,220 - Alguns exemplos de predições ...
2024-07-03 00:33:59,424 - 
Melhores resultados ...


2024-07-03 00:33:59,432 - 
     amostra  teor_cabono_real  teor_cabono_predict  teor_cabono_diff  error_carbono(%)  teor_nitrogenio_real  teor_nitrogenio_predict  teor_nitrogenio_diff  error_nitrogenio(%) grupo
2574     L40              2.85             2.850096          0.000096          0.003351                  0.25                 0.135616              0.114384            45.753783   L40
479       L2              2.40             2.400161          0.000161          0.006709                  0.12                 0.075456              0.044544            37.119645    L2
474      L40              2.85             2.849728          0.000272          0.009557                  0.25                 0.333814              0.083814            33.525658   L40
3019      C8              3.36             3.359171          0.000829          0.024661                  0.20                 0.269769              0.069769            34.884566    C8
2105     L26              2.92             2.918686          0.001314          0.045011                  0.24                 0.212723              0.027277            11.365571   L26

2024-07-03 00:33:59,432 - 
Piores resultados ...


2024-07-03 00:33:59,439 - 
     amostra  teor_cabono_real  teor_cabono_predict  teor_cabono_diff  error_carbono(%)  teor_nitrogenio_real  teor_nitrogenio_predict  teor_nitrogenio_diff  error_nitrogenio(%) grupo
1198     C51              0.31             3.179541          2.869541        925.658346                  0.03                -0.110370              0.140370           467.900829   C51
363      C51              0.31             3.207706          2.897706        934.743863                  0.03                -0.072132              0.102132           340.440865   C51
3487     C51              0.31             3.238848          2.928848        944.789668                  0.03                -0.033819              0.063819           212.728973   C51
2467     C51              0.31             3.247628          2.937628        947.622081                  0.03                 0.125384              0.095384           317.945335   C51
1330     C51              0.31             3.293998          2.983998        962.579924                  0.03                 0.215664              0.185664           618.881090   C51


2024-07-03 00:33:59,442 - R2 [mean] conjunto de predição CARBONO:
2024-07-03 00:33:59,442 - ====================================================
2024-07-03 00:33:59,442 - ====>>>>> R2 [mean]: 0.2635281154825496 <<<<<====
2024-07-03 00:33:59,443 - ====>>>>> MAE [mean]: 0.9012119187249077 <<<<<====
2024-07-03 00:33:59,443 - ====>>>>> MSE [mean]: 1.2587330919893858 <<<<<====
2024-07-03 00:33:59,443 - ====================================================
2024-07-03 00:33:59,443 - 

2024-07-03 00:33:59,446 - R2 [median] conjunto de predição CARBONO:
2024-07-03 00:33:59,446 - ====================================================
2024-07-03 00:33:59,446 - ====>>>>> R2 [median]: 0.24167851523568573 <<<<<====
2024-07-03 00:33:59,446 - ====>>>>> MAE [median]: 0.9088235289962202 <<<<<====
2024-07-03 00:33:59,446 - ====>>>>> MSE [median]: 1.2960771039681829 <<<<<====
2024-07-03 00:33:59,446 - ====================================================
2024-07-03 00:33:59,446 - 

2024-07-03 00:33:59,449 - R2 [mean] conjunto de predição NITROGENIO:
2024-07-03 00:33:59,449 - ====================================================
2024-07-03 00:33:59,449 - ====>>>>> R2 [mean]: -0.6618504983244633 <<<<<====
2024-07-03 00:33:59,449 - ====>>>>> MAE [mean]: 0.11789197352197435 <<<<<====
2024-07-03 00:33:59,449 - ====>>>>> MSE [mean]: 0.01960162921110114 <<<<<====
2024-07-03 00:33:59,449 - ====================================================
2024-07-03 00:33:59,449 - 

2024-07-03 00:33:59,452 - R2 [median] conjunto de predição NITROGENIO:
2024-07-03 00:33:59,452 - ====================================================
2024-07-03 00:33:59,452 - ====>>>>> R2 [median]: -0.8221483186285654 <<<<<====
2024-07-03 00:33:59,452 - ====>>>>> MAE [median]: 0.12426358193986946 <<<<<====
2024-07-03 00:33:59,452 - ====>>>>> MSE [median]: 0.021492351896515202 <<<<<====
2024-07-03 00:33:59,453 - ====================================================
2024-07-03 00:33:59,453 - 

2024-07-03 00:33:59,454 - #######################
2024-07-03 00:33:59,454 - Info parameters: 
2024-07-03 00:33:59,454 -  -e (--epochs): 100
2024-07-03 00:33:59,454 -  -G (--grid_search_trials): 0
2024-07-03 00:33:59,454 -  -i (--amount_image_train): 8930
2024-07-03 00:33:59,454 -  -I (--amount_image_test): 3843
2024-07-03 00:33:59,454 -  -L (--log_level): 0
2024-07-03 00:33:59,454 -  -m (--model): 2 - ResNet152
2024-07-03 00:33:59,454 -  -M (--show_model): False
2024-07-03 00:33:59,454 -  -n (--name): ResNet152_2_Normalize0_Epochs100_Patience10_Separed_Preprocess
2024-07-03 00:33:59,454 -  -N (--normalize): NormalizeEnum.NONE
2024-07-03 00:33:59,454 -  -p (--preprocess): True
2024-07-03 00:33:59,454 -  -P (--patience): 10
2024-07-03 00:33:59,454 -  -S (--separed): False
2024-07-03 00:33:59,455 -  -t (--trainable): False
2024-07-03 00:33:59,455 -  -T (--Test): False
2024-07-03 00:33:59,455 - #######################
