2024-07-02 00:41:57,989 - 
2024-07-02 00:41:57,989 - ====================================================
2024-07-02 00:41:57,990 - ********** R2 Modelo: 0.31766593609706767 **********
2024-07-02 00:41:57,990 - ********** MAE [mean]: 0.39597003827479677 **********
2024-07-02 00:41:57,990 - ********** MSE [mean]: 0.24580352249539725 **********
2024-07-02 00:41:57,990 - ====================================================
2024-07-02 00:41:57,990 - 

2024-07-02 00:41:57,990 - Alguns exemplos de predições ...
2024-07-02 00:41:58,194 - 
Melhores resultados ...


2024-07-02 00:41:58,200 - 
     amostra  teor_cabono_real  teor_cabono_predict  teor_cabono_diff  error_carbono(%)  teor_nitrogenio_real  teor_nitrogenio_predict  teor_nitrogenio_diff  error_nitrogenio(%) grupo
558      L20          0.129032             0.128817          0.000216          0.167201              0.222222                 0.235271              0.013049             5.871953   L20
1031      C8          0.165899             0.166402          0.000503          0.303390             -0.111111                 0.242580              0.353691           318.322346    C8
1883     C41         -0.562212            -0.563980          0.001768          0.314536             -0.388889                -0.510898              0.122009            31.373831   C41
1542      C8          0.165899             0.166427          0.000528          0.318229             -0.111111                 0.212252              0.323363           291.026685    C8
1230      L2         -0.276498            -0.277950          0.001452          0.525074             -0.555556                -0.289832              0.265724            47.830262    L2

2024-07-02 00:41:58,200 - 
Piores resultados ...


2024-07-02 00:41:58,207 - 
     amostra  teor_cabono_real  teor_cabono_predict  teor_cabono_diff  error_carbono(%)  teor_nitrogenio_real  teor_nitrogenio_predict  teor_nitrogenio_diff  error_nitrogenio(%) grupo
2006     C10         -0.041475            -0.460175          0.418701       1009.533864             -0.166667                -0.513758              0.347091           208.254552   C10
639      C10         -0.041475            -0.468993          0.427519       1030.794972             -0.166667                -0.540128              0.373462           224.077082   C10
3723     C10         -0.041475            -0.483307          0.441833       1065.308037             -0.166667                -0.588493              0.421826           253.095508   C10
3314     C10         -0.041475            -0.485623          0.444149       1070.892022             -0.166667                -0.596174              0.429507           257.704329   C10
1605     C10         -0.041475            -0.504733          0.463258       1116.967551             -0.166667                -0.512214              0.345547           207.328367   C10


2024-07-02 00:41:58,209 - R2 [mean] conjunto de predição CARBONO:
2024-07-02 00:41:58,209 - ====================================================
2024-07-02 00:41:58,210 - ====>>>>> R2 [mean]: 0.2876963943299541 <<<<<====
2024-07-02 00:41:58,210 - ====>>>>> MAE [mean]: 0.4082345334146338 <<<<<====
2024-07-02 00:41:58,210 - ====>>>>> MSE [mean]: 0.2585372666929326 <<<<<====
2024-07-02 00:41:58,210 - ====================================================
2024-07-02 00:41:58,210 - 

2024-07-02 00:41:58,212 - R2 [median] conjunto de predição CARBONO:
2024-07-02 00:41:58,212 - ====================================================
2024-07-02 00:41:58,212 - ====>>>>> R2 [median]: 0.31092967117557757 <<<<<====
2024-07-02 00:41:58,212 - ====>>>>> MAE [median]: 0.4020599442088913 <<<<<====
2024-07-02 00:41:58,213 - ====>>>>> MSE [median]: 0.25010453120742654 <<<<<====
2024-07-02 00:41:58,213 - ====================================================
2024-07-02 00:41:58,213 - 

2024-07-02 00:41:58,215 - R2 [mean] conjunto de predição NITROGENIO:
2024-07-02 00:41:58,215 - ====================================================
2024-07-02 00:41:58,215 - ====>>>>> R2 [mean]: 0.41174961145795774 <<<<<====
2024-07-02 00:41:58,215 - ====>>>>> MAE [mean]: 0.3794133605305183 <<<<<====
2024-07-02 00:41:58,215 - ====>>>>> MSE [mean]: 0.21414968038906695 <<<<<====
2024-07-02 00:41:58,215 - ====================================================
2024-07-02 00:41:58,215 - 

2024-07-02 00:41:58,218 - R2 [median] conjunto de predição NITROGENIO:
2024-07-02 00:41:58,218 - ====================================================
2024-07-02 00:41:58,218 - ====>>>>> R2 [median]: 0.42795164355996207 <<<<<====
2024-07-02 00:41:58,218 - ====>>>>> MAE [median]: 0.374368293203199 <<<<<====
2024-07-02 00:41:58,218 - ====>>>>> MSE [median]: 0.2082514097480614 <<<<<====
2024-07-02 00:41:58,218 - ====================================================
2024-07-02 00:41:58,218 - 

2024-07-02 00:41:58,219 - #######################
2024-07-02 00:41:58,219 - Info parameters: 
2024-07-02 00:41:58,219 -  -e (--epochs): 100
2024-07-02 00:41:58,219 -  -G (--grid_search_trials): 0
2024-07-02 00:41:58,219 -  -i (--amount_image_train): 8930
2024-07-02 00:41:58,219 -  -I (--amount_image_test): 3843
2024-07-02 00:41:58,219 -  -L (--log_level): 0
2024-07-02 00:41:58,219 -  -m (--model): 0 - ResNet50
2024-07-02 00:41:58,219 -  -M (--show_model): False
2024-07-02 00:41:58,220 -  -n (--name): ResNet50_Normalize2_Epochs100_Patience10_Separed_Preprocess
2024-07-02 00:41:58,220 -  -N (--normalize): NormalizeEnum.RobustScaler
2024-07-02 00:41:58,220 -  -p (--preprocess): True
2024-07-02 00:41:58,220 -  -P (--patience): 10
2024-07-02 00:41:58,220 -  -S (--separed): False
2024-07-02 00:41:58,220 -  -t (--trainable): False
2024-07-02 00:41:58,220 -  -T (--Test): False
2024-07-02 00:41:58,220 - #######################
