2024-07-03 02:00:24,558 - 
2024-07-03 02:00:24,558 - ====================================================
2024-07-03 02:00:24,558 - ********** R2 Modelo: 0.5056985949583719 **********
2024-07-03 02:00:24,558 - ********** MAE: 0.5289957341049161 **********
2024-07-03 02:00:24,558 - ********** MSE: 0.4401020364129058 **********
2024-07-03 02:00:24,558 - ====================================================
2024-07-03 02:00:24,558 - 

2024-07-03 02:00:24,559 - Alguns exemplos de predições ...
2024-07-03 02:00:24,757 - 
Melhores resultados ...


2024-07-03 02:00:24,763 - 
     amostra  teor_cabono_real  teor_cabono_predict  teor_cabono_diff  error_carbono(%)  teor_nitrogenio_real  teor_nitrogenio_predict  teor_nitrogenio_diff  error_nitrogenio(%) grupo
709      L23          1.066857             1.067664          0.000807          0.075682              1.152894                 1.253678              0.100784             8.741818   L23
2150      L7         -0.988241            -0.989130          0.000889          0.089948             -1.547462                -1.112187              0.435275            28.128328    L7
3727     C41         -0.741339            -0.742564          0.001225          0.165295             -0.589271                -0.650559              0.061287            10.400514   C41
370       L7         -0.988241            -0.986581          0.001660          0.168009             -1.547462                -1.146168              0.401294            25.932397    L7
805       L7         -0.988241            -0.986426          0.001815          0.183672             -1.547462                -1.093184              0.454278            29.356333    L7

2024-07-03 02:00:24,763 - 
Piores resultados ...


2024-07-03 02:00:24,770 - 
     amostra  teor_cabono_real  teor_cabono_predict  teor_cabono_diff  error_carbono(%)  teor_nitrogenio_real  teor_nitrogenio_predict  teor_nitrogenio_diff  error_nitrogenio(%) grupo
2965     L40          0.035677             0.757690          0.722013       2023.751339              0.281811                 0.865739              0.583928           207.205281   L40
3197     L40          0.035677             0.822632          0.786956       2205.781406              0.281811                 0.935904              0.654093           232.103212   L40
555      L40          0.035677             0.824103          0.788426       2209.902965              0.281811                 0.840746              0.558935           198.336788   L40
264      L40          0.035677             1.001900          0.966223       2708.254922              0.281811                 1.096804              0.814993           289.198176   L40
2780     L40          0.035677             1.002030          0.966354       2708.621468              0.281811                 1.215958              0.934147           331.479667   L40


2024-07-03 02:00:24,773 - R2 [mean] conjunto de predição CARBONO:
2024-07-03 02:00:24,773 - ====================================================
2024-07-03 02:00:24,773 - ====>>>>> R2 [mean]: 0.5549985317843582 <<<<<====
2024-07-03 02:00:24,773 - ====>>>>> MAE [mean]: 0.5143144335132132 <<<<<====
2024-07-03 02:00:24,773 - ====>>>>> MSE [mean]: 0.40108019098628644 <<<<<====
2024-07-03 02:00:24,773 - ====================================================
2024-07-03 02:00:24,773 - 

2024-07-03 02:00:24,776 - R2 [median] conjunto de predição CARBONO:
2024-07-03 02:00:24,776 - ====================================================
2024-07-03 02:00:24,776 - ====>>>>> R2 [median]: 0.5653901104945489 <<<<<====
2024-07-03 02:00:24,776 - ====>>>>> MAE [median]: 0.5097867745992387 <<<<<====
2024-07-03 02:00:24,776 - ====>>>>> MSE [median]: 0.3917142525087247 <<<<<====
2024-07-03 02:00:24,776 - ====================================================
2024-07-03 02:00:24,776 - 

2024-07-03 02:00:24,779 - R2 [mean] conjunto de predição NITROGENIO:
2024-07-03 02:00:24,779 - ====================================================
2024-07-03 02:00:24,779 - ====>>>>> R2 [mean]: 0.6615666638364003 <<<<<====
2024-07-03 02:00:24,779 - ====>>>>> MAE [mean]: 0.4557445766384447 <<<<<====
2024-07-03 02:00:24,779 - ====>>>>> MSE [mean]: 0.3028949054905277 <<<<<====
2024-07-03 02:00:24,780 - ====================================================
2024-07-03 02:00:24,780 - 

2024-07-03 02:00:24,782 - R2 [median] conjunto de predição NITROGENIO:
2024-07-03 02:00:24,782 - ====================================================
2024-07-03 02:00:24,782 - ====>>>>> R2 [median]: 0.6687108844878038 <<<<<====
2024-07-03 02:00:24,782 - ====>>>>> MAE [median]: 0.45919279049435313 <<<<<====
2024-07-03 02:00:24,782 - ====>>>>> MSE [median]: 0.29650088986682954 <<<<<====
2024-07-03 02:00:24,782 - ====================================================
2024-07-03 02:00:24,783 - 

2024-07-03 02:00:24,783 - #######################
2024-07-03 02:00:24,784 - Info parameters: 
2024-07-03 02:00:24,784 -  -e (--epochs): 100
2024-07-03 02:00:24,784 -  -G (--grid_search_trials): 0
2024-07-03 02:00:24,784 -  -i (--amount_image_train): 8930
2024-07-03 02:00:24,784 -  -I (--amount_image_test): 3843
2024-07-03 02:00:24,784 -  -L (--log_level): 0
2024-07-03 02:00:24,784 -  -m (--model): 21 - EfficientNetV2S
2024-07-03 02:00:24,784 -  -M (--show_model): False
2024-07-03 02:00:24,784 -  -n (--name): EfficientNetV2S_21_Normalize4_Epochs100_Patience10_Separed_Preprocess
2024-07-03 02:00:24,784 -  -N (--normalize): NormalizeEnum.StandardScaler
2024-07-03 02:00:24,784 -  -p (--preprocess): False
2024-07-03 02:00:24,784 -  -P (--patience): 10
2024-07-03 02:00:24,784 -  -S (--separed): False
2024-07-03 02:00:24,784 -  -t (--trainable): False
2024-07-03 02:00:24,784 -  -T (--Test): False
2024-07-03 02:00:24,784 - #######################
