2024-07-03 09:52:58,191 - 
2024-07-03 09:52:58,191 - ====================================================
2024-07-03 09:52:58,191 - ********** R2 Modelo: 0.42993978606482397 **********
2024-07-03 09:52:58,191 - ********** MAE: 0.12572075837507132 **********
2024-07-03 09:52:58,191 - ********** MSE: 0.024005013711149673 **********
2024-07-03 09:52:58,191 - ====================================================
2024-07-03 09:52:58,191 - 

2024-07-03 09:52:58,191 - Alguns exemplos de predições ...
2024-07-03 09:52:58,593 - 
Melhores resultados ...


2024-07-03 09:52:58,599 - 
     amostra  teor_cabono_real  teor_cabono_predict  teor_cabono_diff  error_carbono(%)  teor_nitrogenio_real  teor_nitrogenio_predict  teor_nitrogenio_diff  error_nitrogenio(%) grupo
1099      L7          0.179081             0.179102          0.000021          0.011927              0.018868                 0.102208              0.083340           441.699772    L7
2908     C12          0.456418             0.456569          0.000151          0.033062              0.339623                 0.404418              0.064796            19.078701   C12
277       C4          0.508716             0.508310          0.000406          0.079880              0.339623                 0.490254              0.150631            44.352597    C4
1324     C23          0.473851             0.474383          0.000531          0.112164              0.452830                 0.444237              0.008594             1.897736   C23
2548     L33          0.610143             0.611151          0.001008          0.165225              0.641509                 0.522269              0.119241            18.587506   L33

2024-07-03 09:52:58,599 - 
Piores resultados ...


2024-07-03 09:52:58,606 - 
     amostra  teor_cabono_real  teor_cabono_predict  teor_cabono_diff  error_carbono(%)  teor_nitrogenio_real  teor_nitrogenio_predict  teor_nitrogenio_diff  error_nitrogenio(%) grupo
1842     C51               0.0             0.298651          0.298651               inf                   0.0                 0.201362              0.201362                  inf   C51
447      C51               0.0             0.577230          0.577230               inf                   0.0                 0.524849              0.524849                  inf   C51
3531     C51               0.0             0.286564          0.286564               inf                   0.0                 0.190070              0.190070                  inf   C51
3460     C51               0.0             0.243033          0.243033               inf                   0.0                 0.186500              0.186500                  inf   C51
1164     C51               0.0             0.623155          0.623155               inf                   0.0                 0.576769              0.576769                  inf   C51


2024-07-03 09:52:58,608 - R2 [mean] conjunto de predição CARBONO:
2024-07-03 09:52:58,608 - ====================================================
2024-07-03 09:52:58,608 - ====>>>>> R2 [mean]: 0.5271988236240088 <<<<<====
2024-07-03 09:52:58,608 - ====>>>>> MAE [mean]: 0.11543175264123304 <<<<<====
2024-07-03 09:52:58,609 - ====>>>>> MSE [mean]: 0.020295385641815003 <<<<<====
2024-07-03 09:52:58,609 - ====================================================
2024-07-03 09:52:58,609 - 

2024-07-03 09:52:58,611 - R2 [median] conjunto de predição CARBONO:
2024-07-03 09:52:58,611 - ====================================================
2024-07-03 09:52:58,611 - ====>>>>> R2 [median]: 0.5346876165353616 <<<<<====
2024-07-03 09:52:58,611 - ====>>>>> MAE [median]: 0.11654010839362779 <<<<<====
2024-07-03 09:52:58,611 - ====>>>>> MSE [median]: 0.019973922947300205 <<<<<====
2024-07-03 09:52:58,611 - ====================================================
2024-07-03 09:52:58,612 - 

2024-07-03 09:52:58,614 - R2 [mean] conjunto de predição NITROGENIO:
2024-07-03 09:52:58,614 - ====================================================
2024-07-03 09:52:58,614 - ====>>>>> R2 [mean]: 0.5894553166441505 <<<<<====
2024-07-03 09:52:58,614 - ====>>>>> MAE [mean]: 0.11090791924153065 <<<<<====
2024-07-03 09:52:58,614 - ====>>>>> MSE [mean]: 0.017238874626011567 <<<<<====
2024-07-03 09:52:58,614 - ====================================================
2024-07-03 09:52:58,614 - 

2024-07-03 09:52:58,617 - R2 [median] conjunto de predição NITROGENIO:
2024-07-03 09:52:58,617 - ====================================================
2024-07-03 09:52:58,617 - ====>>>>> R2 [median]: 0.611682035780269 <<<<<====
2024-07-03 09:52:58,617 - ====>>>>> MAE [median]: 0.1107382458419253 <<<<<====
2024-07-03 09:52:58,617 - ====>>>>> MSE [median]: 0.016305569092974124 <<<<<====
2024-07-03 09:52:58,617 - ====================================================
2024-07-03 09:52:58,617 - 

2024-07-03 09:52:58,618 - #######################
2024-07-03 09:52:58,618 - Info parameters: 
2024-07-03 09:52:58,618 -  -e (--epochs): 100
2024-07-03 09:52:58,618 -  -G (--grid_search_trials): 0
2024-07-03 09:52:58,618 -  -i (--amount_image_train): 8930
2024-07-03 09:52:58,618 -  -I (--amount_image_test): 3843
2024-07-03 09:52:58,618 -  -L (--log_level): 0
2024-07-03 09:52:58,618 -  -m (--model): 50 - VGG19
2024-07-03 09:52:58,618 -  -M (--show_model): False
2024-07-03 09:52:58,618 -  -n (--name): VGG19_50_Normalize1_Epochs100_Patience10_Separed
2024-07-03 09:52:58,618 -  -N (--normalize): NormalizeEnum.MinMaxScaler
2024-07-03 09:52:58,618 -  -p (--preprocess): False
2024-07-03 09:52:58,619 -  -P (--patience): 10
2024-07-03 09:52:58,619 -  -S (--separed): False
2024-07-03 09:52:58,619 -  -t (--trainable): False
2024-07-03 09:52:58,619 -  -T (--Test): False
2024-07-03 09:52:58,619 - #######################
