2024-07-02 12:47:15,460 - 
2024-07-02 12:47:15,460 - ====================================================
2024-07-02 12:47:15,460 - ********** R2 Modelo: 0.4077569427560445 **********
2024-07-02 12:47:15,461 - ********** MAE [mean]: 0.37773428062968084 **********
2024-07-02 12:47:15,461 - ********** MSE [mean]: 0.21347788583449373 **********
2024-07-02 12:47:15,461 - ====================================================
2024-07-02 12:47:15,461 - 

2024-07-02 12:47:15,461 - Alguns exemplos de predições ...
2024-07-02 12:47:15,663 - 
Melhores resultados ...


2024-07-02 12:47:15,670 - 
     amostra  teor_cabono_real  teor_cabono_predict  ...  teor_nitrogenio_diff  error_nitrogenio(%)  grupo
2236      L2         -0.276498            -0.276438  ...              0.336567            60.582130     L2
2636      C4          0.239631             0.239048  ...              0.358894           646.009725     C4
2175     C12          0.087558             0.087798  ...              0.198514           357.325849    C12
2938      C4          0.239631             0.238952  ...              0.344857           620.742834     C4
237       C9          0.138249             0.137768  ...              0.189961                  inf     C9

[5 rows x 10 columns]

2024-07-02 12:47:15,670 - 
Piores resultados ...


2024-07-02 12:47:15,676 - 
     amostra  teor_cabono_real  teor_cabono_predict  ...  teor_nitrogenio_diff  error_nitrogenio(%)  grupo
1762     C10         -0.041475            -0.427665  ...              0.143181            85.908574    C10
370      C10         -0.041475            -0.427943  ...              0.204403           122.641695    C10
2886     C10         -0.041475            -0.455501  ...              0.159724            95.834607    C10
2803     C10         -0.041475            -0.480151  ...              0.303805           182.283098    C10
2038     C10         -0.041475            -0.485050  ...              0.185049           111.029518    C10

[5 rows x 10 columns]


2024-07-02 12:47:15,679 - R2 [mean] conjunto de predição CARBONO:
2024-07-02 12:47:15,679 - ====================================================
2024-07-02 12:47:15,679 - ====>>>>> R2 [mean]: 0.45282814886836076 <<<<<====
2024-07-02 12:47:15,679 - ====>>>>> MAE [mean]: 0.3588586586754356 <<<<<====
2024-07-02 12:47:15,679 - ====>>>>> MSE [mean]: 0.19860114939305173 <<<<<====
2024-07-02 12:47:15,679 - ====================================================
2024-07-02 12:47:15,679 - 

2024-07-02 12:47:15,682 - R2 [median] conjunto de predição CARBONO:
2024-07-02 12:47:15,682 - ====================================================
2024-07-02 12:47:15,682 - ====>>>>> R2 [median]: 0.4836320801045819 <<<<<====
2024-07-02 12:47:15,682 - ====>>>>> MAE [median]: 0.3506331004788595 <<<<<====
2024-07-02 12:47:15,682 - ====>>>>> MSE [median]: 0.18742057397294257 <<<<<====
2024-07-02 12:47:15,682 - ====================================================
2024-07-02 12:47:15,682 - 

2024-07-02 12:47:15,685 - R2 [mean] conjunto de predição NITROGENIO:
2024-07-02 12:47:15,685 - ====================================================
2024-07-02 12:47:15,685 - ====>>>>> R2 [mean]: 0.4705373130705651 <<<<<====
2024-07-02 12:47:15,685 - ====>>>>> MAE [mean]: 0.36878800938488465 <<<<<====
2024-07-02 12:47:15,685 - ====>>>>> MSE [mean]: 0.19274830479057392 <<<<<====
2024-07-02 12:47:15,685 - ====================================================
2024-07-02 12:47:15,685 - 

2024-07-02 12:47:15,687 - R2 [median] conjunto de predição NITROGENIO:
2024-07-02 12:47:15,687 - ====================================================
2024-07-02 12:47:15,688 - ====>>>>> R2 [median]: 0.5021538206523365 <<<<<====
2024-07-02 12:47:15,688 - ====>>>>> MAE [median]: 0.36052706820790664 <<<<<====
2024-07-02 12:47:15,688 - ====>>>>> MSE [median]: 0.18123846964973242 <<<<<====
2024-07-02 12:47:15,688 - ====================================================
2024-07-02 12:47:15,688 - 

2024-07-02 12:47:15,689 - #######################
2024-07-02 12:47:15,689 - Info parameters: 
2024-07-02 12:47:15,689 -  -e (--epochs): 100
2024-07-02 12:47:15,689 -  -G (--grid_search_trials): 0
2024-07-02 12:47:15,689 -  -i (--amount_image_train): 8930
2024-07-02 12:47:15,689 -  -I (--amount_image_test): 3843
2024-07-02 12:47:15,689 -  -L (--log_level): 0
2024-07-02 12:47:15,689 -  -m (--model): 30 - InceptionResNetV2
2024-07-02 12:47:15,689 -  -M (--show_model): False
2024-07-02 12:47:15,689 -  -n (--name): InceptionResNetV2_30_Normalize2_Epochs100_Patience10_Separed_Preprocess
2024-07-02 12:47:15,689 -  -N (--normalize): NormalizeEnum.RobustScaler
2024-07-02 12:47:15,689 -  -p (--preprocess): True
2024-07-02 12:47:15,689 -  -P (--patience): 10
2024-07-02 12:47:15,689 -  -S (--separed): False
2024-07-02 12:47:15,689 -  -t (--trainable): False
2024-07-02 12:47:15,690 -  -T (--Test): False
2024-07-02 12:47:15,690 - #######################
