2024-07-03 00:27:44,183 - 
2024-07-03 00:27:44,183 - ====================================================
2024-07-03 00:27:44,183 - ********** R2 Modelo: 0.3786761489122508 **********
2024-07-03 00:27:44,183 - ********** MAE: 0.4026972549707033 **********
2024-07-03 00:27:44,183 - ********** MSE: 0.4337190622116936 **********
2024-07-03 00:27:44,183 - ====================================================
2024-07-03 00:27:44,183 - 

2024-07-03 00:27:44,183 - Alguns exemplos de predições ...
2024-07-03 00:27:44,375 - 
Melhores resultados ...


2024-07-03 00:27:44,381 - 
     amostra  teor_cabono_real  teor_cabono_predict  teor_cabono_diff  error_carbono(%)  teor_nitrogenio_real  teor_nitrogenio_predict  teor_nitrogenio_diff  error_nitrogenio(%) grupo
285      L17              3.98             3.978800          0.001200          0.030155                  0.32                 0.297872              0.022128             6.915035   L17
3075     L29              4.79             4.787937          0.002063          0.043065                  0.39                 0.403777              0.013777             3.532657   L29
2182     L23              4.27             4.267952          0.002048          0.047963                  0.35                 0.316131              0.033869             9.676858   L23
2828     L29              4.79             4.787302          0.002698          0.056325                  0.39                 0.349987              0.040013            10.259759   L29
3544     C24              4.55             4.547005          0.002995          0.065831                  0.39                 0.356606              0.033394             8.562677   C24

2024-07-03 00:27:44,382 - 
Piores resultados ...


2024-07-03 00:27:44,388 - 
     amostra  teor_cabono_real  teor_cabono_predict  teor_cabono_diff  error_carbono(%)  teor_nitrogenio_real  teor_nitrogenio_predict  teor_nitrogenio_diff  error_nitrogenio(%) grupo
2888     C51              0.31             3.114401          2.804401        904.645363                  0.03                 0.358657              0.328657          1095.524633   C51
3213     C51              0.31             3.115966          2.805966        905.150272                  0.03                 0.347022              0.317022          1056.741480   C51
1745     C51              0.31             3.236434          2.926434        944.010962                  0.03                 0.274700              0.244700           815.666819   C51
2126     C51              0.31             3.256995          2.946995        950.643613                  0.03                 0.260542              0.230542           768.472656   C51
1498     C51              0.31             3.618337          3.308337       1067.205380                  0.03                 0.257659              0.227659           758.863294   C51


2024-07-03 00:27:44,390 - R2 [mean] conjunto de predição CARBONO:
2024-07-03 00:27:44,391 - ====================================================
2024-07-03 00:27:44,391 - ====>>>>> R2 [mean]: 0.5974848358466818 <<<<<====
2024-07-03 00:27:44,391 - ====>>>>> MAE [mean]: 0.6511178832583957 <<<<<====
2024-07-03 00:27:44,391 - ====>>>>> MSE [mean]: 0.6879545136733817 <<<<<====
2024-07-03 00:27:44,391 - ====================================================
2024-07-03 00:27:44,391 - 

2024-07-03 00:27:44,393 - R2 [median] conjunto de predição CARBONO:
2024-07-03 00:27:44,393 - ====================================================
2024-07-03 00:27:44,393 - ====>>>>> R2 [median]: 0.6094211134460945 <<<<<====
2024-07-03 00:27:44,394 - ====>>>>> MAE [median]: 0.6459078221850924 <<<<<====
2024-07-03 00:27:44,394 - ====>>>>> MSE [median]: 0.6675537517089288 <<<<<====
2024-07-03 00:27:44,394 - ====================================================
2024-07-03 00:27:44,394 - 

2024-07-03 00:27:44,396 - R2 [mean] conjunto de predição NITROGENIO:
2024-07-03 00:27:44,396 - ====================================================
2024-07-03 00:27:44,396 - ====>>>>> R2 [mean]: 0.48361842975103864 <<<<<====
2024-07-03 00:27:44,396 - ====>>>>> MAE [mean]: 0.061575293706523045 <<<<<====
2024-07-03 00:27:44,396 - ====>>>>> MSE [mean]: 0.00609075249649207 <<<<<====
2024-07-03 00:27:44,396 - ====================================================
2024-07-03 00:27:44,396 - 

2024-07-03 00:27:44,399 - R2 [median] conjunto de predição NITROGENIO:
2024-07-03 00:27:44,399 - ====================================================
2024-07-03 00:27:44,399 - ====>>>>> R2 [median]: 0.4768727663585024 <<<<<====
2024-07-03 00:27:44,399 - ====>>>>> MAE [median]: 0.06255287748795968 <<<<<====
2024-07-03 00:27:44,399 - ====>>>>> MSE [median]: 0.006170318012606011 <<<<<====
2024-07-03 00:27:44,399 - ====================================================
2024-07-03 00:27:44,399 - 

2024-07-03 00:27:44,400 - #######################
2024-07-03 00:27:44,400 - Info parameters: 
2024-07-03 00:27:44,400 -  -e (--epochs): 100
2024-07-03 00:27:44,400 -  -G (--grid_search_trials): 0
2024-07-03 00:27:44,400 -  -i (--amount_image_train): 8930
2024-07-03 00:27:44,400 -  -I (--amount_image_test): 3843
2024-07-03 00:27:44,400 -  -L (--log_level): 0
2024-07-03 00:27:44,400 -  -m (--model): 21 - EfficientNetV2S
2024-07-03 00:27:44,400 -  -M (--show_model): False
2024-07-03 00:27:44,400 -  -n (--name): EfficientNetV2S_21_Normalize0_Epochs100_Patience10_Separed_Preprocess
2024-07-03 00:27:44,400 -  -N (--normalize): NormalizeEnum.NONE
2024-07-03 00:27:44,401 -  -p (--preprocess): True
2024-07-03 00:27:44,401 -  -P (--patience): 10
2024-07-03 00:27:44,401 -  -S (--separed): False
2024-07-03 00:27:44,401 -  -t (--trainable): False
2024-07-03 00:27:44,401 -  -T (--Test): False
2024-07-03 00:27:44,401 - #######################
