2024-07-02 13:23:02,280 - 
2024-07-02 13:23:02,281 - ====================================================
2024-07-02 13:23:02,281 - ********** R2 Modelo: 0.28563615049302876 **********
2024-07-02 13:23:02,281 - ********** MAE [mean]: 0.13579401132014948 **********
2024-07-02 13:23:02,281 - ********** MSE [mean]: 0.03007127382769907 **********
2024-07-02 13:23:02,281 - ====================================================
2024-07-02 13:23:02,281 - 

2024-07-02 13:23:02,281 - Alguns exemplos de predições ...
2024-07-02 13:23:02,483 - 
Melhores resultados ...


2024-07-02 13:23:02,490 - 
     amostra  teor_cabono_real  teor_cabono_predict  teor_cabono_diff  error_carbono(%)  teor_nitrogenio_real  teor_nitrogenio_predict  teor_nitrogenio_diff  error_nitrogenio(%) grupo
1132     C39          0.217116             0.217076          0.000040          0.018340              0.207547                 0.173817              0.033730            16.251805   C39
1549     L40          0.402536             0.402233          0.000303          0.075150              0.415094                 0.319606              0.095488            23.003921   L40
1572     C16          0.204437             0.204274          0.000163          0.079789              0.169811                 0.162561              0.007250             4.269458   C16
1136     C16          0.204437             0.204242          0.000195          0.095468              0.169811                 0.159534              0.010277             6.052055   C16
3100      L7          0.179081             0.179253          0.000172          0.096217              0.018868                 0.134629              0.115761           613.531864    L7

2024-07-02 13:23:02,490 - 
Piores resultados ...


2024-07-02 13:23:02,498 - 
     amostra  teor_cabono_real  teor_cabono_predict  teor_cabono_diff  error_carbono(%)  teor_nitrogenio_real  teor_nitrogenio_predict  teor_nitrogenio_diff  error_nitrogenio(%) grupo
2468     C51               0.0             0.482734          0.482734               inf                   0.0                 0.427579              0.427579                  inf   C51
3739     C51               0.0             0.261505          0.261505               inf                   0.0                 0.235302              0.235302                  inf   C51
1844     C51               0.0             0.331469          0.331469               inf                   0.0                 0.234131              0.234131                  inf   C51
1119     C51               0.0             0.292796          0.292796               inf                   0.0                 0.234101              0.234101                  inf   C51
1494     C51               0.0             0.382162          0.382162               inf                   0.0                 0.319046              0.319046                  inf   C51


2024-07-02 13:23:02,501 - R2 [mean] conjunto de predição CARBONO:
2024-07-02 13:23:02,501 - ====================================================
2024-07-02 13:23:02,501 - ====>>>>> R2 [mean]: 0.4276860166054215 <<<<<====
2024-07-02 13:23:02,501 - ====>>>>> MAE [mean]: 0.12182095292106145 <<<<<====
2024-07-02 13:23:02,501 - ====>>>>> MSE [mean]: 0.02456705605139883 <<<<<====
2024-07-02 13:23:02,501 - ====================================================
2024-07-02 13:23:02,501 - 

2024-07-02 13:23:02,504 - R2 [median] conjunto de predição CARBONO:
2024-07-02 13:23:02,504 - ====================================================
2024-07-02 13:23:02,504 - ====>>>>> R2 [median]: 0.4594001061555668 <<<<<====
2024-07-02 13:23:02,504 - ====>>>>> MAE [median]: 0.11755064179946002 <<<<<====
2024-07-02 13:23:02,505 - ====>>>>> MSE [median]: 0.023205702252254733 <<<<<====
2024-07-02 13:23:02,505 - ====================================================
2024-07-02 13:23:02,505 - 

2024-07-02 13:23:02,507 - R2 [mean] conjunto de predição NITROGENIO:
2024-07-02 13:23:02,507 - ====================================================
2024-07-02 13:23:02,508 - ====>>>>> R2 [mean]: 0.34307935983589 <<<<<====
2024-07-02 13:23:02,508 - ====>>>>> MAE [mean]: 0.13217572440932798 <<<<<====
2024-07-02 13:23:02,508 - ====>>>>> MSE [mean]: 0.02758426308790487 <<<<<====
2024-07-02 13:23:02,508 - ====================================================
2024-07-02 13:23:02,508 - 

2024-07-02 13:23:02,511 - R2 [median] conjunto de predição NITROGENIO:
2024-07-02 13:23:02,511 - ====================================================
2024-07-02 13:23:02,511 - ====>>>>> R2 [median]: 0.37837221172743296 <<<<<====
2024-07-02 13:23:02,511 - ====>>>>> MAE [median]: 0.12679637585337722 <<<<<====
2024-07-02 13:23:02,511 - ====>>>>> MSE [median]: 0.026102307350518418 <<<<<====
2024-07-02 13:23:02,511 - ====================================================
2024-07-02 13:23:02,511 - 

2024-07-02 13:23:02,512 - #######################
2024-07-02 13:23:02,512 - Info parameters: 
2024-07-02 13:23:02,512 -  -e (--epochs): 100
2024-07-02 13:23:02,512 -  -G (--grid_search_trials): 0
2024-07-02 13:23:02,512 -  -i (--amount_image_train): 8930
2024-07-02 13:23:02,513 -  -I (--amount_image_test): 3843
2024-07-02 13:23:02,513 -  -L (--log_level): 0
2024-07-02 13:23:02,513 -  -m (--model): 40 - DenseNet169
2024-07-02 13:23:02,513 -  -M (--show_model): False
2024-07-02 13:23:02,513 -  -n (--name): DenseNet169_40_Normalize1_Epochs100_Patience10_Separed_Preprocess
2024-07-02 13:23:02,513 -  -N (--normalize): NormalizeEnum.MinMaxScaler
2024-07-02 13:23:02,513 -  -p (--preprocess): True
2024-07-02 13:23:02,513 -  -P (--patience): 10
2024-07-02 13:23:02,513 -  -S (--separed): False
2024-07-02 13:23:02,513 -  -t (--trainable): False
2024-07-02 13:23:02,513 -  -T (--Test): False
2024-07-02 13:23:02,513 - #######################
