2024-07-03 09:13:09,737 - 
2024-07-03 09:13:09,737 - ====================================================
2024-07-03 09:13:09,737 - ********** R2 Modelo: 0.4016855806747387 **********
2024-07-03 09:13:09,737 - ********** MAE: 0.5880633656984319 **********
2024-07-03 09:13:09,737 - ********** MSE: 0.5326908255449598 **********
2024-07-03 09:13:09,737 - ====================================================
2024-07-03 09:13:09,737 - 

2024-07-03 09:13:09,738 - Alguns exemplos de predições ...
2024-07-03 09:13:09,936 - 
Melhores resultados ...


2024-07-03 09:13:09,942 - 
     amostra  teor_cabono_real  teor_cabono_predict  teor_cabono_diff  error_carbono(%)  teor_nitrogenio_real  teor_nitrogenio_predict  teor_nitrogenio_diff  error_nitrogenio(%) grupo
1848     C39         -0.813957            -0.813840          0.000117          0.014399             -0.676380                -0.644570              0.031810             4.702993   C39
3341      L2         -0.291105            -0.291172          0.000066          0.022748             -0.850596                -0.410674              0.439922            51.719225    L2
357      L23          1.066857             1.066512          0.000345          0.032303              1.152894                 1.092864              0.060030             5.206913   L23
2691     C23          0.362459             0.362076          0.000383          0.105653              0.456028                 0.422311              0.033717             7.393641   C23
3222      L2         -0.291105            -0.291500          0.000395          0.135587             -0.850596                -0.325847              0.524749            61.691886    L2

2024-07-03 09:13:09,942 - 
Piores resultados ...


2024-07-03 09:13:09,948 - 
     amostra  teor_cabono_real  teor_cabono_predict  teor_cabono_diff  error_carbono(%)  teor_nitrogenio_real  teor_nitrogenio_predict  teor_nitrogenio_diff  error_nitrogenio(%) grupo
2671     L40          0.035677             1.189611          1.153934       3234.395743              0.281811                 1.240793              0.958981           340.292175   L40
1924     L40          0.035677             1.225191          1.189514       3334.125778              0.281811                 1.250503              0.968692           343.737770   L40
2114     L40          0.035677             1.234847          1.199170       3361.191072              0.281811                 1.273746              0.991935           351.985769   L40
2366     L40          0.035677             1.296169          1.260492       3533.071612              0.281811                 1.282677              1.000866           355.154842   L40
778      L40          0.035677             1.328120          1.292443       3622.627227              0.281811                 1.329884              1.048073           371.905917   L40


2024-07-03 09:13:09,951 - R2 [mean] conjunto de predição CARBONO:
2024-07-03 09:13:09,951 - ====================================================
2024-07-03 09:13:09,951 - ====>>>>> R2 [mean]: 0.4385191805711751 <<<<<====
2024-07-03 09:13:09,951 - ====>>>>> MAE [mean]: 0.5772496753981028 <<<<<====
2024-07-03 09:13:09,952 - ====>>>>> MSE [mean]: 0.5060631264760711 <<<<<====
2024-07-03 09:13:09,952 - ====================================================
2024-07-03 09:13:09,952 - 

2024-07-03 09:13:09,954 - R2 [median] conjunto de predição CARBONO:
2024-07-03 09:13:09,954 - ====================================================
2024-07-03 09:13:09,954 - ====>>>>> R2 [median]: 0.4572576520349114 <<<<<====
2024-07-03 09:13:09,955 - ====>>>>> MAE [median]: 0.5670301137204007 <<<<<====
2024-07-03 09:13:09,955 - ====>>>>> MSE [median]: 0.48917412666309873 <<<<<====
2024-07-03 09:13:09,955 - ====================================================
2024-07-03 09:13:09,955 - 

2024-07-03 09:13:09,957 - R2 [mean] conjunto de predição NITROGENIO:
2024-07-03 09:13:09,957 - ====================================================
2024-07-03 09:13:09,957 - ====>>>>> R2 [mean]: 0.5564590298775624 <<<<<====
2024-07-03 09:13:09,957 - ====>>>>> MAE [mean]: 0.5288882666523579 <<<<<====
2024-07-03 09:13:09,958 - ====>>>>> MSE [mean]: 0.3969653277934455 <<<<<====
2024-07-03 09:13:09,958 - ====================================================
2024-07-03 09:13:09,958 - 

2024-07-03 09:13:09,960 - R2 [median] conjunto de predição NITROGENIO:
2024-07-03 09:13:09,960 - ====================================================
2024-07-03 09:13:09,960 - ====>>>>> R2 [median]: 0.5837617699109559 <<<<<====
2024-07-03 09:13:09,960 - ====>>>>> MAE [median]: 0.5209605882648837 <<<<<====
2024-07-03 09:13:09,960 - ====>>>>> MSE [median]: 0.3725296118684354 <<<<<====
2024-07-03 09:13:09,960 - ====================================================
2024-07-03 09:13:09,961 - 

2024-07-03 09:13:09,961 - #######################
2024-07-03 09:13:09,961 - Info parameters: 
2024-07-03 09:13:09,961 -  -e (--epochs): 100
2024-07-03 09:13:09,961 -  -G (--grid_search_trials): 0
2024-07-03 09:13:09,962 -  -i (--amount_image_train): 8930
2024-07-03 09:13:09,962 -  -I (--amount_image_test): 3843
2024-07-03 09:13:09,962 -  -L (--log_level): 0
2024-07-03 09:13:09,962 -  -m (--model): 50 - VGG19
2024-07-03 09:13:09,962 -  -M (--show_model): False
2024-07-03 09:13:09,962 -  -n (--name): VGG19_50_Normalize3_Epochs100_Patience10_Separed_Preprocess
2024-07-03 09:13:09,962 -  -N (--normalize): NormalizeEnum.StandardScaler
2024-07-03 09:13:09,962 -  -p (--preprocess): True
2024-07-03 09:13:09,962 -  -P (--patience): 10
2024-07-03 09:13:09,962 -  -S (--separed): False
2024-07-03 09:13:09,962 -  -t (--trainable): False
2024-07-03 09:13:09,962 -  -T (--Test): False
2024-07-03 09:13:09,962 - #######################
