2024-07-02 09:59:03,084 - 
2024-07-02 09:59:03,084 - ====================================================
2024-07-02 09:59:03,084 - ********** R2 Modelo: 0.5072791708306368 **********
2024-07-02 09:59:03,084 - ********** MAE [mean]: 0.5314137721478138 **********
2024-07-02 09:59:03,084 - ********** MSE [mean]: 0.43873713351882493 **********
2024-07-02 09:59:03,084 - ====================================================
2024-07-02 09:59:03,084 - 

2024-07-02 09:59:03,084 - Alguns exemplos de predições ...
2024-07-02 09:59:03,290 - 
Melhores resultados ...


2024-07-02 09:59:03,297 - 
     amostra  teor_cabono_real  teor_cabono_predict  teor_cabono_diff  error_carbono(%)  teor_nitrogenio_real  teor_nitrogenio_predict  teor_nitrogenio_diff  error_nitrogenio(%) grupo
3266     C39         -0.813957            -0.813863          0.000094          0.011558             -0.676380                -0.780759              0.104379            15.432044   C39
141      C16         -0.872052            -0.871852          0.000200          0.022957             -0.850596                -0.810951              0.039646             4.660911   C16
3682      L2         -0.291105            -0.291219          0.000113          0.038913             -0.850596                -0.361354              0.489242            57.517551    L2
209      C23          0.362459             0.362866          0.000407          0.112163              0.456028                 0.423580              0.032448             7.115366   C23
432       C8          0.406030             0.407066          0.001036          0.255045             -0.153730                 0.227263              0.380993           247.832202    C8

2024-07-02 09:59:03,297 - 
Piores resultados ...


2024-07-02 09:59:03,303 - 
     amostra  teor_cabono_real  teor_cabono_predict  teor_cabono_diff  error_carbono(%)  teor_nitrogenio_real  teor_nitrogenio_predict  teor_nitrogenio_diff  error_nitrogenio(%) grupo
2857     L40          0.035677             0.608024          0.572347       1604.248800              0.281811                 0.703907              0.422095           149.779502   L40
3338     L40          0.035677             0.617664          0.581987       1631.270155              0.281811                 0.819609              0.537797           190.836038   L40
167      L40          0.035677             0.648211          0.612534       1716.890324              0.281811                 0.727461              0.445650           158.137780   L40
2978     L40          0.035677             0.770857          0.735180       2060.657252              0.281811                 0.932737              0.650926           230.979420   L40
1208     L40          0.035677             0.863861          0.828184       2321.341101              0.281811                 0.929332              0.647521           229.771215   L40


2024-07-02 09:59:03,306 - R2 [mean] conjunto de predição CARBONO:
2024-07-02 09:59:03,306 - ====================================================
2024-07-02 09:59:03,306 - ====>>>>> R2 [mean]: 0.5631555276208423 <<<<<====
2024-07-02 09:59:03,306 - ====>>>>> MAE [mean]: 0.5097581959018854 <<<<<====
2024-07-02 09:59:03,306 - ====>>>>> MSE [mean]: 0.39372828389912595 <<<<<====
2024-07-02 09:59:03,306 - ====================================================
2024-07-02 09:59:03,306 - 

2024-07-02 09:59:03,309 - R2 [median] conjunto de predição CARBONO:
2024-07-02 09:59:03,309 - ====================================================
2024-07-02 09:59:03,309 - ====>>>>> R2 [median]: 0.584747215479871 <<<<<====
2024-07-02 09:59:03,309 - ====>>>>> MAE [median]: 0.49724524840020173 <<<<<====
2024-07-02 09:59:03,309 - ====>>>>> MSE [median]: 0.37426767779159964 <<<<<====
2024-07-02 09:59:03,309 - ====================================================
2024-07-02 09:59:03,309 - 

2024-07-02 09:59:03,312 - R2 [mean] conjunto de predição NITROGENIO:
2024-07-02 09:59:03,312 - ====================================================
2024-07-02 09:59:03,312 - ====>>>>> R2 [mean]: 0.6432309354058172 <<<<<====
2024-07-02 09:59:03,312 - ====>>>>> MAE [mean]: 0.45382880263260716 <<<<<====
2024-07-02 09:59:03,312 - ====>>>>> MSE [mean]: 0.3193052236732398 <<<<<====
2024-07-02 09:59:03,312 - ====================================================
2024-07-02 09:59:03,312 - 

2024-07-02 09:59:03,315 - R2 [median] conjunto de predição NITROGENIO:
2024-07-02 09:59:03,315 - ====================================================
2024-07-02 09:59:03,315 - ====>>>>> R2 [median]: 0.6713165072306881 <<<<<====
2024-07-02 09:59:03,315 - ====>>>>> MAE [median]: 0.44105495866756245 <<<<<====
2024-07-02 09:59:03,315 - ====>>>>> MSE [median]: 0.2941688800731242 <<<<<====
2024-07-02 09:59:03,315 - ====================================================
2024-07-02 09:59:03,315 - 

2024-07-02 09:59:03,316 - #######################
2024-07-02 09:59:03,316 - Info parameters: 
2024-07-02 09:59:03,316 -  -e (--epochs): 100
2024-07-02 09:59:03,316 -  -G (--grid_search_trials): 0
2024-07-02 09:59:03,316 -  -i (--amount_image_train): 8930
2024-07-02 09:59:03,316 -  -I (--amount_image_test): 3843
2024-07-02 09:59:03,317 -  -L (--log_level): 0
2024-07-02 09:59:03,317 -  -m (--model): 22 - EfficientNetV2L
2024-07-02 09:59:03,317 -  -M (--show_model): False
2024-07-02 09:59:03,317 -  -n (--name): EfficientNetV2L_Normalize3_Epochs100_Patience10_Separed_Preprocess
2024-07-02 09:59:03,317 -  -N (--normalize): NormalizeEnum.StandardScaler
2024-07-02 09:59:03,317 -  -p (--preprocess): True
2024-07-02 09:59:03,317 -  -P (--patience): 10
2024-07-02 09:59:03,317 -  -S (--separed): False
2024-07-02 09:59:03,317 -  -t (--trainable): False
2024-07-02 09:59:03,317 -  -T (--Test): False
2024-07-02 09:59:03,317 - #######################
