2024-07-02 00:49:41,757 - 
2024-07-02 00:49:41,757 - ====================================================
2024-07-02 00:49:41,757 - ********** R2 Modelo: 0.38300899192900867 **********
2024-07-02 00:49:41,757 - ********** MAE [mean]: 0.5711841630519059 **********
2024-07-02 00:49:41,757 - ********** MSE [mean]: 0.5492258622875127 **********
2024-07-02 00:49:41,758 - ====================================================
2024-07-02 00:49:41,758 - 

2024-07-02 00:49:41,758 - Alguns exemplos de predições ...
2024-07-02 00:49:41,952 - 
Melhores resultados ...


2024-07-02 00:49:41,959 - 
     amostra  teor_cabono_real  teor_cabono_predict  teor_cabono_diff  error_carbono(%)  teor_nitrogenio_real  teor_nitrogenio_predict  teor_nitrogenio_diff  error_nitrogenio(%) grupo
1450     L37          1.233879             1.232732          0.001147          0.092932              1.240002                 1.291185              0.051183             4.127677   L37
3177     L23          1.066857             1.065634          0.001223          0.114665              1.152894                 1.093253              0.059640             5.173111   L23
914      C23          0.362459             0.362036          0.000423          0.116720              0.456028                 0.461941              0.005913             1.296685   C23
1758     C39         -0.813957            -0.815033          0.001076          0.132138             -0.676380                -0.564426              0.111953            16.551835   C39
1629     C12          0.282579             0.282973          0.000394          0.139511             -0.066622                 0.367956              0.434578           652.305673   C12

2024-07-02 00:49:41,959 - 
Piores resultados ...


2024-07-02 00:49:41,965 - 
     amostra  teor_cabono_real  teor_cabono_predict  teor_cabono_diff  error_carbono(%)  teor_nitrogenio_real  teor_nitrogenio_predict  teor_nitrogenio_diff  error_nitrogenio(%) grupo
3047     L40          0.035677             1.071012          1.035336       2901.973210              0.281811                 0.961053              0.679242           241.027353   L40
3542     L40          0.035677             1.096967          1.061290       2974.721150              0.281811                 0.947615              0.665804           236.258980   L40
440      L40          0.035677             1.110573          1.074896       3012.858018              0.281811                 1.018888              0.737077           261.549825   L40
302      L40          0.035677             1.351623          1.315946       3688.504008              0.281811                 1.146450              0.864638           306.814773   L40
1408     L40          0.035677             1.456672          1.420995       3982.951061              0.281811                 1.322990              1.041179           369.459643   L40


2024-07-02 00:49:41,968 - R2 [mean] conjunto de predição CARBONO:
2024-07-02 00:49:41,968 - ====================================================
2024-07-02 00:49:41,968 - ====>>>>> R2 [mean]: 0.3989357886016168 <<<<<====
2024-07-02 00:49:41,968 - ====>>>>> MAE [mean]: 0.5648914040019702 <<<<<====
2024-07-02 00:49:41,968 - ====>>>>> MSE [mean]: 0.5417396703641064 <<<<<====
2024-07-02 00:49:41,968 - ====================================================
2024-07-02 00:49:41,968 - 

2024-07-02 00:49:41,971 - R2 [median] conjunto de predição CARBONO:
2024-07-02 00:49:41,971 - ====================================================
2024-07-02 00:49:41,971 - ====>>>>> R2 [median]: 0.3969632380164463 <<<<<====
2024-07-02 00:49:41,971 - ====>>>>> MAE [median]: 0.5667570710515017 <<<<<====
2024-07-02 00:49:41,971 - ====>>>>> MSE [median]: 0.5435175318363453 <<<<<====
2024-07-02 00:49:41,971 - ====================================================
2024-07-02 00:49:41,971 - 

2024-07-02 00:49:41,974 - R2 [mean] conjunto de predição NITROGENIO:
2024-07-02 00:49:41,974 - ====================================================
2024-07-02 00:49:41,974 - ====>>>>> R2 [mean]: 0.5579675882958519 <<<<<====
2024-07-02 00:49:41,974 - ====>>>>> MAE [mean]: 0.5122892946088524 <<<<<====
2024-07-02 00:49:41,974 - ====>>>>> MSE [mean]: 0.3956151810711561 <<<<<====
2024-07-02 00:49:41,974 - ====================================================
2024-07-02 00:49:41,974 - 

2024-07-02 00:49:41,977 - R2 [median] conjunto de predição NITROGENIO:
2024-07-02 00:49:41,977 - ====================================================
2024-07-02 00:49:41,977 - ====>>>>> R2 [median]: 0.5602495829133797 <<<<<====
2024-07-02 00:49:41,977 - ====>>>>> MAE [median]: 0.5048955056486075 <<<<<====
2024-07-02 00:49:41,977 - ====>>>>> MSE [median]: 0.39357281564746205 <<<<<====
2024-07-02 00:49:41,977 - ====================================================
2024-07-02 00:49:41,977 - 

2024-07-02 00:49:41,978 - #######################
2024-07-02 00:49:41,978 - Info parameters: 
2024-07-02 00:49:41,978 -  -e (--epochs): 100
2024-07-02 00:49:41,978 -  -G (--grid_search_trials): 0
2024-07-02 00:49:41,978 -  -i (--amount_image_train): 8930
2024-07-02 00:49:41,978 -  -I (--amount_image_test): 3843
2024-07-02 00:49:41,978 -  -L (--log_level): 0
2024-07-02 00:49:41,978 -  -m (--model): 0 - ResNet50
2024-07-02 00:49:41,978 -  -M (--show_model): False
2024-07-02 00:49:41,978 -  -n (--name): ResNet50_Normalize3_Epochs100_Patience10_Separed_Preprocess
2024-07-02 00:49:41,978 -  -N (--normalize): NormalizeEnum.StandardScaler
2024-07-02 00:49:41,978 -  -p (--preprocess): True
2024-07-02 00:49:41,979 -  -P (--patience): 10
2024-07-02 00:49:41,979 -  -S (--separed): False
2024-07-02 00:49:41,979 -  -t (--trainable): False
2024-07-02 00:49:41,979 -  -T (--Test): False
2024-07-02 00:49:41,979 - #######################
