2024-07-04 01:34:09,171 - 
2024-07-04 01:34:09,172 - ====================================================
2024-07-04 01:34:09,172 - ********** R2 Modelo: 0.41784785733538005 **********
2024-07-04 01:34:09,172 - ********** MAE: 0.5744361826169255 **********
2024-07-04 01:34:09,172 - ********** MSE: 0.5184094867713247 **********
2024-07-04 01:34:09,172 - ====================================================
2024-07-04 01:34:09,173 - 

2024-07-04 01:34:09,173 - Alguns exemplos de predições ...
2024-07-04 01:34:09,399 - 
Melhores resultados ...


2024-07-04 01:34:09,406 - 
     amostra  teor_cabono_real  teor_cabono_predict  teor_cabono_diff  error_carbono(%)  teor_nitrogenio_real  teor_nitrogenio_predict  teor_nitrogenio_diff  error_nitrogenio(%) grupo
3828      C8          0.406030             0.405952          0.000079          0.019395             -0.153730                 0.417150              0.570880           371.352251    C8
1289     L20          0.347936             0.348019          0.000084          0.024040              0.368919                 0.643513              0.274594            74.431917   L20
53        C4          0.522220             0.521885          0.000334          0.064038             -0.066622                 0.057827              0.124448           186.798322    C4
653      C23          0.362459             0.362141          0.000318          0.087704              0.456028                 0.542160              0.086133            18.887588   C23
2543     C39         -0.813957            -0.812722          0.001236          0.151804             -0.676380                -0.879871              0.203492            30.085430   C39

2024-07-04 01:34:09,407 - 
Piores resultados ...


2024-07-04 01:34:09,414 - 
     amostra  teor_cabono_real  teor_cabono_predict  teor_cabono_diff  error_carbono(%)  teor_nitrogenio_real  teor_nitrogenio_predict  teor_nitrogenio_diff  error_nitrogenio(%) grupo
2386     L40          0.035677             0.544824          0.509147       1427.102454              0.281811                 0.498707              0.216896            76.964925   L40
3153     L40          0.035677             0.548506          0.512829       1437.424896              0.281811                 0.496980              0.215169            76.352140   L40
2314     L40          0.035677             0.571794          0.536117       1502.699565              0.281811                 0.320240              0.038429            13.636543   L40
2012     L40          0.035677             0.598921          0.563244       1578.733392              0.281811                 0.335430              0.053619            19.026583   L40
1680     L40          0.035677             0.608107          0.572430       1604.481525              0.281811                 0.511060              0.229249            81.348389   L40


2024-07-04 01:34:09,433 - R2 [mean] conjunto de predição CARBONO:
2024-07-04 01:34:09,433 - ====================================================
2024-07-04 01:34:09,433 - ====>>>>> R2 [mean]: 0.43576706867207493 <<<<<====
2024-07-04 01:34:09,433 - ====>>>>> MAE [mean]: 0.5713722077795622 <<<<<====
2024-07-04 01:34:09,433 - ====>>>>> MSE [mean]: 0.5085436072046692 <<<<<====
2024-07-04 01:34:09,433 - ====================================================
2024-07-04 01:34:09,433 - 

2024-07-04 01:34:09,436 - R2 [median] conjunto de predição CARBONO:
2024-07-04 01:34:09,436 - ====================================================
2024-07-04 01:34:09,437 - ====>>>>> R2 [median]: 0.4488703317397785 <<<<<====
2024-07-04 01:34:09,437 - ====>>>>> MAE [median]: 0.5647612648440601 <<<<<====
2024-07-04 01:34:09,437 - ====>>>>> MSE [median]: 0.4967336253751454 <<<<<====
2024-07-04 01:34:09,437 - ====================================================
2024-07-04 01:34:09,437 - 

2024-07-04 01:34:09,440 - R2 [mean] conjunto de predição NITROGENIO:
2024-07-04 01:34:09,440 - ====================================================
2024-07-04 01:34:09,440 - ====>>>>> R2 [mean]: 0.4908400210510915 <<<<<====
2024-07-04 01:34:09,440 - ====>>>>> MAE [mean]: 0.53883041915527 <<<<<====
2024-07-04 01:34:09,440 - ====>>>>> MSE [mean]: 0.4556937725210893 <<<<<====
2024-07-04 01:34:09,440 - ====================================================
2024-07-04 01:34:09,440 - 

2024-07-04 01:34:09,443 - R2 [median] conjunto de predição NITROGENIO:
2024-07-04 01:34:09,443 - ====================================================
2024-07-04 01:34:09,443 - ====>>>>> R2 [median]: 0.5078957890004083 <<<<<====
2024-07-04 01:34:09,443 - ====>>>>> MAE [median]: 0.5382381605688941 <<<<<====
2024-07-04 01:34:09,443 - ====>>>>> MSE [median]: 0.44042900788638023 <<<<<====
2024-07-04 01:34:09,443 - ====================================================
2024-07-04 01:34:09,443 - 

2024-07-04 01:34:09,444 - #######################
2024-07-04 01:34:09,445 - Info parameters: 
2024-07-04 01:34:09,445 -  -e (--epochs): 100
2024-07-04 01:34:09,445 -  -G (--grid_search_trials): 0
2024-07-04 01:34:09,445 -  -i (--amount_image_train): 8930
2024-07-04 01:34:09,445 -  -I (--amount_image_test): 3843
2024-07-04 01:34:09,445 -  -L (--log_level): 0
2024-07-04 01:34:09,445 -  -m (--model): 11 - ConvNeXtXLarge
2024-07-04 01:34:09,445 -  -M (--show_model): False
2024-07-04 01:34:09,445 -  -n (--name): ConvNeXtXLarge_11_Normalize4_Epochs100_Patience10_Separed_Preprocess
2024-07-04 01:34:09,445 -  -N (--normalize): NormalizeEnum.StandardScaler
2024-07-04 01:34:09,445 -  -p (--preprocess): True
2024-07-04 01:34:09,445 -  -P (--patience): 10
2024-07-04 01:34:09,445 -  -S (--separed): False
2024-07-04 01:34:09,445 -  -t (--trainable): False
2024-07-04 01:34:09,445 -  -T (--Test): False
2024-07-04 01:34:09,446 - #######################
