2024-07-02 10:15:09,898 - 
2024-07-02 10:15:09,898 - ====================================================
2024-07-02 10:15:09,899 - ********** R2 Modelo: 0.40704061499332184 **********
2024-07-02 10:15:09,899 - ********** MAE [mean]: 0.577187413557573 **********
2024-07-02 10:15:09,899 - ********** MSE [mean]: 0.5280357073608277 **********
2024-07-02 10:15:09,899 - ====================================================
2024-07-02 10:15:09,899 - 

2024-07-02 10:15:09,899 - Alguns exemplos de predições ...
2024-07-02 10:15:10,101 - 
Melhores resultados ...


2024-07-02 10:15:10,107 - 
     amostra  teor_cabono_real  teor_cabono_predict  teor_cabono_diff  error_carbono(%)  teor_nitrogenio_real  teor_nitrogenio_predict  teor_nitrogenio_diff  error_nitrogenio(%) grupo
179      L26          0.086510             0.086508          0.000001          0.001676              0.194703                 0.014842              0.179861            92.377294   L26
1225     L20          0.347936             0.347846          0.000090          0.025854              0.368919                 0.267889              0.101031            27.385521   L20
2177     C41         -0.741339            -0.741649          0.000310          0.041775             -0.589271                -0.666445              0.077174            13.096488   C41
889      C12          0.282579             0.282813          0.000234          0.082834             -0.066622                 0.292829              0.359451           539.539131   C12
229      L20          0.347936             0.347426          0.000510          0.146585              0.368919                 0.488059              0.119139            32.294131   L20

2024-07-02 10:15:10,107 - 
Piores resultados ...


2024-07-02 10:15:10,113 - 
     amostra  teor_cabono_real  teor_cabono_predict  teor_cabono_diff  error_carbono(%)  teor_nitrogenio_real  teor_nitrogenio_predict  teor_nitrogenio_diff  error_nitrogenio(%) grupo
1322     L40          0.035677             0.658058          0.622381       1744.490402              0.281811                 0.558156              0.276345            98.060419   L40
402      C10          0.079248            -1.335754          1.415002       1785.538224             -0.240838                -1.509131              1.268293           526.615969   C10
2943     C10          0.079248            -1.343109          1.422357       1794.818890             -0.240838                -1.377429              1.136591           471.931025   C10
3521     C10          0.079248            -1.461798          1.541046       1944.587562             -0.240838                -1.588465              1.347627           559.556549   C10
1818     L40          0.035677             0.786533          0.750856       2104.598050              0.281811                 0.592072              0.310260           110.095109   L40


2024-07-02 10:15:10,116 - R2 [mean] conjunto de predição CARBONO:
2024-07-02 10:15:10,116 - ====================================================
2024-07-02 10:15:10,116 - ====>>>>> R2 [mean]: 0.4774051160795738 <<<<<====
2024-07-02 10:15:10,116 - ====>>>>> MAE [mean]: 0.5495011625158744 <<<<<====
2024-07-02 10:15:10,116 - ====>>>>> MSE [mean]: 0.47101520067275404 <<<<<====
2024-07-02 10:15:10,116 - ====================================================
2024-07-02 10:15:10,116 - 

2024-07-02 10:15:10,119 - R2 [median] conjunto de predição CARBONO:
2024-07-02 10:15:10,119 - ====================================================
2024-07-02 10:15:10,119 - ====>>>>> R2 [median]: 0.4860681087896572 <<<<<====
2024-07-02 10:15:10,119 - ====>>>>> MAE [median]: 0.5487269650550919 <<<<<====
2024-07-02 10:15:10,119 - ====>>>>> MSE [median]: 0.4632072381853374 <<<<<====
2024-07-02 10:15:10,119 - ====================================================
2024-07-02 10:15:10,119 - 

2024-07-02 10:15:10,121 - R2 [mean] conjunto de predição NITROGENIO:
2024-07-02 10:15:10,122 - ====================================================
2024-07-02 10:15:10,122 - ====>>>>> R2 [mean]: 0.5448460656193713 <<<<<====
2024-07-02 10:15:10,122 - ====>>>>> MAE [mean]: 0.5063517797381406 <<<<<====
2024-07-02 10:15:10,122 - ====>>>>> MSE [mean]: 0.4073588302519306 <<<<<====
2024-07-02 10:15:10,122 - ====================================================
2024-07-02 10:15:10,122 - 

2024-07-02 10:15:10,124 - R2 [median] conjunto de predição NITROGENIO:
2024-07-02 10:15:10,124 - ====================================================
2024-07-02 10:15:10,124 - ====>>>>> R2 [median]: 0.5674017052661664 <<<<<====
2024-07-02 10:15:10,124 - ====>>>>> MAE [median]: 0.4946504150657582 <<<<<====
2024-07-02 10:15:10,124 - ====>>>>> MSE [median]: 0.3871717280694441 <<<<<====
2024-07-02 10:15:10,125 - ====================================================
2024-07-02 10:15:10,125 - 

2024-07-02 10:15:10,125 - #######################
2024-07-02 10:15:10,125 - Info parameters: 
2024-07-02 10:15:10,126 -  -e (--epochs): 100
2024-07-02 10:15:10,126 -  -G (--grid_search_trials): 0
2024-07-02 10:15:10,126 -  -i (--amount_image_train): 8930
2024-07-02 10:15:10,126 -  -I (--amount_image_test): 3843
2024-07-02 10:15:10,126 -  -L (--log_level): 0
2024-07-02 10:15:10,126 -  -m (--model): 22 - EfficientNetV2L
2024-07-02 10:15:10,126 -  -M (--show_model): False
2024-07-02 10:15:10,126 -  -n (--name): EfficientNetV2L_Normalize4_Epochs100_Patience10_Separed_Preprocess
2024-07-02 10:15:10,126 -  -N (--normalize): NormalizeEnum.StandardScaler
2024-07-02 10:15:10,126 -  -p (--preprocess): True
2024-07-02 10:15:10,126 -  -P (--patience): 10
2024-07-02 10:15:10,126 -  -S (--separed): False
2024-07-02 10:15:10,126 -  -t (--trainable): False
2024-07-02 10:15:10,126 -  -T (--Test): False
2024-07-02 10:15:10,126 - #######################
