2024-07-03 01:35:27,388 - 
2024-07-03 01:35:27,388 - ====================================================
2024-07-03 01:35:27,389 - ********** R2 Modelo: 0.28362142492676856 **********
2024-07-03 01:35:27,389 - ********** MAE: 0.6023806933568729 **********
2024-07-03 01:35:27,389 - ********** MSE: 0.6379103160681929 **********
2024-07-03 01:35:27,389 - ====================================================
2024-07-03 01:35:27,389 - 

2024-07-03 01:35:27,389 - Alguns exemplos de predições ...
2024-07-03 01:35:27,933 - 
Melhores resultados ...


2024-07-03 01:35:27,940 - 
     amostra  teor_cabono_real  teor_cabono_predict  teor_cabono_diff  error_carbono(%)  teor_nitrogenio_real  teor_nitrogenio_predict  teor_nitrogenio_diff  error_nitrogenio(%) grupo
1288      L2         -0.291105            -0.291107          0.000001          0.000409             -0.850596                -0.356181              0.494416            58.125769    L2
1643     L33          0.986977             0.987455          0.000478          0.048467              1.327110                 0.869732              0.457378            34.464190   L33
999       C8          0.406030             0.406321          0.000291          0.071672             -0.153730                 0.307429              0.461159           299.979843    C8
3527     L23          1.066857             1.068582          0.001725          0.161732              1.152894                 1.243029              0.090136             7.818197   L23
2364     L17          0.856264             0.853977          0.002286          0.267031              0.891569                 1.057124              0.165555            18.568916   L17

2024-07-03 01:35:27,940 - 
Piores resultados ...


2024-07-03 01:35:27,947 - 
     amostra  teor_cabono_real  teor_cabono_predict  teor_cabono_diff  error_carbono(%)  teor_nitrogenio_real  teor_nitrogenio_predict  teor_nitrogenio_diff  error_nitrogenio(%) grupo
2481     L40          0.035677             0.674639          0.638962       1790.965115              0.281811                 0.791486              0.509675           180.856760   L40
3696     L40          0.035677             0.698237          0.662560       1857.108870              0.281811                 0.803484              0.521673           185.114473   L40
1976     L40          0.035677             0.763470          0.727793       2039.953393              0.281811                 0.931541              0.649730           230.555034   L40
813      L40          0.035677             0.811212          0.775535       2173.769406              0.281811                 0.853920              0.572108           203.011273   L40
1326     L40          0.035677             0.812359          0.776682       2176.984957              0.281811                 0.920033              0.638221           226.471263   L40


2024-07-03 01:35:27,950 - R2 [mean] conjunto de predição CARBONO:
2024-07-03 01:35:27,951 - ====================================================
2024-07-03 01:35:27,951 - ====>>>>> R2 [mean]: 0.33861750638096366 <<<<<====
2024-07-03 01:35:27,951 - ====>>>>> MAE [mean]: 0.5939160681720003 <<<<<====
2024-07-03 01:35:27,951 - ====>>>>> MSE [mean]: 0.5961045879677062 <<<<<====
2024-07-03 01:35:27,951 - ====================================================
2024-07-03 01:35:27,951 - 

2024-07-03 01:35:27,954 - R2 [median] conjunto de predição CARBONO:
2024-07-03 01:35:27,954 - ====================================================
2024-07-03 01:35:27,954 - ====>>>>> R2 [median]: 0.3471314098154411 <<<<<====
2024-07-03 01:35:27,954 - ====>>>>> MAE [median]: 0.5820299196309383 <<<<<====
2024-07-03 01:35:27,954 - ====>>>>> MSE [median]: 0.5884309997675786 <<<<<====
2024-07-03 01:35:27,955 - ====================================================
2024-07-03 01:35:27,955 - 

2024-07-03 01:35:27,957 - R2 [mean] conjunto de predição NITROGENIO:
2024-07-03 01:35:27,957 - ====================================================
2024-07-03 01:35:27,958 - ====>>>>> R2 [mean]: 0.4278003838673583 <<<<<====
2024-07-03 01:35:27,958 - ====>>>>> MAE [mean]: 0.5521828979406412 <<<<<====
2024-07-03 01:35:27,958 - ====>>>>> MSE [mean]: 0.5121137019623596 <<<<<====
2024-07-03 01:35:27,958 - ====================================================
2024-07-03 01:35:27,958 - 

2024-07-03 01:35:27,961 - R2 [median] conjunto de predição NITROGENIO:
2024-07-03 01:35:27,961 - ====================================================
2024-07-03 01:35:27,961 - ====>>>>> R2 [median]: 0.4101576501672577 <<<<<====
2024-07-03 01:35:27,961 - ====>>>>> MAE [median]: 0.562249075918584 <<<<<====
2024-07-03 01:35:27,961 - ====>>>>> MSE [median]: 0.5279037958616889 <<<<<====
2024-07-03 01:35:27,961 - ====================================================
2024-07-03 01:35:27,961 - 

2024-07-03 01:35:27,962 - #######################
2024-07-03 01:35:27,962 - Info parameters: 
2024-07-03 01:35:27,962 -  -e (--epochs): 100
2024-07-03 01:35:27,962 -  -G (--grid_search_trials): 0
2024-07-03 01:35:27,963 -  -i (--amount_image_train): 8930
2024-07-03 01:35:27,963 -  -I (--amount_image_test): 3843
2024-07-03 01:35:27,963 -  -L (--log_level): 0
2024-07-03 01:35:27,963 -  -m (--model): 2 - ResNet152
2024-07-03 01:35:27,963 -  -M (--show_model): False
2024-07-03 01:35:27,963 -  -n (--name): ResNet152_2_Normalize3_Epochs100_Patience10_Separed_Preprocess
2024-07-03 01:35:27,963 -  -N (--normalize): NormalizeEnum.StandardScaler
2024-07-03 01:35:27,963 -  -p (--preprocess): True
2024-07-03 01:35:27,963 -  -P (--patience): 10
2024-07-03 01:35:27,963 -  -S (--separed): False
2024-07-03 01:35:27,963 -  -t (--trainable): False
2024-07-03 01:35:27,963 -  -T (--Test): False
2024-07-03 01:35:27,963 - #######################
