2024-07-02 10:30:45,088 - 
2024-07-02 10:30:45,089 - ====================================================
2024-07-02 10:30:45,089 - ********** R2 Modelo: 0.2821442599547003 **********
2024-07-02 10:30:45,089 - ********** MAE [mean]: 0.44660354916055695 **********
2024-07-02 10:30:45,089 - ********** MSE [mean]: 0.49305894060370814 **********
2024-07-02 10:30:45,089 - ====================================================
2024-07-02 10:30:45,089 - 

2024-07-02 10:30:45,089 - Alguns exemplos de predições ...
2024-07-02 10:30:45,285 - 
Melhores resultados ...


2024-07-02 10:30:45,291 - 
     amostra  teor_cabono_real  teor_cabono_predict  teor_cabono_diff  error_carbono(%)  teor_nitrogenio_real  teor_nitrogenio_predict  teor_nitrogenio_diff  error_nitrogenio(%) grupo
1011     C12              3.19             3.190801          0.000801          0.025114                  0.21                 0.183911              0.026089            12.423151   C12
471      C23              3.30             3.301405          0.001405          0.042589                  0.27                 0.225536              0.044464            16.468296   C23
2866      L7              1.44             1.440649          0.000649          0.045039                  0.04                 0.043517              0.003517             8.793173    L7
424      L40              2.85             2.848661          0.001339          0.046993                  0.25                 0.210749              0.039251            15.700364   L40
682      C23              3.30             3.298438          0.001562          0.047346                  0.27                 0.246793              0.023207             8.595207   C23

2024-07-02 10:30:45,291 - 
Piores resultados ...


2024-07-02 10:30:45,298 - 
     amostra  teor_cabono_real  teor_cabono_predict  teor_cabono_diff  error_carbono(%)  teor_nitrogenio_real  teor_nitrogenio_predict  teor_nitrogenio_diff  error_nitrogenio(%) grupo
3534     C51              0.31             2.814960          2.504960        808.051460                  0.03                 0.200097              0.170097           566.988591   C51
1403     C51              0.31             2.819453          2.509453        809.500968                  0.03                 0.171428              0.141428           471.426054   C51
1393     C51              0.31             2.860705          2.550705        822.808186                  0.03                 0.127406              0.097406           324.685280   C51
2813     C51              0.31             2.924973          2.614973        843.539681                  0.03                 0.205318              0.175318           584.391956   C51
2127     C51              0.31             3.149497          2.839497        915.966708                  0.03                 0.204275              0.174275           580.916309   C51


2024-07-02 10:30:45,300 - R2 [mean] conjunto de predição CARBONO:
2024-07-02 10:30:45,300 - ====================================================
2024-07-02 10:30:45,300 - ====>>>>> R2 [mean]: 0.525524491787636 <<<<<====
2024-07-02 10:30:45,300 - ====>>>>> MAE [mean]: 0.7355485591182002 <<<<<====
2024-07-02 10:30:45,301 - ====>>>>> MSE [mean]: 0.810944770711383 <<<<<====
2024-07-02 10:30:45,301 - ====================================================
2024-07-02 10:30:45,301 - 

2024-07-02 10:30:45,303 - R2 [median] conjunto de predição CARBONO:
2024-07-02 10:30:45,303 - ====================================================
2024-07-02 10:30:45,303 - ====>>>>> R2 [median]: 0.5332353235572527 <<<<<====
2024-07-02 10:30:45,303 - ====>>>>> MAE [median]: 0.7293248602196021 <<<<<====
2024-07-02 10:30:45,303 - ====>>>>> MSE [median]: 0.7977658845662061 <<<<<====
2024-07-02 10:30:45,303 - ====================================================
2024-07-02 10:30:45,304 - 

2024-07-02 10:30:45,306 - R2 [mean] conjunto de predição NITROGENIO:
2024-07-02 10:30:45,306 - ====================================================
2024-07-02 10:30:45,306 - ====>>>>> R2 [mean]: 0.30602786511898095 <<<<<====
2024-07-02 10:30:45,306 - ====>>>>> MAE [mean]: 0.07549749764027418 <<<<<====
2024-07-02 10:30:45,306 - ====>>>>> MSE [mean]: 0.008185444168707725 <<<<<====
2024-07-02 10:30:45,306 - ====================================================
2024-07-02 10:30:45,306 - 

2024-07-02 10:30:45,309 - R2 [median] conjunto de predição NITROGENIO:
2024-07-02 10:30:45,309 - ====================================================
2024-07-02 10:30:45,309 - ====>>>>> R2 [median]: 0.319855330092617 <<<<<====
2024-07-02 10:30:45,309 - ====>>>>> MAE [median]: 0.07497403254111606 <<<<<====
2024-07-02 10:30:45,309 - ====>>>>> MSE [median]: 0.008022348365796465 <<<<<====
2024-07-02 10:30:45,309 - ====================================================
2024-07-02 10:30:45,309 - 

2024-07-02 10:30:45,310 - #######################
2024-07-02 10:30:45,310 - Info parameters: 
2024-07-02 10:30:45,310 -  -e (--epochs): 100
2024-07-02 10:30:45,310 -  -G (--grid_search_trials): 0
2024-07-02 10:30:45,310 -  -i (--amount_image_train): 8930
2024-07-02 10:30:45,311 -  -I (--amount_image_test): 3843
2024-07-02 10:30:45,311 -  -L (--log_level): 0
2024-07-02 10:30:45,311 -  -m (--model): 22 - EfficientNetV2L
2024-07-02 10:30:45,311 -  -M (--show_model): False
2024-07-02 10:30:45,311 -  -n (--name): EfficientNetV2L_Normalize0_Epochs100_Patience10_Separed_Preprocess
2024-07-02 10:30:45,311 -  -N (--normalize): NormalizeEnum.NONE
2024-07-02 10:30:45,311 -  -p (--preprocess): False
2024-07-02 10:30:45,311 -  -P (--patience): 10
2024-07-02 10:30:45,311 -  -S (--separed): False
2024-07-02 10:30:45,311 -  -t (--trainable): False
2024-07-02 10:30:45,311 -  -T (--Test): False
2024-07-02 10:30:45,311 - #######################
