2024-07-02 13:56:02,645 - 
2024-07-02 13:56:02,645 - ====================================================
2024-07-02 13:56:02,645 - ********** R2 Modelo: 0.4173192508242667 **********
2024-07-02 13:56:02,645 - ********** MAE [mean]: 0.5821919704222143 **********
2024-07-02 13:56:02,645 - ********** MSE [mean]: 0.5188808867081692 **********
2024-07-02 13:56:02,645 - ====================================================
2024-07-02 13:56:02,645 - 

2024-07-02 13:56:02,645 - Alguns exemplos de predições ...
2024-07-02 13:56:03,185 - 
Melhores resultados ...


2024-07-02 13:56:03,192 - 
     amostra  teor_cabono_real  teor_cabono_predict  teor_cabono_diff  error_carbono(%)  teor_nitrogenio_real  teor_nitrogenio_predict  teor_nitrogenio_diff  error_nitrogenio(%) grupo
3586     C39         -0.813957            -0.813603          0.000354          0.043492             -0.676380                -0.693845              0.017466             2.582238   C39
3078      L7         -0.988241            -0.988765          0.000524          0.052987             -1.547462                -1.183728              0.363734            23.505190    L7
3510      C8          0.406030             0.406344          0.000314          0.077272             -0.153730                 0.283879              0.437609           284.660608    C8
240       C8          0.406030             0.405623          0.000408          0.100406             -0.153730                 0.251776              0.405506           263.777745    C8
1141     C39         -0.813957            -0.815143          0.001186          0.145649             -0.676380                -0.674845              0.001535             0.226922   C39

2024-07-02 13:56:03,192 - 
Piores resultados ...


2024-07-02 13:56:03,199 - 
     amostra  teor_cabono_real  teor_cabono_predict  teor_cabono_diff  error_carbono(%)  teor_nitrogenio_real  teor_nitrogenio_predict  teor_nitrogenio_diff  error_nitrogenio(%) grupo
831      C10          0.079248            -1.219397          1.298645       1638.711578             -0.240838                -1.067848              0.827010           343.388080   C10
1545     L40          0.035677             0.644809          0.609132       1707.353768              0.281811                 0.592820              0.311009           110.360760   L40
2291     L40          0.035677             0.647877          0.612200       1715.953074              0.281811                 0.712478              0.430667           152.821164   L40
3008     L40          0.035677             0.681001          0.645324       1808.798752              0.281811                 0.685741              0.403930           143.333488   L40
2892     L40          0.035677             0.733244          0.697567       1955.231046              0.281811                 0.653665              0.371854           131.951336   L40


2024-07-02 13:56:03,202 - R2 [mean] conjunto de predição CARBONO:
2024-07-02 13:56:03,202 - ====================================================
2024-07-02 13:56:03,203 - ====>>>>> R2 [mean]: 0.45668142839455095 <<<<<====
2024-07-02 13:56:03,203 - ====>>>>> MAE [mean]: 0.5820931023704022 <<<<<====
2024-07-02 13:56:03,203 - ====>>>>> MSE [mean]: 0.4896934775062618 <<<<<====
2024-07-02 13:56:03,203 - ====================================================
2024-07-02 13:56:03,203 - 

2024-07-02 13:56:03,206 - R2 [median] conjunto de predição CARBONO:
2024-07-02 13:56:03,206 - ====================================================
2024-07-02 13:56:03,206 - ====>>>>> R2 [median]: 0.48481489190537963 <<<<<====
2024-07-02 13:56:03,206 - ====>>>>> MAE [median]: 0.5716287405360969 <<<<<====
2024-07-02 13:56:03,206 - ====>>>>> MSE [median]: 0.4643367635986103 <<<<<====
2024-07-02 13:56:03,206 - ====================================================
2024-07-02 13:56:03,206 - 

2024-07-02 13:56:03,209 - R2 [mean] conjunto de predição NITROGENIO:
2024-07-02 13:56:03,209 - ====================================================
2024-07-02 13:56:03,209 - ====>>>>> R2 [mean]: 0.5282473382302966 <<<<<====
2024-07-02 13:56:03,209 - ====>>>>> MAE [mean]: 0.5276075860446958 <<<<<====
2024-07-02 13:56:03,209 - ====>>>>> MSE [mean]: 0.4222145475425773 <<<<<====
2024-07-02 13:56:03,210 - ====================================================
2024-07-02 13:56:03,210 - 

2024-07-02 13:56:03,212 - R2 [median] conjunto de predição NITROGENIO:
2024-07-02 13:56:03,213 - ====================================================
2024-07-02 13:56:03,213 - ====>>>>> R2 [median]: 0.5553685532829635 <<<<<====
2024-07-02 13:56:03,213 - ====>>>>> MAE [median]: 0.5127646092918837 <<<<<====
2024-07-02 13:56:03,213 - ====>>>>> MSE [median]: 0.3979412949035562 <<<<<====
2024-07-02 13:56:03,213 - ====================================================
2024-07-02 13:56:03,213 - 

2024-07-02 13:56:03,214 - #######################
2024-07-02 13:56:03,214 - Info parameters: 
2024-07-02 13:56:03,214 -  -e (--epochs): 100
2024-07-02 13:56:03,214 -  -G (--grid_search_trials): 0
2024-07-02 13:56:03,214 -  -i (--amount_image_train): 8930
2024-07-02 13:56:03,214 -  -I (--amount_image_test): 3843
2024-07-02 13:56:03,214 -  -L (--log_level): 0
2024-07-02 13:56:03,215 -  -m (--model): 40 - DenseNet169
2024-07-02 13:56:03,215 -  -M (--show_model): False
2024-07-02 13:56:03,215 -  -n (--name): DenseNet169_40_Normalize4_Epochs100_Patience10_Separed_Preprocess
2024-07-02 13:56:03,215 -  -N (--normalize): NormalizeEnum.StandardScaler
2024-07-02 13:56:03,215 -  -p (--preprocess): True
2024-07-02 13:56:03,215 -  -P (--patience): 10
2024-07-02 13:56:03,215 -  -S (--separed): False
2024-07-02 13:56:03,215 -  -t (--trainable): False
2024-07-02 13:56:03,215 -  -T (--Test): False
2024-07-02 13:56:03,215 - #######################
