2024-07-04 06:51:38,812 - 
2024-07-04 06:51:38,812 - ====================================================
2024-07-04 06:51:38,813 - ********** R2 Modelo: 0.4257429225905954 **********
2024-07-04 06:51:38,813 - ********** MAE: 0.5508876328465762 **********
2024-07-04 06:51:38,813 - ********** MSE: 0.5112941704600877 **********
2024-07-04 06:51:38,813 - ====================================================
2024-07-04 06:51:38,814 - 

2024-07-04 06:51:38,814 - Alguns exemplos de predições ...
2024-07-04 06:51:39,041 - 
Melhores resultados ...


2024-07-04 06:51:39,048 - 
     amostra  teor_cabono_real  teor_cabono_predict  teor_cabono_diff  error_carbono(%)  teor_nitrogenio_real  teor_nitrogenio_predict  teor_nitrogenio_diff  error_nitrogenio(%) grupo
2549     L33          0.986977             0.987324          0.000347          0.035157              1.327110                 1.033683              0.293427            22.110207   L33
472       L7         -0.988241            -0.989420          0.001179          0.119284             -1.547462                -0.999019              0.548443            35.441444    L7
1705     C12          0.282579             0.283217          0.000638          0.225603             -0.066622                 0.272698              0.339320           509.322496   C12
1075      L2         -0.291105            -0.292021          0.000915          0.314356             -0.850596                -0.472415              0.378181            44.460746    L2
3169     C46         -0.247534            -0.248626          0.001092          0.440955              0.804461                -0.598068              1.402529           174.344003   C46

2024-07-04 06:51:39,049 - 
Piores resultados ...


2024-07-04 06:51:39,055 - 
     amostra  teor_cabono_real  teor_cabono_predict  teor_cabono_diff  error_carbono(%)  teor_nitrogenio_real  teor_nitrogenio_predict  teor_nitrogenio_diff  error_nitrogenio(%) grupo
2999     L40          0.035677             0.591348          0.555671       1557.506945              0.281811                 0.521807              0.239996            85.161835   L40
1473     L40          0.035677             0.611663          0.575986       1614.448280              0.281811                 0.568645              0.286834           101.782368   L40
1924     L40          0.035677             0.616709          0.581032       1628.593230              0.281811                 0.518894              0.237083            84.128355   L40
2416     L40          0.035677             0.655772          0.620095       1738.082522              0.281811                 0.539230              0.257419            91.344524   L40
3144     L40          0.035677             0.690694          0.655017       1835.967127              0.281811                 0.648281              0.366470           130.040954   L40


2024-07-04 06:51:39,075 - R2 [mean] conjunto de predição CARBONO:
2024-07-04 06:51:39,076 - ====================================================
2024-07-04 06:51:39,076 - ====>>>>> R2 [mean]: 0.41495369146558636 <<<<<====
2024-07-04 06:51:39,076 - ====>>>>> MAE [mean]: 0.576659687526787 <<<<<====
2024-07-04 06:51:39,076 - ====>>>>> MSE [mean]: 0.5273027212779801 <<<<<====
2024-07-04 06:51:39,076 - ====================================================
2024-07-04 06:51:39,076 - 

2024-07-04 06:51:39,079 - R2 [median] conjunto de predição CARBONO:
2024-07-04 06:51:39,079 - ====================================================
2024-07-04 06:51:39,079 - ====>>>>> R2 [median]: 0.41598241215455056 <<<<<====
2024-07-04 06:51:39,079 - ====>>>>> MAE [median]: 0.5748694026922607 <<<<<====
2024-07-04 06:51:39,079 - ====>>>>> MSE [median]: 0.5263755344710337 <<<<<====
2024-07-04 06:51:39,080 - ====================================================
2024-07-04 06:51:39,080 - 

2024-07-04 06:51:39,082 - R2 [mean] conjunto de predição NITROGENIO:
2024-07-04 06:51:39,082 - ====================================================
2024-07-04 06:51:39,082 - ====>>>>> R2 [mean]: 0.5419583256443266 <<<<<====
2024-07-04 06:51:39,083 - ====>>>>> MAE [mean]: 0.4908069344781726 <<<<<====
2024-07-04 06:51:39,083 - ====>>>>> MSE [mean]: 0.4099433325256651 <<<<<====
2024-07-04 06:51:39,083 - ====================================================
2024-07-04 06:51:39,083 - 

2024-07-04 06:51:39,086 - R2 [median] conjunto de predição NITROGENIO:
2024-07-04 06:51:39,086 - ====================================================
2024-07-04 06:51:39,086 - ====>>>>> R2 [median]: 0.5464077828050382 <<<<<====
2024-07-04 06:51:39,086 - ====>>>>> MAE [median]: 0.4875260832470435 <<<<<====
2024-07-04 06:51:39,086 - ====>>>>> MSE [median]: 0.4059611068931216 <<<<<====
2024-07-04 06:51:39,086 - ====================================================
2024-07-04 06:51:39,086 - 

2024-07-04 06:51:39,087 - #######################
2024-07-04 06:51:39,087 - Info parameters: 
2024-07-04 06:51:39,087 -  -e (--epochs): 100
2024-07-04 06:51:39,087 -  -G (--grid_search_trials): 0
2024-07-04 06:51:39,087 -  -i (--amount_image_train): 8930
2024-07-04 06:51:39,087 -  -I (--amount_image_test): 3843
2024-07-04 06:51:39,088 -  -L (--log_level): 0
2024-07-04 06:51:39,088 -  -m (--model): 11 - ConvNeXtXLarge
2024-07-04 06:51:39,088 -  -M (--show_model): False
2024-07-04 06:51:39,088 -  -n (--name): ConvNeXtXLarge_11_Normalize4_Epochs100_Patience10_Separed
2024-07-04 06:51:39,088 -  -N (--normalize): NormalizeEnum.StandardScaler
2024-07-04 06:51:39,088 -  -p (--preprocess): False
2024-07-04 06:51:39,088 -  -P (--patience): 10
2024-07-04 06:51:39,088 -  -S (--separed): False
2024-07-04 06:51:39,088 -  -t (--trainable): False
2024-07-04 06:51:39,088 -  -T (--Test): False
2024-07-04 06:51:39,088 - #######################
