2024-07-02 21:30:40,775 - 
2024-07-02 21:30:40,776 - ====================================================
2024-07-02 21:30:40,776 - ********** R2 Modelo: 0.352635626005473 **********
2024-07-02 21:30:40,776 - ********** MAE: 0.5994261793347051 **********
2024-07-02 21:30:40,776 - ********** MSE: 0.5763672391306375 **********
2024-07-02 21:30:40,776 - ====================================================
2024-07-02 21:30:40,776 - 

2024-07-02 21:30:40,776 - Alguns exemplos de predições ...
2024-07-02 21:30:40,979 - 
Melhores resultados ...


2024-07-02 21:30:40,987 - 
     amostra  teor_cabono_real  teor_cabono_predict  teor_cabono_diff  error_carbono(%)  teor_nitrogenio_real  teor_nitrogenio_predict  teor_nitrogenio_diff  error_nitrogenio(%) grupo
2509     C24          1.270188             1.267580          0.002608          0.205331              1.501327                 1.307759              0.193567            12.893086   C24
1382      L7         -0.988241            -0.985848          0.002393          0.242128             -1.547462                -1.211433              0.336030            21.714881    L7
2661     L33          0.986977             0.989432          0.002455          0.248706              1.327110                 1.093307              0.233803            17.617459   L33
1479      L7         -0.988241            -0.985601          0.002640          0.267141             -1.547462                -1.188821              0.358641            23.176080    L7
817      L20          0.347936             0.346826          0.001110          0.319067              0.368919                 0.401137              0.032218             8.732997   L20

2024-07-02 21:30:40,987 - 
Piores resultados ...


2024-07-02 21:30:40,994 - 
     amostra  teor_cabono_real  teor_cabono_predict  teor_cabono_diff  error_carbono(%)  teor_nitrogenio_real  teor_nitrogenio_predict  teor_nitrogenio_diff  error_nitrogenio(%) grupo
551      L40          0.035677             0.644056          0.608379       1705.244706              0.281811                 0.792539              0.510728           181.230448   L40
3401     L40          0.035677             0.657544          0.621867       1743.050613              0.281811                 0.521046              0.239235            84.891954   L40
2239     L40          0.035677             0.672233          0.636556       1784.221262              0.281811                 0.740404              0.458593           162.730688   L40
139      C10          0.079248            -1.357267          1.436515       1812.684352             -0.240838                -1.573815              1.332976           553.473487   C10
3378     L40          0.035677             0.682597          0.646920       1813.272489              0.281811                 0.585615              0.303804           107.804059   L40


2024-07-02 21:30:40,997 - R2 [mean] conjunto de predição CARBONO:
2024-07-02 21:30:40,997 - ====================================================
2024-07-02 21:30:40,997 - ====>>>>> R2 [mean]: 0.32830864590540554 <<<<<====
2024-07-02 21:30:40,998 - ====>>>>> MAE [mean]: 0.623264615961874 <<<<<====
2024-07-02 21:30:40,998 - ====>>>>> MSE [mean]: 0.6053959724320473 <<<<<====
2024-07-02 21:30:40,998 - ====================================================
2024-07-02 21:30:40,998 - 

2024-07-02 21:30:41,001 - R2 [median] conjunto de predição CARBONO:
2024-07-02 21:30:41,001 - ====================================================
2024-07-02 21:30:41,001 - ====>>>>> R2 [median]: 0.3246946700135739 <<<<<====
2024-07-02 21:30:41,001 - ====>>>>> MAE [median]: 0.6167600053670981 <<<<<====
2024-07-02 21:30:41,001 - ====>>>>> MSE [median]: 0.6086532518894116 <<<<<====
2024-07-02 21:30:41,001 - ====================================================
2024-07-02 21:30:41,001 - 

2024-07-02 21:30:41,004 - R2 [mean] conjunto de predição NITROGENIO:
2024-07-02 21:30:41,004 - ====================================================
2024-07-02 21:30:41,004 - ====>>>>> R2 [mean]: 0.4663254814490674 <<<<<====
2024-07-02 21:30:41,004 - ====>>>>> MAE [mean]: 0.5574921054780252 <<<<<====
2024-07-02 21:30:41,004 - ====>>>>> MSE [mean]: 0.4776340732020761 <<<<<====
2024-07-02 21:30:41,004 - ====================================================
2024-07-02 21:30:41,004 - 

2024-07-02 21:30:41,007 - R2 [median] conjunto de predição NITROGENIO:
2024-07-02 21:30:41,007 - ====================================================
2024-07-02 21:30:41,007 - ====>>>>> R2 [median]: 0.45474025749810953 <<<<<====
2024-07-02 21:30:41,007 - ====>>>>> MAE [median]: 0.5629917137408467 <<<<<====
2024-07-02 21:30:41,008 - ====>>>>> MSE [median]: 0.488002748325781 <<<<<====
2024-07-02 21:30:41,008 - ====================================================
2024-07-02 21:30:41,008 - 

2024-07-02 21:30:41,009 - #######################
2024-07-02 21:30:41,009 - Info parameters: 
2024-07-02 21:30:41,009 -  -e (--epochs): 100
2024-07-02 21:30:41,009 -  -G (--grid_search_trials): 0
2024-07-02 21:30:41,009 -  -i (--amount_image_train): 8930
2024-07-02 21:30:41,009 -  -I (--amount_image_test): 3843
2024-07-02 21:30:41,009 -  -L (--log_level): 0
2024-07-02 21:30:41,009 -  -m (--model): 1 - ResNet101
2024-07-02 21:30:41,009 -  -M (--show_model): False
2024-07-02 21:30:41,009 -  -n (--name): ResNet101_1_Normalize3_Epochs100_Patience10_Separed_Preprocess
2024-07-02 21:30:41,010 -  -N (--normalize): NormalizeEnum.StandardScaler
2024-07-02 21:30:41,010 -  -p (--preprocess): True
2024-07-02 21:30:41,010 -  -P (--patience): 10
2024-07-02 21:30:41,010 -  -S (--separed): False
2024-07-02 21:30:41,010 -  -t (--trainable): False
2024-07-02 21:30:41,010 -  -T (--Test): False
2024-07-02 21:30:41,010 - #######################
