2024-07-02 01:49:08,303 - 
2024-07-02 01:49:08,303 - ====================================================
2024-07-02 01:49:08,303 - ********** R2 Modelo: 0.4609257984977522 **********
2024-07-02 01:49:08,303 - ********** MAE [mean]: 0.547112908240617 **********
2024-07-02 01:49:08,303 - ********** MSE [mean]: 0.47999103834885537 **********
2024-07-02 01:49:08,303 - ====================================================
2024-07-02 01:49:08,303 - 

2024-07-02 01:49:08,303 - Alguns exemplos de predições ...
2024-07-02 01:49:08,502 - 
Melhores resultados ...


2024-07-02 01:49:08,509 - 
     amostra  teor_cabono_real  teor_cabono_predict  teor_cabono_diff  error_carbono(%)  teor_nitrogenio_real  teor_nitrogenio_predict  teor_nitrogenio_diff  error_nitrogenio(%) grupo
3343      L7         -0.988241            -0.987355          0.000886          0.089703             -1.547462                -1.272626              0.274836            17.760441    L7
3532     C39         -0.813957            -0.814755          0.000797          0.097955             -0.676380                -0.800335              0.123955            18.326253   C39
1925     C41         -0.741339            -0.740531          0.000808          0.108937             -0.589271                -0.761733              0.172462            29.266933   C41
518       L7         -0.988241            -0.986601          0.001640          0.165976             -1.547462                -1.373286              0.174176            11.255568    L7
2122     L17          0.856264             0.854842          0.001422          0.166047              0.891569                 0.943614              0.052045             5.837459   L17

2024-07-02 01:49:08,509 - 
Piores resultados ...


2024-07-02 01:49:08,515 - 
     amostra  teor_cabono_real  teor_cabono_predict  teor_cabono_diff  error_carbono(%)  teor_nitrogenio_real  teor_nitrogenio_predict  teor_nitrogenio_diff  error_nitrogenio(%) grupo
2771     L40          0.035677             0.704176          0.668499       1873.756995              0.281811                 0.682883              0.401072           142.319383   L40
2022     L40          0.035677             0.708202          0.672525       1885.041580              0.281811                 0.774447              0.492636           174.810703   L40
2296     L40          0.035677             0.744095          0.708418       1985.645211              0.281811                 0.733478              0.451667           160.272887   L40
3567     L40          0.035677             0.796631          0.760955       2132.902318              0.281811                 0.868758              0.586947           208.276515   L40
1111     L40          0.035677             0.934930          0.899253       2520.543719              0.281811                 0.925842              0.644031           228.532786   L40


2024-07-02 01:49:08,518 - R2 [mean] conjunto de predição CARBONO:
2024-07-02 01:49:08,518 - ====================================================
2024-07-02 01:49:08,518 - ====>>>>> R2 [mean]: 0.514076463668004 <<<<<====
2024-07-02 01:49:08,518 - ====>>>>> MAE [mean]: 0.5214693294330517 <<<<<====
2024-07-02 01:49:08,518 - ====>>>>> MSE [mean]: 0.4379632847915132 <<<<<====
2024-07-02 01:49:08,518 - ====================================================
2024-07-02 01:49:08,518 - 

2024-07-02 01:49:08,521 - R2 [median] conjunto de predição CARBONO:
2024-07-02 01:49:08,521 - ====================================================
2024-07-02 01:49:08,521 - ====>>>>> R2 [median]: 0.5103413584171805 <<<<<====
2024-07-02 01:49:08,521 - ====>>>>> MAE [median]: 0.5172716291729659 <<<<<====
2024-07-02 01:49:08,521 - ====>>>>> MSE [median]: 0.44132973824022 <<<<<====
2024-07-02 01:49:08,521 - ====================================================
2024-07-02 01:49:08,521 - 

2024-07-02 01:49:08,524 - R2 [mean] conjunto de predição NITROGENIO:
2024-07-02 01:49:08,524 - ====================================================
2024-07-02 01:49:08,524 - ====>>>>> R2 [mean]: 0.6208272964143144 <<<<<====
2024-07-02 01:49:08,524 - ====>>>>> MAE [mean]: 0.47059035132160254 <<<<<====
2024-07-02 01:49:08,524 - ====>>>>> MSE [mean]: 0.3393562865853602 <<<<<====
2024-07-02 01:49:08,524 - ====================================================
2024-07-02 01:49:08,524 - 

2024-07-02 01:49:08,527 - R2 [median] conjunto de predição NITROGENIO:
2024-07-02 01:49:08,527 - ====================================================
2024-07-02 01:49:08,527 - ====>>>>> R2 [median]: 0.6187740449188932 <<<<<====
2024-07-02 01:49:08,527 - ====>>>>> MAE [median]: 0.466036182414022 <<<<<====
2024-07-02 01:49:08,527 - ====>>>>> MSE [median]: 0.34119392889537564 <<<<<====
2024-07-02 01:49:08,527 - ====================================================
2024-07-02 01:49:08,527 - 

2024-07-02 01:49:08,528 - #######################
2024-07-02 01:49:08,528 - Info parameters: 
2024-07-02 01:49:08,528 -  -e (--epochs): 100
2024-07-02 01:49:08,528 -  -G (--grid_search_trials): 0
2024-07-02 01:49:08,528 -  -i (--amount_image_train): 8930
2024-07-02 01:49:08,528 -  -I (--amount_image_test): 3843
2024-07-02 01:49:08,528 -  -L (--log_level): 0
2024-07-02 01:49:08,528 -  -m (--model): 0 - ResNet50
2024-07-02 01:49:08,528 -  -M (--show_model): False
2024-07-02 01:49:08,528 -  -n (--name): ResNet50_Normalize4_Epochs100_Patience10_Separed_Preprocess
2024-07-02 01:49:08,528 -  -N (--normalize): NormalizeEnum.StandardScaler
2024-07-02 01:49:08,528 -  -p (--preprocess): False
2024-07-02 01:49:08,528 -  -P (--patience): 10
2024-07-02 01:49:08,528 -  -S (--separed): False
2024-07-02 01:49:08,529 -  -t (--trainable): False
2024-07-02 01:49:08,529 -  -T (--Test): False
2024-07-02 01:49:08,529 - #######################
