2024-07-02 21:52:13,427 - 
2024-07-02 21:52:13,427 - ====================================================
2024-07-02 21:52:13,428 - ********** R2 Modelo: 0.11553288637536413 **********
2024-07-02 21:52:13,428 - ********** MAE: 0.4910574349141013 **********
2024-07-02 21:52:13,428 - ********** MSE: 0.6064113747740837 **********
2024-07-02 21:52:13,428 - ====================================================
2024-07-02 21:52:13,429 - 

2024-07-02 21:52:13,429 - Alguns exemplos de predições ...
2024-07-02 21:52:13,655 - 
Melhores resultados ...


2024-07-02 21:52:13,663 - 
     amostra  teor_cabono_real  teor_cabono_predict  teor_cabono_diff  error_carbono(%)  teor_nitrogenio_real  teor_nitrogenio_predict  teor_nitrogenio_diff  error_nitrogenio(%) grupo
848      C39              1.68             1.680122          0.000122          0.007291                  0.14                 0.112217              0.027783            19.844972   C39
2098     C46              2.46             2.459735          0.000265          0.010785                  0.31                 0.170736              0.139264            44.923722   C46
2531     L40              2.85             2.850707          0.000707          0.024801                  0.25                 0.278714              0.028714            11.485577   L40
2528     C23              3.30             3.296958          0.003042          0.092176                  0.27                 0.146587              0.123413            45.708392   C23
966      C26              1.94             1.942471          0.002471          0.127360                  0.20                 0.082559              0.117441            58.720520   C26

2024-07-02 21:52:13,663 - 
Piores resultados ...


2024-07-02 21:52:13,670 - 
     amostra  teor_cabono_real  teor_cabono_predict  teor_cabono_diff  error_carbono(%)  teor_nitrogenio_real  teor_nitrogenio_predict  teor_nitrogenio_diff  error_nitrogenio(%) grupo
1821     C51              0.31             2.738094          2.428094        783.256235                  0.03                 0.224753              0.194753           649.177734   C51
642      C51              0.31             2.746242          2.436242        785.884377                  0.03                 0.189016              0.159016           530.052189   C51
3776     C51              0.31             2.797837          2.487837        802.527994                  0.03                 0.173567              0.143567           478.555365   C51
2286     C51              0.31             2.822192          2.512192        810.384424                  0.03                 0.317755              0.287755           959.183081   C51
3471     C51              0.31             3.225304          2.915304        940.420609                  0.03                 0.240308              0.210308           701.026771   C51


2024-07-02 21:52:13,687 - R2 [mean] conjunto de predição CARBONO:
2024-07-02 21:52:13,687 - ====================================================
2024-07-02 21:52:13,687 - ====>>>>> R2 [mean]: 0.39605598873080183 <<<<<====
2024-07-02 21:52:13,687 - ====>>>>> MAE [mean]: 0.8404309343408655 <<<<<====
2024-07-02 21:52:13,687 - ====>>>>> MSE [mean]: 1.0322244863311378 <<<<<====
2024-07-02 21:52:13,687 - ====================================================
2024-07-02 21:52:13,687 - 

2024-07-02 21:52:13,690 - R2 [median] conjunto de predição CARBONO:
2024-07-02 21:52:13,691 - ====================================================
2024-07-02 21:52:13,691 - ====>>>>> R2 [median]: 0.37854144657813316 <<<<<====
2024-07-02 21:52:13,691 - ====>>>>> MAE [median]: 0.8577861070632934 <<<<<====
2024-07-02 21:52:13,691 - ====>>>>> MSE [median]: 1.0621592798542498 <<<<<====
2024-07-02 21:52:13,691 - ====================================================
2024-07-02 21:52:13,691 - 

2024-07-02 21:52:13,694 - R2 [mean] conjunto de predição NITROGENIO:
2024-07-02 21:52:13,694 - ====================================================
2024-07-02 21:52:13,694 - ====>>>>> R2 [mean]: 0.39946844760732547 <<<<<====
2024-07-02 21:52:13,694 - ====>>>>> MAE [mean]: 0.06606208079391056 <<<<<====
2024-07-02 21:52:13,694 - ====>>>>> MSE [mean]: 0.007083306730320509 <<<<<====
2024-07-02 21:52:13,694 - ====================================================
2024-07-02 21:52:13,694 - 

2024-07-02 21:52:13,697 - R2 [median] conjunto de predição NITROGENIO:
2024-07-02 21:52:13,697 - ====================================================
2024-07-02 21:52:13,697 - ====>>>>> R2 [median]: 0.3057093070974721 <<<<<====
2024-07-02 21:52:13,697 - ====>>>>> MAE [median]: 0.07155096299118467 <<<<<====
2024-07-02 21:52:13,697 - ====>>>>> MSE [median]: 0.008189201580235495 <<<<<====
2024-07-02 21:52:13,697 - ====================================================
2024-07-02 21:52:13,697 - 

2024-07-02 21:52:13,698 - #######################
2024-07-02 21:52:13,699 - Info parameters: 
2024-07-02 21:52:13,699 -  -e (--epochs): 100
2024-07-02 21:52:13,699 -  -G (--grid_search_trials): 0
2024-07-02 21:52:13,699 -  -i (--amount_image_train): 8930
2024-07-02 21:52:13,699 -  -I (--amount_image_test): 3843
2024-07-02 21:52:13,699 -  -L (--log_level): 0
2024-07-02 21:52:13,699 -  -m (--model): 1 - ResNet101
2024-07-02 21:52:13,699 -  -M (--show_model): False
2024-07-02 21:52:13,699 -  -n (--name): ResNet101_1_Normalize0_Epochs100_Patience10_Separed_Preprocess
2024-07-02 21:52:13,699 -  -N (--normalize): NormalizeEnum.NONE
2024-07-02 21:52:13,699 -  -p (--preprocess): False
2024-07-02 21:52:13,699 -  -P (--patience): 10
2024-07-02 21:52:13,699 -  -S (--separed): False
2024-07-02 21:52:13,699 -  -t (--trainable): False
2024-07-02 21:52:13,699 -  -T (--Test): False
2024-07-02 21:52:13,699 - #######################
