2024-07-03 02:49:44,605 - 
2024-07-03 02:49:44,606 - ====================================================
2024-07-03 02:49:44,606 - ********** R2 Modelo: 0.4389268953181584 **********
2024-07-03 02:49:44,606 - ********** MAE: 0.3596237145498069 **********
2024-07-03 02:49:44,606 - ********** MSE: 0.20227904627309265 **********
2024-07-03 02:49:44,606 - ====================================================
2024-07-03 02:49:44,606 - 

2024-07-03 02:49:44,606 - Alguns exemplos de predições ...
2024-07-03 02:49:44,813 - 
Melhores resultados ...


2024-07-03 02:49:44,820 - 
     amostra  teor_cabono_real  teor_cabono_predict  teor_cabono_diff  error_carbono(%)  teor_nitrogenio_real  teor_nitrogenio_predict  teor_nitrogenio_diff  error_nitrogenio(%) grupo
1285     C41         -0.562212            -0.561273          0.000939          0.166988             -0.388889                -0.505876              0.116988            30.082524   C41
671      C39         -0.608295            -0.609595          0.001300          0.213704             -0.444444                -0.571099              0.126654            28.497191   C39
1401      L7         -0.718894            -0.716758          0.002136          0.297114             -1.000000                -0.840811              0.159189            15.918928    L7
3246     C39         -0.608295            -0.606356          0.001939          0.318686             -0.444444                -0.553337              0.108893            24.500914   C39
19       C26         -0.488479            -0.486839          0.001641          0.335857             -0.111111                -0.362455              0.251344           226.209295   C26

2024-07-03 02:49:44,820 - 
Piores resultados ...


2024-07-03 02:49:44,827 - 
     amostra  teor_cabono_real  teor_cabono_predict  teor_cabono_diff  error_carbono(%)  teor_nitrogenio_real  teor_nitrogenio_predict  teor_nitrogenio_diff  error_nitrogenio(%) grupo
207      C10         -0.041475            -0.854850          0.813376       1961.138894             -0.166667                -1.063812              0.897145           538.286996   C10
2828     C10         -0.041475            -0.883494          0.842019       2030.202391             -0.166667                -1.131260              0.964593           578.756094   C10
2707     C10         -0.041475            -0.884981          0.843507       2033.788615             -0.166667                -1.081430              0.914764           548.858261   C10
3190     C10         -0.041475            -0.897953          0.856478       2065.064249             -0.166667                -1.136319              0.969652           581.791496   C10
3693     C10         -0.041475            -0.905539          0.864064       2083.354081             -0.166667                -1.168833              1.002166           601.299667   C10


2024-07-03 02:49:44,830 - R2 [mean] conjunto de predição CARBONO:
2024-07-03 02:49:44,830 - ====================================================
2024-07-03 02:49:44,830 - ====>>>>> R2 [mean]: 0.539742492660636 <<<<<====
2024-07-03 02:49:44,830 - ====>>>>> MAE [mean]: 0.3349787021142607 <<<<<====
2024-07-03 02:49:44,830 - ====>>>>> MSE [mean]: 0.16705477408118288 <<<<<====
2024-07-03 02:49:44,831 - ====================================================
2024-07-03 02:49:44,831 - 

2024-07-03 02:49:44,834 - R2 [median] conjunto de predição CARBONO:
2024-07-03 02:49:44,834 - ====================================================
2024-07-03 02:49:44,834 - ====>>>>> R2 [median]: 0.5618735703575863 <<<<<====
2024-07-03 02:49:44,834 - ====>>>>> MAE [median]: 0.32449808311309286 <<<<<====
2024-07-03 02:49:44,834 - ====>>>>> MSE [median]: 0.15902209210232895 <<<<<====
2024-07-03 02:49:44,834 - ====================================================
2024-07-03 02:49:44,834 - 

2024-07-03 02:49:44,837 - R2 [mean] conjunto de predição NITROGENIO:
2024-07-03 02:49:44,837 - ====================================================
2024-07-03 02:49:44,837 - ====>>>>> R2 [mean]: 0.5701841642679519 <<<<<====
2024-07-03 02:49:44,837 - ====>>>>> MAE [mean]: 0.3002194874448541 <<<<<====
2024-07-03 02:49:44,837 - ====>>>>> MSE [mean]: 0.1564723553796673 <<<<<====
2024-07-03 02:49:44,837 - ====================================================
2024-07-03 02:49:44,837 - 

2024-07-03 02:49:44,840 - R2 [median] conjunto de predição NITROGENIO:
2024-07-03 02:49:44,840 - ====================================================
2024-07-03 02:49:44,840 - ====>>>>> R2 [median]: 0.5706678281869209 <<<<<====
2024-07-03 02:49:44,840 - ====>>>>> MAE [median]: 0.2984332659668883 <<<<<====
2024-07-03 02:49:44,840 - ====>>>>> MSE [median]: 0.15629627989262915 <<<<<====
2024-07-03 02:49:44,840 - ====================================================
2024-07-03 02:49:44,841 - 

2024-07-03 02:49:44,842 - #######################
2024-07-03 02:49:44,842 - Info parameters: 
2024-07-03 02:49:44,842 -  -e (--epochs): 100
2024-07-03 02:49:44,842 -  -G (--grid_search_trials): 0
2024-07-03 02:49:44,842 -  -i (--amount_image_train): 8930
2024-07-03 02:49:44,842 -  -I (--amount_image_test): 3843
2024-07-03 02:49:44,842 -  -L (--log_level): 0
2024-07-03 02:49:44,842 -  -m (--model): 2 - ResNet152
2024-07-03 02:49:44,842 -  -M (--show_model): False
2024-07-03 02:49:44,842 -  -n (--name): ResNet152_2_Normalize2_Epochs100_Patience10_Separed_Preprocess
2024-07-03 02:49:44,842 -  -N (--normalize): NormalizeEnum.RobustScaler
2024-07-03 02:49:44,842 -  -p (--preprocess): False
2024-07-03 02:49:44,842 -  -P (--patience): 10
2024-07-03 02:49:44,842 -  -S (--separed): False
2024-07-03 02:49:44,842 -  -t (--trainable): False
2024-07-03 02:49:44,843 -  -T (--Test): False
2024-07-03 02:49:44,843 - #######################
