2024-07-03 10:30:06,673 - 
2024-07-03 10:30:06,673 - ====================================================
2024-07-03 10:30:06,674 - ********** R2 Modelo: 0.43326813495063327 **********
2024-07-03 10:30:06,674 - ********** MAE: 0.5833287759052332 **********
2024-07-03 10:30:06,674 - ********** MSE: 0.5046150518870023 **********
2024-07-03 10:30:06,674 - ====================================================
2024-07-03 10:30:06,674 - 

2024-07-03 10:30:06,674 - Alguns exemplos de predições ...
2024-07-03 10:30:06,866 - 
Melhores resultados ...


2024-07-03 10:30:06,872 - 
     amostra  teor_cabono_real  teor_cabono_predict  teor_cabono_diff  error_carbono(%)  teor_nitrogenio_real  teor_nitrogenio_predict  teor_nitrogenio_diff  error_nitrogenio(%) grupo
3735      C8          0.406030             0.405977          0.000053          0.013046             -0.153730                 0.292278              0.446008           290.124377    C8
391      C39         -0.813957            -0.814746          0.000789          0.096886             -0.676380                -0.747641              0.071261            10.535680   C39
220      C23          0.362459             0.363021          0.000562          0.155091              0.456028                 0.342499              0.113528            24.895024   C23
218      C41         -0.741339            -0.739005          0.002334          0.314805             -0.589271                -0.722230              0.132959            22.563234   C41
3307     L17          0.856264             0.859388          0.003124          0.364869              0.891569                 0.895730              0.004161             0.466704   L17

2024-07-03 10:30:06,873 - 
Piores resultados ...


2024-07-03 10:30:06,879 - 
     amostra  teor_cabono_real  teor_cabono_predict  teor_cabono_diff  error_carbono(%)  teor_nitrogenio_real  teor_nitrogenio_predict  teor_nitrogenio_diff  error_nitrogenio(%) grupo
2370     L40          0.035677             0.744589          0.708912       1987.030536              0.281811                 0.674468              0.392657           139.333389   L40
2933     L40          0.035677             0.763814          0.728137       2040.917874              0.281811                 0.657516              0.375705           133.317916   L40
1134     L40          0.035677             0.773483          0.737806       2068.019422              0.281811                 0.733230              0.451419           160.184858   L40
1994     L40          0.035677             0.890549          0.854872       2396.146980              0.281811                 0.795962              0.514151           182.445273   L40
3182     L40          0.035677             0.896987          0.861310       2414.193127              0.281811                 0.793608              0.511797           181.609868   L40


2024-07-03 10:30:06,881 - R2 [mean] conjunto de predição CARBONO:
2024-07-03 10:30:06,881 - ====================================================
2024-07-03 10:30:06,881 - ====>>>>> R2 [mean]: 0.47839715434409213 <<<<<====
2024-07-03 10:30:06,882 - ====>>>>> MAE [mean]: 0.5633560063068854 <<<<<====
2024-07-03 10:30:06,882 - ====>>>>> MSE [mean]: 0.4701210757652698 <<<<<====
2024-07-03 10:30:06,882 - ====================================================
2024-07-03 10:30:06,882 - 

2024-07-03 10:30:06,884 - R2 [median] conjunto de predição CARBONO:
2024-07-03 10:30:06,884 - ====================================================
2024-07-03 10:30:06,884 - ====>>>>> R2 [median]: 0.4901378381843 <<<<<====
2024-07-03 10:30:06,884 - ====>>>>> MAE [median]: 0.5535418038072658 <<<<<====
2024-07-03 10:30:06,884 - ====>>>>> MSE [median]: 0.45953918771932223 <<<<<====
2024-07-03 10:30:06,884 - ====================================================
2024-07-03 10:30:06,885 - 

2024-07-03 10:30:06,887 - R2 [mean] conjunto de predição NITROGENIO:
2024-07-03 10:30:06,887 - ====================================================
2024-07-03 10:30:06,887 - ====>>>>> R2 [mean]: 0.5848169950834512 <<<<<====
2024-07-03 10:30:06,887 - ====>>>>> MAE [mean]: 0.5154933520973526 <<<<<====
2024-07-03 10:30:06,887 - ====>>>>> MSE [mean]: 0.3715851944758779 <<<<<====
2024-07-03 10:30:06,887 - ====================================================
2024-07-03 10:30:06,887 - 

2024-07-03 10:30:06,889 - R2 [median] conjunto de predição NITROGENIO:
2024-07-03 10:30:06,890 - ====================================================
2024-07-03 10:30:06,890 - ====>>>>> R2 [median]: 0.6136469570103751 <<<<<====
2024-07-03 10:30:06,890 - ====>>>>> MAE [median]: 0.500758489932034 <<<<<====
2024-07-03 10:30:06,890 - ====>>>>> MSE [median]: 0.34578262817983835 <<<<<====
2024-07-03 10:30:06,890 - ====================================================
2024-07-03 10:30:06,890 - 

2024-07-03 10:30:06,891 - #######################
2024-07-03 10:30:06,891 - Info parameters: 
2024-07-03 10:30:06,891 -  -e (--epochs): 100
2024-07-03 10:30:06,891 -  -G (--grid_search_trials): 0
2024-07-03 10:30:06,891 -  -i (--amount_image_train): 8930
2024-07-03 10:30:06,891 -  -I (--amount_image_test): 3843
2024-07-03 10:30:06,891 -  -L (--log_level): 0
2024-07-03 10:30:06,891 -  -m (--model): 50 - VGG19
2024-07-03 10:30:06,891 -  -M (--show_model): False
2024-07-03 10:30:06,891 -  -n (--name): VGG19_50_Normalize4_Epochs100_Patience10_Separed
2024-07-03 10:30:06,891 -  -N (--normalize): NormalizeEnum.StandardScaler
2024-07-03 10:30:06,891 -  -p (--preprocess): False
2024-07-03 10:30:06,891 -  -P (--patience): 10
2024-07-03 10:30:06,891 -  -S (--separed): False
2024-07-03 10:30:06,891 -  -t (--trainable): False
2024-07-03 10:30:06,891 -  -T (--Test): False
2024-07-03 10:30:06,891 - #######################
