2024-07-02 22:45:14,810 - 
2024-07-02 22:45:14,810 - ====================================================
2024-07-02 22:45:14,810 - ********** R2 Modelo: 0.3759971711335004 **********
2024-07-02 22:45:14,810 - ********** MAE: 0.5958458150644339 **********
2024-07-02 22:45:14,810 - ********** MSE: 0.5556498752118177 **********
2024-07-02 22:45:14,811 - ====================================================
2024-07-02 22:45:14,811 - 

2024-07-02 22:45:14,811 - Alguns exemplos de predições ...
2024-07-02 22:45:15,016 - 
Melhores resultados ...


2024-07-02 22:45:15,023 - 
     amostra  teor_cabono_real  teor_cabono_predict  teor_cabono_diff  error_carbono(%)  teor_nitrogenio_real  teor_nitrogenio_predict  teor_nitrogenio_diff  error_nitrogenio(%) grupo
2769     L20          0.347936             0.348850          0.000915          0.262853              0.368919                 0.303327              0.065592            17.779525   L20
2266     C41         -0.741339            -0.744466          0.003127          0.421792             -0.589271                -0.669837              0.080566            13.672070   C41
3477     L37          1.233879             1.239358          0.005479          0.444035              1.240002                 1.205130              0.034872             2.812292   L37
853      C12          0.282579             0.284071          0.001492          0.527951             -0.066622                 0.335124              0.401746           603.024215   C12
3579     C41         -0.741339            -0.745753          0.004414          0.595386             -0.589271                -0.690183              0.100912            17.124797   C41

2024-07-02 22:45:15,023 - 
Piores resultados ...


2024-07-02 22:45:15,030 - 
     amostra  teor_cabono_real  teor_cabono_predict  teor_cabono_diff  error_carbono(%)  teor_nitrogenio_real  teor_nitrogenio_predict  teor_nitrogenio_diff  error_nitrogenio(%) grupo
1412     L40          0.035677             0.489842          0.454165       1272.992064              0.281811                 0.467731              0.185919            65.973064   L40
82       L40          0.035677             0.508119          0.472442       1324.221690              0.281811                 0.457955              0.176143            62.504023   L40
1355     L40          0.035677             0.562022          0.526345       1475.308990              0.281811                 0.581034              0.299223           106.178533   L40
1316     L40          0.035677             0.639467          0.603791       1692.382668              0.281811                 0.612667              0.330856           117.403516   L40
573      L40          0.035677             0.673933          0.638256       1788.987869              0.281811                 0.618340              0.336529           119.416499   L40


2024-07-02 22:45:15,033 - R2 [mean] conjunto de predição CARBONO:
2024-07-02 22:45:15,033 - ====================================================
2024-07-02 22:45:15,033 - ====>>>>> R2 [mean]: 0.4019744541007445 <<<<<====
2024-07-02 22:45:15,034 - ====>>>>> MAE [mean]: 0.5942386539348308 <<<<<====
2024-07-02 22:45:15,034 - ====>>>>> MSE [mean]: 0.539000918639038 <<<<<====
2024-07-02 22:45:15,034 - ====================================================
2024-07-02 22:45:15,034 - 

2024-07-02 22:45:15,037 - R2 [median] conjunto de predição CARBONO:
2024-07-02 22:45:15,037 - ====================================================
2024-07-02 22:45:15,037 - ====>>>>> R2 [median]: 0.44528758942475855 <<<<<====
2024-07-02 22:45:15,037 - ====>>>>> MAE [median]: 0.579122211294475 <<<<<====
2024-07-02 22:45:15,037 - ====>>>>> MSE [median]: 0.4999627539839224 <<<<<====
2024-07-02 22:45:15,037 - ====================================================
2024-07-02 22:45:15,037 - 

2024-07-02 22:45:15,040 - R2 [mean] conjunto de predição NITROGENIO:
2024-07-02 22:45:15,040 - ====================================================
2024-07-02 22:45:15,040 - ====>>>>> R2 [mean]: 0.47863743673150727 <<<<<====
2024-07-02 22:45:15,041 - ====>>>>> MAE [mean]: 0.5563543751634603 <<<<<====
2024-07-02 22:45:15,041 - ====>>>>> MSE [mean]: 0.4666149798292072 <<<<<====
2024-07-02 22:45:15,041 - ====================================================
2024-07-02 22:45:15,041 - 

2024-07-02 22:45:15,044 - R2 [median] conjunto de predição NITROGENIO:
2024-07-02 22:45:15,044 - ====================================================
2024-07-02 22:45:15,044 - ====>>>>> R2 [median]: 0.5147531476200855 <<<<<====
2024-07-02 22:45:15,044 - ====>>>>> MAE [median]: 0.5436996813662296 <<<<<====
2024-07-02 22:45:15,044 - ====>>>>> MSE [median]: 0.4342917312972392 <<<<<====
2024-07-02 22:45:15,044 - ====================================================
2024-07-02 22:45:15,044 - 

2024-07-02 22:45:15,045 - #######################
2024-07-02 22:45:15,045 - Info parameters: 
2024-07-02 22:45:15,045 -  -e (--epochs): 100
2024-07-02 22:45:15,046 -  -G (--grid_search_trials): 0
2024-07-02 22:45:15,046 -  -i (--amount_image_train): 8930
2024-07-02 22:45:15,046 -  -I (--amount_image_test): 3843
2024-07-02 22:45:15,046 -  -L (--log_level): 0
2024-07-02 22:45:15,046 -  -m (--model): 1 - ResNet101
2024-07-02 22:45:15,046 -  -M (--show_model): False
2024-07-02 22:45:15,046 -  -n (--name): ResNet101_1_Normalize3_Epochs100_Patience10_Separed_Preprocess
2024-07-02 22:45:15,046 -  -N (--normalize): NormalizeEnum.StandardScaler
2024-07-02 22:45:15,046 -  -p (--preprocess): False
2024-07-02 22:45:15,046 -  -P (--patience): 10
2024-07-02 22:45:15,046 -  -S (--separed): False
2024-07-02 22:45:15,046 -  -t (--trainable): False
2024-07-02 22:45:15,047 -  -T (--Test): False
2024-07-02 22:45:15,047 - #######################
