2024-07-02 19:49:33,463 - 
2024-07-02 19:49:33,463 - ====================================================
2024-07-02 19:49:33,463 - ********** R2 Modelo: 0.39909540836942703 **********
2024-07-02 19:49:33,463 - ********** MAE: 0.5827475743392738 **********
2024-07-02 19:49:33,463 - ********** MSE: 0.5350309122481481 **********
2024-07-02 19:49:33,463 - ====================================================
2024-07-02 19:49:33,464 - 

2024-07-02 19:49:33,464 - Alguns exemplos de predições ...
2024-07-02 19:49:33,665 - 
Melhores resultados ...


2024-07-02 19:49:33,672 - 
     amostra  teor_cabono_real  teor_cabono_predict  teor_cabono_diff  error_carbono(%)  teor_nitrogenio_real  teor_nitrogenio_predict  teor_nitrogenio_diff  error_nitrogenio(%) grupo
1822     C41         -0.741339            -0.741819          0.000480          0.064810             -0.589271                -0.687208              0.097936            16.619898   C41
944      L17          0.856264             0.857309          0.001045          0.122048              0.891569                 1.274347              0.382778            42.933102   L17
1236     L20          0.347936             0.347418          0.000518          0.148889              0.368919                 0.404553              0.035633             9.658768   L20
1590     L20          0.347936             0.349203          0.001267          0.364123              0.368919                 0.466747              0.097828            26.517438   L20
3199      C8          0.406030             0.408876          0.002846          0.700938             -0.153730                -0.045116              0.108614            70.652384    C8

2024-07-02 19:49:33,672 - 
Piores resultados ...


2024-07-02 19:49:33,679 - 
     amostra  teor_cabono_real  teor_cabono_predict  teor_cabono_diff  error_carbono(%)  teor_nitrogenio_real  teor_nitrogenio_predict  teor_nitrogenio_diff  error_nitrogenio(%) grupo
929      C10          0.079248            -0.791766          0.871014       1099.100031             -0.240838                -0.880663              0.639825           265.665598   C10
898      L40          0.035677             0.437929          0.402252       1127.484908              0.281811                 0.471901              0.190089            67.452778   L40
3225     L40          0.035677             0.445768          0.410091       1149.456894              0.281811                 0.499601              0.217790            77.282247   L40
1932     L40          0.035677             0.449972          0.414295       1161.239841              0.281811                 0.499389              0.217578            77.206845   L40
774      L40          0.035677             0.450976          0.415299       1164.054013              0.281811                 0.495068              0.213257            75.673789   L40


2024-07-02 19:49:33,682 - R2 [mean] conjunto de predição CARBONO:
2024-07-02 19:49:33,682 - ====================================================
2024-07-02 19:49:33,682 - ====>>>>> R2 [mean]: 0.3970304415188014 <<<<<====
2024-07-02 19:49:33,683 - ====>>>>> MAE [mean]: 0.6088333412244011 <<<<<====
2024-07-02 19:49:33,683 - ====>>>>> MSE [mean]: 0.5434569612641456 <<<<<====
2024-07-02 19:49:33,683 - ====================================================
2024-07-02 19:49:33,683 - 

2024-07-02 19:49:33,686 - R2 [median] conjunto de predição CARBONO:
2024-07-02 19:49:33,686 - ====================================================
2024-07-02 19:49:33,686 - ====>>>>> R2 [median]: 0.3993642631743375 <<<<<====
2024-07-02 19:49:33,686 - ====>>>>> MAE [median]: 0.6074003913669158 <<<<<====
2024-07-02 19:49:33,686 - ====>>>>> MSE [median]: 0.5413534858776851 <<<<<====
2024-07-02 19:49:33,686 - ====================================================
2024-07-02 19:49:33,686 - 

2024-07-02 19:49:33,689 - R2 [mean] conjunto de predição NITROGENIO:
2024-07-02 19:49:33,689 - ====================================================
2024-07-02 19:49:33,689 - ====>>>>> R2 [mean]: 0.5167276440831756 <<<<<====
2024-07-02 19:49:33,689 - ====>>>>> MAE [mean]: 0.527078786594969 <<<<<====
2024-07-02 19:49:33,690 - ====>>>>> MSE [mean]: 0.4325245740592478 <<<<<====
2024-07-02 19:49:33,690 - ====================================================
2024-07-02 19:49:33,690 - 

2024-07-02 19:49:33,692 - R2 [median] conjunto de predição NITROGENIO:
2024-07-02 19:49:33,693 - ====================================================
2024-07-02 19:49:33,693 - ====>>>>> R2 [median]: 0.5051301488850077 <<<<<====
2024-07-02 19:49:33,693 - ====>>>>> MAE [median]: 0.5361169316657032 <<<<<====
2024-07-02 19:49:33,693 - ====>>>>> MSE [median]: 0.4429042318429532 <<<<<====
2024-07-02 19:49:33,693 - ====================================================
2024-07-02 19:49:33,693 - 

2024-07-02 19:49:33,694 - #######################
2024-07-02 19:49:33,694 - Info parameters: 
2024-07-02 19:49:33,694 -  -e (--epochs): 100
2024-07-02 19:49:33,694 -  -G (--grid_search_trials): 0
2024-07-02 19:49:33,694 -  -i (--amount_image_train): 8930
2024-07-02 19:49:33,694 -  -I (--amount_image_test): 3843
2024-07-02 19:49:33,694 -  -L (--log_level): 0
2024-07-02 19:49:33,694 -  -m (--model): 10 - ConvNeXtBase
2024-07-02 19:49:33,694 -  -M (--show_model): False
2024-07-02 19:49:33,694 -  -n (--name): ConvNeXtBase_10_Normalize3_Epochs100_Patience10_Separed_Preprocess
2024-07-02 19:49:33,695 -  -N (--normalize): NormalizeEnum.StandardScaler
2024-07-02 19:49:33,695 -  -p (--preprocess): False
2024-07-02 19:49:33,695 -  -P (--patience): 10
2024-07-02 19:49:33,695 -  -S (--separed): False
2024-07-02 19:49:33,695 -  -t (--trainable): False
2024-07-02 19:49:33,695 -  -T (--Test): False
2024-07-02 19:49:33,695 - #######################
