2024-07-02 15:10:42,528 - 
2024-07-02 15:10:42,528 - ====================================================
2024-07-02 15:10:42,528 - ********** R2 Modelo: 0.3042100114611543 **********
2024-07-02 15:10:42,528 - ********** MAE [mean]: 0.6395831858656403 **********
2024-07-02 15:10:42,528 - ********** MSE [mean]: 0.6196737444811211 **********
2024-07-02 15:10:42,528 - ====================================================
2024-07-02 15:10:42,528 - 

2024-07-02 15:10:42,529 - Alguns exemplos de predições ...
2024-07-02 15:10:43,066 - 
Melhores resultados ...


2024-07-02 15:10:43,073 - 
     amostra  teor_cabono_real  teor_cabono_predict  teor_cabono_diff  error_carbono(%)  teor_nitrogenio_real  teor_nitrogenio_predict  teor_nitrogenio_diff  error_nitrogenio(%) grupo
1156     L20          0.347936             0.347621          0.000314          0.090352              0.368919                 0.282357              0.086562            23.463786   L20
1334     C46         -0.247534            -0.247793          0.000259          0.104488              0.804461                -0.195163              0.999623           124.260060   C46
700      C46         -0.247534            -0.248358          0.000823          0.332556              0.804461                -0.195329              0.999789           124.280693   C46
2892     C41         -0.741339            -0.738805          0.002534          0.341764             -0.589271                -0.884434              0.295163            50.089478   C41
77       L20          0.347936             0.349340          0.001404          0.403618              0.368919                 0.314393              0.054526            14.779917   L20

2024-07-02 15:10:43,073 - 
Piores resultados ...


2024-07-02 15:10:43,080 - 
     amostra  teor_cabono_real  teor_cabono_predict  teor_cabono_diff  error_carbono(%)  teor_nitrogenio_real  teor_nitrogenio_predict  teor_nitrogenio_diff  error_nitrogenio(%) grupo
3766     C10          0.079248            -1.058944          1.138192       1436.241552             -0.240838                -1.287708              1.046869           434.677171   C10
1303     C10          0.079248            -1.108417          1.187665       1498.669885             -0.240838                -1.435651              1.194813           496.105871   C10
2425     C10          0.079248            -1.122431          1.201679       1516.353634             -0.240838                -1.352696              1.111858           461.661404   C10
1715     C10          0.079248            -1.152480          1.231728       1554.271297             -0.240838                -1.394683              1.153845           479.095116   C10
298      C10          0.079248            -1.216810          1.296058       1635.446738             -0.240838                -1.470326              1.229487           510.503249   C10


2024-07-02 15:10:43,083 - R2 [mean] conjunto de predição CARBONO:
2024-07-02 15:10:43,083 - ====================================================
2024-07-02 15:10:43,083 - ====>>>>> R2 [mean]: 0.32746409094215256 <<<<<====
2024-07-02 15:10:43,084 - ====>>>>> MAE [mean]: 0.6405752381790767 <<<<<====
2024-07-02 15:10:43,084 - ====>>>>> MSE [mean]: 0.6061571705182429 <<<<<====
2024-07-02 15:10:43,084 - ====================================================
2024-07-02 15:10:43,084 - 

2024-07-02 15:10:43,087 - R2 [median] conjunto de predição CARBONO:
2024-07-02 15:10:43,087 - ====================================================
2024-07-02 15:10:43,087 - ====>>>>> R2 [median]: 0.34674209047875315 <<<<<====
2024-07-02 15:10:43,087 - ====>>>>> MAE [median]: 0.6296162276423287 <<<<<====
2024-07-02 15:10:43,087 - ====>>>>> MSE [median]: 0.5887818936074114 <<<<<====
2024-07-02 15:10:43,087 - ====================================================
2024-07-02 15:10:43,087 - 

2024-07-02 15:10:43,090 - R2 [mean] conjunto de predição NITROGENIO:
2024-07-02 15:10:43,090 - ====================================================
2024-07-02 15:10:43,090 - ====>>>>> R2 [mean]: 0.37094819793261413 <<<<<====
2024-07-02 15:10:43,090 - ====>>>>> MAE [mean]: 0.6051978323563498 <<<<<====
2024-07-02 15:10:43,090 - ====>>>>> MSE [mean]: 0.5629959161107612 <<<<<====
2024-07-02 15:10:43,091 - ====================================================
2024-07-02 15:10:43,091 - 

2024-07-02 15:10:43,093 - R2 [median] conjunto de predição NITROGENIO:
2024-07-02 15:10:43,094 - ====================================================
2024-07-02 15:10:43,094 - ====>>>>> R2 [median]: 0.39256964216988743 <<<<<====
2024-07-02 15:10:43,094 - ====>>>>> MAE [median]: 0.5910964227397572 <<<<<====
2024-07-02 15:10:43,094 - ====>>>>> MSE [median]: 0.5436449107309252 <<<<<====
2024-07-02 15:10:43,094 - ====================================================
2024-07-02 15:10:43,094 - 

2024-07-02 15:10:43,095 - #######################
2024-07-02 15:10:43,095 - Info parameters: 
2024-07-02 15:10:43,095 -  -e (--epochs): 100
2024-07-02 15:10:43,095 -  -G (--grid_search_trials): 0
2024-07-02 15:10:43,095 -  -i (--amount_image_train): 8930
2024-07-02 15:10:43,096 -  -I (--amount_image_test): 3843
2024-07-02 15:10:43,096 -  -L (--log_level): 0
2024-07-02 15:10:43,096 -  -m (--model): 40 - DenseNet169
2024-07-02 15:10:43,096 -  -M (--show_model): False
2024-07-02 15:10:43,096 -  -n (--name): DenseNet169_40_Normalize4_Epochs100_Patience10_Separed_Preprocess
2024-07-02 15:10:43,096 -  -N (--normalize): NormalizeEnum.StandardScaler
2024-07-02 15:10:43,096 -  -p (--preprocess): False
2024-07-02 15:10:43,096 -  -P (--patience): 10
2024-07-02 15:10:43,096 -  -S (--separed): False
2024-07-02 15:10:43,096 -  -t (--trainable): False
2024-07-02 15:10:43,096 -  -T (--Test): False
2024-07-02 15:10:43,096 - #######################
