2024-07-03 01:16:04,399 - 
2024-07-03 01:16:04,399 - ====================================================
2024-07-03 01:16:04,399 - ********** R2 Modelo: 0.43259658491416064 **********
2024-07-03 01:16:04,399 - ********** MAE: 0.41094616374448095 **********
2024-07-03 01:16:04,399 - ********** MSE: 0.4973006912974842 **********
2024-07-03 01:16:04,399 - ====================================================
2024-07-03 01:16:04,399 - 

2024-07-03 01:16:04,399 - Alguns exemplos de predições ...
2024-07-03 01:16:04,592 - 
Melhores resultados ...


2024-07-03 01:16:04,599 - 
     amostra  teor_cabono_real  teor_cabono_predict  teor_cabono_diff  error_carbono(%)  teor_nitrogenio_real  teor_nitrogenio_predict  teor_nitrogenio_diff  error_nitrogenio(%) grupo
1701     C39              1.68             1.679959          0.000041          0.002430                  0.14                 0.146924              0.006924             4.946068   C39
1663     C12              3.19             3.190213          0.000213          0.006676                  0.21                 0.212585              0.002585             1.231131   C12
2312     L29              4.79             4.790620          0.000620          0.012941                  0.39                 0.401813              0.011813             3.028860   L29
2053     C12              3.19             3.190471          0.000471          0.014778                  0.21                 0.212108              0.002108             1.004037   C12
3069      C8              3.36             3.360578          0.000578          0.017190                  0.20                 0.297254              0.097254            48.627207    C8

2024-07-03 01:16:04,599 - 
Piores resultados ...


2024-07-03 01:16:04,605 - 
     amostra  teor_cabono_real  teor_cabono_predict  teor_cabono_diff  error_carbono(%)  teor_nitrogenio_real  teor_nitrogenio_predict  teor_nitrogenio_diff  error_nitrogenio(%) grupo
1861     C51              0.31             3.822053          3.512053       1132.920385                  0.03                 0.310500              0.280500           935.000682   C51
2315     C51              0.31             3.861729          3.551729       1145.719002                  0.03                 0.298955              0.268955           896.517340   C51
941      C51              0.31             3.883138          3.573138       1152.625296                  0.03                 0.310926              0.280926           936.420266   C51
436      C51              0.31             4.045250          3.735250       1204.919335                  0.03                 0.322679              0.292679           975.596611   C51
605      C51              0.31             4.138454          3.828454       1234.985149                  0.03                 0.352892              0.322892          1076.305215   C51


2024-07-03 01:16:04,608 - R2 [mean] conjunto de predição CARBONO:
2024-07-03 01:16:04,608 - ====================================================
2024-07-03 01:16:04,608 - ====>>>>> R2 [mean]: 0.5392848413585427 <<<<<====
2024-07-03 01:16:04,608 - ====>>>>> MAE [mean]: 0.662220309222186 <<<<<====
2024-07-03 01:16:04,608 - ====>>>>> MSE [mean]: 0.7874264155285631 <<<<<====
2024-07-03 01:16:04,608 - ====================================================
2024-07-03 01:16:04,608 - 

2024-07-03 01:16:04,611 - R2 [median] conjunto de predição CARBONO:
2024-07-03 01:16:04,611 - ====================================================
2024-07-03 01:16:04,611 - ====>>>>> R2 [median]: 0.5502704857845849 <<<<<====
2024-07-03 01:16:04,611 - ====>>>>> MAE [median]: 0.6516182429702193 <<<<<====
2024-07-03 01:16:04,611 - ====>>>>> MSE [median]: 0.7686504181461941 <<<<<====
2024-07-03 01:16:04,611 - ====================================================
2024-07-03 01:16:04,611 - 

2024-07-03 01:16:04,614 - R2 [mean] conjunto de predição NITROGENIO:
2024-07-03 01:16:04,614 - ====================================================
2024-07-03 01:16:04,614 - ====>>>>> R2 [mean]: 0.6824622805420236 <<<<<====
2024-07-03 01:16:04,614 - ====>>>>> MAE [mean]: 0.04824766101660551 <<<<<====
2024-07-03 01:16:04,614 - ====>>>>> MSE [mean]: 0.003745377002100625 <<<<<====
2024-07-03 01:16:04,614 - ====================================================
2024-07-03 01:16:04,614 - 

2024-07-03 01:16:04,616 - R2 [median] conjunto de predição NITROGENIO:
2024-07-03 01:16:04,616 - ====================================================
2024-07-03 01:16:04,616 - ====>>>>> R2 [median]: 0.677343169370701 <<<<<====
2024-07-03 01:16:04,617 - ====>>>>> MAE [median]: 0.04743940432866414 <<<<<====
2024-07-03 01:16:04,617 - ====>>>>> MSE [median]: 0.0038057572343608913 <<<<<====
2024-07-03 01:16:04,617 - ====================================================
2024-07-03 01:16:04,617 - 

2024-07-03 01:16:04,617 - #######################
2024-07-03 01:16:04,618 - Info parameters: 
2024-07-03 01:16:04,618 -  -e (--epochs): 100
2024-07-03 01:16:04,618 -  -G (--grid_search_trials): 0
2024-07-03 01:16:04,618 -  -i (--amount_image_train): 8930
2024-07-03 01:16:04,618 -  -I (--amount_image_test): 3843
2024-07-03 01:16:04,618 -  -L (--log_level): 0
2024-07-03 01:16:04,618 -  -m (--model): 21 - EfficientNetV2S
2024-07-03 01:16:04,618 -  -M (--show_model): False
2024-07-03 01:16:04,618 -  -n (--name): EfficientNetV2S_21_Normalize0_Epochs100_Patience10_Separed_Preprocess
2024-07-03 01:16:04,618 -  -N (--normalize): NormalizeEnum.NONE
2024-07-03 01:16:04,618 -  -p (--preprocess): False
2024-07-03 01:16:04,618 -  -P (--patience): 10
2024-07-03 01:16:04,618 -  -S (--separed): False
2024-07-03 01:16:04,618 -  -t (--trainable): False
2024-07-03 01:16:04,618 -  -T (--Test): False
2024-07-03 01:16:04,618 - #######################
