2024-07-02 14:12:08,700 - 
2024-07-02 14:12:08,700 - ====================================================
2024-07-02 14:12:08,701 - ********** R2 Modelo: -0.0267618387322206 **********
2024-07-02 14:12:08,701 - ********** MAE [mean]: 0.623689300946132 **********
2024-07-02 14:12:08,701 - ********** MSE [mean]: 0.9739451369249288 **********
2024-07-02 14:12:08,701 - ====================================================
2024-07-02 14:12:08,701 - 

2024-07-02 14:12:08,701 - Alguns exemplos de predições ...
2024-07-02 14:12:09,239 - 
Melhores resultados ...


2024-07-02 14:12:09,247 - 
     amostra  teor_cabono_real  teor_cabono_predict  teor_cabono_diff  error_carbono(%)  teor_nitrogenio_real  teor_nitrogenio_predict  teor_nitrogenio_diff  error_nitrogenio(%) grupo
1101     L40              2.85             2.849597          0.000403          0.014158                  0.25                 0.248605              0.001395             0.558138   L40
1429     C46              2.46             2.460463          0.000463          0.018813                  0.31                 0.213289              0.096711            31.196974   C46
1855     C46              2.46             2.460548          0.000548          0.022293                  0.31                 0.214000              0.096000            30.967862   C46
1798     C39              1.68             1.679277          0.000723          0.043011                  0.14                 0.128263              0.011737             8.383467   C39
3227      L7              1.44             1.439277          0.000723          0.050213                  0.04                 0.115629              0.075629           189.072040    L7

2024-07-02 14:12:09,247 - 
Piores resultados ...


2024-07-02 14:12:09,254 - 
     amostra  teor_cabono_real  teor_cabono_predict  teor_cabono_diff  error_carbono(%)  teor_nitrogenio_real  teor_nitrogenio_predict  teor_nitrogenio_diff  error_nitrogenio(%) grupo
2362     C51              0.31             3.101006          2.791006        900.324603                  0.03                 0.250477              0.220477           734.923287   C51
2177     C51              0.31             3.143510          2.833510        914.035440                  0.03                 0.275610              0.245610           818.701192   C51
1665     C51              0.31             3.355531          3.045531        982.429271                  0.03                 0.280937              0.250937           836.456025   C51
1077     C51              0.31             3.569362          3.259362       1051.407150                  0.03                 0.283116              0.253116           843.721433   C51
1065     C51              0.31             3.722558          3.412558       1100.825014                  0.03                 0.294784              0.264784           882.612868   C51


2024-07-02 14:12:09,257 - R2 [mean] conjunto de predição CARBONO:
2024-07-02 14:12:09,258 - ====================================================
2024-07-02 14:12:09,258 - ====>>>>> R2 [mean]: -0.006987005689633952 <<<<<====
2024-07-02 14:12:09,258 - ====>>>>> MAE [mean]: 1.0833502893094664 <<<<<====
2024-07-02 14:12:09,258 - ====>>>>> MSE [mean]: 1.721081135494199 <<<<<====
2024-07-02 14:12:09,258 - ====================================================
2024-07-02 14:12:09,258 - 

2024-07-02 14:12:09,261 - R2 [median] conjunto de predição CARBONO:
2024-07-02 14:12:09,261 - ====================================================
2024-07-02 14:12:09,261 - ====>>>>> R2 [median]: -0.056965107703695894 <<<<<====
2024-07-02 14:12:09,261 - ====>>>>> MAE [median]: 1.107316184397097 <<<<<====
2024-07-02 14:12:09,262 - ====>>>>> MSE [median]: 1.8065006772342618 <<<<<====
2024-07-02 14:12:09,262 - ====================================================
2024-07-02 14:12:09,262 - 

2024-07-02 14:12:09,264 - R2 [mean] conjunto de predição NITROGENIO:
2024-07-02 14:12:09,265 - ====================================================
2024-07-02 14:12:09,265 - ====>>>>> R2 [mean]: 0.2358921449643714 <<<<<====
2024-07-02 14:12:09,265 - ====>>>>> MAE [mean]: 0.08072370816160132 <<<<<====
2024-07-02 14:12:09,265 - ====>>>>> MSE [mean]: 0.009012699317296785 <<<<<====
2024-07-02 14:12:09,265 - ====================================================
2024-07-02 14:12:09,265 - 

2024-07-02 14:12:09,268 - R2 [median] conjunto de predição NITROGENIO:
2024-07-02 14:12:09,268 - ====================================================
2024-07-02 14:12:09,268 - ====>>>>> R2 [median]: 0.20083141320712228 <<<<<====
2024-07-02 14:12:09,268 - ====>>>>> MAE [median]: 0.08255700216249184 <<<<<====
2024-07-02 14:12:09,268 - ====>>>>> MSE [median]: 0.00942624281261624 <<<<<====
2024-07-02 14:12:09,268 - ====================================================
2024-07-02 14:12:09,268 - 

2024-07-02 14:12:09,270 - #######################
2024-07-02 14:12:09,270 - Info parameters: 
2024-07-02 14:12:09,270 -  -e (--epochs): 100
2024-07-02 14:12:09,270 -  -G (--grid_search_trials): 0
2024-07-02 14:12:09,270 -  -i (--amount_image_train): 8930
2024-07-02 14:12:09,270 -  -I (--amount_image_test): 3843
2024-07-02 14:12:09,270 -  -L (--log_level): 0
2024-07-02 14:12:09,270 -  -m (--model): 40 - DenseNet169
2024-07-02 14:12:09,270 -  -M (--show_model): False
2024-07-02 14:12:09,270 -  -n (--name): DenseNet169_40_Normalize0_Epochs100_Patience10_Separed_Preprocess
2024-07-02 14:12:09,270 -  -N (--normalize): NormalizeEnum.NONE
2024-07-02 14:12:09,270 -  -p (--preprocess): False
2024-07-02 14:12:09,270 -  -P (--patience): 10
2024-07-02 14:12:09,270 -  -S (--separed): False
2024-07-02 14:12:09,270 -  -t (--trainable): False
2024-07-02 14:12:09,271 -  -T (--Test): False
2024-07-02 14:12:09,271 - #######################
