2024-07-02 12:33:16,512 - 
2024-07-02 12:33:16,512 - ====================================================
2024-07-02 12:33:16,512 - ********** R2 Modelo: 0.33428639703593654 **********
2024-07-02 12:33:16,512 - ********** MAE [mean]: 0.13801626534482106 **********
2024-07-02 12:33:16,512 - ********** MSE [mean]: 0.028033364726156876 **********
2024-07-02 12:33:16,512 - ====================================================
2024-07-02 12:33:16,512 - 

2024-07-02 12:33:16,512 - Alguns exemplos de predições ...
2024-07-02 12:33:16,712 - 
Melhores resultados ...


2024-07-02 12:33:16,719 - 
     amostra  teor_cabono_real  teor_cabono_predict  teor_cabono_diff  error_carbono(%)  teor_nitrogenio_real  teor_nitrogenio_predict  teor_nitrogenio_diff  error_nitrogenio(%) grupo
2624     L40          0.402536             0.402592          0.000057          0.014042              0.415094                 0.375977              0.039118             9.423835   L40
1577     L26          0.413629             0.413722          0.000093          0.022411              0.396226                 0.390460              0.005766             1.455247   L26
1332     C12          0.456418             0.456533          0.000115          0.025096              0.339623                 0.429849              0.090227            26.566711   C12
2210     L26          0.413629             0.413947          0.000318          0.076918              0.396226                 0.380001              0.016226             4.095066   L26
2524     C46          0.340729             0.340448          0.000281          0.082403              0.528302                 0.316928              0.211373            40.009978   C46

2024-07-02 12:33:16,719 - 
Piores resultados ...


2024-07-02 12:33:16,725 - 
     amostra  teor_cabono_real  teor_cabono_predict  teor_cabono_diff  error_carbono(%)  teor_nitrogenio_real  teor_nitrogenio_predict  teor_nitrogenio_diff  error_nitrogenio(%) grupo
1551     C51               0.0             0.384700          0.384700               inf                   0.0                 0.354272              0.354272                  inf   C51
1051     C51               0.0             0.454962          0.454962               inf                   0.0                 0.429964              0.429964                  inf   C51
3549     C51               0.0             0.265736          0.265736               inf                   0.0                 0.219478              0.219478                  inf   C51
2001     C51               0.0             0.334970          0.334970               inf                   0.0                 0.312612              0.312612                  inf   C51
2747     C51               0.0             0.267577          0.267577               inf                   0.0                 0.211643              0.211643                  inf   C51


2024-07-02 12:33:16,728 - R2 [mean] conjunto de predição CARBONO:
2024-07-02 12:33:16,728 - ====================================================
2024-07-02 12:33:16,728 - ====>>>>> R2 [mean]: 0.3822750968650479 <<<<<====
2024-07-02 12:33:16,728 - ====>>>>> MAE [mean]: 0.13624523503456257 <<<<<====
2024-07-02 12:33:16,728 - ====>>>>> MSE [mean]: 0.026516357733650717 <<<<<====
2024-07-02 12:33:16,728 - ====================================================
2024-07-02 12:33:16,728 - 

2024-07-02 12:33:16,731 - R2 [median] conjunto de predição CARBONO:
2024-07-02 12:33:16,731 - ====================================================
2024-07-02 12:33:16,731 - ====>>>>> R2 [median]: 0.37837438695697356 <<<<<====
2024-07-02 12:33:16,731 - ====>>>>> MAE [median]: 0.13628206849745433 <<<<<====
2024-07-02 12:33:16,731 - ====>>>>> MSE [median]: 0.026683798966492027 <<<<<====
2024-07-02 12:33:16,731 - ====================================================
2024-07-02 12:33:16,731 - 

2024-07-02 12:33:16,734 - R2 [mean] conjunto de predição NITROGENIO:
2024-07-02 12:33:16,734 - ====================================================
2024-07-02 12:33:16,734 - ====>>>>> R2 [mean]: 0.47437569945195346 <<<<<====
2024-07-02 12:33:16,734 - ====>>>>> MAE [mean]: 0.12085318512261788 <<<<<====
2024-07-02 12:33:16,734 - ====>>>>> MSE [mean]: 0.022071096728048013 <<<<<====
2024-07-02 12:33:16,734 - ====================================================
2024-07-02 12:33:16,734 - 

2024-07-02 12:33:16,736 - R2 [median] conjunto de predição NITROGENIO:
2024-07-02 12:33:16,736 - ====================================================
2024-07-02 12:33:16,736 - ====>>>>> R2 [median]: 0.47056432866711373 <<<<<====
2024-07-02 12:33:16,737 - ====>>>>> MAE [median]: 0.1210004648884887 <<<<<====
2024-07-02 12:33:16,737 - ====>>>>> MSE [median]: 0.02223113714697641 <<<<<====
2024-07-02 12:33:16,737 - ====================================================
2024-07-02 12:33:16,737 - 

2024-07-02 12:33:16,738 - #######################
2024-07-02 12:33:16,738 - Info parameters: 
2024-07-02 12:33:16,738 -  -e (--epochs): 100
2024-07-02 12:33:16,738 -  -G (--grid_search_trials): 0
2024-07-02 12:33:16,738 -  -i (--amount_image_train): 8930
2024-07-02 12:33:16,738 -  -I (--amount_image_test): 3843
2024-07-02 12:33:16,738 -  -L (--log_level): 0
2024-07-02 12:33:16,738 -  -m (--model): 30 - InceptionResNetV2
2024-07-02 12:33:16,738 -  -M (--show_model): False
2024-07-02 12:33:16,738 -  -n (--name): InceptionResNetV2_30_Normalize1_Epochs100_Patience10_Separed_Preprocess
2024-07-02 12:33:16,738 -  -N (--normalize): NormalizeEnum.MinMaxScaler
2024-07-02 12:33:16,738 -  -p (--preprocess): True
2024-07-02 12:33:16,738 -  -P (--patience): 10
2024-07-02 12:33:16,738 -  -S (--separed): False
2024-07-02 12:33:16,738 -  -t (--trainable): False
2024-07-02 12:33:16,738 -  -T (--Test): False
2024-07-02 12:33:16,739 - #######################
