2024-07-04 00:04:28,465 - 
2024-07-04 00:04:28,465 - ====================================================
2024-07-04 00:04:28,466 - ********** R2 Modelo: 0.4725451129390343 **********
2024-07-04 00:04:28,466 - ********** MAE: 0.5496828095697599 **********
2024-07-04 00:04:28,466 - ********** MSE: 0.4698330936137073 **********
2024-07-04 00:04:28,467 - ====================================================
2024-07-04 00:04:28,467 - 

2024-07-04 00:04:28,467 - Alguns exemplos de predições ...
2024-07-04 00:04:28,692 - 
Melhores resultados ...


2024-07-04 00:04:28,699 - 
     amostra  teor_cabono_real  teor_cabono_predict  teor_cabono_diff  error_carbono(%)  teor_nitrogenio_real  teor_nitrogenio_predict  teor_nitrogenio_diff  error_nitrogenio(%) grupo
3672     L17          0.856264             0.857271          0.001007          0.117572              0.891569                 0.799363              0.092206            10.342021   L17
2955      C4          0.522220             0.521148          0.001072          0.205294             -0.066622                -0.176313              0.109691           164.646936    C4
3091     C23          0.362459             0.361594          0.000866          0.238862              0.456028                 0.308339              0.147688            32.385821   C23
2249      C4          0.522220             0.520691          0.001529          0.292746             -0.066622                -0.016898              0.049724            74.636360    C4
814      L17          0.856264             0.853638          0.002626          0.306667              0.891569                 0.820301              0.071268             7.993506   L17

2024-07-04 00:04:28,699 - 
Piores resultados ...


2024-07-04 00:04:28,706 - 
     amostra  teor_cabono_real  teor_cabono_predict  teor_cabono_diff  error_carbono(%)  teor_nitrogenio_real  teor_nitrogenio_predict  teor_nitrogenio_diff  error_nitrogenio(%) grupo
1599     L40          0.035677             0.552308          0.516631       1448.081473              0.281811                 0.581348              0.299537           106.289933   L40
2211     L40          0.035677             0.561911          0.526234       1474.998412              0.281811                 0.566603              0.284792           101.057834   L40
1309     L40          0.035677             0.564243          0.528566       1481.533096              0.281811                 0.606362              0.324551           115.166125   L40
2616     L40          0.035677             0.566438          0.530761       1487.685195              0.281811                 0.638519              0.356707           126.576746   L40
3175     L40          0.035677             0.597410          0.561733       1574.498561              0.281811                 0.572825              0.291014           103.265487   L40


2024-07-04 00:04:28,727 - R2 [mean] conjunto de predição CARBONO:
2024-07-04 00:04:28,727 - ====================================================
2024-07-04 00:04:28,727 - ====>>>>> R2 [mean]: 0.5287404548283072 <<<<<====
2024-07-04 00:04:28,727 - ====>>>>> MAE [mean]: 0.524321811005736 <<<<<====
2024-07-04 00:04:28,727 - ====>>>>> MSE [mean]: 0.4247466174425742 <<<<<====
2024-07-04 00:04:28,727 - ====================================================
2024-07-04 00:04:28,727 - 

2024-07-04 00:04:28,730 - R2 [median] conjunto de predição CARBONO:
2024-07-04 00:04:28,731 - ====================================================
2024-07-04 00:04:28,731 - ====>>>>> R2 [median]: 0.5395790849878508 <<<<<====
2024-07-04 00:04:28,731 - ====>>>>> MAE [median]: 0.5221841877731853 <<<<<====
2024-07-04 00:04:28,731 - ====>>>>> MSE [median]: 0.4149777511243334 <<<<<====
2024-07-04 00:04:28,731 - ====================================================
2024-07-04 00:04:28,731 - 

2024-07-04 00:04:28,734 - R2 [mean] conjunto de predição NITROGENIO:
2024-07-04 00:04:28,734 - ====================================================
2024-07-04 00:04:28,734 - ====>>>>> R2 [mean]: 0.5085032905611124 <<<<<====
2024-07-04 00:04:28,734 - ====>>>>> MAE [mean]: 0.5344670657991223 <<<<<====
2024-07-04 00:04:28,734 - ====>>>>> MSE [mean]: 0.43988529924969366 <<<<<====
2024-07-04 00:04:28,734 - ====================================================
2024-07-04 00:04:28,734 - 

2024-07-04 00:04:28,737 - R2 [median] conjunto de predição NITROGENIO:
2024-07-04 00:04:28,737 - ====================================================
2024-07-04 00:04:28,737 - ====>>>>> R2 [median]: 0.5070343555123291 <<<<<====
2024-07-04 00:04:28,737 - ====>>>>> MAE [median]: 0.5421703643499569 <<<<<====
2024-07-04 00:04:28,737 - ====>>>>> MSE [median]: 0.4411999833993598 <<<<<====
2024-07-04 00:04:28,737 - ====================================================
2024-07-04 00:04:28,737 - 

2024-07-04 00:04:28,738 - #######################
2024-07-04 00:04:28,738 - Info parameters: 
2024-07-04 00:04:28,738 -  -e (--epochs): 100
2024-07-04 00:04:28,739 -  -G (--grid_search_trials): 0
2024-07-04 00:04:28,739 -  -i (--amount_image_train): 8930
2024-07-04 00:04:28,739 -  -I (--amount_image_test): 3843
2024-07-04 00:04:28,739 -  -L (--log_level): 0
2024-07-04 00:04:28,739 -  -m (--model): 11 - ConvNeXtXLarge
2024-07-04 00:04:28,739 -  -M (--show_model): False
2024-07-04 00:04:28,739 -  -n (--name): ConvNeXtXLarge_11_Normalize3_Epochs100_Patience10_Separed_Preprocess
2024-07-04 00:04:28,739 -  -N (--normalize): NormalizeEnum.StandardScaler
2024-07-04 00:04:28,739 -  -p (--preprocess): True
2024-07-04 00:04:28,739 -  -P (--patience): 10
2024-07-04 00:04:28,739 -  -S (--separed): False
2024-07-04 00:04:28,739 -  -t (--trainable): False
2024-07-04 00:04:28,739 -  -T (--Test): False
2024-07-04 00:04:28,739 - #######################
