2024-07-02 20:10:26,644 - 
2024-07-02 20:10:26,644 - ====================================================
2024-07-02 20:10:26,645 - ********** R2 Modelo: 0.41291562338037935 **********
2024-07-02 20:10:26,645 - ********** MAE: 0.5742239372500955 **********
2024-07-02 20:10:26,645 - ********** MSE: 0.5226845663592401 **********
2024-07-02 20:10:26,645 - ====================================================
2024-07-02 20:10:26,645 - 

2024-07-02 20:10:26,645 - Alguns exemplos de predições ...
2024-07-02 20:10:26,848 - 
Melhores resultados ...


2024-07-02 20:10:26,855 - 
     amostra  teor_cabono_real  teor_cabono_predict  teor_cabono_diff  error_carbono(%)  teor_nitrogenio_real  teor_nitrogenio_predict  teor_nitrogenio_diff  error_nitrogenio(%) grupo
3490     L20          0.347936             0.348183          0.000247          0.071030              0.368919                 0.537649              0.168730            45.736192   L20
699      C46         -0.247534            -0.248031          0.000497          0.200721              0.804461                -0.305027              1.109488           137.917011   C46
2843      C8          0.406030             0.405180          0.000850          0.209426             -0.153730                 0.229055              0.382785           248.998395    C8
3086     L20          0.347936             0.347130          0.000806          0.231563              0.368919                 0.505436              0.136517            37.004548   L20
1677     L33          0.986977             0.989540          0.002563          0.259649              1.327110                 1.175437              0.151673            11.428828   L33

2024-07-02 20:10:26,856 - 
Piores resultados ...


2024-07-02 20:10:26,863 - 
     amostra  teor_cabono_real  teor_cabono_predict  teor_cabono_diff  error_carbono(%)  teor_nitrogenio_real  teor_nitrogenio_predict  teor_nitrogenio_diff  error_nitrogenio(%) grupo
723      C10          0.079248            -0.720752          0.800000       1009.489618             -0.240838                -0.644723              0.403884           167.699423   C10
2201     L40          0.035677             0.423051          0.387374       1085.781062              0.281811                 0.536798              0.254987            90.481603   L40
1892     C10          0.079248            -0.784098          0.863345       1089.423294             -0.240838                -0.759358              0.518519           215.297740   C10
830      L40          0.035677             0.427736          0.392059       1098.913498              0.281811                 0.468854              0.187043            66.371688   L40
1209     C10          0.079248            -0.844532          0.923780       1165.683123             -0.240838                -0.815284              0.574446           238.519261   C10


2024-07-02 20:10:26,866 - R2 [mean] conjunto de predição CARBONO:
2024-07-02 20:10:26,866 - ====================================================
2024-07-02 20:10:26,866 - ====>>>>> R2 [mean]: 0.40474277444629947 <<<<<====
2024-07-02 20:10:26,866 - ====>>>>> MAE [mean]: 0.6048176993478099 <<<<<====
2024-07-02 20:10:26,866 - ====>>>>> MSE [mean]: 0.536505829224258 <<<<<====
2024-07-02 20:10:26,866 - ====================================================
2024-07-02 20:10:26,866 - 

2024-07-02 20:10:26,869 - R2 [median] conjunto de predição CARBONO:
2024-07-02 20:10:26,869 - ====================================================
2024-07-02 20:10:26,869 - ====>>>>> R2 [median]: 0.3985890864746623 <<<<<====
2024-07-02 20:10:26,870 - ====>>>>> MAE [median]: 0.6076082850976874 <<<<<====
2024-07-02 20:10:26,870 - ====>>>>> MSE [median]: 0.542052153277594 <<<<<====
2024-07-02 20:10:26,870 - ====================================================
2024-07-02 20:10:26,870 - 

2024-07-02 20:10:26,873 - R2 [mean] conjunto de predição NITROGENIO:
2024-07-02 20:10:26,873 - ====================================================
2024-07-02 20:10:26,873 - ====>>>>> R2 [mean]: 0.5346360042424521 <<<<<====
2024-07-02 20:10:26,873 - ====>>>>> MAE [mean]: 0.5167970596373554 <<<<<====
2024-07-02 20:10:26,873 - ====>>>>> MSE [mean]: 0.41649674677892273 <<<<<====
2024-07-02 20:10:26,873 - ====================================================
2024-07-02 20:10:26,873 - 

2024-07-02 20:10:26,876 - R2 [median] conjunto de predição NITROGENIO:
2024-07-02 20:10:26,876 - ====================================================
2024-07-02 20:10:26,876 - ====>>>>> R2 [median]: 0.5359852100385669 <<<<<====
2024-07-02 20:10:26,876 - ====>>>>> MAE [median]: 0.5151144976598995 <<<<<====
2024-07-02 20:10:26,876 - ====>>>>> MSE [median]: 0.4152892192737011 <<<<<====
2024-07-02 20:10:26,876 - ====================================================
2024-07-02 20:10:26,877 - 

2024-07-02 20:10:26,878 - #######################
2024-07-02 20:10:26,878 - Info parameters: 
2024-07-02 20:10:26,878 -  -e (--epochs): 100
2024-07-02 20:10:26,878 -  -G (--grid_search_trials): 0
2024-07-02 20:10:26,878 -  -i (--amount_image_train): 8930
2024-07-02 20:10:26,878 -  -I (--amount_image_test): 3843
2024-07-02 20:10:26,878 -  -L (--log_level): 0
2024-07-02 20:10:26,878 -  -m (--model): 10 - ConvNeXtBase
2024-07-02 20:10:26,878 -  -M (--show_model): False
2024-07-02 20:10:26,878 -  -n (--name): ConvNeXtBase_10_Normalize4_Epochs100_Patience10_Separed_Preprocess
2024-07-02 20:10:26,878 -  -N (--normalize): NormalizeEnum.StandardScaler
2024-07-02 20:10:26,878 -  -p (--preprocess): False
2024-07-02 20:10:26,878 -  -P (--patience): 10
2024-07-02 20:10:26,878 -  -S (--separed): False
2024-07-02 20:10:26,879 -  -t (--trainable): False
2024-07-02 20:10:26,879 -  -T (--Test): False
2024-07-02 20:10:26,879 - #######################
