2024-07-03 22:12:54,568 - 
2024-07-03 22:12:54,568 - ====================================================
2024-07-03 22:12:54,568 - ********** R2 Modelo: 0.399030018423255 **********
2024-07-03 22:12:54,568 - ********** MAE: 0.12416779100404281 **********
2024-07-03 22:12:54,568 - ********** MSE: 0.025308935466307615 **********
2024-07-03 22:12:54,568 - ====================================================
2024-07-03 22:12:54,568 - 

2024-07-03 22:12:54,569 - Alguns exemplos de predições ...
2024-07-03 22:12:54,781 - 
Melhores resultados ...


2024-07-03 22:12:54,788 - 
     amostra  teor_cabono_real  teor_cabono_predict  teor_cabono_diff  error_carbono(%)  teor_nitrogenio_real  teor_nitrogenio_predict  teor_nitrogenio_diff  error_nitrogenio(%) grupo
1055     C41          0.232964             0.232786          0.000177          0.076073              0.226415                 0.197799              0.028616            12.638763   C41
1444     L40          0.402536             0.402182          0.000353          0.087773              0.415094                 0.369120              0.045974            11.075564   L40
2654      L2          0.331220             0.331568          0.000347          0.104891              0.169811                 0.292389              0.122578            72.184812    L2
603      C39          0.217116             0.217348          0.000233          0.107202              0.207547                 0.182808              0.024739            11.919913   C39
420      L26          0.413629             0.413139          0.000491          0.118592              0.396226                 0.371790              0.024437             6.167378   L26

2024-07-03 22:12:54,789 - 
Piores resultados ...


2024-07-03 22:12:54,796 - 
     amostra  teor_cabono_real  teor_cabono_predict  teor_cabono_diff  error_carbono(%)  teor_nitrogenio_real  teor_nitrogenio_predict  teor_nitrogenio_diff  error_nitrogenio(%) grupo
2514     C51               0.0             0.313871          0.313871               inf                   0.0                 0.277289              0.277289                  inf   C51
962      C51               0.0             0.358869          0.358869               inf                   0.0                 0.310268              0.310268                  inf   C51
2027     C51               0.0             0.330465          0.330465               inf                   0.0                 0.289178              0.289178                  inf   C51
1041     C51               0.0             0.399072          0.399072               inf                   0.0                 0.348533              0.348533                  inf   C51
0        C51               0.0             0.452816          0.452816               inf                   0.0                 0.439515              0.439515                  inf   C51


2024-07-03 22:12:54,799 - R2 [mean] conjunto de predição CARBONO:
2024-07-03 22:12:54,799 - ====================================================
2024-07-03 22:12:54,799 - ====>>>>> R2 [mean]: 0.4091923444402775 <<<<<====
2024-07-03 22:12:54,799 - ====>>>>> MAE [mean]: 0.12342216220268402 <<<<<====
2024-07-03 22:12:54,799 - ====>>>>> MSE [mean]: 0.025360912385263813 <<<<<====
2024-07-03 22:12:54,799 - ====================================================
2024-07-03 22:12:54,800 - 

2024-07-03 22:12:54,802 - R2 [median] conjunto de predição CARBONO:
2024-07-03 22:12:54,803 - ====================================================
2024-07-03 22:12:54,803 - ====>>>>> R2 [median]: 0.42277800058469406 <<<<<====
2024-07-03 22:12:54,803 - ====>>>>> MAE [median]: 0.12088580796113625 <<<<<====
2024-07-03 22:12:54,803 - ====>>>>> MSE [median]: 0.02477773674098674 <<<<<====
2024-07-03 22:12:54,803 - ====================================================
2024-07-03 22:12:54,803 - 

2024-07-03 22:12:54,806 - R2 [mean] conjunto de predição NITROGENIO:
2024-07-03 22:12:54,806 - ====================================================
2024-07-03 22:12:54,806 - ====>>>>> R2 [mean]: 0.5140926324560607 <<<<<====
2024-07-03 22:12:54,806 - ====>>>>> MAE [mean]: 0.11000977101482598 <<<<<====
2024-07-03 22:12:54,806 - ====>>>>> MSE [mean]: 0.020403372710796404 <<<<<====
2024-07-03 22:12:54,806 - ====================================================
2024-07-03 22:12:54,806 - 

2024-07-03 22:12:54,809 - R2 [median] conjunto de predição NITROGENIO:
2024-07-03 22:12:54,809 - ====================================================
2024-07-03 22:12:54,809 - ====>>>>> R2 [median]: 0.5281738185088518 <<<<<====
2024-07-03 22:12:54,809 - ====>>>>> MAE [median]: 0.10877510439799762 <<<<<====
2024-07-03 22:12:54,809 - ====>>>>> MSE [median]: 0.019812100162908592 <<<<<====
2024-07-03 22:12:54,809 - ====================================================
2024-07-03 22:12:54,809 - 

2024-07-03 22:12:54,810 - #######################
2024-07-03 22:12:54,810 - Info parameters: 
2024-07-03 22:12:54,810 -  -e (--epochs): 100
2024-07-03 22:12:54,810 -  -G (--grid_search_trials): 0
2024-07-03 22:12:54,810 -  -i (--amount_image_train): 8930
2024-07-03 22:12:54,811 -  -I (--amount_image_test): 3843
2024-07-03 22:12:54,811 -  -L (--log_level): 0
2024-07-03 22:12:54,811 -  -m (--model): 11 - ConvNeXtXLarge
2024-07-03 22:12:54,811 -  -M (--show_model): False
2024-07-03 22:12:54,811 -  -n (--name): ConvNeXtXLarge_11_Normalize1_Epochs100_Patience10_Separed_Preprocess
2024-07-03 22:12:54,811 -  -N (--normalize): NormalizeEnum.MinMaxScaler
2024-07-03 22:12:54,811 -  -p (--preprocess): True
2024-07-03 22:12:54,811 -  -P (--patience): 10
2024-07-03 22:12:54,811 -  -S (--separed): False
2024-07-03 22:12:54,811 -  -t (--trainable): False
2024-07-03 22:12:54,811 -  -T (--Test): False
2024-07-03 22:12:54,811 - #######################
