2024-07-02 12:59:00,956 - 
2024-07-02 12:59:00,956 - ====================================================
2024-07-02 12:59:00,957 - ********** R2 Modelo: 0.2084071193854487 **********
2024-07-02 12:59:00,957 - ********** MAE [mean]: 0.5026100140190386 **********
2024-07-02 12:59:00,957 - ********** MSE [mean]: 0.6485825023820229 **********
2024-07-02 12:59:00,957 - ====================================================
2024-07-02 12:59:00,957 - 

2024-07-02 12:59:00,957 - Alguns exemplos de predições ...
2024-07-02 12:59:01,507 - 
Melhores resultados ...


2024-07-02 12:59:01,514 - 
     amostra  teor_cabono_real  teor_cabono_predict  teor_cabono_diff  error_carbono(%)  teor_nitrogenio_real  teor_nitrogenio_predict  teor_nitrogenio_diff  error_nitrogenio(%) grupo
601       C8              3.36             3.359892          0.000108          0.003203                  0.20                 0.193848              0.006152             3.076008    C8
2198     C37              1.09             1.090035          0.000035          0.003207                  0.09                 0.072576              0.017424            19.360479   C37
251      L40              2.85             2.850623          0.000623          0.021848                  0.25                 0.237671              0.012329             4.931736   L40
2750     C37              1.09             1.090521          0.000521          0.047763                  0.09                 0.088737              0.001263             1.403603   C37
3511     C41              1.78             1.781370          0.001370          0.076949                  0.15                 0.128042              0.021958            14.638519   C41

2024-07-02 12:59:01,514 - 
Piores resultados ...


2024-07-02 12:59:01,521 - 
     amostra  teor_cabono_real  teor_cabono_predict  teor_cabono_diff  error_carbono(%)  teor_nitrogenio_real  teor_nitrogenio_predict  teor_nitrogenio_diff  error_nitrogenio(%) grupo
3739     C51              0.31             3.799881          3.489881       1125.767905                  0.03                 0.305245              0.275245           917.482380   C51
790      C51              0.31             3.856281          3.546281       1143.961550                  0.03                 0.320503              0.290503           968.343620   C51
1590     C51              0.31             4.063748          3.753748       1210.886568                  0.03                 0.368275              0.338275          1127.584084   C51
2055     C51              0.31             4.116746          3.806746       1227.982718                  0.03                 0.337372              0.307372          1024.574542   C51
3613     C51              0.31             4.335110          4.025110       1298.422641                  0.03                 0.394657              0.364657          1215.523386   C51


2024-07-02 12:59:01,541 - R2 [mean] conjunto de predição CARBONO:
2024-07-02 12:59:01,541 - ====================================================
2024-07-02 12:59:01,541 - ====>>>>> R2 [mean]: 0.36096063029944725 <<<<<====
2024-07-02 12:59:01,541 - ====>>>>> MAE [mean]: 0.8695622195137872 <<<<<====
2024-07-02 12:59:01,541 - ====>>>>> MSE [mean]: 1.0922073450952838 <<<<<====
2024-07-02 12:59:01,541 - ====================================================
2024-07-02 12:59:01,542 - 

2024-07-02 12:59:01,544 - R2 [median] conjunto de predição CARBONO:
2024-07-02 12:59:01,545 - ====================================================
2024-07-02 12:59:01,545 - ====>>>>> R2 [median]: 0.35854308593014395 <<<<<====
2024-07-02 12:59:01,545 - ====>>>>> MAE [median]: 0.8709588976259584 <<<<<====
2024-07-02 12:59:01,545 - ====>>>>> MSE [median]: 1.096339265353161 <<<<<====
2024-07-02 12:59:01,545 - ====================================================
2024-07-02 12:59:01,545 - 

2024-07-02 12:59:01,548 - R2 [mean] conjunto de predição NITROGENIO:
2024-07-02 12:59:01,548 - ====================================================
2024-07-02 12:59:01,548 - ====>>>>> R2 [mean]: 0.30758025196061045 <<<<<====
2024-07-02 12:59:01,548 - ====>>>>> MAE [mean]: 0.07561983450695321 <<<<<====
2024-07-02 12:59:01,548 - ====>>>>> MSE [mean]: 0.008167133670084356 <<<<<====
2024-07-02 12:59:01,548 - ====================================================
2024-07-02 12:59:01,548 - 

2024-07-02 12:59:01,551 - R2 [median] conjunto de predição NITROGENIO:
2024-07-02 12:59:01,551 - ====================================================
2024-07-02 12:59:01,551 - ====>>>>> R2 [median]: 0.28449254040645366 <<<<<====
2024-07-02 12:59:01,551 - ====>>>>> MAE [median]: 0.07697950337772017 <<<<<====
2024-07-02 12:59:01,551 - ====>>>>> MSE [median]: 0.008439454653033016 <<<<<====
2024-07-02 12:59:01,551 - ====================================================
2024-07-02 12:59:01,551 - 

2024-07-02 12:59:01,552 - #######################
2024-07-02 12:59:01,553 - Info parameters: 
2024-07-02 12:59:01,553 -  -e (--epochs): 100
2024-07-02 12:59:01,553 -  -G (--grid_search_trials): 0
2024-07-02 12:59:01,553 -  -i (--amount_image_train): 8930
2024-07-02 12:59:01,553 -  -I (--amount_image_test): 3843
2024-07-02 12:59:01,553 -  -L (--log_level): 0
2024-07-02 12:59:01,553 -  -m (--model): 40 - DenseNet169
2024-07-02 12:59:01,553 -  -M (--show_model): False
2024-07-02 12:59:01,553 -  -n (--name): DenseNet169_40_Normalize0_Epochs100_Patience10_Separed_Preprocess
2024-07-02 12:59:01,553 -  -N (--normalize): NormalizeEnum.NONE
2024-07-02 12:59:01,553 -  -p (--preprocess): True
2024-07-02 12:59:01,553 -  -P (--patience): 10
2024-07-02 12:59:01,553 -  -S (--separed): False
2024-07-02 12:59:01,553 -  -t (--trainable): False
2024-07-02 12:59:01,553 -  -T (--Test): False
2024-07-02 12:59:01,553 - #######################
