2024-07-02 11:20:22,447 - 
2024-07-02 11:20:22,448 - ====================================================
2024-07-02 11:20:22,448 - ********** R2 Modelo: 0.35019212524239646 **********
2024-07-02 11:20:22,448 - ********** MAE [mean]: 0.3805233224376321 **********
2024-07-02 11:20:22,448 - ********** MSE [mean]: 0.2340211098002833 **********
2024-07-02 11:20:22,448 - ====================================================
2024-07-02 11:20:22,448 - 

2024-07-02 11:20:22,448 - Alguns exemplos de predições ...
2024-07-02 11:20:22,654 - 
Melhores resultados ...


2024-07-02 11:20:22,660 - 
     amostra  teor_cabono_real  teor_cabono_predict  teor_cabono_diff  error_carbono(%)  teor_nitrogenio_real  teor_nitrogenio_predict  teor_nitrogenio_diff  error_nitrogenio(%) grupo
3288     C23          0.138249             0.138159          0.000089          0.064640              0.277778                 0.255837              0.021941             7.898843   C23
2555     L20          0.129032             0.128828          0.000204          0.158378              0.222222                 0.385600              0.163378            73.519880   L20
1050     L20          0.129032             0.129440          0.000408          0.316354              0.222222                 0.288253              0.066031            29.714015   L20
3162     C39         -0.608295            -0.610926          0.002631          0.432596             -0.444444                -0.494358              0.049914            11.230551   C39
3020     C23          0.138249             0.138929          0.000681          0.492285              0.277778                 0.231213              0.046565            16.763287   C23

2024-07-02 11:20:22,661 - 
Piores resultados ...


2024-07-02 11:20:22,667 - 
     amostra  teor_cabono_real  teor_cabono_predict  teor_cabono_diff  error_carbono(%)  teor_nitrogenio_real  teor_nitrogenio_predict  teor_nitrogenio_diff  error_nitrogenio(%) grupo
2128     C10         -0.041475            -0.710964          0.669490       1614.213689             -0.166667                -0.769957              0.603290           361.974239   C10
1169     C10         -0.041475            -0.715813          0.674339       1625.905782             -0.166667                -0.775108              0.608441           365.064895   C10
3345     C10         -0.041475            -0.719168          0.677693       1633.993973             -0.166667                -0.803205              0.636538           381.923044   C10
1752     C10         -0.041475            -0.774038          0.732563       1766.291375             -0.166667                -0.836891              0.670224           402.134669   C10
2611     C10         -0.041475            -0.781748          0.740273       1784.880850             -0.166667                -0.863589              0.696922           418.153465   C10


2024-07-02 11:20:22,670 - R2 [mean] conjunto de predição CARBONO:
2024-07-02 11:20:22,670 - ====================================================
2024-07-02 11:20:22,670 - ====>>>>> R2 [mean]: 0.3486389396329048 <<<<<====
2024-07-02 11:20:22,670 - ====>>>>> MAE [mean]: 0.38454122040729144 <<<<<====
2024-07-02 11:20:22,670 - ====>>>>> MSE [mean]: 0.236417598952217 <<<<<====
2024-07-02 11:20:22,670 - ====================================================
2024-07-02 11:20:22,670 - 

2024-07-02 11:20:22,673 - R2 [median] conjunto de predição CARBONO:
2024-07-02 11:20:22,673 - ====================================================
2024-07-02 11:20:22,673 - ====>>>>> R2 [median]: 0.35763095516898935 <<<<<====
2024-07-02 11:20:22,673 - ====>>>>> MAE [median]: 0.37853519114525647 <<<<<====
2024-07-02 11:20:22,673 - ====>>>>> MSE [median]: 0.23315386267423927 <<<<<====
2024-07-02 11:20:22,673 - ====================================================
2024-07-02 11:20:22,673 - 

2024-07-02 11:20:22,676 - R2 [mean] conjunto de predição NITROGENIO:
2024-07-02 11:20:22,676 - ====================================================
2024-07-02 11:20:22,676 - ====>>>>> R2 [mean]: 0.5212101372992157 <<<<<====
2024-07-02 11:20:22,676 - ====>>>>> MAE [mean]: 0.33440044498211924 <<<<<====
2024-07-02 11:20:22,676 - ====>>>>> MSE [mean]: 0.17430111066313422 <<<<<====
2024-07-02 11:20:22,676 - ====================================================
2024-07-02 11:20:22,676 - 

2024-07-02 11:20:22,679 - R2 [median] conjunto de predição NITROGENIO:
2024-07-02 11:20:22,679 - ====================================================
2024-07-02 11:20:22,679 - ====>>>>> R2 [median]: 0.5249301419069363 <<<<<====
2024-07-02 11:20:22,679 - ====>>>>> MAE [median]: 0.3387003247108725 <<<<<====
2024-07-02 11:20:22,679 - ====>>>>> MSE [median]: 0.17294686115764102 <<<<<====
2024-07-02 11:20:22,679 - ====================================================
2024-07-02 11:20:22,679 - 

2024-07-02 11:20:22,680 - #######################
2024-07-02 11:20:22,680 - Info parameters: 
2024-07-02 11:20:22,680 -  -e (--epochs): 100
2024-07-02 11:20:22,680 -  -G (--grid_search_trials): 0
2024-07-02 11:20:22,680 -  -i (--amount_image_train): 8930
2024-07-02 11:20:22,680 -  -I (--amount_image_test): 3843
2024-07-02 11:20:22,680 -  -L (--log_level): 0
2024-07-02 11:20:22,680 -  -m (--model): 22 - EfficientNetV2L
2024-07-02 11:20:22,680 -  -M (--show_model): False
2024-07-02 11:20:22,680 -  -n (--name): EfficientNetV2L_Normalize2_Epochs100_Patience10_Separed_Preprocess
2024-07-02 11:20:22,681 -  -N (--normalize): NormalizeEnum.RobustScaler
2024-07-02 11:20:22,681 -  -p (--preprocess): False
2024-07-02 11:20:22,681 -  -P (--patience): 10
2024-07-02 11:20:22,681 -  -S (--separed): False
2024-07-02 11:20:22,681 -  -t (--trainable): False
2024-07-02 11:20:22,681 -  -T (--Test): False
2024-07-02 11:20:22,681 - #######################
