2024-07-02 13:33:38,794 - 
2024-07-02 13:33:38,794 - ====================================================
2024-07-02 13:33:38,795 - ********** R2 Modelo: 0.46212431533958875 **********
2024-07-02 13:33:38,795 - ********** MAE [mean]: 0.3528223939051628 **********
2024-07-02 13:33:38,795 - ********** MSE [mean]: 0.1938418771487952 **********
2024-07-02 13:33:38,795 - ====================================================
2024-07-02 13:33:38,795 - 

2024-07-02 13:33:38,795 - Alguns exemplos de predições ...
2024-07-02 13:33:39,347 - 
Melhores resultados ...


2024-07-02 13:33:39,354 - 
     amostra  teor_cabono_real  teor_cabono_predict  teor_cabono_diff  error_carbono(%)  teor_nitrogenio_real  teor_nitrogenio_predict  teor_nitrogenio_diff  error_nitrogenio(%) grupo
3681      L7         -0.718894            -0.719383          0.000489          0.068037             -1.000000                -0.709998              0.290002            29.000217    L7
2825     L20          0.129032             0.128867          0.000165          0.127774              0.222222                 0.165608              0.056614            25.476331   L20
2862     C39         -0.608295            -0.607487          0.000808          0.132874             -0.444444                -0.453050              0.008605             1.936214   C39
1669     C39         -0.608295            -0.609398          0.001103          0.181339             -0.444444                -0.465439              0.020995             4.723773   C39
1653     C41         -0.562212            -0.561152          0.001060          0.188583             -0.388889                -0.391602              0.002713             0.697637   C41

2024-07-02 13:33:39,354 - 
Piores resultados ...


2024-07-02 13:33:39,362 - 
     amostra  teor_cabono_real  teor_cabono_predict  teor_cabono_diff  error_carbono(%)  teor_nitrogenio_real  teor_nitrogenio_predict  teor_nitrogenio_diff  error_nitrogenio(%) grupo
211      C10         -0.041475            -0.757577          0.716102       1726.601321             -0.166667                -0.722876              0.556209           333.725464   C10
2131     C10         -0.041475            -0.788511          0.747037       1801.188156             -0.166667                -0.655770              0.489103           293.461859   C10
440      C10         -0.041475            -0.804688          0.763214       1840.192984             -0.166667                -0.641196              0.474530           284.717822   C10
53       C10         -0.041475            -0.825017          0.783542       1889.207309             -0.166667                -0.814568              0.647902           388.741004   C10
3800     C10         -0.041475            -0.958638          0.917164       2211.383338             -0.166667                -0.795520              0.628853           377.312076   C10


2024-07-02 13:33:39,365 - R2 [mean] conjunto de predição CARBONO:
2024-07-02 13:33:39,365 - ====================================================
2024-07-02 13:33:39,365 - ====>>>>> R2 [mean]: 0.5152821525965052 <<<<<====
2024-07-02 13:33:39,365 - ====>>>>> MAE [mean]: 0.3419818244996079 <<<<<====
2024-07-02 13:33:39,365 - ====>>>>> MSE [mean]: 0.1759328836572411 <<<<<====
2024-07-02 13:33:39,365 - ====================================================
2024-07-02 13:33:39,365 - 

2024-07-02 13:33:39,369 - R2 [median] conjunto de predição CARBONO:
2024-07-02 13:33:39,369 - ====================================================
2024-07-02 13:33:39,369 - ====>>>>> R2 [median]: 0.5449907018638157 <<<<<====
2024-07-02 13:33:39,369 - ====>>>>> MAE [median]: 0.3318379606172903 <<<<<====
2024-07-02 13:33:39,369 - ====>>>>> MSE [median]: 0.16514988738452438 <<<<<====
2024-07-02 13:33:39,369 - ====================================================
2024-07-02 13:33:39,369 - 

2024-07-02 13:33:39,372 - R2 [mean] conjunto de predição NITROGENIO:
2024-07-02 13:33:39,372 - ====================================================
2024-07-02 13:33:39,372 - ====>>>>> R2 [mean]: 0.5514716373104217 <<<<<====
2024-07-02 13:33:39,372 - ====>>>>> MAE [mean]: 0.3316091512383294 <<<<<====
2024-07-02 13:33:39,373 - ====>>>>> MSE [mean]: 0.16328455940924524 <<<<<====
2024-07-02 13:33:39,373 - ====================================================
2024-07-02 13:33:39,373 - 

2024-07-02 13:33:39,376 - R2 [median] conjunto de predição NITROGENIO:
2024-07-02 13:33:39,376 - ====================================================
2024-07-02 13:33:39,376 - ====>>>>> R2 [median]: 0.5720512100078905 <<<<<====
2024-07-02 13:33:39,376 - ====>>>>> MAE [median]: 0.3284183706045764 <<<<<====
2024-07-02 13:33:39,376 - ====>>>>> MSE [median]: 0.1557926664984231 <<<<<====
2024-07-02 13:33:39,376 - ====================================================
2024-07-02 13:33:39,376 - 

2024-07-02 13:33:39,377 - #######################
2024-07-02 13:33:39,377 - Info parameters: 
2024-07-02 13:33:39,377 -  -e (--epochs): 100
2024-07-02 13:33:39,378 -  -G (--grid_search_trials): 0
2024-07-02 13:33:39,378 -  -i (--amount_image_train): 8930
2024-07-02 13:33:39,378 -  -I (--amount_image_test): 3843
2024-07-02 13:33:39,378 -  -L (--log_level): 0
2024-07-02 13:33:39,378 -  -m (--model): 40 - DenseNet169
2024-07-02 13:33:39,378 -  -M (--show_model): False
2024-07-02 13:33:39,378 -  -n (--name): DenseNet169_40_Normalize2_Epochs100_Patience10_Separed_Preprocess
2024-07-02 13:33:39,378 -  -N (--normalize): NormalizeEnum.RobustScaler
2024-07-02 13:33:39,378 -  -p (--preprocess): True
2024-07-02 13:33:39,378 -  -P (--patience): 10
2024-07-02 13:33:39,378 -  -S (--separed): False
2024-07-02 13:33:39,378 -  -t (--trainable): False
2024-07-02 13:33:39,378 -  -T (--Test): False
2024-07-02 13:33:39,378 - #######################
