2024-07-03 02:37:26,398 - 
2024-07-03 02:37:26,398 - ====================================================
2024-07-03 02:37:26,398 - ********** R2 Modelo: 0.3196542921195657 **********
2024-07-03 02:37:26,398 - ********** MAE: 0.13126390217353556 **********
2024-07-03 02:37:26,398 - ********** MSE: 0.028641274057442052 **********
2024-07-03 02:37:26,398 - ====================================================
2024-07-03 02:37:26,399 - 

2024-07-03 02:37:26,399 - Alguns exemplos de predições ...
2024-07-03 02:37:26,957 - 
Melhores resultados ...


2024-07-03 02:37:26,964 - 
     amostra  teor_cabono_real  teor_cabono_predict  teor_cabono_diff  error_carbono(%)  teor_nitrogenio_real  teor_nitrogenio_predict  teor_nitrogenio_diff  error_nitrogenio(%) grupo
2891      C8          0.483360             0.483362          0.000002          0.000409              0.320755                 0.398558              0.077803            24.256213    C8
2871      L7          0.179081             0.179086          0.000006          0.003140              0.018868                 0.129623              0.110755           587.001088    L7
564      C16          0.204437             0.204452          0.000015          0.007232              0.169811                 0.195542              0.025731            15.152709   C16
737      C12          0.456418             0.456384          0.000034          0.007507              0.339623                 0.403615              0.063992            18.842176   C12
1471     C12          0.456418             0.456550          0.000132          0.028890              0.339623                 0.380599              0.040976            12.065153   C12

2024-07-03 02:37:26,964 - 
Piores resultados ...


2024-07-03 02:37:26,971 - 
     amostra  teor_cabono_real  teor_cabono_predict  teor_cabono_diff  error_carbono(%)  teor_nitrogenio_real  teor_nitrogenio_predict  teor_nitrogenio_diff  error_nitrogenio(%) grupo
918      C51               0.0             0.170474          0.170474               inf                   0.0                 0.119244              0.119244                  inf   C51
1835     C51               0.0             0.448759          0.448759               inf                   0.0                 0.402267              0.402267                  inf   C51
3746     C51               0.0             0.353584          0.353584               inf                   0.0                 0.306059              0.306059                  inf   C51
2691     C51               0.0             0.594588          0.594588               inf                   0.0                 0.540903              0.540903                  inf   C51
3678     C51               0.0             0.380211          0.380211               inf                   0.0                 0.329552              0.329552                  inf   C51


2024-07-03 02:37:26,974 - R2 [mean] conjunto de predição CARBONO:
2024-07-03 02:37:26,974 - ====================================================
2024-07-03 02:37:26,975 - ====>>>>> R2 [mean]: 0.43245102706454397 <<<<<====
2024-07-03 02:37:26,975 - ====>>>>> MAE [mean]: 0.11933118692252276 <<<<<====
2024-07-03 02:37:26,975 - ====>>>>> MSE [mean]: 0.0243625139950604 <<<<<====
2024-07-03 02:37:26,975 - ====================================================
2024-07-03 02:37:26,975 - 

2024-07-03 02:37:26,978 - R2 [median] conjunto de predição CARBONO:
2024-07-03 02:37:26,978 - ====================================================
2024-07-03 02:37:26,978 - ====>>>>> R2 [median]: 0.44863459743583367 <<<<<====
2024-07-03 02:37:26,978 - ====>>>>> MAE [median]: 0.11514085276453481 <<<<<====
2024-07-03 02:37:26,978 - ====>>>>> MSE [median]: 0.023667820711375385 <<<<<====
2024-07-03 02:37:26,978 - ====================================================
2024-07-03 02:37:26,979 - 

2024-07-03 02:37:26,981 - R2 [mean] conjunto de predição NITROGENIO:
2024-07-03 02:37:26,981 - ====================================================
2024-07-03 02:37:26,982 - ====>>>>> R2 [mean]: 0.385683073614985 <<<<<====
2024-07-03 02:37:26,982 - ====>>>>> MAE [mean]: 0.12272914836949853 <<<<<====
2024-07-03 02:37:26,982 - ====>>>>> MSE [mean]: 0.02579532241904299 <<<<<====
2024-07-03 02:37:26,982 - ====================================================
2024-07-03 02:37:26,982 - 

2024-07-03 02:37:26,985 - R2 [median] conjunto de predição NITROGENIO:
2024-07-03 02:37:26,985 - ====================================================
2024-07-03 02:37:26,985 - ====>>>>> R2 [median]: 0.39278306663392626 <<<<<====
2024-07-03 02:37:26,985 - ====>>>>> MAE [median]: 0.12238047039233908 <<<<<====
2024-07-03 02:37:26,985 - ====>>>>> MSE [median]: 0.025497191924455646 <<<<<====
2024-07-03 02:37:26,985 - ====================================================
2024-07-03 02:37:26,985 - 

2024-07-03 02:37:26,986 - #######################
2024-07-03 02:37:26,986 - Info parameters: 
2024-07-03 02:37:26,986 -  -e (--epochs): 100
2024-07-03 02:37:26,987 -  -G (--grid_search_trials): 0
2024-07-03 02:37:26,987 -  -i (--amount_image_train): 8930
2024-07-03 02:37:26,987 -  -I (--amount_image_test): 3843
2024-07-03 02:37:26,987 -  -L (--log_level): 0
2024-07-03 02:37:26,987 -  -m (--model): 2 - ResNet152
2024-07-03 02:37:26,987 -  -M (--show_model): False
2024-07-03 02:37:26,987 -  -n (--name): ResNet152_2_Normalize1_Epochs100_Patience10_Separed_Preprocess
2024-07-03 02:37:26,987 -  -N (--normalize): NormalizeEnum.MinMaxScaler
2024-07-03 02:37:26,987 -  -p (--preprocess): False
2024-07-03 02:37:26,987 -  -P (--patience): 10
2024-07-03 02:37:26,987 -  -S (--separed): False
2024-07-03 02:37:26,987 -  -t (--trainable): False
2024-07-03 02:37:26,987 -  -T (--Test): False
2024-07-03 02:37:26,987 - #######################
