2024-07-02 19:27:27,193 - 
2024-07-02 19:27:27,193 - ====================================================
2024-07-02 19:27:27,193 - ********** R2 Modelo: 0.42192341878889367 **********
2024-07-02 19:27:27,193 - ********** MAE: 0.36959171352299824 **********
2024-07-02 19:27:27,194 - ********** MSE: 0.20813905888586076 **********
2024-07-02 19:27:27,194 - ====================================================
2024-07-02 19:27:27,194 - 

2024-07-02 19:27:27,194 - Alguns exemplos de predições ...
2024-07-02 19:27:27,396 - 
Melhores resultados ...


2024-07-02 19:27:27,403 - 
     amostra  teor_cabono_real  teor_cabono_predict  teor_cabono_diff  error_carbono(%)  teor_nitrogenio_real  teor_nitrogenio_predict  teor_nitrogenio_diff  error_nitrogenio(%) grupo
176       C8          0.165899             0.165727          0.000172          0.103570             -0.111111                 0.200906              0.312017           280.815166    C8
3434      L2         -0.276498            -0.276890          0.000392          0.141790             -0.555556                -0.257722              0.297834            53.610106    L2
1729     L20          0.129032             0.128743          0.000289          0.224308              0.222222                 0.264044              0.041822            18.819700   L20
2091     L20          0.129032             0.129360          0.000328          0.254385              0.222222                 0.258552              0.036329            16.348232   L20
3227     L20          0.129032             0.129556          0.000523          0.405519              0.222222                 0.291248              0.069026            31.061624   L20

2024-07-02 19:27:27,403 - 
Piores resultados ...


2024-07-02 19:27:27,410 - 
     amostra  teor_cabono_real  teor_cabono_predict  teor_cabono_diff  error_carbono(%)  teor_nitrogenio_real  teor_nitrogenio_predict  teor_nitrogenio_diff  error_nitrogenio(%) grupo
3069     C10         -0.041475            -0.569984          0.528510       1274.295663             -0.166667                -0.422509              0.255842           153.505248   C10
1929     C10         -0.041475            -0.571208          0.529734       1277.246818             -0.166667                -0.442967              0.276300           165.780002   C10
2861     C10         -0.041475            -0.577481          0.536006       1292.369782             -0.166667                -0.460748              0.294081           176.448828   C10
3270     C10         -0.041475            -0.591950          0.550475       1327.257364             -0.166667                -0.499350              0.332683           199.609882   C10
2652     C10         -0.041475            -0.607844          0.566370       1365.580560             -0.166667                -0.568294              0.401627           240.976143   C10


2024-07-02 19:27:27,414 - R2 [mean] conjunto de predição CARBONO:
2024-07-02 19:27:27,414 - ====================================================
2024-07-02 19:27:27,414 - ====>>>>> R2 [mean]: 0.4010370478076445 <<<<<====
2024-07-02 19:27:27,414 - ====>>>>> MAE [mean]: 0.3881217038513955 <<<<<====
2024-07-02 19:27:27,414 - ====>>>>> MSE [mean]: 0.2173992147133297 <<<<<====
2024-07-02 19:27:27,414 - ====================================================
2024-07-02 19:27:27,414 - 

2024-07-02 19:27:27,417 - R2 [median] conjunto de predição CARBONO:
2024-07-02 19:27:27,417 - ====================================================
2024-07-02 19:27:27,417 - ====>>>>> R2 [median]: 0.3985924996650949 <<<<<====
2024-07-02 19:27:27,417 - ====>>>>> MAE [median]: 0.39255408697414595 <<<<<====
2024-07-02 19:27:27,417 - ====>>>>> MSE [median]: 0.21828648636272638 <<<<<====
2024-07-02 19:27:27,418 - ====================================================
2024-07-02 19:27:27,418 - 

2024-07-02 19:27:27,420 - R2 [mean] conjunto de predição NITROGENIO:
2024-07-02 19:27:27,420 - ====================================================
2024-07-02 19:27:27,420 - ====>>>>> R2 [mean]: 0.5767863943730706 <<<<<====
2024-07-02 19:27:27,421 - ====>>>>> MAE [mean]: 0.3254803946632662 <<<<<====
2024-07-02 19:27:27,421 - ====>>>>> MSE [mean]: 0.15406884576130486 <<<<<====
2024-07-02 19:27:27,421 - ====================================================
2024-07-02 19:27:27,421 - 

2024-07-02 19:27:27,424 - R2 [median] conjunto de predição NITROGENIO:
2024-07-02 19:27:27,424 - ====================================================
2024-07-02 19:27:27,424 - ====>>>>> R2 [median]: 0.5843403296478533 <<<<<====
2024-07-02 19:27:27,424 - ====>>>>> MAE [median]: 0.319534976832538 <<<<<====
2024-07-02 19:27:27,424 - ====>>>>> MSE [median]: 0.15131887252493564 <<<<<====
2024-07-02 19:27:27,424 - ====================================================
2024-07-02 19:27:27,424 - 

2024-07-02 19:27:27,425 - #######################
2024-07-02 19:27:27,425 - Info parameters: 
2024-07-02 19:27:27,425 -  -e (--epochs): 100
2024-07-02 19:27:27,425 -  -G (--grid_search_trials): 0
2024-07-02 19:27:27,425 -  -i (--amount_image_train): 8930
2024-07-02 19:27:27,425 -  -I (--amount_image_test): 3843
2024-07-02 19:27:27,425 -  -L (--log_level): 0
2024-07-02 19:27:27,426 -  -m (--model): 10 - ConvNeXtBase
2024-07-02 19:27:27,426 -  -M (--show_model): False
2024-07-02 19:27:27,426 -  -n (--name): ConvNeXtBase_10_Normalize2_Epochs100_Patience10_Separed_Preprocess
2024-07-02 19:27:27,426 -  -N (--normalize): NormalizeEnum.RobustScaler
2024-07-02 19:27:27,426 -  -p (--preprocess): False
2024-07-02 19:27:27,426 -  -P (--patience): 10
2024-07-02 19:27:27,426 -  -S (--separed): False
2024-07-02 19:27:27,426 -  -t (--trainable): False
2024-07-02 19:27:27,426 -  -T (--Test): False
2024-07-02 19:27:27,426 - #######################
