2024-07-02 08:56:09,880 - 
2024-07-02 08:56:09,880 - ====================================================
2024-07-02 08:56:09,880 - ********** R2 Modelo: -0.10448614997196948 **********
2024-07-02 08:56:09,881 - ********** MAE [mean]: 0.655235008475495 **********
2024-07-02 08:56:09,881 - ********** MSE [mean]: 1.017976004422601 **********
2024-07-02 08:56:09,881 - ====================================================
2024-07-02 08:56:09,881 - 

2024-07-02 08:56:09,881 - Alguns exemplos de predições ...
2024-07-02 08:56:10,080 - 
Melhores resultados ...


2024-07-02 08:56:10,086 - 
     amostra  teor_cabono_real  teor_cabono_predict  teor_cabono_diff  error_carbono(%)  teor_nitrogenio_real  teor_nitrogenio_predict  teor_nitrogenio_diff  error_nitrogenio(%) grupo
1734     C41              1.78             1.779876          0.000124          0.006987                  0.15                 0.151902              0.001902             1.267954   C41
1849     C16              1.60             1.601862          0.001862          0.116372                  0.12                 0.149132              0.029132            24.276355   C16
291      C41              1.78             1.777344          0.002656          0.149241                  0.15                 0.167560              0.017560            11.706575   C41
627      C26              1.94             1.936934          0.003066          0.158023                  0.20                 0.186353              0.013647             6.823531   C26
3680      L7              1.44             1.442953          0.002953          0.205052                  0.04                 0.128735              0.088735           221.838073    L7

2024-07-02 08:56:10,086 - 
Piores resultados ...


2024-07-02 08:56:10,093 - 
     amostra  teor_cabono_real  teor_cabono_predict  teor_cabono_diff  error_carbono(%)  teor_nitrogenio_real  teor_nitrogenio_predict  teor_nitrogenio_diff  error_nitrogenio(%) grupo
3284     C51              0.31             3.895811          3.585811       1156.713329                  0.03                 0.342011              0.312011          1040.036782   C51
2685     C51              0.31             4.329645          4.019645       1296.659728                  0.03                 0.357354              0.327354          1091.181242   C51
1974     C51              0.31             4.348749          4.038749       1302.822156                  0.03                 0.321521              0.291521           971.738005   C51
3074     C51              0.31             4.379004          4.069004       1312.581782                  0.03                 0.374800              0.344800          1149.334117   C51
1419     C51              0.31             4.845598          4.535598       1463.096200                  0.03                 0.390385              0.360385          1201.283737   C51


2024-07-02 08:56:10,095 - R2 [mean] conjunto de predição CARBONO:
2024-07-02 08:56:10,096 - ====================================================
2024-07-02 08:56:10,096 - ====>>>>> R2 [mean]: -0.02000776321287101 <<<<<====
2024-07-02 08:56:10,096 - ====>>>>> MAE [mean]: 1.1263894872312192 <<<<<====
2024-07-02 08:56:10,096 - ====>>>>> MSE [mean]: 1.7433354247913484 <<<<<====
2024-07-02 08:56:10,096 - ====================================================
2024-07-02 08:56:10,096 - 

2024-07-02 08:56:10,098 - R2 [median] conjunto de predição CARBONO:
2024-07-02 08:56:10,099 - ====================================================
2024-07-02 08:56:10,099 - ====>>>>> R2 [median]: -0.05425598581938473 <<<<<====
2024-07-02 08:56:10,099 - ====>>>>> MAE [median]: 1.1591454188912003 <<<<<====
2024-07-02 08:56:10,099 - ====>>>>> MSE [median]: 1.8018704103663699 <<<<<====
2024-07-02 08:56:10,099 - ====================================================
2024-07-02 08:56:10,099 - 

2024-07-02 08:56:10,101 - R2 [mean] conjunto de predição NITROGENIO:
2024-07-02 08:56:10,101 - ====================================================
2024-07-02 08:56:10,101 - ====>>>>> R2 [mean]: 0.24895600039248 <<<<<====
2024-07-02 08:56:10,101 - ====>>>>> MAE [mean]: 0.07815864750632533 <<<<<====
2024-07-02 08:56:10,101 - ====>>>>> MSE [mean]: 0.008858610336111414 <<<<<====
2024-07-02 08:56:10,102 - ====================================================
2024-07-02 08:56:10,102 - 

2024-07-02 08:56:10,104 - R2 [median] conjunto de predição NITROGENIO:
2024-07-02 08:56:10,104 - ====================================================
2024-07-02 08:56:10,104 - ====>>>>> R2 [median]: 0.19826703909622378 <<<<<====
2024-07-02 08:56:10,104 - ====>>>>> MAE [median]: 0.08003126794541322 <<<<<====
2024-07-02 08:56:10,104 - ====>>>>> MSE [median]: 0.009456489763548985 <<<<<====
2024-07-02 08:56:10,104 - ====================================================
2024-07-02 08:56:10,104 - 

2024-07-02 08:56:10,105 - #######################
2024-07-02 08:56:10,105 - Info parameters: 
2024-07-02 08:56:10,105 -  -e (--epochs): 100
2024-07-02 08:56:10,105 -  -G (--grid_search_trials): 0
2024-07-02 08:56:10,106 -  -i (--amount_image_train): 8930
2024-07-02 08:56:10,106 -  -I (--amount_image_test): 3843
2024-07-02 08:56:10,106 -  -L (--log_level): 0
2024-07-02 08:56:10,106 -  -m (--model): 22 - EfficientNetV2L
2024-07-02 08:56:10,106 -  -M (--show_model): False
2024-07-02 08:56:10,106 -  -n (--name): EfficientNetV2L_Normalize0_Epochs100_Patience10_Separed_Preprocess
2024-07-02 08:56:10,106 -  -N (--normalize): NormalizeEnum.NONE
2024-07-02 08:56:10,106 -  -p (--preprocess): True
2024-07-02 08:56:10,106 -  -P (--patience): 10
2024-07-02 08:56:10,106 -  -S (--separed): False
2024-07-02 08:56:10,106 -  -t (--trainable): False
2024-07-02 08:56:10,106 -  -T (--Test): False
2024-07-02 08:56:10,106 - #######################
