2024-07-03 03:18:33,789 - 
2024-07-03 03:18:33,789 - ====================================================
2024-07-03 03:18:33,789 - ********** R2 Modelo: 0.419773891490969 **********
2024-07-03 03:18:33,789 - ********** MAE: 0.547128884130407 **********
2024-07-03 03:18:33,789 - ********** MSE: 0.5166678688792278 **********
2024-07-03 03:18:33,789 - ====================================================
2024-07-03 03:18:33,790 - 

2024-07-03 03:18:33,790 - Alguns exemplos de predições ...
2024-07-03 03:18:33,990 - 
Melhores resultados ...


2024-07-03 03:18:33,997 - 
     amostra  teor_cabono_real  teor_cabono_predict  teor_cabono_diff  error_carbono(%)  teor_nitrogenio_real  teor_nitrogenio_predict  teor_nitrogenio_diff  error_nitrogenio(%) grupo
1014     L17          0.856264             0.856328          0.000064          0.007435              0.891569                 0.817572              0.073997             8.299622   L17
1670      L7         -0.988241            -0.988150          0.000091          0.009257             -1.547462                -1.130647              0.416815            26.935420    L7
2094     L29          1.444472             1.443305          0.001167          0.080795              1.501327                 1.371797              0.129529             8.627664   L29
2141     C41         -0.741339            -0.740605          0.000734          0.099032             -0.589271                -0.667509              0.078237            13.276990   C41
200      L37          1.233879             1.236569          0.002690          0.217999              1.240002                 0.983208              0.256794            20.709159   L37

2024-07-03 03:18:33,997 - 
Piores resultados ...


2024-07-03 03:18:34,004 - 
     amostra  teor_cabono_real  teor_cabono_predict  teor_cabono_diff  error_carbono(%)  teor_nitrogenio_real  teor_nitrogenio_predict  teor_nitrogenio_diff  error_nitrogenio(%) grupo
3298     L40          0.035677             0.822341          0.786664       2204.964111              0.281811                 0.719907              0.438095           155.457095   L40
554      L40          0.035677             0.870782          0.835105       2340.742334              0.281811                 0.995571              0.713760           253.275875   L40
290      L40          0.035677             0.882910          0.847233       2374.733919              0.281811                 0.902250              0.620439           220.161289   L40
1085     L40          0.035677             1.070029          1.034352       2899.215591              0.281811                 1.153158              0.871347           309.195141   L40
2025     L40          0.035677             1.176201          1.140524       3196.808194              0.281811                 1.272725              0.990914           351.623376   L40


2024-07-03 03:18:34,007 - R2 [mean] conjunto de predição CARBONO:
2024-07-03 03:18:34,007 - ====================================================
2024-07-03 03:18:34,007 - ====>>>>> R2 [mean]: 0.4812234382599436 <<<<<====
2024-07-03 03:18:34,007 - ====>>>>> MAE [mean]: 0.5204646412767663 <<<<<====
2024-07-03 03:18:34,008 - ====>>>>> MSE [mean]: 0.46757374373668886 <<<<<====
2024-07-03 03:18:34,008 - ====================================================
2024-07-03 03:18:34,008 - 

2024-07-03 03:18:34,011 - R2 [median] conjunto de predição CARBONO:
2024-07-03 03:18:34,011 - ====================================================
2024-07-03 03:18:34,011 - ====>>>>> R2 [median]: 0.511158647936322 <<<<<====
2024-07-03 03:18:34,011 - ====>>>>> MAE [median]: 0.5145843289725124 <<<<<====
2024-07-03 03:18:34,011 - ====>>>>> MSE [median]: 0.44059311452133043 <<<<<====
2024-07-03 03:18:34,011 - ====================================================
2024-07-03 03:18:34,011 - 

2024-07-03 03:18:34,014 - R2 [mean] conjunto de predição NITROGENIO:
2024-07-03 03:18:34,014 - ====================================================
2024-07-03 03:18:34,014 - ====>>>>> R2 [mean]: 0.5450155874127568 <<<<<====
2024-07-03 03:18:34,014 - ====>>>>> MAE [mean]: 0.5100446903807919 <<<<<====
2024-07-03 03:18:34,014 - ====>>>>> MSE [mean]: 0.4072071097146805 <<<<<====
2024-07-03 03:18:34,014 - ====================================================
2024-07-03 03:18:34,014 - 

2024-07-03 03:18:34,017 - R2 [median] conjunto de predição NITROGENIO:
2024-07-03 03:18:34,017 - ====================================================
2024-07-03 03:18:34,017 - ====>>>>> R2 [median]: 0.5584988289037557 <<<<<====
2024-07-03 03:18:34,017 - ====>>>>> MAE [median]: 0.5120068351364468 <<<<<====
2024-07-03 03:18:34,017 - ====>>>>> MSE [median]: 0.39513972532690894 <<<<<====
2024-07-03 03:18:34,017 - ====================================================
2024-07-03 03:18:34,017 - 

2024-07-03 03:18:34,018 - #######################
2024-07-03 03:18:34,019 - Info parameters: 
2024-07-03 03:18:34,019 -  -e (--epochs): 100
2024-07-03 03:18:34,019 -  -G (--grid_search_trials): 0
2024-07-03 03:18:34,019 -  -i (--amount_image_train): 8930
2024-07-03 03:18:34,019 -  -I (--amount_image_test): 3843
2024-07-03 03:18:34,019 -  -L (--log_level): 0
2024-07-03 03:18:34,019 -  -m (--model): 2 - ResNet152
2024-07-03 03:18:34,019 -  -M (--show_model): False
2024-07-03 03:18:34,019 -  -n (--name): ResNet152_2_Normalize4_Epochs100_Patience10_Separed_Preprocess
2024-07-03 03:18:34,019 -  -N (--normalize): NormalizeEnum.StandardScaler
2024-07-03 03:18:34,019 -  -p (--preprocess): False
2024-07-03 03:18:34,019 -  -P (--patience): 10
2024-07-03 03:18:34,019 -  -S (--separed): False
2024-07-03 03:18:34,019 -  -t (--trainable): False
2024-07-03 03:18:34,019 -  -T (--Test): False
2024-07-03 03:18:34,020 - #######################
