2024-07-03 00:46:45,190 - 
2024-07-03 00:46:45,190 - ====================================================
2024-07-03 00:46:45,190 - ********** R2 Modelo: 0.4362902586429144 **********
2024-07-03 00:46:45,190 - ********** MAE: 0.3713390896418802 **********
2024-07-03 00:46:45,190 - ********** MSE: 0.2031352024036489 **********
2024-07-03 00:46:45,190 - ====================================================
2024-07-03 00:46:45,190 - 

2024-07-03 00:46:45,190 - Alguns exemplos de predições ...
2024-07-03 00:46:45,389 - 
Melhores resultados ...


2024-07-03 00:46:45,396 - 
     amostra  teor_cabono_real  teor_cabono_predict  teor_cabono_diff  error_carbono(%)  teor_nitrogenio_real  teor_nitrogenio_predict  teor_nitrogenio_diff  error_nitrogenio(%) grupo
3504     L20          0.129032             0.129028          0.000004          0.003387              0.222222                 0.255861              0.033639            15.137537   L20
1772      L2         -0.276498            -0.276726          0.000228          0.082551             -0.555556                -0.233273              0.322283            58.010911    L2
99       L29          0.824885             0.826148          0.001263          0.153149              0.944444                 0.830493              0.113951            12.065431   L29
2133     C23          0.138249             0.138595          0.000347          0.250653              0.277778                 0.207478              0.070299            25.307796   C23
3485     L17          0.451613             0.455755          0.004142          0.917092              0.555556                 0.426804              0.128751            23.175236   L17

2024-07-03 00:46:45,396 - 
Piores resultados ...


2024-07-03 00:46:45,402 - 
     amostra  teor_cabono_real  teor_cabono_predict  teor_cabono_diff  error_carbono(%)  teor_nitrogenio_real  teor_nitrogenio_predict  teor_nitrogenio_diff  error_nitrogenio(%) grupo
2327     C10         -0.041475            -0.529431          0.487957       1176.517650             -0.166667                -0.429409              0.262742           157.645380   C10
2412     C10         -0.041475            -0.535564          0.494089       1191.303318             -0.166667                -0.408011              0.241345           144.806862   C10
337      C10         -0.041475            -0.563340          0.521865       1258.274204             -0.166667                -0.448862              0.282196           169.317496   C10
1209     C10         -0.041475            -0.577293          0.535818       1291.916941             -0.166667                -0.473801              0.307134           184.280467   C10
1643     C10         -0.041475            -0.600279          0.558804       1347.339590             -0.166667                -0.562111              0.395444           237.266362   C10


2024-07-03 00:46:45,405 - R2 [mean] conjunto de predição CARBONO:
2024-07-03 00:46:45,405 - ====================================================
2024-07-03 00:46:45,405 - ====>>>>> R2 [mean]: 0.4798236056974806 <<<<<====
2024-07-03 00:46:45,405 - ====>>>>> MAE [mean]: 0.360326589966731 <<<<<====
2024-07-03 00:46:45,405 - ====>>>>> MSE [mean]: 0.18880289543761594 <<<<<====
2024-07-03 00:46:45,405 - ====================================================
2024-07-03 00:46:45,405 - 

2024-07-03 00:46:45,407 - R2 [median] conjunto de predição CARBONO:
2024-07-03 00:46:45,408 - ====================================================
2024-07-03 00:46:45,408 - ====>>>>> R2 [median]: 0.5073744428575928 <<<<<====
2024-07-03 00:46:45,408 - ====>>>>> MAE [median]: 0.3534046976364046 <<<<<====
2024-07-03 00:46:45,408 - ====>>>>> MSE [median]: 0.17880306098812285 <<<<<====
2024-07-03 00:46:45,408 - ====================================================
2024-07-03 00:46:45,408 - 

2024-07-03 00:46:45,410 - R2 [mean] conjunto de predição NITROGENIO:
2024-07-03 00:46:45,410 - ====================================================
2024-07-03 00:46:45,410 - ====>>>>> R2 [mean]: 0.5268085362540742 <<<<<====
2024-07-03 00:46:45,410 - ====>>>>> MAE [mean]: 0.3438444796511511 <<<<<====
2024-07-03 00:46:45,410 - ====>>>>> MSE [mean]: 0.17226304087138303 <<<<<====
2024-07-03 00:46:45,410 - ====================================================
2024-07-03 00:46:45,411 - 

2024-07-03 00:46:45,413 - R2 [median] conjunto de predição NITROGENIO:
2024-07-03 00:46:45,413 - ====================================================
2024-07-03 00:46:45,413 - ====>>>>> R2 [median]: 0.5457822876688402 <<<<<====
2024-07-03 00:46:45,413 - ====>>>>> MAE [median]: 0.3423013471434882 <<<<<====
2024-07-03 00:46:45,413 - ====>>>>> MSE [median]: 0.16535573935421055 <<<<<====
2024-07-03 00:46:45,413 - ====================================================
2024-07-03 00:46:45,413 - 

2024-07-03 00:46:45,414 - #######################
2024-07-03 00:46:45,414 - Info parameters: 
2024-07-03 00:46:45,414 -  -e (--epochs): 100
2024-07-03 00:46:45,414 -  -G (--grid_search_trials): 0
2024-07-03 00:46:45,414 -  -i (--amount_image_train): 8930
2024-07-03 00:46:45,414 -  -I (--amount_image_test): 3843
2024-07-03 00:46:45,414 -  -L (--log_level): 0
2024-07-03 00:46:45,414 -  -m (--model): 21 - EfficientNetV2S
2024-07-03 00:46:45,415 -  -M (--show_model): False
2024-07-03 00:46:45,415 -  -n (--name): EfficientNetV2S_21_Normalize2_Epochs100_Patience10_Separed_Preprocess
2024-07-03 00:46:45,415 -  -N (--normalize): NormalizeEnum.RobustScaler
2024-07-03 00:46:45,415 -  -p (--preprocess): True
2024-07-03 00:46:45,415 -  -P (--patience): 10
2024-07-03 00:46:45,415 -  -S (--separed): False
2024-07-03 00:46:45,415 -  -t (--trainable): False
2024-07-03 00:46:45,415 -  -T (--Test): False
2024-07-03 00:46:45,415 - #######################
