2024-07-03 01:07:32,102 - 
2024-07-03 01:07:32,102 - ====================================================
2024-07-03 01:07:32,102 - ********** R2 Modelo: 0.4176813404167862 **********
2024-07-03 01:07:32,102 - ********** MAE: 0.5574911637002524 **********
2024-07-03 01:07:32,102 - ********** MSE: 0.5184859196356368 **********
2024-07-03 01:07:32,102 - ====================================================
2024-07-03 01:07:32,102 - 

2024-07-03 01:07:32,102 - Alguns exemplos de predições ...
2024-07-03 01:07:32,295 - 
Melhores resultados ...


2024-07-03 01:07:32,301 - 
     amostra  teor_cabono_real  teor_cabono_predict  teor_cabono_diff  error_carbono(%)  teor_nitrogenio_real  teor_nitrogenio_predict  teor_nitrogenio_diff  error_nitrogenio(%) grupo
3698      L7         -0.988241            -0.988225          0.000016          0.001651             -1.547462                -1.120084              0.427378            27.618015    L7
1363      C8          0.406030             0.406314          0.000284          0.069903             -0.153730                 0.344258              0.497988           323.936572    C8
2152     L33          0.986977             0.987795          0.000818          0.082890              1.327110                 0.922024              0.405086            30.523932   L33
1496     L17          0.856264             0.855543          0.000720          0.084130              0.891569                 0.689486              0.202083            22.666038   L17
1988     L20          0.347936             0.347472          0.000463          0.133128              0.368919                 0.422183              0.053263            14.437697   L20

2024-07-03 01:07:32,301 - 
Piores resultados ...


2024-07-03 01:07:32,307 - 
     amostra  teor_cabono_real  teor_cabono_predict  teor_cabono_diff  error_carbono(%)  teor_nitrogenio_real  teor_nitrogenio_predict  teor_nitrogenio_diff  error_nitrogenio(%) grupo
3765     L40          0.035677             0.637521          0.601844       1686.927742              0.281811                 0.568003              0.286192           101.554428   L40
3809     L40          0.035677            -0.574358          0.610035       1709.884644              0.281811                -0.590198              0.872009           309.430135   L40
1607     L40          0.035677             0.652089          0.616412       1727.760581              0.281811                 0.700365              0.418554           148.522842   L40
1542     C10          0.079248            -1.326125          1.405373       1773.387736             -0.240838                -1.241865              1.001026           415.642507   C10
3052     L40          0.035677             0.764332          0.728655       2042.368189              0.281811                 0.804544              0.522733           185.490425   L40


2024-07-03 01:07:32,310 - R2 [mean] conjunto de predição CARBONO:
2024-07-03 01:07:32,310 - ====================================================
2024-07-03 01:07:32,310 - ====>>>>> R2 [mean]: 0.44707400385379437 <<<<<====
2024-07-03 01:07:32,310 - ====>>>>> MAE [mean]: 0.5442600154777236 <<<<<====
2024-07-03 01:07:32,310 - ====>>>>> MSE [mean]: 0.49835265718300326 <<<<<====
2024-07-03 01:07:32,310 - ====================================================
2024-07-03 01:07:32,310 - 

2024-07-03 01:07:32,313 - R2 [median] conjunto de predição CARBONO:
2024-07-03 01:07:32,313 - ====================================================
2024-07-03 01:07:32,313 - ====>>>>> R2 [median]: 0.4583306885935384 <<<<<====
2024-07-03 01:07:32,313 - ====>>>>> MAE [median]: 0.5364054581427933 <<<<<====
2024-07-03 01:07:32,313 - ====>>>>> MSE [median]: 0.48820699792620914 <<<<<====
2024-07-03 01:07:32,313 - ====================================================
2024-07-03 01:07:32,313 - 

2024-07-03 01:07:32,316 - R2 [mean] conjunto de predição NITROGENIO:
2024-07-03 01:07:32,316 - ====================================================
2024-07-03 01:07:32,316 - ====>>>>> R2 [mean]: 0.5442505282318628 <<<<<====
2024-07-03 01:07:32,316 - ====>>>>> MAE [mean]: 0.5057007310098841 <<<<<====
2024-07-03 01:07:32,316 - ====>>>>> MSE [mean]: 0.4078918310572007 <<<<<====
2024-07-03 01:07:32,316 - ====================================================
2024-07-03 01:07:32,316 - 

2024-07-03 01:07:32,318 - R2 [median] conjunto de predição NITROGENIO:
2024-07-03 01:07:32,318 - ====================================================
2024-07-03 01:07:32,318 - ====>>>>> R2 [median]: 0.5569867935452197 <<<<<====
2024-07-03 01:07:32,318 - ====>>>>> MAE [median]: 0.50279730984191 <<<<<====
2024-07-03 01:07:32,318 - ====>>>>> MSE [median]: 0.3964929838806132 <<<<<====
2024-07-03 01:07:32,319 - ====================================================
2024-07-03 01:07:32,319 - 

2024-07-03 01:07:32,319 - #######################
2024-07-03 01:07:32,319 - Info parameters: 
2024-07-03 01:07:32,319 -  -e (--epochs): 100
2024-07-03 01:07:32,320 -  -G (--grid_search_trials): 0
2024-07-03 01:07:32,320 -  -i (--amount_image_train): 8930
2024-07-03 01:07:32,320 -  -I (--amount_image_test): 3843
2024-07-03 01:07:32,320 -  -L (--log_level): 0
2024-07-03 01:07:32,320 -  -m (--model): 21 - EfficientNetV2S
2024-07-03 01:07:32,320 -  -M (--show_model): False
2024-07-03 01:07:32,320 -  -n (--name): EfficientNetV2S_21_Normalize4_Epochs100_Patience10_Separed_Preprocess
2024-07-03 01:07:32,320 -  -N (--normalize): NormalizeEnum.StandardScaler
2024-07-03 01:07:32,320 -  -p (--preprocess): True
2024-07-03 01:07:32,320 -  -P (--patience): 10
2024-07-03 01:07:32,320 -  -S (--separed): False
2024-07-03 01:07:32,320 -  -t (--trainable): False
2024-07-03 01:07:32,320 -  -T (--Test): False
2024-07-03 01:07:32,320 - #######################
