2024-07-02 13:09:30,783 - 
2024-07-02 13:09:30,784 - ====================================================
2024-07-02 13:09:30,784 - ********** R2 Modelo: 0.4316225199478939 **********
2024-07-02 13:09:30,784 - ********** MAE [mean]: 0.5810669859177676 **********
2024-07-02 13:09:30,784 - ********** MSE [mean]: 0.5061632994180122 **********
2024-07-02 13:09:30,784 - ====================================================
2024-07-02 13:09:30,784 - 

2024-07-02 13:09:30,784 - Alguns exemplos de predições ...
2024-07-02 13:09:30,985 - 
Melhores resultados ...


2024-07-02 13:09:30,991 - 
     amostra  teor_cabono_real  teor_cabono_predict  teor_cabono_diff  error_carbono(%)  teor_nitrogenio_real  teor_nitrogenio_predict  teor_nitrogenio_diff  error_nitrogenio(%) grupo
3706     C12          0.282579             0.282456          0.000124          0.043756             -0.066622                 0.252086              0.318708           478.383861   C12
1620     L40          0.035677             0.035659          0.000018          0.050397              0.281811                 0.047895              0.233916            83.004465   L40
941      C46         -0.247534            -0.247787          0.000252          0.101828              0.804461                -0.337606              1.142067           141.966731   C46
2529     C23          0.362459             0.362049          0.000410          0.113251              0.456028                 0.380700              0.075328            16.518224   C23
3261      L7         -0.988241            -0.989378          0.001137          0.115014             -1.547462                -1.309940              0.237522            15.349126    L7

2024-07-02 13:09:30,991 - 
Piores resultados ...


2024-07-02 13:09:30,998 - 
     amostra  teor_cabono_real  teor_cabono_predict  teor_cabono_diff  error_carbono(%)  teor_nitrogenio_real  teor_nitrogenio_predict  teor_nitrogenio_diff  error_nitrogenio(%) grupo
91       L40          0.035677             0.699371          0.663694       1860.288001              0.281811                 0.731479              0.449668           159.563540   L40
442      L40          0.035677             0.744547          0.708870       1986.912085              0.281811                 0.806261              0.524450           186.099836   L40
1799     L40          0.035677            -0.713089          0.748766       2098.738956              0.281811                -0.821774              1.103586           391.604628   L40
3755     L40          0.035677             0.807172          0.771495       2162.446897              0.281811                 0.873467              0.591656           209.947726   L40
2739     L40          0.035677             0.852073          0.816396       2288.300298              0.281811                 0.955066              0.673255           238.902694   L40


2024-07-02 13:09:31,000 - R2 [mean] conjunto de predição CARBONO:
2024-07-02 13:09:31,000 - ====================================================
2024-07-02 13:09:31,001 - ====>>>>> R2 [mean]: 0.5077172819269032 <<<<<====
2024-07-02 13:09:31,001 - ====>>>>> MAE [mean]: 0.545731911914471 <<<<<====
2024-07-02 13:09:31,001 - ====>>>>> MSE [mean]: 0.4436948205490565 <<<<<====
2024-07-02 13:09:31,001 - ====================================================
2024-07-02 13:09:31,001 - 

2024-07-02 13:09:31,003 - R2 [median] conjunto de predição CARBONO:
2024-07-02 13:09:31,004 - ====================================================
2024-07-02 13:09:31,004 - ====>>>>> R2 [median]: 0.5261288374870977 <<<<<====
2024-07-02 13:09:31,004 - ====>>>>> MAE [median]: 0.5290496556986486 <<<<<====
2024-07-02 13:09:31,004 - ====>>>>> MSE [median]: 0.4271004703100613 <<<<<====
2024-07-02 13:09:31,004 - ====================================================
2024-07-02 13:09:31,004 - 

2024-07-02 13:09:31,006 - R2 [mean] conjunto de predição NITROGENIO:
2024-07-02 13:09:31,006 - ====================================================
2024-07-02 13:09:31,006 - ====>>>>> R2 [mean]: 0.5960010601095731 <<<<<====
2024-07-02 13:09:31,006 - ====>>>>> MAE [mean]: 0.49763673957754856 <<<<<====
2024-07-02 13:09:31,007 - ====>>>>> MSE [mean]: 0.3615755531164063 <<<<<====
2024-07-02 13:09:31,007 - ====================================================
2024-07-02 13:09:31,007 - 

2024-07-02 13:09:31,009 - R2 [median] conjunto de predição NITROGENIO:
2024-07-02 13:09:31,009 - ====================================================
2024-07-02 13:09:31,009 - ====>>>>> R2 [median]: 0.6128295091831244 <<<<<====
2024-07-02 13:09:31,009 - ====>>>>> MAE [median]: 0.4868056692320286 <<<<<====
2024-07-02 13:09:31,009 - ====>>>>> MSE [median]: 0.3465142369072329 <<<<<====
2024-07-02 13:09:31,009 - ====================================================
2024-07-02 13:09:31,010 - 

2024-07-02 13:09:31,010 - #######################
2024-07-02 13:09:31,010 - Info parameters: 
2024-07-02 13:09:31,011 -  -e (--epochs): 100
2024-07-02 13:09:31,011 -  -G (--grid_search_trials): 0
2024-07-02 13:09:31,011 -  -i (--amount_image_train): 8930
2024-07-02 13:09:31,011 -  -I (--amount_image_test): 3843
2024-07-02 13:09:31,011 -  -L (--log_level): 0
2024-07-02 13:09:31,011 -  -m (--model): 30 - InceptionResNetV2
2024-07-02 13:09:31,011 -  -M (--show_model): False
2024-07-02 13:09:31,011 -  -n (--name): InceptionResNetV2_30_Normalize4_Epochs100_Patience10_Separed_Preprocess
2024-07-02 13:09:31,011 -  -N (--normalize): NormalizeEnum.StandardScaler
2024-07-02 13:09:31,011 -  -p (--preprocess): True
2024-07-02 13:09:31,011 -  -P (--patience): 10
2024-07-02 13:09:31,011 -  -S (--separed): False
2024-07-02 13:09:31,011 -  -t (--trainable): False
2024-07-02 13:09:31,011 -  -T (--Test): False
2024-07-02 13:09:31,012 - #######################
