2024-07-02 13:44:18,923 - 
2024-07-02 13:44:18,924 - ====================================================
2024-07-02 13:44:18,924 - ********** R2 Modelo: 0.4754109090596935 **********
2024-07-02 13:44:18,924 - ********** MAE [mean]: 0.5598630819512509 **********
2024-07-02 13:44:18,924 - ********** MSE [mean]: 0.4671130018857288 **********
2024-07-02 13:44:18,924 - ====================================================
2024-07-02 13:44:18,924 - 

2024-07-02 13:44:18,924 - Alguns exemplos de predições ...
2024-07-02 13:44:19,464 - 
Melhores resultados ...


2024-07-02 13:44:19,471 - 
     amostra  teor_cabono_real  teor_cabono_predict  teor_cabono_diff  error_carbono(%)  teor_nitrogenio_real  teor_nitrogenio_predict  teor_nitrogenio_diff  error_nitrogenio(%) grupo
860      C39         -0.813957            -0.813110          0.000847          0.104052             -0.676380                -0.661159              0.015221             2.250360   C39
212       C8          0.406030             0.406497          0.000467          0.114904             -0.153730                 0.380932              0.534662           347.792628    C8
219      C23          0.362459             0.362896          0.000437          0.120566              0.456028                 0.342312              0.113716            24.936183   C23
3757      C8          0.406030             0.405397          0.000633          0.155903             -0.153730                 0.294524              0.448254           291.584871    C8
2113      C8          0.406030             0.404666          0.001364          0.336010             -0.153730                 0.169632              0.323362           210.344009    C8

2024-07-02 13:44:19,471 - 
Piores resultados ...


2024-07-02 13:44:19,478 - 
     amostra  teor_cabono_real  teor_cabono_predict  teor_cabono_diff  error_carbono(%)  teor_nitrogenio_real  teor_nitrogenio_predict  teor_nitrogenio_diff  error_nitrogenio(%) grupo
845      L40          0.035677             0.667610          0.631933       1771.263328              0.281811                 0.721066              0.439255           155.868389   L40
1602     L40          0.035677             0.690953          0.655276       1836.693704              0.281811                 0.839644              0.557833           197.945482   L40
3796     L40          0.035677             0.705746          0.670069       1878.157891              0.281811                 0.760778              0.478967           169.960288   L40
2913     L40          0.035677             0.831547          0.795870       2230.768379              0.281811                 0.954327              0.672515           238.640449   L40
3818     L40          0.035677             0.857571          0.821894       2303.712623              0.281811                 0.894029              0.612218           217.243971   L40


2024-07-02 13:44:19,483 - R2 [mean] conjunto de predição CARBONO:
2024-07-02 13:44:19,483 - ====================================================
2024-07-02 13:44:19,483 - ====>>>>> R2 [mean]: 0.49574074806630963 <<<<<====
2024-07-02 13:44:19,483 - ====>>>>> MAE [mean]: 0.5557271423703026 <<<<<====
2024-07-02 13:44:19,483 - ====>>>>> MSE [mean]: 0.4544892804132492 <<<<<====
2024-07-02 13:44:19,483 - ====================================================
2024-07-02 13:44:19,483 - 

2024-07-02 13:44:19,486 - R2 [median] conjunto de predição CARBONO:
2024-07-02 13:44:19,487 - ====================================================
2024-07-02 13:44:19,487 - ====>>>>> R2 [median]: 0.5219274858399832 <<<<<====
2024-07-02 13:44:19,487 - ====>>>>> MAE [median]: 0.5393461302422993 <<<<<====
2024-07-02 13:44:19,487 - ====>>>>> MSE [median]: 0.4308871520209826 <<<<<====
2024-07-02 13:44:19,487 - ====================================================
2024-07-02 13:44:19,487 - 

2024-07-02 13:44:19,490 - R2 [mean] conjunto de predição NITROGENIO:
2024-07-02 13:44:19,490 - ====================================================
2024-07-02 13:44:19,490 - ====>>>>> R2 [mean]: 0.5690711666230303 <<<<<====
2024-07-02 13:44:19,490 - ====>>>>> MAE [mean]: 0.5209882015368122 <<<<<====
2024-07-02 13:44:19,490 - ====>>>>> MSE [mean]: 0.385677574610333 <<<<<====
2024-07-02 13:44:19,491 - ====================================================
2024-07-02 13:44:19,491 - 

2024-07-02 13:44:19,493 - R2 [median] conjunto de predição NITROGENIO:
2024-07-02 13:44:19,494 - ====================================================
2024-07-02 13:44:19,494 - ====>>>>> R2 [median]: 0.5990019368912562 <<<<<====
2024-07-02 13:44:19,494 - ====>>>>> MAE [median]: 0.5050913927263453 <<<<<====
2024-07-02 13:44:19,494 - ====>>>>> MSE [median]: 0.35888979438034246 <<<<<====
2024-07-02 13:44:19,494 - ====================================================
2024-07-02 13:44:19,494 - 

2024-07-02 13:44:19,552 - #######################
2024-07-02 13:44:19,553 - Info parameters: 
2024-07-02 13:44:19,553 -  -e (--epochs): 100
2024-07-02 13:44:19,553 -  -G (--grid_search_trials): 0
2024-07-02 13:44:19,553 -  -i (--amount_image_train): 8930
2024-07-02 13:44:19,553 -  -I (--amount_image_test): 3843
2024-07-02 13:44:19,553 -  -L (--log_level): 0
2024-07-02 13:44:19,553 -  -m (--model): 40 - DenseNet169
2024-07-02 13:44:19,553 -  -M (--show_model): False
2024-07-02 13:44:19,553 -  -n (--name): DenseNet169_40_Normalize3_Epochs100_Patience10_Separed_Preprocess
2024-07-02 13:44:19,553 -  -N (--normalize): NormalizeEnum.StandardScaler
2024-07-02 13:44:19,553 -  -p (--preprocess): True
2024-07-02 13:44:19,553 -  -P (--patience): 10
2024-07-02 13:44:19,554 -  -S (--separed): False
2024-07-02 13:44:19,554 -  -t (--trainable): False
2024-07-02 13:44:19,554 -  -T (--Test): False
2024-07-02 13:44:19,554 - #######################
