2024-07-02 22:10:26,239 - 
2024-07-02 22:10:26,239 - ====================================================
2024-07-02 22:10:26,239 - ********** R2 Modelo: 0.5015885950992797 **********
2024-07-02 22:10:26,239 - ********** MAE: 0.11589313891271534 **********
2024-07-02 22:10:26,239 - ********** MSE: 0.020987140808917268 **********
2024-07-02 22:10:26,239 - ====================================================
2024-07-02 22:10:26,239 - 

2024-07-02 22:10:26,239 - Alguns exemplos de predições ...
2024-07-02 22:10:26,452 - 
Melhores resultados ...


2024-07-02 22:10:26,459 - 
     amostra  teor_cabono_real  teor_cabono_predict  teor_cabono_diff  error_carbono(%)  teor_nitrogenio_real  teor_nitrogenio_predict  teor_nitrogenio_diff  error_nitrogenio(%) grupo
3304     C46          0.340729             0.340740          0.000011          0.003113              0.528302                 0.266558              0.261744            49.544386   C46
690       C4          0.508716             0.508643          0.000073          0.014337              0.339623                 0.398130              0.058508            17.227272    C4
3811     C12          0.456418             0.456117          0.000301          0.065946              0.339623                 0.431411              0.091789            27.026624   C12
3567      C4          0.508716             0.509076          0.000360          0.070773              0.339623                 0.420694              0.081071            23.870895    C4
2012     C46          0.340729             0.341001          0.000272          0.079803              0.528302                 0.285061              0.243240            46.041934   C46

2024-07-02 22:10:26,459 - 
Piores resultados ...


2024-07-02 22:10:26,466 - 
     amostra  teor_cabono_real  teor_cabono_predict  teor_cabono_diff  error_carbono(%)  teor_nitrogenio_real  teor_nitrogenio_predict  teor_nitrogenio_diff  error_nitrogenio(%) grupo
321      C51               0.0             0.385927          0.385927               inf                   0.0                 0.335807              0.335807                  inf   C51
1797     C51               0.0             0.382272          0.382272               inf                   0.0                 0.324103              0.324103                  inf   C51
323      C51               0.0             0.333391          0.333391               inf                   0.0                 0.277646              0.277646                  inf   C51
1917     C51               0.0             0.529895          0.529895               inf                   0.0                 0.456967              0.456967                  inf   C51
567      C51               0.0             0.372512          0.372512               inf                   0.0                 0.316772              0.316772                  inf   C51


2024-07-02 22:10:26,470 - R2 [mean] conjunto de predição CARBONO:
2024-07-02 22:10:26,470 - ====================================================
2024-07-02 22:10:26,470 - ====>>>>> R2 [mean]: 0.5703267653872224 <<<<<====
2024-07-02 22:10:26,470 - ====>>>>> MAE [mean]: 0.10872297583278749 <<<<<====
2024-07-02 22:10:26,470 - ====>>>>> MSE [mean]: 0.018444082697242625 <<<<<====
2024-07-02 22:10:26,470 - ====================================================
2024-07-02 22:10:26,470 - 

2024-07-02 22:10:26,473 - R2 [median] conjunto de predição CARBONO:
2024-07-02 22:10:26,473 - ====================================================
2024-07-02 22:10:26,473 - ====>>>>> R2 [median]: 0.5991107823265215 <<<<<====
2024-07-02 22:10:26,473 - ====>>>>> MAE [median]: 0.10608584830484848 <<<<<====
2024-07-02 22:10:26,473 - ====>>>>> MSE [median]: 0.01720850471374149 <<<<<====
2024-07-02 22:10:26,474 - ====================================================
2024-07-02 22:10:26,474 - 

2024-07-02 22:10:26,476 - R2 [mean] conjunto de predição NITROGENIO:
2024-07-02 22:10:26,476 - ====================================================
2024-07-02 22:10:26,476 - ====>>>>> R2 [mean]: 0.6067487029499754 <<<<<====
2024-07-02 22:10:26,477 - ====>>>>> MAE [mean]: 0.10641514468784516 <<<<<====
2024-07-02 22:10:26,477 - ====>>>>> MSE [mean]: 0.016512720980692286 <<<<<====
2024-07-02 22:10:26,477 - ====================================================
2024-07-02 22:10:26,477 - 

2024-07-02 22:10:26,480 - R2 [median] conjunto de predição NITROGENIO:
2024-07-02 22:10:26,480 - ====================================================
2024-07-02 22:10:26,480 - ====>>>>> R2 [median]: 0.6297259239941357 <<<<<====
2024-07-02 22:10:26,480 - ====>>>>> MAE [median]: 0.10474267698808783 <<<<<====
2024-07-02 22:10:26,480 - ====>>>>> MSE [median]: 0.015547901683565731 <<<<<====
2024-07-02 22:10:26,480 - ====================================================
2024-07-02 22:10:26,480 - 

2024-07-02 22:10:26,481 - #######################
2024-07-02 22:10:26,481 - Info parameters: 
2024-07-02 22:10:26,481 -  -e (--epochs): 100
2024-07-02 22:10:26,481 -  -G (--grid_search_trials): 0
2024-07-02 22:10:26,481 -  -i (--amount_image_train): 8930
2024-07-02 22:10:26,481 -  -I (--amount_image_test): 3843
2024-07-02 22:10:26,481 -  -L (--log_level): 0
2024-07-02 22:10:26,481 -  -m (--model): 1 - ResNet101
2024-07-02 22:10:26,482 -  -M (--show_model): False
2024-07-02 22:10:26,482 -  -n (--name): ResNet101_1_Normalize1_Epochs100_Patience10_Separed_Preprocess
2024-07-02 22:10:26,482 -  -N (--normalize): NormalizeEnum.MinMaxScaler
2024-07-02 22:10:26,482 -  -p (--preprocess): False
2024-07-02 22:10:26,482 -  -P (--patience): 10
2024-07-02 22:10:26,482 -  -S (--separed): False
2024-07-02 22:10:26,482 -  -t (--trainable): False
2024-07-02 22:10:26,482 -  -T (--Test): False
2024-07-02 22:10:26,482 - #######################
