2024-07-02 17:48:38,058 - 
2024-07-02 17:48:38,058 - ====================================================
2024-07-02 17:48:38,058 - ********** R2 Modelo: 0.34815638323929393 **********
2024-07-02 17:48:38,058 - ********** MAE [mean]: 0.5989615782108355 **********
2024-07-02 17:48:38,059 - ********** MSE [mean]: 0.5804477235677058 **********
2024-07-02 17:48:38,059 - ====================================================
2024-07-02 17:48:38,059 - 

2024-07-02 17:48:38,059 - Alguns exemplos de predições ...
2024-07-02 17:48:38,261 - 
Melhores resultados ...


2024-07-02 17:48:38,268 - 
     amostra  teor_cabono_real  teor_cabono_predict  teor_cabono_diff  error_carbono(%)  teor_nitrogenio_real  teor_nitrogenio_predict  teor_nitrogenio_diff  error_nitrogenio(%) grupo
1915     L20          0.347936             0.347623          0.000313          0.089830              0.368919                 0.324804              0.044115            11.957957   L20
2035     C41         -0.741339            -0.742099          0.000760          0.102518             -0.589271                -0.612981              0.023710             4.023558   C41
3654     C46         -0.247534            -0.248004          0.000469          0.189597              0.804461                -0.522996              1.327457           165.012016   C46
1741      L7         -0.988241            -0.986293          0.001948          0.197116             -1.547462                -1.119513              0.427949            27.654900    L7
1752     L17          0.856264             0.858314          0.002050          0.239418              0.891569                 0.727368              0.164201            18.417134   L17

2024-07-02 17:48:38,268 - 
Piores resultados ...


2024-07-02 17:48:38,275 - 
     amostra  teor_cabono_real  teor_cabono_predict  teor_cabono_diff  error_carbono(%)  teor_nitrogenio_real  teor_nitrogenio_predict  teor_nitrogenio_diff  error_nitrogenio(%) grupo
3460     L40          0.035677             0.520159          0.484482       1357.970025              0.281811                 0.593604              0.311792           110.638742   L40
2381     L40          0.035677             0.520178          0.484501       1358.021482              0.281811                 0.584135              0.302323           107.278679   L40
819      L40          0.035677             0.549340          0.513663       1439.760335              0.281811                 0.476118              0.194307            68.949381   L40
2857     L40          0.035677             0.603785          0.568108       1592.366614              0.281811                 0.668481              0.386670           137.208857   L40
1239     L40          0.035677             0.640683          0.605006       1695.789178              0.281811                 0.738400              0.456589           162.019437   L40


2024-07-02 17:48:38,278 - R2 [mean] conjunto de predição CARBONO:
2024-07-02 17:48:38,278 - ====================================================
2024-07-02 17:48:38,278 - ====>>>>> R2 [mean]: 0.3697191259317637 <<<<<====
2024-07-02 17:48:38,278 - ====>>>>> MAE [mean]: 0.5994158412243659 <<<<<====
2024-07-02 17:48:38,278 - ====>>>>> MSE [mean]: 0.5680726725687825 <<<<<====
2024-07-02 17:48:38,278 - ====================================================
2024-07-02 17:48:38,279 - 

2024-07-02 17:48:38,282 - R2 [median] conjunto de predição CARBONO:
2024-07-02 17:48:38,282 - ====================================================
2024-07-02 17:48:38,282 - ====>>>>> R2 [median]: 0.3752042769550207 <<<<<====
2024-07-02 17:48:38,282 - ====>>>>> MAE [median]: 0.5976239350607174 <<<<<====
2024-07-02 17:48:38,282 - ====>>>>> MSE [median]: 0.5631289014194019 <<<<<====
2024-07-02 17:48:38,282 - ====================================================
2024-07-02 17:48:38,282 - 

2024-07-02 17:48:38,285 - R2 [mean] conjunto de predição NITROGENIO:
2024-07-02 17:48:38,285 - ====================================================
2024-07-02 17:48:38,285 - ====>>>>> R2 [mean]: 0.45117147685487224 <<<<<====
2024-07-02 17:48:38,285 - ====>>>>> MAE [mean]: 0.5573330702279379 <<<<<====
2024-07-02 17:48:38,285 - ====>>>>> MSE [mean]: 0.491196776100655 <<<<<====
2024-07-02 17:48:38,285 - ====================================================
2024-07-02 17:48:38,285 - 

2024-07-02 17:48:38,288 - R2 [median] conjunto de predição NITROGENIO:
2024-07-02 17:48:38,288 - ====================================================
2024-07-02 17:48:38,288 - ====>>>>> R2 [median]: 0.44899721080133115 <<<<<====
2024-07-02 17:48:38,288 - ====>>>>> MAE [median]: 0.5636193873170731 <<<<<====
2024-07-02 17:48:38,288 - ====>>>>> MSE [median]: 0.493142725392365 <<<<<====
2024-07-02 17:48:38,288 - ====================================================
2024-07-02 17:48:38,288 - 

2024-07-02 17:48:38,289 - #######################
2024-07-02 17:48:38,289 - Info parameters: 
2024-07-02 17:48:38,289 -  -e (--epochs): 100
2024-07-02 17:48:38,290 -  -G (--grid_search_trials): 0
2024-07-02 17:48:38,290 -  -i (--amount_image_train): 8930
2024-07-02 17:48:38,290 -  -I (--amount_image_test): 3843
2024-07-02 17:48:38,290 -  -L (--log_level): 0
2024-07-02 17:48:38,290 -  -m (--model): 10 - ConvNeXtBase
2024-07-02 17:48:38,290 -  -M (--show_model): False
2024-07-02 17:48:38,290 -  -n (--name): ConvNeXtBase_10_Normalize3_Epochs100_Patience10_Separed_Preprocess
2024-07-02 17:48:38,290 -  -N (--normalize): NormalizeEnum.StandardScaler
2024-07-02 17:48:38,290 -  -p (--preprocess): True
2024-07-02 17:48:38,290 -  -P (--patience): 10
2024-07-02 17:48:38,290 -  -S (--separed): False
2024-07-02 17:48:38,290 -  -t (--trainable): False
2024-07-02 17:48:38,290 -  -T (--Test): False
2024-07-02 17:48:38,290 - #######################
