2024-07-03 01:15:05,510 - 
2024-07-03 01:15:05,510 - ====================================================
2024-07-03 01:15:05,510 - ********** R2 Modelo: 0.3861227317773423 **********
2024-07-03 01:15:05,510 - ********** MAE: 0.3825153746051197 **********
2024-07-03 01:15:05,511 - ********** MSE: 0.22113986649209094 **********
2024-07-03 01:15:05,511 - ====================================================
2024-07-03 01:15:05,511 - 

2024-07-03 01:15:05,511 - Alguns exemplos de predições ...
2024-07-03 01:15:05,723 - 
Melhores resultados ...


2024-07-03 01:15:05,730 - 
     amostra  teor_cabono_real  teor_cabono_predict  teor_cabono_diff  error_carbono(%)  teor_nitrogenio_real  teor_nitrogenio_predict  teor_nitrogenio_diff  error_nitrogenio(%) grupo
119       L7         -0.718894            -0.719000          0.000106          0.014700             -1.000000                -0.555797              0.444203            44.420308    L7
3408      C8          0.165899             0.166005          0.000106          0.063991             -0.111111                 0.097524              0.208636           187.772018    C8
1914      L7         -0.718894            -0.719852          0.000958          0.133197             -1.000000                -0.658274              0.341726            34.172577    L7
519       L7         -0.718894            -0.721287          0.002393          0.332848             -1.000000                -0.540647              0.459353            45.935285    L7
1811     C23          0.138249             0.137788          0.000461          0.333391              0.277778                 0.171546              0.106232            38.243613   C23

2024-07-03 01:15:05,730 - 
Piores resultados ...


2024-07-03 01:15:05,737 - 
     amostra  teor_cabono_real  teor_cabono_predict  teor_cabono_diff  error_carbono(%)  teor_nitrogenio_real  teor_nitrogenio_predict  teor_nitrogenio_diff  error_nitrogenio(%) grupo
2084     C10         -0.041475            -0.849188          0.807714       1947.487556             -0.166667                -0.802852              0.636185           381.710970   C10
1685     C10         -0.041475            -0.852546          0.811071       1955.582502             -0.166667                -0.727165              0.560498           336.298847   C10
115      C10         -0.041475            -0.863106          0.821632       1981.045215             -0.166667                -0.682695              0.516028           309.616911   C10
2313     C10         -0.041475            -0.864013          0.822538       1983.231096             -0.166667                -0.772528              0.605861           363.516724   C10
111      C10         -0.041475            -0.887968          0.846494       2040.990239             -0.166667                -0.811240              0.644573           386.743903   C10


2024-07-03 01:15:05,740 - R2 [mean] conjunto de predição CARBONO:
2024-07-03 01:15:05,740 - ====================================================
2024-07-03 01:15:05,740 - ====>>>>> R2 [mean]: 0.41959134573806 <<<<<====
2024-07-03 01:15:05,740 - ====>>>>> MAE [mean]: 0.37638244373963253 <<<<<====
2024-07-03 01:15:05,741 - ====>>>>> MSE [mean]: 0.21066475845878976 <<<<<====
2024-07-03 01:15:05,741 - ====================================================
2024-07-03 01:15:05,741 - 

2024-07-03 01:15:05,744 - R2 [median] conjunto de predição CARBONO:
2024-07-03 01:15:05,744 - ====================================================
2024-07-03 01:15:05,744 - ====>>>>> R2 [median]: 0.4266583746466851 <<<<<====
2024-07-03 01:15:05,744 - ====>>>>> MAE [median]: 0.37515872441154946 <<<<<====
2024-07-03 01:15:05,744 - ====>>>>> MSE [median]: 0.20809971411094155 <<<<<====
2024-07-03 01:15:05,744 - ====================================================
2024-07-03 01:15:05,744 - 

2024-07-03 01:15:05,747 - R2 [mean] conjunto de predição NITROGENIO:
2024-07-03 01:15:05,747 - ====================================================
2024-07-03 01:15:05,747 - ====>>>>> R2 [mean]: 0.5039943978975145 <<<<<====
2024-07-03 01:15:05,747 - ====>>>>> MAE [mean]: 0.3579134309334765 <<<<<====
2024-07-03 01:15:05,747 - ====>>>>> MSE [mean]: 0.18056841649470914 <<<<<====
2024-07-03 01:15:05,747 - ====================================================
2024-07-03 01:15:05,747 - 

2024-07-03 01:15:05,750 - R2 [median] conjunto de predição NITROGENIO:
2024-07-03 01:15:05,750 - ====================================================
2024-07-03 01:15:05,750 - ====>>>>> R2 [median]: 0.5029048477410551 <<<<<====
2024-07-03 01:15:05,750 - ====>>>>> MAE [median]: 0.3576355136532352 <<<<<====
2024-07-03 01:15:05,750 - ====>>>>> MSE [median]: 0.18096506190679623 <<<<<====
2024-07-03 01:15:05,751 - ====================================================
2024-07-03 01:15:05,751 - 

2024-07-03 01:15:05,752 - #######################
2024-07-03 01:15:05,752 - Info parameters: 
2024-07-03 01:15:05,752 -  -e (--epochs): 100
2024-07-03 01:15:05,752 -  -G (--grid_search_trials): 0
2024-07-03 01:15:05,752 -  -i (--amount_image_train): 8930
2024-07-03 01:15:05,752 -  -I (--amount_image_test): 3843
2024-07-03 01:15:05,752 -  -L (--log_level): 0
2024-07-03 01:15:05,752 -  -m (--model): 2 - ResNet152
2024-07-03 01:15:05,752 -  -M (--show_model): False
2024-07-03 01:15:05,753 -  -n (--name): ResNet152_2_Normalize2_Epochs100_Patience10_Separed_Preprocess
2024-07-03 01:15:05,753 -  -N (--normalize): NormalizeEnum.RobustScaler
2024-07-03 01:15:05,753 -  -p (--preprocess): True
2024-07-03 01:15:05,753 -  -P (--patience): 10
2024-07-03 01:15:05,753 -  -S (--separed): False
2024-07-03 01:15:05,753 -  -t (--trainable): False
2024-07-03 01:15:05,753 -  -T (--Test): False
2024-07-03 01:15:05,753 - #######################
