2024-07-02 01:13:10,264 - 
2024-07-02 01:13:10,265 - ====================================================
2024-07-02 01:13:10,265 - ********** R2 Modelo: -0.11652867315287385 **********
2024-07-02 01:13:10,265 - ********** MAE [mean]: 0.6395288824048682 **********
2024-07-02 01:13:10,265 - ********** MSE [mean]: 1.0097155878949216 **********
2024-07-02 01:13:10,265 - ====================================================
2024-07-02 01:13:10,265 - 

2024-07-02 01:13:10,265 - Alguns exemplos de predições ...
2024-07-02 01:13:10,455 - 
Melhores resultados ...


2024-07-02 01:13:10,461 - 
     amostra  teor_cabono_real  teor_cabono_predict  teor_cabono_diff  error_carbono(%)  teor_nitrogenio_real  teor_nitrogenio_predict  teor_nitrogenio_diff  error_nitrogenio(%) grupo
1754      L2              2.40             2.400738          0.000738          0.030740                  0.12                 0.196995              0.076995            64.162666    L2
1488      C8              3.36             3.361208          0.001208          0.035965                  0.20                 0.240748              0.040748            20.373957    C8
2711      L5              0.78             0.779598          0.000402          0.051539                  0.06                 0.068172              0.008172            13.620684    L5
1629     L26              2.92             2.921650          0.001650          0.056505                  0.24                 0.211951              0.028049            11.687126   L26
1020     C26              1.94             1.941573          0.001573          0.081096                  0.20                 0.145648              0.054352            27.175827   C26

2024-07-02 01:13:10,461 - 
Piores resultados ...


2024-07-02 01:13:10,467 - 
     amostra  teor_cabono_real  teor_cabono_predict  teor_cabono_diff  error_carbono(%)  teor_nitrogenio_real  teor_nitrogenio_predict  teor_nitrogenio_diff  error_nitrogenio(%) grupo
179      C51              0.31             4.555460          4.245460       1369.503372                  0.03                 0.371187              0.341187          1137.289906   C51
1342     C51              0.31             4.636189          4.326189       1395.544834                  0.03                 0.392550              0.362550          1208.500568   C51
960      C51              0.31             4.910146          4.600146       1483.918141                  0.03                 0.418013              0.388013          1293.375397   C51
2273     C51              0.31             4.982958          4.672958       1507.405909                  0.03                 0.427905              0.397905          1326.350872   C51
736      C51              0.31             5.219806          4.909806       1583.808450                  0.03                 0.448054              0.418054          1393.511796   C51


2024-07-02 01:13:10,470 - R2 [mean] conjunto de predição CARBONO:
2024-07-02 01:13:10,470 - ====================================================
2024-07-02 01:13:10,470 - ====>>>>> R2 [mean]: -0.05275132955985806 <<<<<====
2024-07-02 01:13:10,470 - ====>>>>> MAE [mean]: 1.1239351295541835 <<<<<====
2024-07-02 01:13:10,470 - ====>>>>> MSE [mean]: 1.7992987431164025 <<<<<====
2024-07-02 01:13:10,471 - ====================================================
2024-07-02 01:13:10,471 - 

2024-07-02 01:13:10,473 - R2 [median] conjunto de predição CARBONO:
2024-07-02 01:13:10,473 - ====================================================
2024-07-02 01:13:10,473 - ====>>>>> R2 [median]: -0.05437555827737062 <<<<<====
2024-07-02 01:13:10,473 - ====>>>>> MAE [median]: 1.1230680497487386 <<<<<====
2024-07-02 01:13:10,473 - ====>>>>> MSE [median]: 1.8020747763617617 <<<<<====
2024-07-02 01:13:10,473 - ====================================================
2024-07-02 01:13:10,474 - 

2024-07-02 01:13:10,476 - R2 [mean] conjunto de predição NITROGENIO:
2024-07-02 01:13:10,476 - ====================================================
2024-07-02 01:13:10,476 - ====>>>>> R2 [mean]: 0.10819514858198087 <<<<<====
2024-07-02 01:13:10,476 - ====>>>>> MAE [mean]: 0.08529374141384052 <<<<<====
2024-07-02 01:13:10,476 - ====>>>>> MSE [mean]: 0.010518893272157723 <<<<<====
2024-07-02 01:13:10,476 - ====================================================
2024-07-02 01:13:10,476 - 

2024-07-02 01:13:10,479 - R2 [median] conjunto de predição NITROGENIO:
2024-07-02 01:13:10,479 - ====================================================
2024-07-02 01:13:10,479 - ====>>>>> R2 [median]: 0.09891426591238273 <<<<<====
2024-07-02 01:13:10,479 - ====>>>>> MAE [median]: 0.08548391651224206 <<<<<====
2024-07-02 01:13:10,479 - ====>>>>> MSE [median]: 0.010628361856139624 <<<<<====
2024-07-02 01:13:10,479 - ====================================================
2024-07-02 01:13:10,479 - 

2024-07-02 01:13:10,480 - #######################
2024-07-02 01:13:10,480 - Info parameters: 
2024-07-02 01:13:10,480 -  -e (--epochs): 100
2024-07-02 01:13:10,480 -  -G (--grid_search_trials): 0
2024-07-02 01:13:10,480 -  -i (--amount_image_train): 8930
2024-07-02 01:13:10,480 -  -I (--amount_image_test): 3843
2024-07-02 01:13:10,480 -  -L (--log_level): 0
2024-07-02 01:13:10,480 -  -m (--model): 0 - ResNet50
2024-07-02 01:13:10,480 -  -M (--show_model): False
2024-07-02 01:13:10,480 -  -n (--name): ResNet50_Normalize0_Epochs100_Patience10_Separed_Preprocess
2024-07-02 01:13:10,480 -  -N (--normalize): NormalizeEnum.NONE
2024-07-02 01:13:10,480 -  -p (--preprocess): False
2024-07-02 01:13:10,480 -  -P (--patience): 10
2024-07-02 01:13:10,480 -  -S (--separed): False
2024-07-02 01:13:10,480 -  -t (--trainable): False
2024-07-02 01:13:10,481 -  -T (--Test): False
2024-07-02 01:13:10,481 - #######################
