2024-07-03 01:00:34,419 - 
2024-07-03 01:00:34,419 - ====================================================
2024-07-03 01:00:34,419 - ********** R2 Modelo: 0.33517595735264244 **********
2024-07-03 01:00:34,419 - ********** MAE: 0.1291172964230067 **********
2024-07-03 01:00:34,419 - ********** MSE: 0.027994323443559406 **********
2024-07-03 01:00:34,420 - ====================================================
2024-07-03 01:00:34,420 - 

2024-07-03 01:00:34,420 - Alguns exemplos de predições ...
2024-07-03 01:00:34,971 - 
Melhores resultados ...


2024-07-03 01:00:34,978 - 
     amostra  teor_cabono_real  teor_cabono_predict  teor_cabono_diff  error_carbono(%)  teor_nitrogenio_real  teor_nitrogenio_predict  teor_nitrogenio_diff  error_nitrogenio(%) grupo
681      L20          0.470681             0.470729          0.000048          0.010201              0.433962                 0.448990              0.015027             3.462821   L20
866      C41          0.232964             0.233031          0.000068          0.029045              0.226415                 0.193466              0.032949            14.552329   C41
208      C12          0.456418             0.456594          0.000175          0.038390              0.339623                 0.410531              0.070908            20.878454   C12
66       C12          0.456418             0.456182          0.000236          0.051777              0.339623                 0.403670              0.064047            18.858261   C12
1115     C23          0.473851             0.474108          0.000257          0.054220              0.452830                 0.471381              0.018551             4.096745   C23

2024-07-03 01:00:34,978 - 
Piores resultados ...


2024-07-03 01:00:34,985 - 
     amostra  teor_cabono_real  teor_cabono_predict  teor_cabono_diff  error_carbono(%)  teor_nitrogenio_real  teor_nitrogenio_predict  teor_nitrogenio_diff  error_nitrogenio(%) grupo
1540     C51               0.0             0.336539          0.336539               inf                   0.0                 0.311490              0.311490                  inf   C51
629      C51               0.0             0.247751          0.247751               inf                   0.0                 0.157164              0.157164                  inf   C51
3348     C51               0.0             0.565828          0.565828               inf                   0.0                 0.501181              0.501181                  inf   C51
1668     C51               0.0             0.547728          0.547728               inf                   0.0                 0.493164              0.493164                  inf   C51
3387     C51               0.0             0.346731          0.346731               inf                   0.0                 0.289626              0.289626                  inf   C51


2024-07-03 01:00:34,988 - R2 [mean] conjunto de predição CARBONO:
2024-07-03 01:00:34,988 - ====================================================
2024-07-03 01:00:34,988 - ====>>>>> R2 [mean]: 0.40931472425166704 <<<<<====
2024-07-03 01:00:34,989 - ====>>>>> MAE [mean]: 0.1223742260469785 <<<<<====
2024-07-03 01:00:34,989 - ====>>>>> MSE [mean]: 0.025355659129580398 <<<<<====
2024-07-03 01:00:34,989 - ====================================================
2024-07-03 01:00:34,989 - 

2024-07-03 01:00:34,992 - R2 [median] conjunto de predição CARBONO:
2024-07-03 01:00:34,992 - ====================================================
2024-07-03 01:00:34,992 - ====>>>>> R2 [median]: 0.4283762559455151 <<<<<====
2024-07-03 01:00:34,992 - ====>>>>> MAE [median]: 0.12176998175298853 <<<<<====
2024-07-03 01:00:34,992 - ====>>>>> MSE [median]: 0.024537426950854434 <<<<<====
2024-07-03 01:00:34,992 - ====================================================
2024-07-03 01:00:34,992 - 

2024-07-03 01:00:34,995 - R2 [mean] conjunto de predição NITROGENIO:
2024-07-03 01:00:34,995 - ====================================================
2024-07-03 01:00:34,995 - ====>>>>> R2 [mean]: 0.45753025976388406 <<<<<====
2024-07-03 01:00:34,995 - ====>>>>> MAE [mean]: 0.1159299958333279 <<<<<====
2024-07-03 01:00:34,995 - ====>>>>> MSE [mean]: 0.022778440982098334 <<<<<====
2024-07-03 01:00:34,995 - ====================================================
2024-07-03 01:00:34,995 - 

2024-07-03 01:00:34,998 - R2 [median] conjunto de predição NITROGENIO:
2024-07-03 01:00:34,998 - ====================================================
2024-07-03 01:00:34,998 - ====>>>>> R2 [median]: 0.45668333737397915 <<<<<====
2024-07-03 01:00:34,998 - ====>>>>> MAE [median]: 0.11572236985822057 <<<<<====
2024-07-03 01:00:34,998 - ====>>>>> MSE [median]: 0.022814003466498787 <<<<<====
2024-07-03 01:00:34,998 - ====================================================
2024-07-03 01:00:34,998 - 

2024-07-03 01:00:35,000 - #######################
2024-07-03 01:00:35,000 - Info parameters: 
2024-07-03 01:00:35,000 -  -e (--epochs): 100
2024-07-03 01:00:35,000 -  -G (--grid_search_trials): 0
2024-07-03 01:00:35,000 -  -i (--amount_image_train): 8930
2024-07-03 01:00:35,000 -  -I (--amount_image_test): 3843
2024-07-03 01:00:35,000 -  -L (--log_level): 0
2024-07-03 01:00:35,000 -  -m (--model): 2 - ResNet152
2024-07-03 01:00:35,000 -  -M (--show_model): False
2024-07-03 01:00:35,000 -  -n (--name): ResNet152_2_Normalize1_Epochs100_Patience10_Separed_Preprocess
2024-07-03 01:00:35,000 -  -N (--normalize): NormalizeEnum.MinMaxScaler
2024-07-03 01:00:35,000 -  -p (--preprocess): True
2024-07-03 01:00:35,000 -  -P (--patience): 10
2024-07-03 01:00:35,000 -  -S (--separed): False
2024-07-03 01:00:35,000 -  -t (--trainable): False
2024-07-03 01:00:35,000 -  -T (--Test): False
2024-07-03 01:00:35,001 - #######################
