2024-07-02 22:26:53,179 - 
2024-07-02 22:26:53,179 - ====================================================
2024-07-02 22:26:53,179 - ********** R2 Modelo: 0.41247857809627414 **********
2024-07-02 22:26:53,179 - ********** MAE: 0.36437254883134684 **********
2024-07-02 22:26:53,179 - ********** MSE: 0.21171072375494815 **********
2024-07-02 22:26:53,179 - ====================================================
2024-07-02 22:26:53,179 - 

2024-07-02 22:26:53,180 - Alguns exemplos de predições ...
2024-07-02 22:26:53,390 - 
Melhores resultados ...


2024-07-02 22:26:53,397 - 
     amostra  teor_cabono_real  teor_cabono_predict  teor_cabono_diff  error_carbono(%)  teor_nitrogenio_real  teor_nitrogenio_predict  teor_nitrogenio_diff  error_nitrogenio(%) grupo
2314     C39         -0.608295            -0.608039          0.000256          0.042139             -0.444444                -0.450753              0.006309             1.419500   C39
2847     L17          0.451613             0.450788          0.000825          0.182613              0.555556                 0.461851              0.093704            16.866782   L17
732      C46         -0.248848            -0.249657          0.000809          0.325172              0.500000                -0.207823              0.707823           141.564566   C46
2276     C39         -0.608295            -0.610356          0.002061          0.338891             -0.444444                -0.474492              0.030047             6.760596   C39
140      C39         -0.608295            -0.605645          0.002650          0.435574             -0.444444                -0.461512              0.017068             3.840207   C39

2024-07-02 22:26:53,397 - 
Piores resultados ...


2024-07-02 22:26:53,404 - 
     amostra  teor_cabono_real  teor_cabono_predict  teor_cabono_diff  error_carbono(%)  teor_nitrogenio_real  teor_nitrogenio_predict  teor_nitrogenio_diff  error_nitrogenio(%) grupo
1893     L26         -0.036866             0.323380          0.360247        977.169121              0.111111                 0.455115              0.344003           309.603143   L26
3680     C10         -0.041475            -0.453974          0.412500        994.582926             -0.166667                -0.441179              0.274512           164.707494   C10
1145     L26         -0.036866             0.329901          0.366768        994.857378              0.111111                 0.332846              0.221735           199.561173   L26
3548     C10         -0.041475            -0.456616          0.415142       1000.953095             -0.166667                -0.408725              0.242058           145.235085   C10
2024     L26         -0.036866             0.333460          0.370327       1004.511229              0.111111                 0.312961              0.201850           181.664965   L26


2024-07-02 22:26:53,407 - R2 [mean] conjunto de predição CARBONO:
2024-07-02 22:26:53,407 - ====================================================
2024-07-02 22:26:53,407 - ====>>>>> R2 [mean]: 0.4436809361871197 <<<<<====
2024-07-02 22:26:53,407 - ====>>>>> MAE [mean]: 0.3576583373076599 <<<<<====
2024-07-02 22:26:53,407 - ====>>>>> MSE [mean]: 0.20192121592878465 <<<<<====
2024-07-02 22:26:53,408 - ====================================================
2024-07-02 22:26:53,408 - 

2024-07-02 22:26:53,411 - R2 [median] conjunto de predição CARBONO:
2024-07-02 22:26:53,411 - ====================================================
2024-07-02 22:26:53,411 - ====>>>>> R2 [median]: 0.4742422259205701 <<<<<====
2024-07-02 22:26:53,411 - ====>>>>> MAE [median]: 0.34995503315486215 <<<<<====
2024-07-02 22:26:53,411 - ====>>>>> MSE [median]: 0.19082870951522443 <<<<<====
2024-07-02 22:26:53,411 - ====================================================
2024-07-02 22:26:53,411 - 

2024-07-02 22:26:53,414 - R2 [mean] conjunto de predição NITROGENIO:
2024-07-02 22:26:53,414 - ====================================================
2024-07-02 22:26:53,414 - ====>>>>> R2 [mean]: 0.5004157718501312 <<<<<====
2024-07-02 22:26:53,414 - ====>>>>> MAE [mean]: 0.3461932342560817 <<<<<====
2024-07-02 22:26:53,414 - ====>>>>> MSE [mean]: 0.18187119782593533 <<<<<====
2024-07-02 22:26:53,414 - ====================================================
2024-07-02 22:26:53,414 - 

2024-07-02 22:26:53,417 - R2 [median] conjunto de predição NITROGENIO:
2024-07-02 22:26:53,417 - ====================================================
2024-07-02 22:26:53,417 - ====>>>>> R2 [median]: 0.5332666111232686 <<<<<====
2024-07-02 22:26:53,417 - ====>>>>> MAE [median]: 0.33901331531566115 <<<<<====
2024-07-02 22:26:53,417 - ====>>>>> MSE [median]: 0.16991201026247116 <<<<<====
2024-07-02 22:26:53,417 - ====================================================
2024-07-02 22:26:53,417 - 

2024-07-02 22:26:53,418 - #######################
2024-07-02 22:26:53,418 - Info parameters: 
2024-07-02 22:26:53,419 -  -e (--epochs): 100
2024-07-02 22:26:53,419 -  -G (--grid_search_trials): 0
2024-07-02 22:26:53,419 -  -i (--amount_image_train): 8930
2024-07-02 22:26:53,419 -  -I (--amount_image_test): 3843
2024-07-02 22:26:53,419 -  -L (--log_level): 0
2024-07-02 22:26:53,419 -  -m (--model): 1 - ResNet101
2024-07-02 22:26:53,419 -  -M (--show_model): False
2024-07-02 22:26:53,419 -  -n (--name): ResNet101_1_Normalize2_Epochs100_Patience10_Separed_Preprocess
2024-07-02 22:26:53,419 -  -N (--normalize): NormalizeEnum.RobustScaler
2024-07-02 22:26:53,419 -  -p (--preprocess): False
2024-07-02 22:26:53,419 -  -P (--patience): 10
2024-07-02 22:26:53,419 -  -S (--separed): False
2024-07-02 22:26:53,419 -  -t (--trainable): False
2024-07-02 22:26:53,419 -  -T (--Test): False
2024-07-02 22:26:53,419 - #######################
