2024-07-02 14:01:21,026 - 
2024-07-02 14:01:21,026 - ====================================================
2024-07-02 14:01:21,027 - ********** R2 Modelo: -0.020138918748090484 **********
2024-07-02 14:01:21,027 - ********** MAE [mean]: 0.8020660284783356 **********
2024-07-02 14:01:21,027 - ********** MSE [mean]: 0.9086349906067341 **********
2024-07-02 14:01:21,027 - ====================================================
2024-07-02 14:01:21,027 - 

2024-07-02 14:01:21,027 - Alguns exemplos de predições ...
2024-07-02 14:01:21,219 - 
Melhores resultados ...


2024-07-02 14:01:21,225 - 
     amostra  teor_cabono_real  teor_cabono_predict  teor_cabono_diff  error_carbono(%)  teor_nitrogenio_real  teor_nitrogenio_predict  teor_nitrogenio_diff  error_nitrogenio(%) grupo
3766     L37          1.233879             0.249546          0.984333         79.775505              1.240002                -0.207450              1.447452           116.729845   L37
3043     L23          1.066857             0.187517          0.879340         82.423411              1.152894                -0.083616              1.236510           107.252747   L23
2358     L33          0.986977             0.169345          0.817632         82.842032              1.327110                -0.008901              1.336011           100.670700   L33
2960     C46         -0.247534            -0.027288          0.220247         88.976252              0.804461                -0.045629              0.850090           105.672021   C46
3709     C46         -0.247534            -0.027288          0.220247         88.976252              0.804461                -0.045629              0.850090           105.672021   C46

2024-07-02 14:01:21,225 - 
Piores resultados ...


2024-07-02 14:01:21,232 - 
     amostra  teor_cabono_real  teor_cabono_predict  teor_cabono_diff  error_carbono(%)  teor_nitrogenio_real  teor_nitrogenio_predict  teor_nitrogenio_diff  error_nitrogenio(%) grupo
2996     L40          0.035677            -0.027288          0.062965         176.48517              0.281811                -0.045629               0.32744           116.191401   L40
3698     L40          0.035677            -0.027288          0.062965         176.48517              0.281811                -0.045629               0.32744           116.191401   L40
2526     L40          0.035677            -0.027288          0.062965         176.48517              0.281811                -0.045629               0.32744           116.191401   L40
1057     L40          0.035677            -0.027288          0.062965         176.48517              0.281811                -0.045629               0.32744           116.191401   L40
488      L40          0.035677            -0.027288          0.062965         176.48517              0.281811                -0.045629               0.32744           116.191401   L40


2024-07-02 14:01:21,234 - R2 [mean] conjunto de predição CARBONO:
2024-07-02 14:01:21,234 - ====================================================
2024-07-02 14:01:21,234 - ====>>>>> R2 [mean]: -0.0010377425946592744 <<<<<====
2024-07-02 14:01:21,234 - ====>>>>> MAE [mean]: 0.8038636261675117 <<<<<====
2024-07-02 14:01:21,235 - ====>>>>> MSE [mean]: 0.9022361445103978 <<<<<====
2024-07-02 14:01:21,235 - ====================================================
2024-07-02 14:01:21,235 - 

2024-07-02 14:01:21,237 - R2 [median] conjunto de predição CARBONO:
2024-07-02 14:01:21,237 - ====================================================
2024-07-02 14:01:21,237 - ====>>>>> R2 [median]: -0.0014434274729944185 <<<<<====
2024-07-02 14:01:21,237 - ====>>>>> MAE [median]: 0.8040065612100917 <<<<<====
2024-07-02 14:01:21,237 - ====>>>>> MSE [median]: 0.9026017886264394 <<<<<====
2024-07-02 14:01:21,237 - ====================================================
2024-07-02 14:01:21,237 - 

2024-07-02 14:01:21,240 - R2 [mean] conjunto de predição NITROGENIO:
2024-07-02 14:01:21,240 - ====================================================
2024-07-02 14:01:21,240 - ====>>>>> R2 [mean]: -0.0037655070525031142 <<<<<====
2024-07-02 14:01:21,240 - ====>>>>> MAE [mean]: 0.788051621067482 <<<<<====
2024-07-02 14:01:21,240 - ====>>>>> MSE [mean]: 0.8983614375575222 <<<<<====
2024-07-02 14:01:21,240 - ====================================================
2024-07-02 14:01:21,240 - 

2024-07-02 14:01:21,243 - R2 [median] conjunto de predição NITROGENIO:
2024-07-02 14:01:21,243 - ====================================================
2024-07-02 14:01:21,243 - ====>>>>> R2 [median]: -0.003558834107308062 <<<<<====
2024-07-02 14:01:21,243 - ====>>>>> MAE [median]: 0.7879780210589502 <<<<<====
2024-07-02 14:01:21,243 - ====>>>>> MSE [median]: 0.8981764670610813 <<<<<====
2024-07-02 14:01:21,243 - ====================================================
2024-07-02 14:01:21,243 - 

2024-07-02 14:01:21,244 - #######################
2024-07-02 14:01:21,244 - Info parameters: 
2024-07-02 14:01:21,244 -  -e (--epochs): 100
2024-07-02 14:01:21,244 -  -G (--grid_search_trials): 0
2024-07-02 14:01:21,244 -  -i (--amount_image_train): 8930
2024-07-02 14:01:21,244 -  -I (--amount_image_test): 3843
2024-07-02 14:01:21,244 -  -L (--log_level): 0
2024-07-02 14:01:21,244 -  -m (--model): 30 - InceptionResNetV2
2024-07-02 14:01:21,244 -  -M (--show_model): False
2024-07-02 14:01:21,245 -  -n (--name): InceptionResNetV2_30_Normalize4_Epochs100_Patience10_Separed_Preprocess
2024-07-02 14:01:21,245 -  -N (--normalize): NormalizeEnum.StandardScaler
2024-07-02 14:01:21,245 -  -p (--preprocess): False
2024-07-02 14:01:21,245 -  -P (--patience): 10
2024-07-02 14:01:21,245 -  -S (--separed): False
2024-07-02 14:01:21,245 -  -t (--trainable): False
2024-07-02 14:01:21,245 -  -T (--Test): False
2024-07-02 14:01:21,245 - #######################
