2024-07-02 20:42:37,465 - 
2024-07-02 20:42:37,465 - ====================================================
2024-07-02 20:42:37,466 - ********** R2 Modelo: -0.44956898071739654 **********
2024-07-02 20:42:37,466 - ********** MAE: 0.5779585920999952 **********
2024-07-02 20:42:37,466 - ********** MSE: 0.7771902731414806 **********
2024-07-02 20:42:37,466 - ====================================================
2024-07-02 20:42:37,466 - 

2024-07-02 20:42:37,466 - Alguns exemplos de predições ...
2024-07-02 20:42:37,677 - 
Melhores resultados ...


2024-07-02 20:42:37,685 - 
     amostra  teor_cabono_real  teor_cabono_predict  teor_cabono_diff  error_carbono(%)  teor_nitrogenio_real  teor_nitrogenio_predict  teor_nitrogenio_diff  error_nitrogenio(%) grupo
3088      L2              2.40             2.400417          0.000417          0.017389                  0.12                 0.251031              0.131031           109.192708    L2
3257     L33              4.16             4.162827          0.002827          0.067957                  0.37                 0.364832              0.005168             1.396713   L33
1353     C16              1.60             1.601406          0.001406          0.087896                  0.12                 0.077360              0.042640            35.533727   C16
3748     C16              1.60             1.602081          0.002081          0.130036                  0.12                 0.097792              0.022208            18.506816   C16
360       L7              1.44             1.442102          0.002102          0.145994                  0.04                 0.188093              0.148093           370.232069    L7

2024-07-02 20:42:37,685 - 
Piores resultados ...


2024-07-02 20:42:37,692 - 
     amostra  teor_cabono_real  teor_cabono_predict  teor_cabono_diff  error_carbono(%)  teor_nitrogenio_real  teor_nitrogenio_predict  teor_nitrogenio_diff  error_nitrogenio(%) grupo
516      C51              0.31             3.246541          2.936541        947.271144                  0.03                 0.139428              0.109428           364.758575   C51
1626     C51              0.31             3.261643          2.951643        952.142882                  0.03                 0.159179              0.129179           430.597766   C51
2420     C51              0.31             3.282279          2.972279        958.799836                  0.03                 0.074355              0.044355           147.849226   C51
55       C51              0.31             3.284566          2.974566        959.537549                  0.03                 0.195318              0.165318           551.061138   C51
694      C51              0.31             3.314225          3.004225        969.104902                  0.03                 0.142669              0.112669           375.563904   C51


2024-07-02 20:42:37,702 - R2 [mean] conjunto de predição CARBONO:
2024-07-02 20:42:37,702 - ====================================================
2024-07-02 20:42:37,702 - ====>>>>> R2 [mean]: 0.18422705084913282 <<<<<====
2024-07-02 20:42:37,702 - ====>>>>> MAE [mean]: 0.9866771159348664 <<<<<====
2024-07-02 20:42:37,702 - ====>>>>> MSE [mean]: 1.394269663557863 <<<<<====
2024-07-02 20:42:37,702 - ====================================================
2024-07-02 20:42:37,702 - 

2024-07-02 20:42:37,705 - R2 [median] conjunto de predição CARBONO:
2024-07-02 20:42:37,705 - ====================================================
2024-07-02 20:42:37,705 - ====>>>>> R2 [median]: 0.13989600785021672 <<<<<====
2024-07-02 20:42:37,705 - ====>>>>> MAE [median]: 1.0118278962594491 <<<<<====
2024-07-02 20:42:37,705 - ====>>>>> MSE [median]: 1.4700375944160815 <<<<<====
2024-07-02 20:42:37,706 - ====================================================
2024-07-02 20:42:37,706 - 

2024-07-02 20:42:37,708 - R2 [mean] conjunto de predição NITROGENIO:
2024-07-02 20:42:37,708 - ====================================================
2024-07-02 20:42:37,708 - ====>>>>> R2 [mean]: -0.761380858381959 <<<<<====
2024-07-02 20:42:37,709 - ====>>>>> MAE [mean]: 0.12654062938910943 <<<<<====
2024-07-02 20:42:37,709 - ====>>>>> MSE [mean]: 0.02077559595182869 <<<<<====
2024-07-02 20:42:37,709 - ====================================================
2024-07-02 20:42:37,709 - 

2024-07-02 20:42:37,712 - R2 [median] conjunto de predição NITROGENIO:
2024-07-02 20:42:37,712 - ====================================================
2024-07-02 20:42:37,712 - ====>>>>> R2 [median]: -0.8767966146342747 <<<<<====
2024-07-02 20:42:37,712 - ====>>>>> MAE [median]: 0.1306223837589776 <<<<<====
2024-07-02 20:42:37,712 - ====>>>>> MSE [median]: 0.022136931921254148 <<<<<====
2024-07-02 20:42:37,712 - ====================================================
2024-07-02 20:42:37,712 - 

2024-07-02 20:42:37,713 - #######################
2024-07-02 20:42:37,713 - Info parameters: 
2024-07-02 20:42:37,714 -  -e (--epochs): 100
2024-07-02 20:42:37,714 -  -G (--grid_search_trials): 0
2024-07-02 20:42:37,714 -  -i (--amount_image_train): 8930
2024-07-02 20:42:37,714 -  -I (--amount_image_test): 3843
2024-07-02 20:42:37,714 -  -L (--log_level): 0
2024-07-02 20:42:37,714 -  -m (--model): 1 - ResNet101
2024-07-02 20:42:37,714 -  -M (--show_model): False
2024-07-02 20:42:37,714 -  -n (--name): ResNet101_1_Normalize0_Epochs100_Patience10_Separed_Preprocess
2024-07-02 20:42:37,714 -  -N (--normalize): NormalizeEnum.NONE
2024-07-02 20:42:37,714 -  -p (--preprocess): True
2024-07-02 20:42:37,714 -  -P (--patience): 10
2024-07-02 20:42:37,714 -  -S (--separed): False
2024-07-02 20:42:37,714 -  -t (--trainable): False
2024-07-02 20:42:37,714 -  -T (--Test): False
2024-07-02 20:42:37,714 - #######################
