2024-07-02 13:42:34,651 - 
2024-07-02 13:42:34,651 - ====================================================
2024-07-02 13:42:34,652 - ********** R2 Modelo: -0.013396003126504574 **********
2024-07-02 13:42:34,652 - ********** MAE [mean]: 0.5086637377492254 **********
2024-07-02 13:42:34,652 - ********** MSE [mean]: 0.365322255123533 **********
2024-07-02 13:42:34,652 - ====================================================
2024-07-02 13:42:34,652 - 

2024-07-02 13:42:34,652 - Alguns exemplos de predições ...
2024-07-02 13:42:34,858 - 
Melhores resultados ...


2024-07-02 13:42:34,864 - 
     amostra  teor_cabono_real  teor_cabono_predict  teor_cabono_diff  error_carbono(%)  teor_nitrogenio_real  teor_nitrogenio_predict  teor_nitrogenio_diff  error_nitrogenio(%) grupo
723      L40         -0.069124            -0.104675           0.03555         51.429352              0.166667                -0.016149              0.182815           109.689102   L40
1892     L40         -0.069124            -0.104675           0.03555         51.429352              0.166667                -0.016149              0.182815           109.689102   L40
3698     L40         -0.069124            -0.104675           0.03555         51.429352              0.166667                -0.016149              0.182815           109.689102   L40
2244     L40         -0.069124            -0.104675           0.03555         51.429352              0.166667                -0.016149              0.182815           109.689102   L40
2047     L40         -0.069124            -0.104675           0.03555         51.429352              0.166667                -0.016149              0.182815           109.689102   L40

2024-07-02 13:42:34,864 - 
Piores resultados ...


2024-07-02 13:42:34,871 - 
     amostra  teor_cabono_real  teor_cabono_predict  teor_cabono_diff  error_carbono(%)  teor_nitrogenio_real  teor_nitrogenio_predict  teor_nitrogenio_diff  error_nitrogenio(%) grupo
2091     C12          0.087558            -0.104675          0.192232        219.549488             -0.055556                -0.016149              0.039407            70.932693   C12
2070     C12          0.087558            -0.104675          0.192232        219.549488             -0.055556                -0.016149              0.039407            70.932693   C12
3449     C12          0.087558            -0.104675          0.192232        219.549488             -0.055556                -0.016149              0.039407            70.932693   C12
1367     C12          0.087558            -0.104675          0.192232        219.549488             -0.055556                -0.016149              0.039407            70.932693   C12
3497     C12          0.087558            -0.104675          0.192232        219.549488             -0.055556                -0.016149              0.039407            70.932693   C12


2024-07-02 13:42:34,873 - R2 [mean] conjunto de predição CARBONO:
2024-07-02 13:42:34,874 - ====================================================
2024-07-02 13:42:34,874 - ====>>>>> R2 [mean]: -0.0008457841918201314 <<<<<====
2024-07-02 13:42:34,874 - ====>>>>> MAE [mean]: 0.5094048727935117 <<<<<====
2024-07-02 13:42:34,874 - ====>>>>> MSE [mean]: 0.36326635351325043 <<<<<====
2024-07-02 13:42:34,874 - ====================================================
2024-07-02 13:42:34,874 - 

2024-07-02 13:42:34,876 - R2 [median] conjunto de predição CARBONO:
2024-07-02 13:42:34,877 - ====================================================
2024-07-02 13:42:34,877 - ====>>>>> R2 [median]: -0.0009411582959435449 <<<<<====
2024-07-02 13:42:34,877 - ====>>>>> MAE [median]: 0.509399558597914 <<<<<====
2024-07-02 13:42:34,877 - ====>>>>> MSE [median]: 0.3633009704378274 <<<<<====
2024-07-02 13:42:34,877 - ====================================================
2024-07-02 13:42:34,877 - 

2024-07-02 13:42:34,879 - R2 [mean] conjunto de predição NITROGENIO:
2024-07-02 13:42:34,879 - ====================================================
2024-07-02 13:42:34,879 - ====>>>>> R2 [mean]: -0.00020782995326729115 <<<<<====
2024-07-02 13:42:34,879 - ====>>>>> MAE [mean]: 0.503492737848143 <<<<<====
2024-07-02 13:42:34,879 - ====>>>>> MSE [mean]: 0.36412077455317476 <<<<<====
2024-07-02 13:42:34,880 - ====================================================
2024-07-02 13:42:34,880 - 

2024-07-02 13:42:34,882 - R2 [median] conjunto de predição NITROGENIO:
2024-07-02 13:42:34,882 - ====================================================
2024-07-02 13:42:34,882 - ====>>>>> R2 [median]: -0.000273355898416483 <<<<<====
2024-07-02 13:42:34,882 - ====>>>>> MAE [median]: 0.503517133601531 <<<<<====
2024-07-02 13:42:34,882 - ====>>>>> MSE [median]: 0.36414462895341687 <<<<<====
2024-07-02 13:42:34,882 - ====================================================
2024-07-02 13:42:34,882 - 

2024-07-02 13:42:34,883 - #######################
2024-07-02 13:42:34,883 - Info parameters: 
2024-07-02 13:42:34,883 -  -e (--epochs): 100
2024-07-02 13:42:34,883 -  -G (--grid_search_trials): 0
2024-07-02 13:42:34,883 -  -i (--amount_image_train): 8930
2024-07-02 13:42:34,884 -  -I (--amount_image_test): 3843
2024-07-02 13:42:34,884 -  -L (--log_level): 0
2024-07-02 13:42:34,884 -  -m (--model): 30 - InceptionResNetV2
2024-07-02 13:42:34,884 -  -M (--show_model): False
2024-07-02 13:42:34,884 -  -n (--name): InceptionResNetV2_30_Normalize2_Epochs100_Patience10_Separed_Preprocess
2024-07-02 13:42:34,884 -  -N (--normalize): NormalizeEnum.RobustScaler
2024-07-02 13:42:34,884 -  -p (--preprocess): False
2024-07-02 13:42:34,884 -  -P (--patience): 10
2024-07-02 13:42:34,884 -  -S (--separed): False
2024-07-02 13:42:34,884 -  -t (--trainable): False
2024-07-02 13:42:34,884 -  -T (--Test): False
2024-07-02 13:42:34,884 - #######################
