2024-07-03 09:02:01,545 - 
2024-07-03 09:02:01,545 - ====================================================
2024-07-03 09:02:01,545 - ********** R2 Modelo: 0.42671349173837 **********
2024-07-03 09:02:01,545 - ********** MAE: 0.3656766424939937 **********
2024-07-03 09:02:01,545 - ********** MSE: 0.20660856227870603 **********
2024-07-03 09:02:01,545 - ====================================================
2024-07-03 09:02:01,545 - 

2024-07-03 09:02:01,545 - Alguns exemplos de predições ...
2024-07-03 09:02:01,749 - 
Melhores resultados ...


2024-07-03 09:02:01,755 - 
     amostra  teor_cabono_real  teor_cabono_predict  teor_cabono_diff  error_carbono(%)  teor_nitrogenio_real  teor_nitrogenio_predict  teor_nitrogenio_diff  error_nitrogenio(%) grupo
3421     C39         -0.608295            -0.607941          0.000354          0.058257             -0.444444                -0.425559              0.018886             4.249336   C39
685      L20          0.129032             0.128880          0.000152          0.117877              0.222222                 0.197055              0.025167            11.325325   L20
1290     C41         -0.562212            -0.562900          0.000688          0.122421             -0.388889                -0.367627              0.021262             5.467382   C41
2236     L40         -0.069124            -0.069231          0.000107          0.154810              0.166667                 0.037831              0.128836            77.301614   L40
2138      L2         -0.276498            -0.277056          0.000558          0.201891             -0.555556                -0.382260              0.173296            31.193271    L2

2024-07-03 09:02:01,755 - 
Piores resultados ...


2024-07-03 09:02:01,761 - 
     amostra  teor_cabono_real  teor_cabono_predict  teor_cabono_diff  error_carbono(%)  teor_nitrogenio_real  teor_nitrogenio_predict  teor_nitrogenio_diff  error_nitrogenio(%) grupo
2416     C10         -0.041475            -0.806122          0.764648       1843.650873             -0.166667                -0.781637              0.614970           368.982029   C10
3808     C10         -0.041475            -0.831265          0.789790       1904.272068             -0.166667                -0.785321              0.618654           371.192598   C10
1918     C10         -0.041475            -0.852109          0.810635       1954.530232             -0.166667                -0.702268              0.535601           321.360803   C10
2767     C10         -0.041475            -0.892196          0.850722       2051.184407             -0.166667                -0.863035              0.696369           417.821193   C10
1866     C10         -0.041475            -0.938181          0.896707       2162.059598             -0.166667                -1.162021              0.995355           597.212839   C10


2024-07-03 09:02:01,764 - R2 [mean] conjunto de predição CARBONO:
2024-07-03 09:02:01,764 - ====================================================
2024-07-03 09:02:01,764 - ====>>>>> R2 [mean]: 0.4864490331874688 <<<<<====
2024-07-03 09:02:01,764 - ====>>>>> MAE [mean]: 0.3505759193448774 <<<<<====
2024-07-03 09:02:01,764 - ====>>>>> MSE [mean]: 0.18639813446168005 <<<<<====
2024-07-03 09:02:01,764 - ====================================================
2024-07-03 09:02:01,764 - 

2024-07-03 09:02:01,767 - R2 [median] conjunto de predição CARBONO:
2024-07-03 09:02:01,767 - ====================================================
2024-07-03 09:02:01,767 - ====>>>>> R2 [median]: 0.49908535368247076 <<<<<====
2024-07-03 09:02:01,767 - ====>>>>> MAE [median]: 0.3463944160201597 <<<<<====
2024-07-03 09:02:01,767 - ====>>>>> MSE [median]: 0.18181166355822231 <<<<<====
2024-07-03 09:02:01,767 - ====================================================
2024-07-03 09:02:01,767 - 

2024-07-03 09:02:01,769 - R2 [mean] conjunto de predição NITROGENIO:
2024-07-03 09:02:01,770 - ====================================================
2024-07-03 09:02:01,770 - ====>>>>> R2 [mean]: 0.5259721583391298 <<<<<====
2024-07-03 09:02:01,770 - ====>>>>> MAE [mean]: 0.33505633285215486 <<<<<====
2024-07-03 09:02:01,770 - ====>>>>> MSE [mean]: 0.17256752016567423 <<<<<====
2024-07-03 09:02:01,770 - ====================================================
2024-07-03 09:02:01,770 - 

2024-07-03 09:02:01,772 - R2 [median] conjunto de predição NITROGENIO:
2024-07-03 09:02:01,772 - ====================================================
2024-07-03 09:02:01,772 - ====>>>>> R2 [median]: 0.5351533210712259 <<<<<====
2024-07-03 09:02:01,772 - ====>>>>> MAE [median]: 0.3307785790704896 <<<<<====
2024-07-03 09:02:01,772 - ====>>>>> MSE [median]: 0.1692251627223559 <<<<<====
2024-07-03 09:02:01,773 - ====================================================
2024-07-03 09:02:01,773 - 

2024-07-03 09:02:01,773 - #######################
2024-07-03 09:02:01,773 - Info parameters: 
2024-07-03 09:02:01,773 -  -e (--epochs): 100
2024-07-03 09:02:01,773 -  -G (--grid_search_trials): 0
2024-07-03 09:02:01,774 -  -i (--amount_image_train): 8930
2024-07-03 09:02:01,774 -  -I (--amount_image_test): 3843
2024-07-03 09:02:01,774 -  -L (--log_level): 0
2024-07-03 09:02:01,774 -  -m (--model): 50 - VGG19
2024-07-03 09:02:01,774 -  -M (--show_model): False
2024-07-03 09:02:01,774 -  -n (--name): VGG19_50_Normalize2_Epochs100_Patience10_Separed_Preprocess
2024-07-03 09:02:01,774 -  -N (--normalize): NormalizeEnum.RobustScaler
2024-07-03 09:02:01,774 -  -p (--preprocess): True
2024-07-03 09:02:01,774 -  -P (--patience): 10
2024-07-03 09:02:01,774 -  -S (--separed): False
2024-07-03 09:02:01,774 -  -t (--trainable): False
2024-07-03 09:02:01,774 -  -T (--Test): False
2024-07-03 09:02:01,774 - #######################
